2024-08-29 09:00:36,536 [INFO] MainUpdater:2873 - connection check result : 22
2024-08-29 09:00:38,686 [INFO] McuFinderGlobals:76 - Set McuFinderConnectedMode to false
2024-08-29 09:00:38,687 [INFO] MultiScanPanel:200 - Auto-refresh data requested => check proxy status ongoing
2024-08-29 09:00:38,687 [INFO] MultiScanPanel:204 - Proxy status is invalid
2024-08-29 09:00:38,688 [INFO] FinderPluginLoader:95 - Searching for filters in installed packs
2024-08-29 09:00:39,273 [INFO] DetailPanel:341 - Set advertising image to C:/Users/admin/STM32Cube/Repository/\en.prom-stm32h7rs-mcu-finder.jpg
2024-08-29 09:01:00,889 [INFO] MultiScanPanel:200 - Auto-refresh data requested => check proxy status ongoing
2024-08-29 09:01:00,889 [INFO] MultiScanPanel:204 - Proxy status is invalid
2024-08-29 09:01:00,960 [INFO] DetailPanel:341 - Set advertising image to C:/Users/admin/STM32Cube/Repository/\en.prom-stm32h7rs-mcu-finder.jpg
2024-08-29 09:01:00,969 [INFO] DbBoards:642 - Loading board mini-images...
2024-08-29 09:01:01,307 [ERROR] DbBoards:659 - Image file not found for board NUCLEO-C071RB: C:\Users\admin\.stmcufinder\plugins\mcufinder//mcu//boards_images/NUCLEO-C071RB.jpg
2024-08-29 09:01:03,342 [ERROR] DbBoards:659 - Image file not found for board NUCLEO-WB05KZ: C:\Users\admin\.stmcufinder\plugins\mcufinder//mcu//boards_images/NUCLEO-WB05KZ.jpg
2024-08-29 09:01:03,342 [ERROR] DbBoards:659 - Image file not found for board NUCLEO-WB07CC: C:\Users\admin\.stmcufinder\plugins\mcufinder//mcu//boards_images/NUCLEO-WB07CC.jpg
2024-08-29 09:01:03,342 [ERROR] DbBoards:659 - Image file not found for board NUCLEO-WB09KE: C:\Users\admin\.stmcufinder\plugins\mcufinder//mcu//boards_images/NUCLEO-WB09KE.jpg
2024-08-29 09:01:06,686 [ERROR] DbBoards:659 - Image file not found for board STM32MP257F-DK: C:\Users\admin\.stmcufinder\plugins\mcufinder//mcu//boards_images/STM32MP257F-DK.jpg
2024-08-29 09:01:06,686 [ERROR] DbBoards:659 - Image file not found for board STM32MP257F-EV1: C:\Users\admin\.stmcufinder\plugins\mcufinder//mcu//boards_images/STM32MP257F-EV1.jpg
2024-08-29 09:01:06,899 [INFO] DbBoards:665 - Loaded 195 board mini-images
2024-08-29 09:01:37,628 [INFO] McuFinderGlobals:76 - Set McuFinderConnectedMode to true
2024-08-29 09:01:37,656 [INFO] ApiDb:448 - Save user favorites file C:\Users\admin/.stm32cubeide/favorites.mcus.txt: 0 item(s)
2024-08-29 09:01:37,657 [INFO] ApiDb:452 - User favorites MCUs=[]
2024-08-29 09:01:37,658 [INFO] ApiDb:448 - Save user favorites file C:\Users\admin/.stm32cubeide/favorites.boards.txt: 0 item(s)
2024-08-29 09:01:37,659 [INFO] ApiDb:452 - User favorites Boards=[]
2024-08-29 09:01:58,029 [INFO] MainUpdater:2873 - connection check result : 22
2024-08-29 09:01:59,517 [INFO] McuFinderGlobals:76 - Set McuFinderConnectedMode to false
2024-08-29 09:01:59,518 [INFO] MultiScanPanel:200 - Auto-refresh data requested => check proxy status ongoing
2024-08-29 09:01:59,518 [INFO] MultiScanPanel:204 - Proxy status is invalid
2024-08-29 09:01:59,518 [INFO] FinderPluginLoader:95 - Searching for filters in installed packs
2024-08-29 09:01:59,883 [INFO] DetailPanel:341 - Set advertising image to C:/Users/admin/STM32Cube/Repository/\en.prom-stm32h7rs-mcu-finder.jpg
