2024-08-21 10:46:24,423 [INFO] MainUpdater:2873 - connection check result : 22
2024-08-21 10:46:28,026 [INFO] McuFinderGlobals:76 - Set McuFinderConnectedMode to false
2024-08-21 10:46:28,036 [INFO] MultiScanPanel:200 - Auto-refresh data requested => check proxy status ongoing
2024-08-21 10:46:28,036 [INFO] MultiScanPanel:204 - Proxy status is invalid
2024-08-21 10:46:28,040 [INFO] FinderPluginLoader:95 - Searching for filters in installed packs
2024-08-21 10:46:29,443 [INFO] DetailPanel:341 - Set advertising image to C:/Users/admin/STM32Cube/Repository/\en.prom-stm32h7rs-mcu-finder.jpg
2024-08-21 10:49:42,406 [INFO] MainUpdater:2873 - connection check result : 22
2024-08-21 10:49:42,412 [INFO] MainUpdater:2873 - connection check result : 22
2024-08-21 10:49:45,241 [INFO] MicroXplorer:468 - Change Database Path : 
2024-08-21 10:49:45,241 [INFO] MicroXplorer:498 - Change Database Version : DB.6.0.120
2024-08-21 10:49:45,250 [ERROR] ProjectManagerView:394 - 
java.lang.NullPointerException: Cannot invoke "javax.swing.JTextField.getText()" because the return value of "java.util.List.get(int)" is null
	at com.st.microxplorer.plugins.projectmanager.gui.ProjectChoiceTab$10.caretUpdate(ProjectChoiceTab.java:2622) ~[filemanager.jar:?]
	at javax.swing.text.JTextComponent.fireCaretUpdate(JTextComponent.java:412) ~[?:?]
	at javax.swing.text.JTextComponent$MutableCaretEvent.fire(JTextComponent.java:4491) ~[?:?]
	at javax.swing.text.JTextComponent$MutableCaretEvent.stateChanged(JTextComponent.java:4513) ~[?:?]
	at javax.swing.text.DefaultCaret.fireStateChanged(DefaultCaret.java:842) ~[?:?]
	at javax.swing.text.DefaultCaret.changeCaretPosition(DefaultCaret.java:1313) ~[?:?]
	at javax.swing.text.DefaultCaret.handleSetDot(DefaultCaret.java:1212) ~[?:?]
	at javax.swing.text.DefaultCaret.setDot(DefaultCaret.java:1193) ~[?:?]
	at javax.swing.text.DefaultCaret$Handler.insertUpdate(DefaultCaret.java:1789) ~[?:?]
	at javax.swing.text.AbstractDocument.fireInsertUpdate(AbstractDocument.java:226) ~[?:?]
	at javax.swing.text.AbstractDocument.handleInsertString(AbstractDocument.java:780) ~[?:?]
	at javax.swing.text.AbstractDocument.insertString(AbstractDocument.java:739) ~[?:?]
	at javax.swing.text.PlainDocument.insertString(PlainDocument.java:131) ~[?:?]
	at javax.swing.text.AbstractDocument.replace(AbstractDocument.java:698) ~[?:?]
	at javax.swing.text.JTextComponent.setText(JTextComponent.java:1729) ~[?:?]
	at com.st.microxplorer.plugins.projectmanager.gui.ProjectChoiceTab.createHeapStackFields(ProjectChoiceTab.java:972) ~[filemanager.jar:?]
	at com.st.microxplorer.plugins.projectmanager.gui.ProjectChoiceTab.buildLinkSettingsPanel(ProjectChoiceTab.java:3597) ~[filemanager.jar:?]
	at com.st.microxplorer.plugins.projectmanager.gui.ProjectChoiceTab.defineWindowsFields(ProjectChoiceTab.java:1940) ~[filemanager.jar:?]
	at com.st.microxplorer.plugins.projectmanager.gui.ProjectChoiceTab.updateSettings(ProjectChoiceTab.java:550) ~[filemanager.jar:?]
	at com.st.microxplorer.plugins.projectmanager.gui.ProjectSettingsPanel.UpdateDialog(ProjectSettingsPanel.java:245) ~[filemanager.jar:?]
	at com.st.microxplorer.plugins.projectmanager.ProjectManagerView.propertyChange(ProjectManagerView.java:391) ~[filemanager.jar:?]
	at java.beans.PropertyChangeSupport.fire(PropertyChangeSupport.java:343) ~[?:?]
	at java.beans.PropertyChangeSupport.firePropertyChange(PropertyChangeSupport.java:335) ~[?:?]
	at java.beans.PropertyChangeSupport.firePropertyChange(PropertyChangeSupport.java:268) ~[?:?]
	at com.st.microxplorer.util.MXPropertyChangeSupport.firePropertyChange(MXPropertyChangeSupport.java:54) ~[STM32CubeMX.jar:?]
	at com.st.microxplorer.mxsystem.MxSystem.closeConfig(MxSystem.java:900) ~[STM32CubeMX.jar:?]
	at com.st.microxplorer.maingui.MainPanel.closeConfig(MainPanel.java:781) ~[STM32CubeMX.jar:?]
	at com.st.microxplorer.plugins.filemanager.engine.OpenFileManager.loadConfigurationFile(OpenFileManager.java:265) ~[filemanager.jar:?]
	at com.st.microxplorer.plugins.filemanager.engine.MainFileManager.userLoadConfig(MainFileManager.java:352) ~[filemanager.jar:?]
	at com.st.microxplorer.plugins.filemanager.engine.MainFileManager.userLoadConfig(MainFileManager.java:330) ~[filemanager.jar:?]
	at com.st.microxplorer.plugins.filemanager.FileManagerView.getSpecificTask(FileManagerView.java:246) ~[filemanager.jar:?]
	at com.st.stm32cube.common.mx.editor.CubeMxEditor.getMxTabbedPaneInstance(CubeMxEditor.java:1198) ~[com.st.stm32cube.common.mx_6.12.0.202406281431/:?]
	at com.st.stm32cube.common.mx.editor.CubeMxEditor$12$1.createSwingComponent(CubeMxEditor.java:1068) ~[com.st.stm32cube.common.mx_6.12.0.202406281431/:?]
	at com.st.stm32cube.common.mx.oss.core.awtswtbridge.EmbeddedSwingComposite.doComponentCreation(EmbeddedSwingComposite.java:492) ~[com.st.stm32cube.common.mx.oss_6.12.0.202406281431/:?]
	at com.st.stm32cube.common.mx.oss.core.awtswtbridge.EmbeddedSwingComposite$4.run(EmbeddedSwingComposite.java:291) ~[com.st.stm32cube.common.mx.oss_6.12.0.202406281431/:?]
	at com.st.stm32cube.common.mx.oss.core.awtswtbridge.AwtEnvironment$2.run(AwtEnvironment.java:166) ~[com.st.stm32cube.common.mx.oss_6.12.0.202406281431/:?]
	at java.awt.event.InvocationEvent.dispatch(InvocationEvent.java:318) ~[?:?]
	at java.awt.EventQueue.dispatchEventImpl(EventQueue.java:773) ~[?:?]
	at java.awt.EventQueue$4.run(EventQueue.java:720) ~[?:?]
	at java.awt.EventQueue$4.run(EventQueue.java:714) ~[?:?]
	at java.security.AccessController.doPrivileged(AccessController.java:399) ~[?:?]
	at java.security.ProtectionDomain$JavaSecurityAccessImpl.doIntersectionPrivilege(ProtectionDomain.java:86) ~[?:?]
	at java.awt.EventQueue.dispatchEvent(EventQueue.java:742) ~[?:?]
	at java.awt.EventDispatchThread.pumpOneEventForFilters(EventDispatchThread.java:203) ~[?:?]
	at java.awt.EventDispatchThread.pumpEventsForFilter(EventDispatchThread.java:124) ~[?:?]
	at java.awt.EventDispatchThread.pumpEventsForHierarchy(EventDispatchThread.java:113) ~[?:?]
	at java.awt.EventDispatchThread.pumpEvents(EventDispatchThread.java:109) ~[?:?]
	at java.awt.EventDispatchThread.pumpEvents(EventDispatchThread.java:101) ~[?:?]
	at java.awt.EventDispatchThread.run(EventDispatchThread.java:90) ~[?:?]
2024-08-21 10:49:45,258 [WARN] ThirdParty:871 - waiting for thirdparty lock release [close project]
2024-08-21 10:49:45,258 [INFO] ThirdParty:873 - entering critical section [close project]
2024-08-21 10:49:45,258 [INFO] ThirdParty:883 - exiting critical section [close project]
2024-08-21 10:49:45,259 [INFO] PinOutPanel:1561 - setPackage(No Configuration,No Configuration)
2024-08-21 10:49:45,269 [INFO] UtilMem:75 - Begin LoadConfig() Used Memory: 367042928 Bytes (782237696)
2024-08-21 10:49:45,270 [INFO] MicroXplorer:468 - Change Database Path : 
2024-08-21 10:49:45,270 [INFO] MicroXplorer:498 - Change Database Version : DB.6.0.120
2024-08-21 10:49:45,270 [INFO] OpenFileManager:332 - Change cursor
2024-08-21 10:49:45,287 [INFO] RulesReader:64 - Compatibility file has been processed (297 Rules)
2024-08-21 10:49:45,454 [INFO] Mcu:2032 - Initializing MCU STM32L476RGTx STM32L476RGTx STM32L476RGT6
2024-08-21 10:49:47,398 [INFO] Context:742 - Trying to add GPIOservice into a context  which must be forbidden
2024-08-21 10:49:47,887 [INFO] ImportTextPane:205 - (OptionalMessage_ERROR) Unable to find key (Mcu.ThirdPartyNb) in loaded IOC file
2024-08-21 10:49:47,887 [INFO] ImportTextPane:205 - (OptionalMessage_ERROR) Unable to find key (Mcu.PinsNb) in loaded IOC file
2024-08-21 10:49:47,888 [INFO] ImportTextPane:205 - (OptionalMessage_ERROR) Unable to find key (Mcu.IPNb) in loaded IOC file
2024-08-21 10:49:47,937 [INFO] RtosManager:555 - Registered RTOS mode: class=CMSIS, group=RTOS, mode=CMSIS_V1, owner=FREERTOS
2024-08-21 10:49:47,937 [INFO] RtosManager:555 - Registered RTOS mode: class=CMSIS, group=RTOS2, mode=CMSIS_V2, owner=FREERTOS
2024-08-21 10:49:47,937 [INFO] RtosManager:555 - Registered RTOS mode: class=RTOS, group=Core, mode=CMSIS_V1, owner=FREERTOS
2024-08-21 10:49:47,937 [INFO] RtosManager:555 - Registered RTOS mode: class=RTOS, group=Core, mode=CMSIS_V2, owner=FREERTOS
2024-08-21 10:49:47,937 [WARN] ModelIntegratedComponent:184 - Missing modes for component STMicroelectronics:FreeRTOS:0.0.1:STMicroelectronics:RTOS:FreeRTOS:Core:::10.2.0:
2024-08-21 10:49:47,947 [WARN] ModelIntegratedComponent:63 - No mode defined for component null
2024-08-21 10:49:47,947 [WARN] ModelIntegratedComponent:63 - No mode defined for component null
2024-08-21 10:49:47,947 [WARN] ModelIntegratedComponent:63 - No mode defined for component null
2024-08-21 10:49:47,947 [WARN] ModelIntegratedComponent:63 - No mode defined for component null
2024-08-21 10:49:47,947 [WARN] ModelIntegratedComponent:63 - No mode defined for component null
2024-08-21 10:49:47,947 [WARN] ModelIntegratedComponent:63 - No mode defined for component null
2024-08-21 10:49:47,947 [WARN] ModelIntegratedComponent:63 - No mode defined for component null
2024-08-21 10:49:47,947 [WARN] ModelIntegratedComponent:63 - No mode defined for component null
2024-08-21 10:49:47,947 [WARN] ModelIntegratedComponent:63 - No mode defined for component null
2024-08-21 10:49:47,948 [WARN] ModelIntegratedComponent:63 - No mode defined for component null
2024-08-21 10:49:47,948 [WARN] ModelIntegratedComponent:63 - No mode defined for component null
2024-08-21 10:49:47,948 [WARN] ModelIntegratedComponent:63 - No mode defined for component null
2024-08-21 10:49:47,948 [WARN] ModelIntegratedComponent:63 - No mode defined for component null
2024-08-21 10:49:47,948 [WARN] ModelIntegratedComponent:63 - No mode defined for component null
2024-08-21 10:49:47,948 [WARN] ModelIntegratedComponent:63 - No mode defined for component null
2024-08-21 10:49:47,948 [WARN] ModelIntegratedComponent:63 - No mode defined for component null
2024-08-21 10:49:47,948 [WARN] ModelIntegratedComponent:63 - No mode defined for component null
2024-08-21 10:49:47,948 [WARN] ModelIntegratedComponent:63 - No mode defined for component null
2024-08-21 10:49:47,948 [WARN] ModelIntegratedComponent:63 - No mode defined for component null
2024-08-21 10:49:47,948 [WARN] ModelIntegratedComponent:63 - No mode defined for component null
2024-08-21 10:49:47,948 [WARN] ModelIntegratedComponent:63 - No mode defined for component null
2024-08-21 10:49:47,948 [WARN] ModelIntegratedComponent:63 - No mode defined for component null
2024-08-21 10:49:47,949 [WARN] ModelIntegratedComponent:63 - No mode defined for component null
2024-08-21 10:49:47,949 [WARN] ModelIntegratedComponent:63 - No mode defined for component null
2024-08-21 10:49:47,949 [WARN] ModelIntegratedComponent:63 - No mode defined for component null
2024-08-21 10:49:47,949 [WARN] ModelIntegratedComponent:63 - No mode defined for component null
2024-08-21 10:49:47,949 [WARN] ModelIntegratedComponent:63 - No mode defined for component null
2024-08-21 10:49:47,949 [WARN] ModelIntegratedComponent:63 - No mode defined for component null
2024-08-21 10:49:47,949 [WARN] ModelIntegratedComponent:63 - No mode defined for component null
2024-08-21 10:49:47,949 [WARN] ModelIntegratedComponent:63 - No mode defined for component null
2024-08-21 10:49:47,949 [WARN] ModelIntegratedComponent:63 - No mode defined for component null
2024-08-21 10:49:47,949 [WARN] ModelIntegratedComponent:63 - No mode defined for component null
2024-08-21 10:49:47,949 [WARN] ModelIntegratedComponent:63 - No mode defined for component null
2024-08-21 10:49:47,949 [WARN] ModelIntegratedComponent:63 - No mode defined for component null
2024-08-21 10:49:47,949 [WARN] ModelIntegratedComponent:63 - No mode defined for component null
2024-08-21 10:49:47,949 [WARN] ModelPack:524 - Component already loaded: STMicroelectronics:HAL Drivers:0.0.0:STMicroelectronics:Device:STMicro_Driver:XSPI:HAL::0.0.1:HAL_XSPI
2024-08-21 10:49:48,036 [INFO] ThirdPartyModel:298 - Start build external matchings
2024-08-21 10:49:48,273 [INFO] ThirdPartyModel:316 - End build external matchings
2024-08-21 10:49:48,640 [INFO] UtilMem:75 - End LoadConfig() Used Memory: 436507224 Bytes (782237696)
2024-08-21 10:49:48,680 [WARN] ThirdParty:833 - waiting for thirdparty lock release [change project]
2024-08-21 10:49:48,681 [INFO] ThirdParty:835 - entering critical section [change project]
2024-08-21 10:49:48,682 [INFO] ThirdParty:1030 - CMSIS Pack Vendor :STMicroelectronics USBPD 4.1
2024-08-21 10:49:48,682 [INFO] ThirdParty:1030 - CMSIS Pack Vendor :STMicroelectronics X-CUBE-GNSS1 6.0.0
2024-08-21 10:49:48,682 [INFO] ThirdParty:1030 - CMSIS Pack Vendor :STMicroelectronics USB_HOST 2.0.0
2024-08-21 10:49:48,682 [INFO] ThirdParty:1030 - CMSIS Pack Vendor :STMicroelectronics FP-SNS-MOTENVWB1 1.4.0
2024-08-21 10:49:48,682 [INFO] ThirdParty:1030 - CMSIS Pack Vendor :STMicroelectronics X-CUBE-AZRTOS-F4 1.1.0
2024-08-21 10:49:48,683 [INFO] ThirdParty:1030 - CMSIS Pack Vendor :STMicroelectronics LIBJPEG 8.0.0
2024-08-21 10:49:48,683 [INFO] ThirdParty:1030 - CMSIS Pack Vendor :STMicroelectronics X-CUBE-SMBUS 2.1.0
2024-08-21 10:49:48,683 [INFO] ThirdParty:1030 - CMSIS Pack Vendor :STMicroelectronics USB_DEVICE 3.0.0
2024-08-21 10:49:48,683 [INFO] ThirdParty:1030 - CMSIS Pack Vendor :STMicroelectronics X-CUBE-TCPP 4.1.0
2024-08-21 10:49:48,683 [INFO] ThirdParty:1030 - CMSIS Pack Vendor :STMicroelectronics X-CUBE-FREERTOS 1.2.0
2024-08-21 10:49:48,683 [INFO] ThirdParty:1030 - CMSIS Pack Vendor :STMicroelectronics X-CUBE-AZRTOS-WB 2.0.0
2024-08-21 10:49:48,683 [INFO] ThirdParty:1030 - CMSIS Pack Vendor :STMicroelectronics X-CUBE-AZRTOS-F7 1.1.0
2024-08-21 10:49:48,683 [INFO] ThirdParty:1030 - CMSIS Pack Vendor :STMicroelectronics X-CUBE-AZRTOS-L5 2.0.0
2024-08-21 10:49:48,683 [INFO] ThirdParty:1030 - CMSIS Pack Vendor :STMicroelectronics USB_DEVICE 2.0.0
2024-08-21 10:49:48,683 [INFO] ThirdParty:1030 - CMSIS Pack Vendor :STMicroelectronics X-CUBE-NFC6 3.1.0
2024-08-21 10:49:48,683 [INFO] ThirdParty:1030 - CMSIS Pack Vendor :STMicroelectronics FP-SNS-STBOX1 2.0.0
2024-08-21 10:49:48,683 [INFO] ThirdParty:1030 - CMSIS Pack Vendor :STMicroelectronics FreeRTOS 0.0.1
2024-08-21 10:49:48,683 [INFO] ThirdParty:1030 - CMSIS Pack Vendor :STMicroelectronics X-CUBE-AZRTOS-G0 1.1.0
2024-08-21 10:49:48,683 [INFO] ThirdParty:1030 - CMSIS Pack Vendor :STMicroelectronics X-CUBE-SAFEA1 1.2.2
2024-08-21 10:49:48,684 [INFO] ThirdParty:1030 - CMSIS Pack Vendor :STMicroelectronics X-CUBE-NFC4 3.0.0
2024-08-21 10:49:48,684 [INFO] ThirdParty:1030 - CMSIS Pack Vendor :STMicroelectronics X-CUBE-DPower 1.2.0
2024-08-21 10:49:48,684 [INFO] ThirdParty:1030 - CMSIS Pack Vendor :STMicroelectronics X-CUBE-SUBG2 5.0.0
2024-08-21 10:49:48,684 [INFO] ThirdParty:1030 - CMSIS Pack Vendor :STMicroelectronics STM32_WPAN 1.0.0
2024-08-21 10:49:48,684 [INFO] ThirdParty:1030 - CMSIS Pack Vendor :EmbeddedOffice I-CUBE-FS-RTOS 1.0.1
2024-08-21 10:49:48,684 [INFO] ThirdParty:1030 - CMSIS Pack Vendor :STMicroelectronics lwIP 2.0.3
2024-08-21 10:49:48,684 [INFO] ThirdParty:1030 - CMSIS Pack Vendor :STMicroelectronics FP-SNS-FLIGHT1 5.0.2
2024-08-21 10:49:48,684 [INFO] ThirdParty:1030 - CMSIS Pack Vendor :Cesanta I-CUBE-Mongoose 7.13.0
2024-08-21 10:49:48,684 [INFO] ThirdParty:1030 - CMSIS Pack Vendor :STMicroelectronics USB_HOST 1.0.0
2024-08-21 10:49:48,684 [INFO] ThirdParty:1030 - CMSIS Pack Vendor :STMicroelectronics X-CUBE-AI 9.0.0
2024-08-21 10:49:48,684 [INFO] ThirdParty:1030 - CMSIS Pack Vendor :STMicroelectronics X-CUBE-AZRTOS-G4 2.0.0
2024-08-21 10:49:48,684 [INFO] ThirdParty:1030 - CMSIS Pack Vendor :STMicroelectronics PDM2PCM 3.1.0
2024-08-21 10:49:48,684 [INFO] ThirdParty:1030 - CMSIS Pack Vendor :STMicroelectronics PDM2PCM 3.3.0
2024-08-21 10:49:48,684 [INFO] ThirdParty:1030 - CMSIS Pack Vendor :STMicroelectronics X-CUBE-DISPLAY 3.0.0
2024-08-21 10:49:48,684 [INFO] ThirdParty:1030 - CMSIS Pack Vendor :RealThread X-CUBE-RT-Thread_Nano 4.1.1
2024-08-21 10:49:48,684 [INFO] ThirdParty:1030 - CMSIS Pack Vendor :wolfSSL I-CUBE-wolfSSL 5.7.0
2024-08-21 10:49:48,684 [INFO] ThirdParty:1030 - CMSIS Pack Vendor :STMicroelectronics X-CUBE-BLE1 7.0.0
2024-08-21 10:49:48,684 [INFO] ThirdParty:1030 - CMSIS Pack Vendor :STMicroelectronics FP-ATR-SIGFOX1 3.2.0
2024-08-21 10:49:48,684 [INFO] ThirdParty:1030 - CMSIS Pack Vendor :STMicroelectronics X-CUBE-ISPU 2.0.0
2024-08-21 10:49:48,684 [INFO] ThirdParty:1030 - CMSIS Pack Vendor :STMicroelectronics X-CUBE-EEPRMA1 5.1.0
2024-08-21 10:49:48,684 [INFO] ThirdParty:1030 - CMSIS Pack Vendor :STMicroelectronics HAL Drivers 0.0.0
2024-08-21 10:49:48,684 [INFO] ThirdParty:1030 - CMSIS Pack Vendor :STMicroelectronics MBEDTLS 2.16.2
2024-08-21 10:49:48,684 [INFO] ThirdParty:1030 - CMSIS Pack Vendor :STMicroelectronics X-CUBE-ALS 1.0.2
2024-08-21 10:49:48,685 [INFO] ThirdParty:1030 - CMSIS Pack Vendor :emotas I-CUBE-CANOPEN 1.3.0
2024-08-21 10:49:48,685 [INFO] ThirdParty:1030 - CMSIS Pack Vendor :STMicroelectronics X-CUBE-MEMS1 10.0.0
2024-08-21 10:49:48,685 [INFO] ThirdParty:1030 - CMSIS Pack Vendor :STMicroelectronics X-CUBE-NFC7 1.0.1
2024-08-21 10:49:48,685 [INFO] ThirdParty:1030 - CMSIS Pack Vendor :STMicroelectronics MBEDTLS 2.14.1
2024-08-21 10:49:48,685 [INFO] ThirdParty:1030 - CMSIS Pack Vendor :STMicroelectronics X-CUBE-TOUCHGFX 4.24.0
2024-08-21 10:49:48,685 [INFO] ThirdParty:1030 - CMSIS Pack Vendor :ITTIA_DB I-CUBE-ITTIADB 8.9.0
2024-08-21 10:49:48,685 [INFO] ThirdParty:1030 - CMSIS Pack Vendor :wolfSSL I-CUBE-wolfTPM 3.2.0
2024-08-21 10:49:48,685 [INFO] ThirdParty:1030 - CMSIS Pack Vendor :portGmbH I-Cube-SoM-uGOAL 1.1.0
2024-08-21 10:49:48,685 [INFO] ThirdParty:1030 - CMSIS Pack Vendor :STMicroelectronics X-CUBE-BLEMGR 3.1.0
2024-08-21 10:49:48,685 [INFO] ThirdParty:1030 - CMSIS Pack Vendor :STMicroelectronics ThreadX 1.0.0
2024-08-21 10:49:48,685 [INFO] ThirdParty:1030 - CMSIS Pack Vendor :STMicroelectronics FP-SNS-SMARTAG2 1.2.0
2024-08-21 10:49:48,685 [INFO] ThirdParty:1030 - CMSIS Pack Vendor :STMicroelectronics X-CUBE-AZRTOS-WL 2.0.0
2024-08-21 10:49:48,685 [INFO] ThirdParty:1030 - CMSIS Pack Vendor :SEGGER I-CUBE-embOS 1.3.1
2024-08-21 10:49:48,685 [INFO] ThirdParty:1030 - CMSIS Pack Vendor :STMicroelectronics X-CUBE-ALGOBUILD 1.4.0
2024-08-21 10:49:48,685 [INFO] ThirdParty:1030 - CMSIS Pack Vendor :STMicroelectronics FP-SNS-MOTENV1 5.0.0
2024-08-21 10:49:48,685 [INFO] ThirdParty:1030 - CMSIS Pack Vendor :STMicroelectronics USB_DEVICE 1.0.0
2024-08-21 10:49:48,685 [INFO] ThirdParty:1030 - CMSIS Pack Vendor :STMicroelectronics X-CUBE-AZRTOS-H7RS 1.0.0
2024-08-21 10:49:48,685 [INFO] ThirdParty:1030 - CMSIS Pack Vendor :wolfSSL I-CUBE-wolfMQTT 1.19.0
2024-08-21 10:49:48,685 [INFO] ThirdParty:1030 - CMSIS Pack Vendor :STMicroelectronics X-CUBE-AZRTOS-L4 2.0.0
2024-08-21 10:49:48,685 [INFO] ThirdParty:1030 - CMSIS Pack Vendor :STMicroelectronics ThreadX 0.0.2
2024-08-21 10:49:48,685 [INFO] ThirdParty:1030 - CMSIS Pack Vendor :WES I-CUBE-Cesium 1.3.0
2024-08-21 10:49:48,685 [INFO] ThirdParty:1030 - CMSIS Pack Vendor :STMicroelectronics FP-ATR-ASTRA1 2.0.0
2024-08-21 10:49:48,685 [INFO] ThirdParty:1030 - CMSIS Pack Vendor :STMicroelectronics lwIP 2.1.2
2024-08-21 10:49:48,685 [INFO] ThirdParty:1030 - CMSIS Pack Vendor :STMicroelectronics X-CUBE-SFXS2LP1 4.0.0
2024-08-21 10:49:48,685 [INFO] ThirdParty:1030 - CMSIS Pack Vendor :STMicroelectronics X-CUBE-BLE2 3.3.0
2024-08-21 10:49:48,685 [INFO] ThirdParty:1030 - CMSIS Pack Vendor :STMicroelectronics X-CUBE-TOF1 3.4.2
2024-08-21 10:49:48,686 [INFO] ThirdParty:1030 - CMSIS Pack Vendor :STMicroelectronics X-CUBE-TOF1 3.4.1
2024-08-21 10:49:48,686 [INFO] ThirdParty:1030 - CMSIS Pack Vendor :STMicroelectronics X-CUBE-AZRTOS-H7 3.2.0
2024-08-21 10:49:48,686 [INFO] ThirdParty:1030 - CMSIS Pack Vendor :Infineon AIROC-Wi-Fi-Bluetooth-STM32 1.6.0
2024-08-21 10:49:48,686 [INFO] ThirdParty:1030 - CMSIS Pack Vendor :STMicroelectronics PDM2PCM 3.2.0
2024-08-21 10:49:48,686 [INFO] ThirdParty:1030 - CMSIS Pack Vendor :wolfSSL I-CUBE-wolfSSH 1.4.17
2024-08-21 10:49:48,686 [INFO] ThirdParty:841 - exiting critical section [change project]
2024-08-21 10:49:48,962 [INFO] PinOutPanel:1561 - setPackage(No Configuration,No Configuration)
2024-08-21 10:49:48,963 [INFO] PinOutPanel:1561 - setPackage(STM32L476RGTx,LQFP64)
2024-08-21 10:49:49,297 [INFO] UtilMem:75 - Before build in PCC Used Memory: 661941200 Bytes (782237696)
2024-08-21 10:49:49,649 [INFO] UtilMem:75 - After build in PCC Used Memory: 390467696 Bytes (782237696)
2024-08-21 10:49:49,680 [INFO] IPUIPlugin:80 - create IPUIPlugin
2024-08-21 10:49:49,680 [INFO] IPUIPlugin:80 - create IPUIPlugin
2024-08-21 10:49:49,680 [INFO] IPUIPlugin:80 - create IPUIPlugin
2024-08-21 10:49:49,680 [INFO] IPUIPlugin:80 - create IPUIPlugin
2024-08-21 10:49:49,681 [INFO] IPUIPlugin:80 - create IPUIPlugin
2024-08-21 10:49:49,681 [INFO] IPUIPlugin:80 - create IPUIPlugin
2024-08-21 10:49:49,681 [INFO] IPUIPlugin:80 - create IPUIPlugin
2024-08-21 10:49:49,681 [INFO] IPUIPlugin:80 - create IPUIPlugin
2024-08-21 10:49:49,681 [INFO] IPUIPlugin:80 - create IPUIPlugin
2024-08-21 10:49:49,681 [INFO] IPUIPlugin:80 - create IPUIPlugin
2024-08-21 10:49:49,681 [INFO] IPUIPlugin:80 - create IPUIPlugin
2024-08-21 10:49:49,681 [INFO] IPUIPlugin:80 - create IPUIPlugin
2024-08-21 10:49:49,681 [INFO] IPUIPlugin:80 - create IPUIPlugin
2024-08-21 10:49:49,682 [INFO] IPUIPlugin:80 - create IPUIPlugin
2024-08-21 10:49:49,682 [INFO] IPUIPlugin:80 - create IPUIPlugin
2024-08-21 10:49:49,682 [INFO] IPUIPlugin:80 - create IPUIPlugin
2024-08-21 10:49:49,682 [INFO] IPUIPlugin:80 - create IPUIPlugin
2024-08-21 10:49:49,682 [INFO] IPUIPlugin:80 - create IPUIPlugin
2024-08-21 10:49:49,682 [INFO] IPUIPlugin:80 - create IPUIPlugin
2024-08-21 10:49:49,682 [INFO] IPUIPlugin:80 - create IPUIPlugin
2024-08-21 10:49:49,682 [INFO] IPUIPlugin:80 - create IPUIPlugin
2024-08-21 10:49:49,683 [INFO] IPUIPlugin:80 - create IPUIPlugin
2024-08-21 10:49:49,683 [INFO] IPUIPlugin:80 - create IPUIPlugin
2024-08-21 10:49:49,683 [INFO] IPUIPlugin:80 - create IPUIPlugin
2024-08-21 10:49:49,683 [INFO] IPUIPlugin:80 - create IPUIPlugin
2024-08-21 10:49:49,683 [INFO] IPUIPlugin:80 - create IPUIPlugin
2024-08-21 10:49:49,683 [INFO] IPUIPlugin:80 - create IPUIPlugin
2024-08-21 10:49:49,683 [INFO] IPUIPlugin:80 - create IPUIPlugin
2024-08-21 10:49:49,683 [INFO] IPUIPlugin:80 - create IPUIPlugin
2024-08-21 10:49:49,684 [INFO] IPUIPlugin:80 - create IPUIPlugin
2024-08-21 10:49:49,684 [INFO] IPUIPlugin:80 - create IPUIPlugin
2024-08-21 10:49:49,684 [INFO] IPUIPlugin:80 - create IPUIPlugin
2024-08-21 10:49:49,684 [INFO] IPUIPlugin:80 - create IPUIPlugin
2024-08-21 10:49:49,684 [INFO] IPUIPlugin:80 - create IPUIPlugin
2024-08-21 10:49:49,684 [INFO] IPUIPlugin:80 - create IPUIPlugin
2024-08-21 10:49:49,685 [INFO] IPUIPlugin:80 - create IPUIPlugin
2024-08-21 10:49:49,685 [INFO] IPUIPlugin:80 - create IPUIPlugin
2024-08-21 10:49:49,685 [INFO] IPUIPlugin:80 - create IPUIPlugin
2024-08-21 10:49:49,686 [INFO] IPUIPlugin:80 - create IPUIPlugin
2024-08-21 10:49:49,686 [INFO] IPUIPlugin:80 - create IPUIPlugin
2024-08-21 10:49:49,686 [INFO] IPUIPlugin:80 - create IPUIPlugin
2024-08-21 10:49:49,687 [INFO] IPUIPlugin:80 - create IPUIPlugin
2024-08-21 10:49:49,687 [INFO] IPUIPlugin:80 - create IPUIPlugin
2024-08-21 10:49:49,687 [INFO] IPUIPlugin:80 - create IPUIPlugin
2024-08-21 10:49:49,687 [INFO] IPUIPlugin:80 - create IPUIPlugin
2024-08-21 10:49:49,688 [INFO] IPUIPlugin:80 - create IPUIPlugin
2024-08-21 10:49:49,688 [INFO] IPUIPlugin:80 - create IPUIPlugin
2024-08-21 10:49:49,689 [INFO] IPUIPlugin:80 - create IPUIPlugin
2024-08-21 10:49:49,689 [INFO] IPUIPlugin:80 - create IPUIPlugin
2024-08-21 10:49:49,690 [INFO] IPUIPlugin:80 - create IPUIPlugin
2024-08-21 10:49:49,690 [INFO] IPUIPlugin:80 - create IPUIPlugin
2024-08-21 10:49:49,691 [INFO] IPUIPlugin:80 - create IPUIPlugin
2024-08-21 10:49:49,691 [INFO] IPUIPlugin:80 - create IPUIPlugin
2024-08-21 10:49:49,692 [INFO] IPUIPlugin:80 - create IPUIPlugin
2024-08-21 10:49:49,692 [INFO] IPUIPlugin:80 - create IPUIPlugin
2024-08-21 10:49:49,693 [INFO] IPUIPlugin:80 - create IPUIPlugin
2024-08-21 10:49:49,693 [INFO] IPUIPlugin:80 - create IPUIPlugin
2024-08-21 10:49:49,695 [INFO] IPUIPlugin:80 - create IPUIPlugin
2024-08-21 10:49:49,695 [INFO] IPUIPlugin:80 - create IPUIPlugin
2024-08-21 10:49:49,720 [INFO] CADModel:165 - CPN selected for project levelSTM32L476RGT6
2024-08-21 10:49:49,720 [INFO] CADModel:114 - Register for checkConnection events
2024-08-21 10:49:49,770 [INFO] OpenFileManager:363 - Restore cursor
2024-08-21 10:49:50,187 [INFO] UtilMem:75 - End SaveConfig() Used Memory: 500207792 Bytes (782237696)
2024-08-21 10:49:50,248 [ERROR] ConfigurationRetriever:142 - IOException on connection: sw-center.st.com
2024-08-21 10:49:50,249 [ERROR] ConfigurationRetriever:142 - IOException on connection: sw-center.st.com
2024-08-21 10:49:50,249 [ERROR] ConfigurationRetriever:142 - IOException on connection: sw-center.st.com
2024-08-21 10:49:50,283 [INFO] UtilMem:75 - End SaveConfig() Used Memory: 526628496 Bytes (782237696)
2024-08-21 10:49:50,504 [INFO] BlockDiagram:2766 - set Specific Code input for plugin: RCC
2024-08-21 10:49:50,504 [INFO] BlockDiagram:2766 - set Specific Code input for plugin: NVIC
2024-08-21 10:49:50,508 [INFO] CodeGenerator:807 - code generatio: config db path: C:\ST\STM32CubeIDE_1.16.0\STM32CubeIDE\plugins\com.st.stm32cube.common.mx_6.12.0.202406281431\\db\
2024-08-21 10:49:50,690 [INFO] CodeEngine:255 - oldGeneratedFile, C:\Users\admin\stm\off-board-test\MXTmpFiles\license.tmp_save
2024-08-21 10:49:50,799 [INFO] CodeEngine:279 - Generated code: C:\Users\admin\stm\off-board-test\MXTmpFiles\license.tmp
2024-08-21 10:49:50,813 [INFO] CodeEngine:255 - oldGeneratedFile, C:\Users\admin\stm\off-board-test\Core\Src\stm32l4xx_it.c_save
2024-08-21 10:49:50,930 [INFO] CodeEngine:279 - Generated code: C:\Users\admin\stm\off-board-test\Core\Src\stm32l4xx_it.c
2024-08-21 10:49:50,936 [INFO] CodeEngine:255 - oldGeneratedFile, C:\Users\admin\stm\off-board-test\Core\Inc\stm32l4xx_it.h_save
2024-08-21 10:49:50,997 [INFO] CodeEngine:279 - Generated code: C:\Users\admin\stm\off-board-test\Core\Inc\stm32l4xx_it.h
2024-08-21 10:49:51,020 [INFO] CodeEngine:255 - oldGeneratedFile, C:\Users\admin\stm\off-board-test\Core\Src\stm32l4xx_hal_msp.c_save
2024-08-21 10:49:51,095 [INFO] CodeEngine:279 - Generated code: C:\Users\admin\stm\off-board-test\Core\Src\stm32l4xx_hal_msp.c
2024-08-21 10:49:51,099 [INFO] CodeEngine:255 - oldGeneratedFile, C:\Users\admin\stm\off-board-test\MXTmpFiles\system.tmp_save
2024-08-21 10:49:51,150 [INFO] CodeEngine:279 - Generated code: C:\Users\admin\stm\off-board-test\MXTmpFiles\system.tmp
2024-08-21 10:49:51,161 [INFO] CodeEngine:311 - oldGeneratedFile, C:\Users\admin\stm\off-board-test\Core\Inc\stm32l4xx_hal_conf.h_save
2024-08-21 10:49:51,215 [INFO] CodeEngine:335 - Generated code: C:\Users\admin\stm\off-board-test\Core\Inc\stm32l4xx_hal_conf.h
2024-08-21 10:49:51,247 [INFO] CodeEngine:255 - oldGeneratedFile, C:\Users\admin\stm\off-board-test\Core\Inc\main.h_save
2024-08-21 10:49:51,318 [INFO] CodeEngine:279 - Generated code: C:\Users\admin\stm\off-board-test\Core\Inc\main.h
2024-08-21 10:49:51,325 [INFO] CodeEngine:255 - oldGeneratedFile, C:\Users\admin\stm\off-board-test\Core\Src\main.c_save
2024-08-21 10:49:51,411 [INFO] CodeEngine:279 - Generated code: C:\Users\admin\stm\off-board-test\Core\Src\main.c
2024-08-21 10:49:51,708 [INFO] ProjectBuilder:3249 - Time for Copy HAL[1] : 186mS.
2024-08-21 10:49:51,712 [INFO] ProjectBuilder:4828 - Project Generator version: 4.4.0-B60
2024-08-21 10:49:51,785 [INFO] ConfigFileManager:1531 - The Die is : DIE415
2024-08-21 10:49:51,788 [INFO] ApiDbMcu:508 - Load IP Config File for FATFS
2024-08-21 10:49:51,791 [INFO] ApiDbMcu:508 - Load IP Config File for FREERTOS
2024-08-21 10:49:51,800 [INFO] ApiDbMcu:508 - Load IP Config File for TOUCHSENSING
2024-08-21 10:49:51,804 [INFO] ApiDbMcu:508 - Load IP Config File for USB_DEVICE
2024-08-21 10:49:51,808 [INFO] ApiDbMcu:508 - Load IP Config File for USB_HOST
2024-08-21 10:49:54,167 [INFO] ProjectBuilder:5097 - Time for Generating toolchain IDE Files: 2455mS.
2024-08-21 10:49:54,170 [INFO] ProjectBuilder:3107 - Time for Copy CMSIS : 1mS.
2024-08-21 10:49:54,176 [INFO] ProjectBuilder:3107 - Time for Copy CMSIS : 0mS.
