2024-08-12 14:05:36,639 [INFO] Activator:176 - 


2024-08-12 14:05:36,641 [INFO] Activator:177 - !SESSION log4j initialized
2024-08-12 14:05:42,799 [INFO] LogOutputStream:77 - [STDOUT_REDIRECT] 
2024-08-12 14:05:48,384 [INFO] ApplicationProperties:184 - Using Application install path: C:\ST\STM32CubeIDE_1.16.0\STM32CubeIDE\plugins\com.st.stm32cube.common.mx_6.12.0.202406281431
2024-08-12 14:05:48,400 [INFO] DbMcusXml:78 - Set database path to: C:\ST\STM32CubeIDE_1.16.0\STM32CubeIDE\plugins\com.st.stm32cube.common.mx_6.12.0.202406281431\\db\/mcu/
2024-08-12 14:05:48,400 [INFO] ApiDb:274 - Set plugin database path to: C:\ST\STM32CubeIDE_1.16.0\STM32CubeIDE\plugins\com.st.stm32cube.common.mx_6.12.0.202406281431\\db\/plugins/boardmanager/
2024-08-12 14:05:48,401 [WARN] ApiDb:259 - Overriding images path with different value:  => C:\ST\STM32CubeIDE_1.16.0\STM32CubeIDE\plugins\com.st.stm32cube.common.mx_6.12.0.202406281431\\db\/plugins/mcufinder/images/
2024-08-12 14:05:48,429 [INFO] ApiDb:250 - Set database path to: C:\Users\admin\.stmcufinder\plugins\mcufinder//mcu/
2024-08-12 14:05:48,430 [INFO] DbMcusAds:125 - Set database path to: C:\Users\admin\.stmcufinder\plugins\mcufinder//mcu/
2024-08-12 14:05:48,433 [INFO] CrossReferenceDbSqlite:203 - Set database path to: C:\Users\admin\.stmcufinder\plugins\mcufinder//mcu/cs/
2024-08-12 14:05:48,586 [INFO] RulesReader:64 - Compatibility file has been processed (297 Rules)
2024-08-12 14:05:48,684 [INFO] DbMcusXml:78 - Set database path to: C:\ST\STM32CubeIDE_1.16.0\STM32CubeIDE\plugins\com.st.stm32cube.common.mx_6.12.0.202406281431\\db\/mcu/
2024-08-12 14:05:48,684 [INFO] ApiDb:274 - Set plugin database path to: C:\ST\STM32CubeIDE_1.16.0\STM32CubeIDE\plugins\com.st.stm32cube.common.mx_6.12.0.202406281431\\db\/plugins/boardmanager/
2024-08-12 14:05:48,685 [INFO] ApiDb:261 - Set plugin images path to: C:\ST\STM32CubeIDE_1.16.0\STM32CubeIDE\plugins\com.st.stm32cube.common.mx_6.12.0.202406281431\\db\/plugins/mcufinder/images/
2024-08-12 14:05:48,685 [WARN] DbFile:41 - Overriding database path with different value: C:\Users\admin\.stmcufinder\plugins\mcufinder/ => C:\Users\admin\.stmcufinder\plugins\mcufinder
2024-08-12 14:05:48,686 [INFO] ApiDb:250 - Set database path to: C:\Users\admin\.stmcufinder\plugins\mcufinder//mcu/
2024-08-12 14:05:48,686 [WARN] DbFile:41 - Overriding database path with different value: C:\Users\admin\.stmcufinder\plugins\mcufinder/ => C:\Users\admin\.stmcufinder\plugins\mcufinder
2024-08-12 14:05:48,686 [INFO] DbMcusAds:125 - Set database path to: C:\Users\admin\.stmcufinder\plugins\mcufinder//mcu/
2024-08-12 14:05:48,686 [WARN] DbFile:41 - Overriding database path with different value: C:\Users\admin\.stmcufinder\plugins\mcufinder/ => C:\Users\admin\.stmcufinder\plugins\mcufinder
2024-08-12 14:05:48,686 [WARN] DbFile:41 - Overriding database path with different value: C:\Users\admin\.stmcufinder\plugins\mcufinder/ => C:\Users\admin\.stmcufinder\plugins\mcufinder
2024-08-12 14:05:48,686 [INFO] CrossReferenceDbSqlite:203 - Set database path to: C:\Users\admin\.stmcufinder\plugins\mcufinder//mcu/cs/
2024-08-12 14:05:48,770 [INFO] MainPanel:268 - HeapMemory: 268435456
2024-08-12 14:05:48,923 [INFO] DbMcusXml:78 - Set database path to: C:\ST\STM32CubeIDE_1.16.0\STM32CubeIDE\plugins\com.st.stm32cube.common.mx_6.12.0.202406281431\\db\/mcu/
2024-08-12 14:05:48,924 [INFO] ApiDb:274 - Set plugin database path to: C:\ST\STM32CubeIDE_1.16.0\STM32CubeIDE\plugins\com.st.stm32cube.common.mx_6.12.0.202406281431\\db\/plugins/boardmanager/
2024-08-12 14:05:48,924 [INFO] ApiDb:261 - Set plugin images path to: C:\ST\STM32CubeIDE_1.16.0\STM32CubeIDE\plugins\com.st.stm32cube.common.mx_6.12.0.202406281431\\db\/plugins/mcufinder/images/
2024-08-12 14:05:48,927 [WARN] DbFile:41 - Overriding database path with different value: C:\Users\admin\.stmcufinder\plugins\mcufinder/ => C:\Users\admin\.stmcufinder\plugins\mcufinder
2024-08-12 14:05:48,928 [INFO] ApiDb:250 - Set database path to: C:\Users\admin\.stmcufinder\plugins\mcufinder//mcu/
2024-08-12 14:05:48,928 [WARN] DbFile:41 - Overriding database path with different value: C:\Users\admin\.stmcufinder\plugins\mcufinder/ => C:\Users\admin\.stmcufinder\plugins\mcufinder
2024-08-12 14:05:48,928 [INFO] DbMcusAds:125 - Set database path to: C:\Users\admin\.stmcufinder\plugins\mcufinder//mcu/
2024-08-12 14:05:48,928 [WARN] DbFile:41 - Overriding database path with different value: C:\Users\admin\.stmcufinder\plugins\mcufinder/ => C:\Users\admin\.stmcufinder\plugins\mcufinder
2024-08-12 14:05:48,929 [WARN] DbFile:41 - Overriding database path with different value: C:\Users\admin\.stmcufinder\plugins\mcufinder/ => C:\Users\admin\.stmcufinder\plugins\mcufinder
2024-08-12 14:05:48,929 [INFO] CrossReferenceDbSqlite:203 - Set database path to: C:\Users\admin\.stmcufinder\plugins\mcufinder//mcu/cs/
2024-08-12 14:05:48,955 [INFO] ApplicationProperties:184 - Using Application install path: C:\ST\STM32CubeIDE_1.16.0\STM32CubeIDE\plugins\com.st.stm32cube.common.mx_6.12.0.202406281431
2024-08-12 14:05:48,957 [INFO] PluginManage:196 - Search for loadable plugins [exclusion list=, ]
2024-08-12 14:05:48,959 [INFO] PluginManage:310 - Check plugin analytics
2024-08-12 14:05:49,225 [INFO] AnalyticsPlugin:253 - Accepted Software Licenses: STM32CubeMX.6.12.0
2024-08-12 14:05:49,226 [INFO] AnalyticsPlugin:255 - Accepted CMSIS Pack Licenses: STMicroelectronics.X-CUBE-FREERTOS.1.2.0
2024-08-12 14:05:49,226 [INFO] AnalyticsPlugin:257 - Accepted Firmware Licenses: FW.L4.1.18.0
2024-08-12 14:05:49,251 [INFO] PluginManage:359 - Loaded plugin analytics (category:tool,tabindex:-1)
2024-08-12 14:05:49,252 [INFO] PluginManage:310 - Check plugin cadmodel
2024-08-12 14:05:49,289 [INFO] CADModel:105 - Init CAD model plugin
2024-08-12 14:05:49,289 [INFO] PluginManage:359 - Loaded plugin cadmodel (category:power,tabindex:5)
2024-08-12 14:05:49,289 [INFO] PluginManage:310 - Check plugin clock
2024-08-12 14:05:49,316 [INFO] PluginManage:359 - Loaded plugin clock (category:base,tabindex:2)
2024-08-12 14:05:49,316 [INFO] PluginManage:310 - Check plugin ddr
2024-08-12 14:05:49,318 [INFO] PluginManage:359 - Loaded plugin ddr (category:tool,tabindex:6)
2024-08-12 14:05:49,319 [INFO] PluginManage:310 - Check plugin filemanager
2024-08-12 14:05:49,484 [INFO] PluginManage:359 - Loaded plugin filemanager (category:base,tabindex:10)
2024-08-12 14:05:49,484 [INFO] PluginManage:310 - Check plugin ipmanager
2024-08-12 14:05:49,495 [INFO] PluginManage:359 - Loaded plugin ipmanager (category:base,tabindex:5)
2024-08-12 14:05:49,495 [INFO] PluginManage:310 - Check plugin lpbam
2024-08-12 14:05:49,522 [INFO] PluginManage:359 - Loaded plugin lpbam (category:base,tabindex:0)
2024-08-12 14:05:49,522 [INFO] PluginManage:310 - Check plugin memorymap
2024-08-12 14:05:49,614 [INFO] PluginManage:359 - Loaded plugin memorymap (category:base,tabindex:4)
2024-08-12 14:05:49,614 [INFO] PluginManage:310 - Check plugin pinoutandconfiguration
2024-08-12 14:05:49,673 [INFO] PluginManage:359 - Loaded plugin pinoutandconfiguration (category:base,tabindex:1)
2024-08-12 14:05:49,673 [INFO] PluginManage:310 - Check plugin pinoutconfig
2024-08-12 14:05:49,789 [WARN] SupportedApi:132 - Cannot load RTOS API schema: s4s-elt-must-match.1: The content of 'definitions' must match (annotation?, (simpleType | complexType)?, (unique | key | keyref)*)). A problem was found starting at: attribute.
2024-08-12 14:05:49,929 [INFO] PluginManage:359 - Loaded plugin pinoutconfig (category:base,tabindex:0)
2024-08-12 14:05:49,930 [INFO] PluginManage:310 - Check plugin power
2024-08-12 14:05:50,018 [INFO] PluginManage:359 - Loaded plugin power (category:power,tabindex:4)
2024-08-12 14:05:50,018 [INFO] PluginManage:310 - Check plugin projectmanager
2024-08-12 14:05:50,034 [INFO] PluginManage:359 - Loaded plugin projectmanager (category:projectmanager,tabindex:4)
2024-08-12 14:05:50,034 [INFO] PluginManage:310 - Check plugin rif
2024-08-12 14:05:50,055 [INFO] PluginManage:359 - Loaded plugin rif (category:base,tabindex:3)
2024-08-12 14:05:50,056 [INFO] PluginManage:310 - Check plugin thirdparty
2024-08-12 14:05:50,708 [INFO] PluginManage:359 - Loaded plugin thirdparty (category:base,tabindex:-1)
2024-08-12 14:05:50,709 [INFO] PluginManage:310 - Check plugin tools
2024-08-12 14:05:50,708 [WARN] IntegrityCheckThread:84 - waiting for thirdparty lock release [integrity check]
2024-08-12 14:05:50,710 [INFO] IntegrityCheckThread:86 - entering critical section [integrity check]
2024-08-12 14:05:50,712 [INFO] ThirdPartyUpdaterWithRetryManager:70 - Updater plugin not ready yet. [1/15]
2024-08-12 14:05:50,728 [INFO] PluginManage:359 - Loaded plugin tools (category:base,tabindex:7)
2024-08-12 14:05:50,729 [INFO] PluginManage:310 - Check plugin tutovideos
2024-08-12 14:05:50,997 [INFO] PluginManage:359 - Loaded plugin tutovideos (category:base,tabindex:-1)
2024-08-12 14:05:50,997 [INFO] PluginManage:310 - Check plugin updater
2024-08-12 14:05:51,015 [INFO] PluginManage:359 - Loaded plugin updater (category:base,tabindex:12)
2024-08-12 14:05:51,016 [INFO] PluginManage:310 - Check plugin userauth
2024-08-12 14:05:51,021 [INFO] UserAuth:113 - Init User Auth plugin
2024-08-12 14:05:51,021 [INFO] PluginManage:359 - Loaded plugin userauth (category:base,tabindex:14)
2024-08-12 14:05:51,021 [INFO] PluginManage:283 - PluginManage : Loaded plugins [18]
2024-08-12 14:05:51,266 [INFO] PinOutPanel:1561 - setPackage(No Configuration,No Configuration)
2024-08-12 14:05:51,370 [INFO] CADModel:165 - CPN selected for project level
2024-08-12 14:05:51,370 [INFO] CADModel:114 - Register for checkConnection events
2024-08-12 14:05:51,404 [INFO] IPUIPlugin:80 - create IPUIPlugin
2024-08-12 14:05:51,404 [INFO] PluginManager:220 - loadIPPluginJar : add adc
2024-08-12 14:05:51,427 [INFO] IPUIPlugin:80 - create IPUIPlugin
2024-08-12 14:05:51,428 [INFO] PluginManager:220 - loadIPPluginJar : add aes
2024-08-12 14:05:51,449 [INFO] IPUIPlugin:80 - create IPUIPlugin
2024-08-12 14:05:51,450 [INFO] PluginManager:220 - loadIPPluginJar : add can
2024-08-12 14:05:51,502 [INFO] IPUIPlugin:80 - create IPUIPlugin
2024-08-12 14:05:51,502 [INFO] PluginManager:220 - loadIPPluginJar : add comp
2024-08-12 14:05:51,562 [INFO] IPUIPlugin:80 - create IPUIPlugin
2024-08-12 14:05:51,563 [INFO] PluginManager:220 - loadIPPluginJar : add cryp
2024-08-12 14:05:51,599 [INFO] IPUIPlugin:80 - create IPUIPlugin
2024-08-12 14:05:51,599 [INFO] PluginManager:220 - loadIPPluginJar : add ddr_ctrl_phy
2024-08-12 14:05:51,632 [INFO] IPUIPlugin:80 - create IPUIPlugin
2024-08-12 14:05:51,632 [INFO] PluginManager:220 - loadIPPluginJar : add dfsdm
2024-08-12 14:05:51,664 [INFO] IPUIPlugin:80 - create IPUIPlugin
2024-08-12 14:05:51,665 [INFO] PluginManager:220 - loadIPPluginJar : add dma
2024-08-12 14:05:51,685 [INFO] IPUIPlugin:80 - create IPUIPlugin
2024-08-12 14:05:51,685 [INFO] PluginManager:220 - loadIPPluginJar : add dma3
2024-08-12 14:05:51,704 [INFO] IPUIPlugin:80 - create IPUIPlugin
2024-08-12 14:05:51,705 [INFO] PluginManager:220 - loadIPPluginJar : add extmemmanager
2024-08-12 14:05:51,725 [INFO] IPUIPlugin:80 - create IPUIPlugin
2024-08-12 14:05:51,726 [INFO] PluginManager:220 - loadIPPluginJar : add fatfs
2024-08-12 14:05:51,749 [INFO] IPUIPlugin:80 - create IPUIPlugin
2024-08-12 14:05:51,750 [INFO] PluginManager:220 - loadIPPluginJar : add fmc
2024-08-12 14:05:51,777 [INFO] IPUIPlugin:80 - create IPUIPlugin
2024-08-12 14:05:51,777 [INFO] PluginManager:220 - loadIPPluginJar : add freertos
2024-08-12 14:05:51,802 [INFO] IPUIPlugin:80 - create IPUIPlugin
2024-08-12 14:05:51,802 [INFO] PluginManager:220 - loadIPPluginJar : add genericplugin
2024-08-12 14:05:51,827 [INFO] IPUIPlugin:80 - create IPUIPlugin
2024-08-12 14:05:51,827 [INFO] PluginManager:220 - loadIPPluginJar : add gfxmmu
2024-08-12 14:05:51,850 [INFO] IPUIPlugin:80 - create IPUIPlugin
2024-08-12 14:05:51,850 [INFO] PluginManager:220 - loadIPPluginJar : add gic
2024-08-12 14:05:51,877 [INFO] IPUIPlugin:80 - create IPUIPlugin
2024-08-12 14:05:51,877 [INFO] PluginManager:220 - loadIPPluginJar : add gpio
2024-08-12 14:05:51,901 [INFO] IPUIPlugin:80 - create IPUIPlugin
2024-08-12 14:05:51,901 [INFO] PluginManager:220 - loadIPPluginJar : add gtzc
2024-08-12 14:05:51,925 [INFO] IPUIPlugin:80 - create IPUIPlugin
2024-08-12 14:05:51,925 [INFO] PluginManager:220 - loadIPPluginJar : add hash
2024-08-12 14:05:51,946 [INFO] IPUIPlugin:80 - create IPUIPlugin
2024-08-12 14:05:51,946 [INFO] PluginManager:220 - loadIPPluginJar : add i2c
2024-08-12 14:05:51,967 [INFO] IPUIPlugin:80 - create IPUIPlugin
2024-08-12 14:05:51,967 [INFO] PluginManager:220 - loadIPPluginJar : add i2s
2024-08-12 14:05:51,987 [INFO] IPUIPlugin:80 - create IPUIPlugin
2024-08-12 14:05:51,987 [INFO] PluginManager:220 - loadIPPluginJar : add i3c
2024-08-12 14:05:52,012 [INFO] IPUIPlugin:80 - create IPUIPlugin
2024-08-12 14:05:52,012 [INFO] PluginManager:220 - loadIPPluginJar : add ipddr
2024-08-12 14:05:52,039 [INFO] IPUIPlugin:80 - create IPUIPlugin
2024-08-12 14:05:52,040 [INFO] PluginManager:220 - loadIPPluginJar : add linkedlist
2024-08-12 14:05:52,066 [INFO] IPUIPlugin:80 - create IPUIPlugin
2024-08-12 14:05:52,067 [INFO] PluginManager:220 - loadIPPluginJar : add lorawan
2024-08-12 14:05:52,087 [INFO] IPUIPlugin:80 - create IPUIPlugin
2024-08-12 14:05:52,087 [INFO] PluginManager:220 - loadIPPluginJar : add ltdc
2024-08-12 14:05:52,112 [INFO] IPUIPlugin:80 - create IPUIPlugin
2024-08-12 14:05:52,113 [INFO] PluginManager:220 - loadIPPluginJar : add mdma
2024-08-12 14:05:52,137 [INFO] IPUIPlugin:80 - create IPUIPlugin
2024-08-12 14:05:52,137 [INFO] PluginManager:220 - loadIPPluginJar : add nvic
2024-08-12 14:05:52,159 [INFO] IPUIPlugin:80 - create IPUIPlugin
2024-08-12 14:05:52,159 [INFO] PluginManager:220 - loadIPPluginJar : add opamp
2024-08-12 14:05:52,180 [INFO] IPUIPlugin:80 - create IPUIPlugin
2024-08-12 14:05:52,180 [INFO] PluginManager:220 - loadIPPluginJar : add openamp
2024-08-12 14:05:52,202 [INFO] IPUIPlugin:80 - create IPUIPlugin
2024-08-12 14:05:52,202 [INFO] PluginManager:220 - loadIPPluginJar : add pdm2pcm
2024-08-12 14:05:52,226 [INFO] IPUIPlugin:80 - create IPUIPlugin
2024-08-12 14:05:52,229 [INFO] PluginManager:220 - loadIPPluginJar : add plateformsettings
2024-08-12 14:05:52,252 [INFO] IPUIPlugin:80 - create IPUIPlugin
2024-08-12 14:05:52,253 [INFO] PluginManager:220 - loadIPPluginJar : add quadspi
2024-08-12 14:05:52,275 [INFO] IPUIPlugin:80 - create IPUIPlugin
2024-08-12 14:05:52,275 [INFO] PluginManager:220 - loadIPPluginJar : add radio
2024-08-12 14:05:52,298 [INFO] IPUIPlugin:80 - create IPUIPlugin
2024-08-12 14:05:52,298 [INFO] PluginManager:220 - loadIPPluginJar : add resmgrutility
2024-08-12 14:05:52,321 [INFO] IPUIPlugin:80 - create IPUIPlugin
2024-08-12 14:05:52,321 [INFO] PluginManager:220 - loadIPPluginJar : add sai
2024-08-12 14:05:52,344 [INFO] IPUIPlugin:80 - create IPUIPlugin
2024-08-12 14:05:52,344 [INFO] PluginManager:220 - loadIPPluginJar : add spi
2024-08-12 14:05:52,368 [INFO] IPUIPlugin:80 - create IPUIPlugin
2024-08-12 14:05:52,368 [INFO] PluginManager:220 - loadIPPluginJar : add stm32_wpan
2024-08-12 14:05:52,392 [INFO] IPUIPlugin:80 - create IPUIPlugin
2024-08-12 14:05:52,392 [INFO] PluginManager:220 - loadIPPluginJar : add tim
2024-08-12 14:05:52,416 [INFO] IPUIPlugin:80 - create IPUIPlugin
2024-08-12 14:05:52,416 [INFO] PluginManager:220 - loadIPPluginJar : add touchsensing
2024-08-12 14:05:52,441 [INFO] IPUIPlugin:80 - create IPUIPlugin
2024-08-12 14:05:52,442 [INFO] PluginManager:220 - loadIPPluginJar : add tracer_emb
2024-08-12 14:05:52,465 [INFO] IPUIPlugin:80 - create IPUIPlugin
2024-08-12 14:05:52,465 [INFO] PluginManager:220 - loadIPPluginJar : add ts
2024-08-12 14:05:52,489 [INFO] IPUIPlugin:80 - create IPUIPlugin
2024-08-12 14:05:52,489 [INFO] PluginManager:220 - loadIPPluginJar : add tsc
2024-08-12 14:05:52,511 [INFO] IPUIPlugin:80 - create IPUIPlugin
2024-08-12 14:05:52,512 [INFO] PluginManager:220 - loadIPPluginJar : add ucpd
2024-08-12 14:05:52,533 [INFO] IPUIPlugin:80 - create IPUIPlugin
2024-08-12 14:05:52,533 [INFO] PluginManager:220 - loadIPPluginJar : add usart
2024-08-12 14:05:52,559 [INFO] IPUIPlugin:80 - create IPUIPlugin
2024-08-12 14:05:52,559 [INFO] PluginManager:220 - loadIPPluginJar : add usbx
2024-08-12 14:05:52,712 [INFO] CADModel:165 - CPN selected for project level
2024-08-12 14:05:52,712 [INFO] CADModel:114 - Register for checkConnection events
2024-08-12 14:05:52,713 [FATAL] Updater:334 - Updater called before beeing initialized
2024-08-12 14:05:52,714 [ERROR] CADModel:125 - Updater not yet initialized, retry later 
2024-08-12 14:05:52,841 [INFO] CADModel:165 - CPN selected for project level
2024-08-12 14:05:52,841 [INFO] CADModel:114 - Register for checkConnection events
2024-08-12 14:05:52,841 [FATAL] Updater:334 - Updater called before beeing initialized
2024-08-12 14:05:52,841 [ERROR] CADModel:125 - Updater not yet initialized, retry later 
2024-08-12 14:05:52,844 [FATAL] Updater:334 - Updater called before beeing initialized
2024-08-12 14:05:52,956 [FATAL] Updater:334 - Updater called before beeing initialized
2024-08-12 14:05:52,979 [INFO] DbMcusAds:53 - JSON generation date=Thu May 16 10:22:01 BST 2024 (1715851321109)
2024-08-12 14:05:52,979 [FATAL] Updater:334 - Updater called before beeing initialized
2024-08-12 14:05:53,069 [WARN] DetailPanel:346 - Failed to get advertising image, set to default
2024-08-12 14:05:53,151 [FATAL] Updater:334 - Updater called before beeing initialized
2024-08-12 14:05:53,153 [FATAL] Updater:334 - Updater called before beeing initialized
2024-08-12 14:05:53,153 [FATAL] Updater:334 - Updater called before beeing initialized
2024-08-12 14:05:53,153 [WARN] DetailPanel:346 - Failed to get advertising image, set to default
2024-08-12 14:05:53,154 [FATAL] Updater:334 - Updater called before beeing initialized
2024-08-12 14:05:53,264 [ERROR] Updater:1164 - MainUpdater not yet initialized. External WinMGr cannot be set.
2024-08-12 14:05:53,290 [INFO] Updater:1100 - Updater Version found : 6.12.0
2024-08-12 14:05:53,309 [INFO] ApplicationProperties:184 - Using Application install path: C:\ST\STM32CubeIDE_1.16.0\STM32CubeIDE\plugins\com.st.stm32cube.common.mx_6.12.0.202406281431
2024-08-12 14:05:53,713 [INFO] ThirdPartyUpdaterWithRetryManager:70 - Updater plugin not ready yet. [2/15]
2024-08-12 14:05:54,375 [INFO] MainUpdater:2873 - connection check result : 10
2024-08-12 14:05:54,376 [INFO] MainUpdater:3567 - Updater definition file requires update
2024-08-12 14:05:54,377 [INFO] MainUpdater:290 - Updater Check For Update Now.
2024-08-12 14:05:54,377 [INFO] MicroXplorer:498 - Change Database Version : DB.6.0.120
2024-08-12 14:05:54,426 [INFO] McuFinderGlobals:63 - Set McuFinder mode to 2 (CubeIDE integrated)
2024-08-12 14:05:54,488 [INFO] UserAuth:417 - Internet connection configuration mode: 1
2024-08-12 14:05:54,550 [INFO] JxBrowserEngine:152 - Initiate JxBrowser Engine with user profile folder
2024-08-12 14:05:54,613 [INFO] ServerAccessManage:473 - Download File updaters.zip
2024-08-12 14:05:54,843 [INFO] FileExtend:240 - Unzip File : updaters.zip
2024-08-12 14:05:54,844 [INFO] FileExtend:255 - Standard Zip Deflate
2024-08-12 14:05:55,795 [INFO] ServerAccessManage:473 - Download File PacksControlFlags.xml
2024-08-12 14:05:56,022 [INFO] ServerAccessManage:473 - Download File cubemx.pidx
2024-08-12 14:05:56,706 [INFO] ServerAccessManage:473 - Download File STMicroelectronics.FP-SNS-STBOX1.pdsc
2024-08-12 14:05:56,716 [WARN] MainUpdater:1194 - Updater busy. Cannot search thirdparties
2024-08-12 14:05:56,716 [INFO] ThirdPartyUpdaterWithRetryManager:96 - Updater plugin is busy. [1/15]
2024-08-12 14:05:59,716 [WARN] MainUpdater:1194 - Updater busy. Cannot search thirdparties
2024-08-12 14:05:59,717 [INFO] ThirdPartyUpdaterWithRetryManager:96 - Updater plugin is busy. [2/15]
2024-08-12 14:06:01,350 [INFO] ServerAccessManage:473 - Download File STMicroelectronics.X-CUBE-TOF1.pdsc
2024-08-12 14:06:02,646 [ERROR] ServerAccessManage:1089 - Problem, file not found on Server
2024-08-12 14:06:02,718 [WARN] MainUpdater:1194 - Updater busy. Cannot search thirdparties
2024-08-12 14:06:02,719 [INFO] ThirdPartyUpdaterWithRetryManager:96 - Updater plugin is busy. [3/15]
2024-08-12 14:06:04,184 [WARN] PackLoader:240 - Cannot read IP mode file for STMicroelectronics.FP-SNS-STBOX1.2.0.0
2024-08-12 14:06:04,248 [WARN] PackLoader:240 - Cannot read IP mode file for STMicroelectronics.X-CUBE-TOF1.3.4.2
2024-08-12 14:06:04,277 [INFO] PopulateThirdPartyThread:66 - Ending populate Thread
2024-08-12 14:06:04,283 [INFO] ThirdParty:1030 - CMSIS Pack Vendor :STMicroelectronics FP-SNS-STBOX1 2.0.0
2024-08-12 14:06:04,283 [INFO] ThirdParty:1030 - CMSIS Pack Vendor :STMicroelectronics X-CUBE-TOF1 3.4.2
2024-08-12 14:06:04,283 [INFO] LoadServerUpdatesThread:375 - End of LoadServerUpdate Thread
2024-08-12 14:06:04,387 [INFO] CheckServerUpdateThread:120 - End of CheckServer Thread
2024-08-12 14:06:06,050 [WARN] PackLoader:240 - Cannot read IP mode file for STMicroelectronics.FP-SNS-MOTENVWB1.1.4.0
2024-08-12 14:06:06,099 [WARN] PackLoader:240 - Cannot read IP mode file for STMicroelectronics.X-CUBE-SMBUS.2.1.0
2024-08-12 14:06:06,229 [WARN] PackLoader:240 - Cannot read IP mode file for STMicroelectronics.X-CUBE-AZRTOS-F7.1.1.0
2024-08-12 14:06:06,305 [WARN] PackLoader:240 - Cannot read IP mode file for STMicroelectronics.FP-SNS-FLIGHT1.5.0.2
2024-08-12 14:06:06,412 [WARN] PackLoader:240 - Cannot read IP mode file for STMicroelectronics.X-CUBE-DISPLAY.3.0.0
2024-08-12 14:06:06,473 [WARN] PackLoader:240 - Cannot read IP mode file for STMicroelectronics.X-CUBE-BLE1.7.0.0
2024-08-12 14:06:06,521 [WARN] PackLoader:240 - Cannot read IP mode file for emotas.I-CUBE-CANOPEN.1.3.0
2024-08-12 14:06:06,573 [WARN] PackLoader:240 - Cannot read IP mode file for STMicroelectronics.X-CUBE-BLEMGR.3.1.0
2024-08-12 14:06:06,615 [WARN] PackLoader:240 - Cannot read IP mode file for STMicroelectronics.FP-SNS-SMARTAG2.1.2.0
2024-08-12 14:06:06,663 [INFO] LogOutputStream:77 - [STDOUT_REDIRECT] 1 : Invalid condition id : UX_CORESTACK_Condition cause : null
2024-08-12 14:06:06,664 [INFO] LogOutputStream:77 - [STDOUT_REDIRECT] 1 : Invalid condition id : UX_CORESTACK_Condition cause : null
2024-08-12 14:06:06,666 [INFO] LogOutputStream:77 - [STDOUT_REDIRECT] 1 : Invalid condition id : UX_CORESTACK_Condition cause : null
2024-08-12 14:06:06,667 [INFO] LogOutputStream:77 - [STDOUT_REDIRECT] 1 : Invalid condition id : UX_CORESTACK_Condition cause : null
2024-08-12 14:06:06,668 [INFO] LogOutputStream:77 - [STDOUT_REDIRECT] 1 : Invalid condition id : UX_CORESTACK_Condition cause : null
2024-08-12 14:06:06,673 [WARN] PackLoader:240 - Cannot read IP mode file for STMicroelectronics.X-CUBE-AZRTOS-WL.2.0.0
2024-08-12 14:06:06,715 [WARN] PackLoader:240 - Cannot read IP mode file for STMicroelectronics.FP-SNS-MOTENV1.5.0.0
2024-08-12 14:06:06,761 [WARN] PackLoader:240 - Cannot read IP mode file for wolfSSL.I-CUBE-wolfMQTT.1.19.0
2024-08-12 14:06:06,807 [WARN] PackLoader:240 - Cannot read IP mode file for WES.I-CUBE-Cesium.1.3.0
2024-08-12 14:06:06,858 [WARN] PackLoader:240 - Cannot read IP mode file for STMicroelectronics.X-CUBE-BLE2.3.3.0
2024-08-12 14:06:06,901 [WARN] PackLoader:240 - Cannot read IP mode file for STMicroelectronics.X-CUBE-TCPP.4.1.0
2024-08-12 14:06:06,968 [WARN] PackLoader:240 - Cannot read IP mode file for STMicroelectronics.X-CUBE-AZRTOS-G0.1.1.0
2024-08-12 14:06:07,022 [WARN] PackLoader:240 - Cannot read IP mode file for STMicroelectronics.X-CUBE-SAFEA1.1.2.2
2024-08-12 14:06:07,067 [WARN] PackLoader:240 - Cannot read IP mode file for STMicroelectronics.X-CUBE-NFC4.3.0.0
2024-08-12 14:06:07,135 [WARN] PackLoader:240 - Cannot read IP mode file for EmbeddedOffice.I-CUBE-FS-RTOS.1.0.1
2024-08-12 14:06:07,135 [ERROR] ConditionMgr:805 - Attr not supported : Dmpu
2024-08-12 14:06:07,135 [ERROR] ConditionMgr:805 - Attr not supported : Dmpu
2024-08-12 14:06:07,136 [ERROR] ConditionMgr:805 - Attr not supported : Dmpu
2024-08-12 14:06:07,136 [ERROR] ConditionMgr:805 - Attr not supported : Dmpu
2024-08-12 14:06:07,136 [ERROR] ConditionMgr:805 - Attr not supported : Dmpu
2024-08-12 14:06:07,136 [ERROR] ConditionMgr:805 - Attr not supported : Dmpu
2024-08-12 14:06:07,136 [ERROR] ConditionMgr:805 - Attr not supported : Dmpu
2024-08-12 14:06:07,136 [ERROR] ConditionMgr:805 - Attr not supported : Dmpu
2024-08-12 14:06:07,136 [ERROR] ConditionMgr:805 - Attr not supported : Dmpu
2024-08-12 14:06:07,137 [ERROR] ConditionMgr:805 - Attr not supported : Dmpu
2024-08-12 14:06:07,137 [ERROR] ConditionMgr:805 - Attr not supported : Dmpu
2024-08-12 14:06:07,137 [ERROR] ConditionMgr:805 - Attr not supported : Dmpu
2024-08-12 14:06:07,137 [ERROR] ConditionMgr:805 - Attr not supported : Dmpu
2024-08-12 14:06:07,138 [ERROR] ConditionMgr:805 - Attr not supported : Dmpu
2024-08-12 14:06:07,138 [ERROR] ConditionMgr:805 - Attr not supported : Dmpu
2024-08-12 14:06:07,138 [ERROR] ConditionMgr:805 - Attr not supported : Dmpu
2024-08-12 14:06:07,139 [ERROR] ConditionMgr:805 - Attr not supported : Dmpu
2024-08-12 14:06:07,139 [ERROR] ConditionMgr:805 - Attr not supported : Dmpu
2024-08-12 14:06:07,139 [ERROR] ConditionMgr:805 - Attr not supported : Dmpu
2024-08-12 14:06:07,139 [ERROR] ConditionMgr:805 - Attr not supported : Dmpu
2024-08-12 14:06:07,139 [ERROR] ConditionMgr:805 - Attr not supported : Dmpu
2024-08-12 14:06:07,140 [ERROR] ConditionMgr:805 - Attr not supported : Dmpu
2024-08-12 14:06:07,140 [ERROR] ConditionMgr:805 - Attr not supported : Dmpu
2024-08-12 14:06:07,140 [ERROR] ConditionMgr:805 - Attr not supported : Dmpu
2024-08-12 14:06:07,140 [ERROR] ConditionMgr:805 - Attr not supported : Dmpu
2024-08-12 14:06:07,140 [ERROR] ConditionMgr:805 - Attr not supported : Dmpu
2024-08-12 14:06:07,140 [ERROR] ConditionMgr:805 - Attr not supported : Dmpu
2024-08-12 14:06:07,140 [ERROR] ConditionMgr:805 - Attr not supported : Dmpu
2024-08-12 14:06:07,140 [ERROR] ConditionMgr:805 - Attr not supported : Dmpu
2024-08-12 14:06:07,140 [ERROR] ConditionMgr:805 - Attr not supported : Dmpu
2024-08-12 14:06:07,140 [ERROR] ConditionMgr:805 - Attr not supported : Dmpu
2024-08-12 14:06:07,141 [ERROR] ConditionMgr:805 - Attr not supported : Dmpu
2024-08-12 14:06:07,141 [ERROR] ConditionMgr:805 - Attr not supported : Dmpu
2024-08-12 14:06:07,141 [ERROR] ConditionMgr:805 - Attr not supported : Dmpu
2024-08-12 14:06:07,141 [ERROR] ConditionMgr:805 - Attr not supported : Dmpu
2024-08-12 14:06:07,141 [ERROR] ConditionMgr:805 - Attr not supported : Dmpu
2024-08-12 14:06:07,141 [ERROR] ConditionMgr:805 - Attr not supported : Dmpu
2024-08-12 14:06:07,141 [ERROR] ConditionMgr:805 - Attr not supported : Dmpu
2024-08-12 14:06:07,141 [ERROR] ConditionMgr:805 - Attr not supported : Dmpu
2024-08-12 14:06:07,141 [ERROR] ConditionMgr:805 - Attr not supported : Dmpu
2024-08-12 14:06:07,141 [ERROR] ConditionMgr:805 - Attr not supported : Dmpu
2024-08-12 14:06:07,141 [ERROR] ConditionMgr:805 - Attr not supported : Dmpu
2024-08-12 14:06:07,142 [ERROR] ConditionMgr:805 - Attr not supported : Dmpu
2024-08-12 14:06:07,142 [ERROR] ConditionMgr:805 - Attr not supported : Dmpu
2024-08-12 14:06:07,142 [ERROR] ConditionMgr:805 - Attr not supported : Dmpu
2024-08-12 14:06:07,142 [ERROR] ConditionMgr:805 - Attr not supported : Dmpu
2024-08-12 14:06:07,142 [ERROR] ConditionMgr:805 - Attr not supported : Dmpu
2024-08-12 14:06:07,142 [ERROR] ConditionMgr:805 - Attr not supported : Dmpu
2024-08-12 14:06:07,142 [ERROR] ConditionMgr:805 - Attr not supported : Dmpu
2024-08-12 14:06:07,142 [ERROR] ConditionMgr:805 - Attr not supported : Dmpu
2024-08-12 14:06:07,142 [ERROR] ConditionMgr:805 - Attr not supported : Dmpu
2024-08-12 14:06:07,142 [ERROR] ConditionMgr:805 - Attr not supported : Dmpu
2024-08-12 14:06:07,143 [ERROR] ConditionMgr:805 - Attr not supported : Dmpu
2024-08-12 14:06:07,143 [ERROR] ConditionMgr:805 - Attr not supported : Dmpu
2024-08-12 14:06:07,143 [ERROR] ConditionMgr:805 - Attr not supported : Dmpu
2024-08-12 14:06:07,143 [ERROR] ConditionMgr:805 - Attr not supported : Dmpu
2024-08-12 14:06:07,143 [ERROR] ConditionMgr:805 - Attr not supported : Dmpu
2024-08-12 14:06:07,143 [ERROR] ConditionMgr:805 - Attr not supported : Dmpu
2024-08-12 14:06:07,143 [ERROR] ConditionMgr:805 - Attr not supported : Dmpu
2024-08-12 14:06:07,143 [ERROR] ConditionMgr:805 - Attr not supported : Dmpu
2024-08-12 14:06:07,143 [ERROR] ConditionMgr:805 - Attr not supported : Dmpu
2024-08-12 14:06:07,143 [ERROR] ConditionMgr:805 - Attr not supported : Dmpu
2024-08-12 14:06:07,143 [ERROR] ConditionMgr:805 - Attr not supported : Dmpu
2024-08-12 14:06:07,143 [ERROR] ConditionMgr:805 - Attr not supported : Dmpu
2024-08-12 14:06:07,182 [WARN] PackLoader:240 - Cannot read IP mode file for RealThread.X-CUBE-RT-Thread_Nano.4.1.1
2024-08-12 14:06:07,218 [WARN] PackLoader:240 - Cannot read IP mode file for wolfSSL.I-CUBE-wolfSSL.5.7.0
2024-08-12 14:06:07,260 [WARN] PackLoader:240 - Cannot read IP mode file for STMicroelectronics.FP-ATR-SIGFOX1.3.2.0
2024-08-12 14:06:07,301 [WARN] PackLoader:240 - Cannot read IP mode file for STMicroelectronics.X-CUBE-EEPRMA1.5.1.0
2024-08-12 14:06:07,346 [WARN] PackLoader:240 - Cannot read IP mode file for ITTIA_DB.I-CUBE-ITTIADB.8.9.0
2024-08-12 14:06:07,468 [WARN] PackLoader:240 - Cannot read IP mode file for SEGGER.I-CUBE-embOS.1.3.1
2024-08-12 14:06:07,600 [WARN] PackLoader:240 - Cannot read IP mode file for STMicroelectronics.X-CUBE-ALGOBUILD.1.4.0
2024-08-12 14:06:07,650 [WARN] PackLoader:240 - Cannot read IP mode file for STMicroelectronics.X-CUBE-GNSS1.6.0.0
2024-08-12 14:06:07,739 [WARN] PackLoader:240 - Cannot read IP mode file for STMicroelectronics.X-CUBE-AZRTOS-F4.1.1.0
2024-08-12 14:06:07,783 [WARN] PackLoader:240 - Cannot read IP mode file for STMicroelectronics.X-CUBE-FREERTOS.1.2.0
2024-08-12 14:06:07,999 [WARN] PackLoader:240 - Cannot read IP mode file for STMicroelectronics.X-CUBE-AZRTOS-L5.2.0.0
2024-08-12 14:06:08,047 [WARN] PackLoader:240 - Cannot read IP mode file for STMicroelectronics.X-CUBE-NFC6.3.1.0
2024-08-12 14:06:08,089 [WARN] PackLoader:240 - Cannot read IP mode file for STMicroelectronics.X-CUBE-DPower.1.2.0
2024-08-12 14:06:08,114 [WARN] PackLoader:240 - Cannot read IP mode file for STMicroelectronics.X-CUBE-AI.9.0.0
2024-08-12 14:06:08,135 [WARN] PackLoader:240 - Cannot read IP mode file for STMicroelectronics.X-CUBE-NFC7.1.0.1
2024-08-12 14:06:08,163 [WARN] PackLoader:240 - Cannot read IP mode file for wolfSSL.I-CUBE-wolfTPM.3.2.0
2024-08-12 14:06:08,195 [WARN] ConditionMgr:438 - getConditionDescription Invalid condition id : LAN8742 Phy interface Condition cause : null
2024-08-12 14:06:08,196 [WARN] PackLoader:240 - Cannot read IP mode file for STMicroelectronics.X-CUBE-AZRTOS-L4.2.0.0
2024-08-12 14:06:08,197 [WARN] ConditionMgr:1039 - genDependencies : Invalid condition id : LAN8742 Phy interface Condition cause : null
2024-08-12 14:06:08,197 [WARN] ConditionMgr:1039 - genDependencies : Invalid condition id : LAN8742 Phy interface Condition cause : null
2024-08-12 14:06:08,198 [WARN] ConditionMgr:1039 - genDependencies : Invalid condition id : LAN8742 Phy interface Condition cause : null
2024-08-12 14:06:08,223 [WARN] PackLoader:240 - Cannot read IP mode file for STMicroelectronics.X-CUBE-SFXS2LP1.4.0.0
2024-08-12 14:06:08,256 [WARN] ConditionMgr:438 - getConditionDescription Invalid condition id : UX DEVICE CLASS RTOS Condition cause : null
2024-08-12 14:06:08,256 [WARN] ConditionMgr:438 - getConditionDescription Invalid condition id : UX DEVICE CLASS RTOS Condition cause : null
2024-08-12 14:06:08,257 [WARN] PackLoader:240 - Cannot read IP mode file for STMicroelectronics.X-CUBE-AZRTOS-WB.2.0.0
2024-08-12 14:06:08,258 [WARN] ConditionMgr:1039 - genDependencies : Invalid condition id : UX DEVICE CLASS RTOS Condition cause : null
2024-08-12 14:06:08,258 [WARN] ConditionMgr:1039 - genDependencies : Invalid condition id : UX DEVICE CLASS RTOS Condition cause : null
2024-08-12 14:06:08,258 [WARN] ConditionMgr:1039 - genDependencies : Invalid condition id : UX DEVICE CLASS RTOS Condition cause : null
2024-08-12 14:06:08,259 [WARN] ConditionMgr:1039 - genDependencies : Invalid condition id : UX DEVICE CLASS RTOS Condition cause : null
2024-08-12 14:06:08,259 [WARN] ConditionMgr:1039 - genDependencies : Invalid condition id : UX DEVICE CLASS RTOS Condition cause : null
2024-08-12 14:06:08,264 [WARN] PackLoader:240 - Cannot read IP mode file for STMicroelectronics.FP-SNS-STBOX1.2.0.0
2024-08-12 14:06:08,315 [WARN] PackLoader:240 - Cannot read IP mode file for STMicroelectronics.X-CUBE-SUBG2.5.0.0
2024-08-12 14:06:08,360 [WARN] PackLoader:240 - Cannot read IP mode file for Cesanta.I-CUBE-Mongoose.7.13.0
2024-08-12 14:06:08,403 [WARN] PackLoader:240 - Cannot read IP mode file for STMicroelectronics.X-CUBE-AZRTOS-G4.2.0.0
2024-08-12 14:06:08,448 [WARN] PackLoader:240 - Cannot read IP mode file for STMicroelectronics.X-CUBE-ISPU.2.0.0
2024-08-12 14:06:08,489 [WARN] PackLoader:240 - Cannot read IP mode file for STMicroelectronics.X-CUBE-ALS.1.0.2
2024-08-12 14:06:08,592 [WARN] PackLoader:240 - Cannot read IP mode file for STMicroelectronics.X-CUBE-MEMS1.10.0.0
2024-08-12 14:06:08,751 [WARN] PackLoader:240 - Cannot read IP mode file for STMicroelectronics.X-CUBE-TOUCHGFX.4.24.0
2024-08-12 14:06:08,795 [WARN] PackLoader:240 - Cannot read IP mode file for portGmbH.I-Cube-SoM-uGOAL.1.1.0
2024-08-12 14:06:08,855 [WARN] PackLoader:240 - Cannot read IP mode file for STMicroelectronics.X-CUBE-AZRTOS-H7RS.1.0.0
2024-08-12 14:06:08,903 [WARN] PackLoader:240 - Cannot read IP mode file for STMicroelectronics.FP-ATR-ASTRA1.2.0.0
2024-08-12 14:06:08,916 [WARN] PackLoader:240 - Cannot read IP mode file for STMicroelectronics.X-CUBE-TOF1.3.4.2
2024-08-12 14:06:08,969 [WARN] PackLoader:240 - Cannot read IP mode file for STMicroelectronics.X-CUBE-TOF1.3.4.1
2024-08-12 14:06:09,057 [WARN] PackLoader:240 - Cannot read IP mode file for STMicroelectronics.X-CUBE-AZRTOS-H7.3.2.0
2024-08-12 14:06:09,114 [WARN] PackLoader:240 - Cannot read IP mode file for Infineon.AIROC-Wi-Fi-Bluetooth-STM32.1.6.0
2024-08-12 14:06:09,164 [WARN] PackLoader:240 - Cannot read IP mode file for wolfSSL.I-CUBE-wolfSSH.1.4.17
2024-08-12 14:06:09,165 [INFO] ThirdParty:978 - Integrity check success = true
2024-08-12 14:06:09,166 [INFO] IntegrityCheckThread:100 - exiting critical section [integrity check]
2024-08-12 14:06:09,166 [INFO] IntegrityCheckThread:103 - End integrity checks thread
2024-08-12 14:06:13,133 [INFO] WebApp:167 - Instantiating new browser for Auth
2024-08-12 14:06:15,671 [INFO] WebApp:448 - Apply proxy settings
2024-08-12 14:06:15,672 [INFO] WebApp:533 - Chromium requires no authentication
2024-08-12 14:06:15,685 [INFO] WebApp:476 - Direct internet connection detected
2024-08-12 14:06:15,728 [INFO] WebApp:869 - Register for checkConnection events
2024-08-12 14:06:15,728 [INFO] WebApp:448 - Apply proxy settings
2024-08-12 14:06:15,729 [INFO] WebApp:533 - Chromium requires no authentication
2024-08-12 14:06:15,730 [INFO] WebApp:476 - Direct internet connection detected
2024-08-12 14:06:16,097 [INFO] WebApp:220 - Starting web application
2024-08-12 14:06:16,097 [INFO] WebApp:578 - Web application path used C:\ST\STM32CubeIDE_1.16.0\STM32CubeIDE\plugins\com.st.stm32cube.common.mx_6.12.0.202406281431\db\plugins\mcufinder\reactClient1\index.html
2024-08-12 14:06:16,148 [INFO] WebApp:186 - Connection restablished
2024-08-12 14:06:16,419 [INFO] UserAuth:417 - Internet connection configuration mode: 1
2024-08-12 14:09:26,113 [INFO] McuFinderGlobals:63 - Set McuFinder mode to 2 (CubeIDE integrated)
2024-08-12 14:09:26,191 [INFO] MainUpdater:2873 - connection check result : 10
2024-08-12 14:09:26,271 [INFO] McuFinderGlobals:76 - Set McuFinderConnectedMode to true
2024-08-12 14:09:26,789 [INFO] ServerAccessManage:473 - Download File mcusAds.json._tmp_
2024-08-12 14:09:26,932 [INFO] LoadUrlFilesThread:156 - End of LoadUrlFiles Thread
2024-08-12 14:09:27,274 [INFO] ServerAccessManage:473 - Download File cube-finder-db.zip
2024-08-12 14:09:43,211 [INFO] FileExtend:240 - Unzip File : cube-finder-db.zip
2024-08-12 14:09:43,212 [INFO] FileExtend:255 - Standard Zip Deflate
2024-08-12 14:09:44,338 [INFO] LoadUrlFilesThread:156 - End of LoadUrlFiles Thread
2024-08-12 14:09:45,110 [INFO] ServerAccessManage:473 - Download File crdb.zip
2024-08-12 14:09:45,388 [INFO] FileExtend:240 - Unzip File : crdb.zip
2024-08-12 14:09:45,388 [INFO] FileExtend:255 - Standard Zip Deflate
2024-08-12 14:09:45,554 [INFO] LoadUrlFilesThread:156 - End of LoadUrlFiles Thread
2024-08-12 14:09:45,654 [INFO] ServerAccessManage:473 - Download File tutoVideoDB.zip
2024-08-12 14:09:45,711 [INFO] FileExtend:240 - Unzip File : tutoVideoDB.zip
2024-08-12 14:09:45,711 [INFO] FileExtend:255 - Standard Zip Deflate
2024-08-12 14:09:45,839 [INFO] LoadUrlFilesThread:156 - End of LoadUrlFiles Thread
2024-08-12 14:09:45,843 [WARN] DbFile:41 - Overriding database path with different value: C:\Users\admin\.stmcufinder\plugins\mcufinder/ => C:\Users\admin\.stmcufinder\plugins\mcufinder
2024-08-12 14:09:45,929 [INFO] ServerAccessManage:473 - Download File api_config.json
2024-08-12 14:09:46,057 [INFO] LoadUrlFilesThread:156 - End of LoadUrlFiles Thread
2024-08-12 14:09:46,062 [INFO] DbMcusAds:53 - JSON generation date=Thu May 16 10:22:00 BST 2024 (1715851320667)
2024-08-12 14:09:46,114 [INFO] LoadUrlFilesThread:185 - End of LoadServerUrlFiles without Thread
2024-08-12 14:09:46,114 [INFO] TargetSelectorAdapter:259 - Refresh data is successful
2024-08-12 14:09:46,473 [INFO] ApiDb:581 - Connected to CubeFinder SQLite database (C:\Users\admin\.stmcufinder\plugins\mcufinder\mcu\cube-finder-db.db)
2024-08-12 14:09:46,564 [INFO] ApiDb:668 - CubeFinder database Data Model version=2.1
2024-08-12 14:09:46,564 [INFO] ApiDb:669 - CubeFinder database Configuration version=3.0.39
2024-08-12 14:09:46,564 [INFO] ApiDb:670 - CubeFinder database generation date=2024-06-20 (1718880634)
2024-08-12 14:09:46,564 [INFO] ApiDb:671 - CubeFinder database FW Pack versions=[FP-ATR-ASTRA1_V2.0.0, FP-SNS-FLIGHT1_V5.0.2, FP-SNS-MOTENV1_V5.0.0, FP-SNS-MOTENVWB1_V1.4.0, FP-SNS-SMARTAG2_V1.2.0, STM32Cube_FW_C0_V1.2.0, STM32Cube_FW_F4_V1.28.0, STM32Cube_FW_F7_V1.17.2, STM32Cube_FW_G0_V1.6.2, STM32Cube_FW_G4_V1.6.0, STM32Cube_FW_H5_V1.3.0, STM32Cube_FW_H7RS_V1.1.0, STM32Cube_FW_H7_V1.11.2, STM32Cube_FW_L0_V1.12.2, STM32Cube_FW_L5_V1.5.1, STM32Cube_FW_U0_V1.1.0, STM32Cube_FW_U5_V1.6.0, STM32Cube_FW_WB0_V1.0.0, STM32Cube_FW_WBA_V1.4.0, STM32Cube_FW_WB_V1.20.0, STM32Cube_FW_WL_V1.3.0, X-CUBE-ALGOBUILD_V1.4.0, X-CUBE-ALS_V1.0.2, X-CUBE-AZRTOS-F4_V1.1.0, X-CUBE-AZRTOS-F7_V1.1.0, X-CUBE-AZRTOS-G0_V1.1.0, X-CUBE-AZRTOS-G4_V2.0.0, X-CUBE-AZRTOS-H7RS_V1.0.0, X-CUBE-AZRTOS-H7_V3.2.0, X-CUBE-AZRTOS-L4_V2.0.0, X-CUBE-AZRTOS-L5_V1.1.0, X-CUBE-AZRTOS-WB_V2.0.0, X-CUBE-AZRTOS-WL_V2.0.0, X-CUBE-BLE1_V7.0.0, X-CUBE-BLE2_V3.3.0, X-CUBE-BLEMGR_V3.1.0, X-CUBE-EEPRMA1_V5.1.0, X-CUBE-FREERTOS_V1.2.0, X-CUBE-GNSS1_V6.0.0, X-CUBE-MEMS1_V10.0.0, X-CUBE-NFC4_V3.0.0, X-CUBE-NFC7_V1.0.1, X-CUBE-SFXS2LP1_V4.0.0, X-CUBE-SUBG2_V5.0.0, X-CUBE-TOF1_V3.4.1]
2024-08-12 14:09:48,568 [INFO] ApiDb:240 - Found 646 in-development CPN: [B-G473E-ZEST1S, B-WB1M-WPAN1, B-WL5M-SUBG1, NUCLEO-C031C6, NUCLEO-C071RB, NUCLEO-H503RB, NUCLEO-H533RE, NUCLEO-H563ZI, NUCLEO-H7S3L8, NUCLEO-U031R8, NUCLEO-U083RC, NUCLEO-U545RE-Q, NUCLEO-U5A5ZJ-Q, NUCLEO-WB05KZ, NUCLEO-WB07CC, NUCLEO-WB09KE, NUCLEO-WBA52CG, NUCLEO-WBA55CG, STEVAL-PROTEUS1, STEVAL-SMARTAG2, STEVAL-STWINBX1, STM320518-EVAL, STM32C0116-DK, STM32C011D6Y3TR, STM32C011D6Y6TR, STM32C011F4P3, STM32C011F4P6, STM32C011F4U3, STM32C011F4U6TR, STM32C011F6P3, STM32C011F6P6, STM32C011F6U3, STM32C011F6U6TR, STM32C011J4M3, STM32C011J4M6, STM32C011J6M3, STM32C011J6M6, STM32C0316-DK, STM32C031C4T3, STM32C031C4T6, STM32C031C4U3, STM32C031C4U6, STM32C031C6T3, STM32C031C6T6, STM32C031C6U3, STM32C031C6U6, STM32C031F4P3, STM32C031F4P6, STM32C031F6P3, STM32C031F6P6, STM32C031G4U3, STM32C031G4U6, STM32C031G6U3, STM32C031G6U6, STM32C031K4T3, STM32C031K4T6, STM32C031K4U3, STM32C031K4U6, STM32C031K6T3, STM32C031K6T6, STM32C031K6U3, STM32C031K6U6, STM32C071C8T6, STM32C071C8T6N, STM32C071C8U6, STM32C071C8U6N, STM32C071CBT6, STM32C071CBT6N, STM32C071CBU6, STM32C071CBU6N, STM32C071F8P6, STM32C071F8P6N, STM32C071FBP6, STM32C071FBP6N, STM32C071FBY6TR, STM32C071G8U6, STM32C071G8U6N, STM32C071GBU6, STM32C071GBU6N, STM32C071K8T6, STM32C071K8T6N, STM32C071K8U6, STM32C071K8U6N, STM32C071KBT6, STM32C071KBT6N, STM32C071KBU6, STM32C071KBU6N, STM32C071R8T6, STM32C071R8T6N, STM32C071RBI6N, STM32C071RBT6, STM32C071RBT6N, STM32G071K8TXN, STM32G071K8UXN, STM32G081GBU6N, STM32G081KBT6N, STM32G081KBUXN, STM32G0B1CCT6N, STM32G0B1KCT6, STM32G0B1NEY6TR, STM32G0B1RCT6N, STM32G0C1CCT6, STM32G0C1CCT6N, STM32G0C1CCU6N, STM32G0C1CET6N, STM32G0C1CEU6N, STM32G0C1KCT6, STM32G0C1NEY6TR, STM32G0C1RCI6N, STM32G0C1RCT6N, STM32G0C1REI6N, STM32G0C1RET6N, STM32G0C1VCI6, STM32G0C1VEI6, STM32G411C6T3, STM32G411C6T6, STM32G411C6U3, STM32G411C6U6, STM32G411C8T3, STM32G411C8T6, STM32G411C8U3, STM32G411C8U6, STM32G411CBT3, STM32G411CBT6, STM32G411CBU3, STM32G411CBU6, STM32G411K6T3, STM32G411K6T6, STM32G411K6U3, STM32G411K6U6, STM32G411K8T3, STM32G411K8T6, STM32G411K8U3, STM32G411K8U6, STM32G411KBT3, STM32G411KBT6, STM32G411KBU3, STM32G411KBU6, STM32G411M6T3, STM32G411M6T6, STM32G411M8T3, STM32G411M8T6, STM32G411MBT3, STM32G411MBT6, STM32G411R6T3, STM32G411R6T6, STM32G411R8T3, STM32G411R8T6, STM32G411RBT3, STM32G411RBT6, STM32G414CBT3, STM32G414CBT6, STM32G414CBU3, STM32G414CBU6, STM32G414CCT3, STM32G414CCT6, STM32G414CCU3, STM32G414CCU6, STM32G414MBT3, STM32G414MBT6, STM32G414MCT3, STM32G414MCT6, STM32G414RBT3, STM32G414RBT6, STM32G414RCT3, STM32G414RCT6, STM32G414VBT3, STM32G414VBT6, STM32G414VCT3, STM32G414VCT6, STM32G431CBT3Z, STM32G431RBT3Z, STM32G471CCT6, STM32G471CCU6, STM32G471CET3, STM32G471CET6, STM32G471CEU3, STM32G471CEU6, STM32G471MCT6, STM32G471MET3, STM32G471MET6, STM32G471MEY6TR, STM32G471QCT6, STM32G471QET3, STM32G471RCT6, STM32G471RET3, STM32G471RET6, STM32G471VCH6, STM32G471VCI6, STM32G471VCT6, STM32G471VEH3, STM32G471VEH6, STM32G471VEI3, STM32G471VEI6, STM32G471VET3, STM32G471VET6, STM32G473QET3Z, STM32G473RET3Z, STM32G474CCT6, STM32G491RET3Z, STM32H503CBT6, STM32H503CBU6, STM32H503EBY6TR, STM32H503KBU6, STM32H503RBT6, STM32H523CCT6, STM32H523CCU6, STM32H523CET6, STM32H523CEU6, STM32H523HEY6TR, STM32H523RCT6, STM32H523RET6, STM32H523VCI6, STM32H523VCT6, STM32H523VEI6, STM32H523VET6, STM32H523ZCJ6, STM32H523ZCT6, STM32H523ZEJ6, STM32H523ZET6, STM32H533CET6, STM32H533CEU6, STM32H533HEY6TR, STM32H533RET6, STM32H533VEI6, STM32H533VET6, STM32H533ZEJ6, STM32H533ZET6, STM32H562AGI6, STM32H562AII6, STM32H562IGK6, STM32H562IGT6, STM32H562IIK6, STM32H562IIT6, STM32H562RGT6, STM32H562RGV6, STM32H562RIT6, STM32H562RIV6, STM32H562VGT6, STM32H562VIT6, STM32H562ZGT6, STM32H562ZIT6, STM32H563AGI6, STM32H563AII3Q, STM32H563AII6, STM32H563IGK6, STM32H563IGT6, STM32H563IIK3Q, STM32H563IIK6, STM32H563IIT3Q, STM32H563IIT6, STM32H563MIY3QTR, STM32H563RGT6, STM32H563RGV6, STM32H563RIT6, STM32H563RIV6, STM32H563VGT6, STM32H563VIT3Q, STM32H563VIT6, STM32H563ZGT6, STM32H563ZIT3Q, STM32H563ZIT6, STM32H573AII3Q, STM32H573AII6, STM32H573I-DK, STM32H573IIK3Q, STM32H573IIK6, STM32H573IIT3Q, STM32H573IIT6, STM32H573MIY3QTR, STM32H573RIT6, STM32H573RIV6, STM32H573VIT3Q, STM32H573VIT6, STM32H573ZIT3Q, STM32H573ZIT6, STM32H7R3A8I6, STM32H7R3I8K6, STM32H7R3I8T6, STM32H7R3L8H6, STM32H7R3L8H6H, STM32H7R3R8V6, STM32H7R3V8H6, STM32H7R3V8T6, STM32H7R3V8Y6TR, STM32H7R3Z8J6, STM32H7R3Z8T6, STM32H7R7A8I6, STM32H7R7I8K6, STM32H7R7I8T6, STM32H7R7L8H6, STM32H7R7L8H6H, STM32H7R7Z8J6, STM32H7S3A8I6, STM32H7S3I8K6, STM32H7S3I8T6, STM32H7S3L8H6, STM32H7S3L8H6H, STM32H7S3R8V6, STM32H7S3V8H6, STM32H7S3V8T6, STM32H7S3V8Y6TR, STM32H7S3Z8J6, STM32H7S3Z8T6, STM32H7S78-DK, STM32H7S7A8I6, STM32H7S7I8K6, STM32H7S7I8T6, STM32H7S7L8H6, STM32H7S7L8H6H, STM32H7S7Z8J6, STM32L4R5QGI6STR, STM32MP131AAE3, STM32MP131AAF3, STM32MP131AAG3, STM32MP131CAE3, STM32MP131CAF3, STM32MP131CAG3, STM32MP131DAE7, STM32MP131DAF7, STM32MP131DAG7, STM32MP131FAE7, STM32MP131FAF7, STM32MP131FAG7, STM32MP133AAE3, STM32MP133AAF3, STM32MP133AAG3, STM32MP133CAE3, STM32MP133CAF3, STM32MP133CAG3, STM32MP133DAE7, STM32MP133DAF7, STM32MP133DAG7, STM32MP133FAE7, STM32MP133FAF7, STM32MP133FAG7, STM32MP135AAE3, STM32MP135AAF3, STM32MP135AAG3, STM32MP135CAE3, STM32MP135CAF3, STM32MP135CAG3, STM32MP135DAE7, STM32MP135DAF7, STM32MP135DAG7, STM32MP135F-DK, STM32MP135FAE7, STM32MP135FAF7, STM32MP135FAF7T, STM32MP135FAF7U, STM32MP135FAG7, STM32MP251AAI3, STM32MP251AAK3, STM32MP251AAL3, STM32MP251CAI3, STM32MP251CAK3, STM32MP251CAL3, STM32MP251DAI3, STM32MP251DAK3, STM32MP251DAL3, STM32MP251FAI3, STM32MP251FAK3, STM32MP251FAL3, STM32MP253AAI3, STM32MP253AAK3, STM32MP253AAL3, STM32MP253CAI3, STM32MP253CAK3, STM32MP253CAL3, STM32MP253DAI3, STM32MP253DAK3, STM32MP253DAL3, STM32MP253FAI3, STM32MP253FAK3, STM32MP253FAL3, STM32MP255AAI3, STM32MP255AAK3, STM32MP255AAL3, STM32MP255CAI3, STM32MP255CAK3, STM32MP255CAL3, STM32MP255DAI3, STM32MP255DAK3, STM32MP255DAL3, STM32MP255FAI3, STM32MP255FAK3, STM32MP255FAL3, STM32MP257AAI3, STM32MP257AAK3, STM32MP257AAL3, STM32MP257CAI3, STM32MP257CAK3, STM32MP257CAL3, STM32MP257DAI3, STM32MP257DAK3, STM32MP257DAL3, STM32MP257F-DK, STM32MP257F-EV1, STM32MP257FAI3, STM32MP257FAK3, STM32MP257FAL3, STM32U031C6T6, STM32U031C6U6, STM32U031C8T6, STM32U031C8U6, STM32U031F4P6, STM32U031F6P6, STM32U031F8P6, STM32U031G6Y6TR, STM32U031G8Y6TR, STM32U031K4U6, STM32U031K6U6, STM32U031K8U6, STM32U031R6I6, STM32U031R6T6, STM32U031R8I6, STM32U031R8T6, STM32U073C8T6, STM32U073C8U6, STM32U073CBT6, STM32U073CBU6, STM32U073CCT6, STM32U073CCU6, STM32U073H8Y6TR, STM32U073HBY6TR, STM32U073HCY6TR, STM32U073K8U6, STM32U073KBU6, STM32U073KCU6, STM32U073M8I6, STM32U073M8T6, STM32U073MBI6, STM32U073MBT6, STM32U073MCI6, STM32U073MCT6, STM32U073R8I6, STM32U073R8T6, STM32U073RBI6, STM32U073RBT6, STM32U073RCI6, STM32U073RCT6, STM32U083C-DK, STM32U083CCT6, STM32U083CCU6, STM32U083HCY6TR, STM32U083KCU6, STM32U083MCI6, STM32U083MCT6, STM32U083RCI6, STM32U083RCT6, STM32U535CBT6, STM32U535CBT6Q, STM32U535CBU6, STM32U535CBU6Q, STM32U535CCT6, STM32U535CCT6Q, STM32U535CCU6, STM32U535CCU6Q, STM32U535CET6, STM32U535CET6Q, STM32U535CEU6, STM32U535CEU6Q, STM32U535JEY6QTR, STM32U535NCY6QTR, STM32U535NEY6QTR, STM32U535RBI6, STM32U535RBI6Q, STM32U535RBT6, STM32U535RBT6Q, STM32U535RCI6, STM32U535RCI6Q, STM32U535RCT6, STM32U535RCT6Q, STM32U535REI6, STM32U535REI6Q, STM32U535RET6, STM32U535RET6Q, STM32U535VCI6, STM32U535VCI6Q, STM32U535VCT6, STM32U535VCT6Q, STM32U535VEI6, STM32U535VEI6Q, STM32U535VET6, STM32U535VET6Q, STM32U545CET6, STM32U545CET6Q, STM32U545CEU6, STM32U545CEU6Q, STM32U545JEY6QTR, STM32U545NEY6QTR, STM32U545REI6, STM32U545REI6Q, STM32U545RET6, STM32U545RET6Q, STM32U545VEI6, STM32U545VEI6Q, STM32U545VET6, STM32U545VET6Q, STM32U595AIH6, STM32U595AIH6Q, STM32U595AJH6, STM32U595AJH6Q, STM32U595QII6, STM32U595QII6Q, STM32U595QJI6, STM32U595QJI6Q, STM32U595RIT6, STM32U595RIT6Q, STM32U595RJT6, STM32U595RJT6Q, STM32U595VIT6, STM32U595VIT6Q, STM32U595VJT6, STM32U595VJT6Q, STM32U595ZIT6, STM32U595ZIT6Q, STM32U595ZIY6QTR, STM32U595ZJT6, STM32U595ZJT6Q, STM32U595ZJY6QTR, STM32U599BJY6QTR, STM32U599NIH6Q, STM32U599NJH6Q, STM32U599VIT6Q, STM32U599VJT6, STM32U599VJT6Q, STM32U599ZIT6Q, STM32U599ZIY6QTR, STM32U599ZJT6Q, STM32U599ZJY6QTR, STM32U5A5AJH6, STM32U5A5AJH6Q, STM32U5A5QII3Q , STM32U5A5QJI6, STM32U5A5QJI6Q, STM32U5A5RJT6, STM32U5A5RJT6Q, STM32U5A5VJT6, STM32U5A5VJT6Q, STM32U5A5ZJT6, STM32U5A5ZJT6Q, STM32U5A5ZJY6QTR, STM32U5A9BJY6QTR, STM32U5A9J-DK, STM32U5A9NJH6Q, STM32U5A9VJT6Q, STM32U5A9ZJT6Q, STM32U5A9ZJY6QTR, STM32U5F7VIT6, STM32U5F7VIT6Q, STM32U5F7VJT6, STM32U5F7VJT6Q, STM32U5F9BJY6QTR, STM32U5F9NJH6Q, STM32U5F9VIT6Q, STM32U5F9VJT6Q, STM32U5F9ZIJ6QTR, STM32U5F9ZIT6Q, STM32U5F9ZJJ6QTR, STM32U5F9ZJT6Q, STM32U5G7VJT6, STM32U5G7VJT6Q, STM32U5G9BJY6QTR, STM32U5G9J-DK1, STM32U5G9J-DK2, STM32U5G9NJH6Q, STM32U5G9VJT6Q, STM32U5G9ZJJ6QTR, STM32U5G9ZJT6Q, STM32WB05KZV6TR, STM32WB05KZV7TR, STM32WB05TZF6TR, STM32WB05TZF7TR, STM32WB06CCF6TR, STM32WB06CCF7TR, STM32WB06CCV6TR, STM32WB06CCV7TR, STM32WB06KCV6TR, STM32WB06KCV7TR, STM32WB07CCF6TR, STM32WB07CCF7TR, STM32WB07CCV6TR, STM32WB07CCV7TR, STM32WB07KCV6TR, STM32WB07KCV7TR, STM32WB09KEV6TR, STM32WB09KEV7TR, STM32WB09TEF6TR, STM32WB09TEF7TR, STM32WB1MMCH6, STM32WBA50KGU6, STM32WBA50KGU6TR, STM32WBA52CEU6, STM32WBA52CEU6TR, STM32WBA52CEU7, STM32WBA52CEU7TR, STM32WBA52CGU6, STM32WBA52CGU6TR, STM32WBA52CGU6U, STM32WBA52CGU7, STM32WBA52CGU7TR, STM32WBA52KEU6, STM32WBA52KEU6TR, STM32WBA52KGU6, STM32WBA52KGU6TR, STM32WBA54CEU6, STM32WBA54CEU6TR, STM32WBA54CEU7, STM32WBA54CEU7TR, STM32WBA54CGU6, STM32WBA54CGU6TR, STM32WBA54CGU7, STM32WBA54CGU7TR, STM32WBA54KEU6, STM32WBA54KEU6TR, STM32WBA54KEU7, STM32WBA54KEU7TR, STM32WBA54KGU6, STM32WBA54KGU6TR, STM32WBA54KGU7, STM32WBA54KGU7TR, STM32WBA55CEU6, STM32WBA55CEU6TR, STM32WBA55CEU7, STM32WBA55CEU7TR, STM32WBA55CGU6, STM32WBA55CGU6TR, STM32WBA55CGU6U, STM32WBA55CGU7, STM32WBA55CGU7TR, STM32WBA55G-DK1, STM32WBA55HEF6, STM32WBA55HEF7, STM32WBA55HGF6, STM32WBA55HGF7, STM32WBA55UEI6, STM32WBA55UEI6TR, STM32WBA55UEI7, STM32WBA55UEI7TR, STM32WBA55UGI6, STM32WBA55UGI6TR, STM32WBA55UGI7, STM32WBA55UGI7TR, STM32WL5MOCH6, STM32WL5MOCH6TR]
2024-08-12 14:09:48,573 [INFO] DbMcus:218 - Found 4251 MCUs, 4251 are supported
2024-08-12 14:09:48,573 [INFO] ApiDb:414 - User favorites file not found: C:\Users\admin/.stm32cubeide/favorites.mcus.txt
2024-08-12 14:09:48,574 [INFO] DbMcus:224 - Set 0 / 0 favorites MCUs
2024-08-12 14:09:48,926 [INFO] ApiDb:668 - CubeFinder database Data Model version=2.1
2024-08-12 14:09:48,926 [INFO] ApiDb:669 - CubeFinder database Configuration version=3.0.39
2024-08-12 14:09:48,926 [INFO] ApiDb:670 - CubeFinder database generation date=2024-06-20 (1718880634)
2024-08-12 14:09:48,926 [INFO] ApiDb:671 - CubeFinder database FW Pack versions=[FP-ATR-ASTRA1_V2.0.0, FP-SNS-FLIGHT1_V5.0.2, FP-SNS-MOTENV1_V5.0.0, FP-SNS-MOTENVWB1_V1.4.0, FP-SNS-SMARTAG2_V1.2.0, STM32Cube_FW_C0_V1.2.0, STM32Cube_FW_F4_V1.28.0, STM32Cube_FW_F7_V1.17.2, STM32Cube_FW_G0_V1.6.2, STM32Cube_FW_G4_V1.6.0, STM32Cube_FW_H5_V1.3.0, STM32Cube_FW_H7RS_V1.1.0, STM32Cube_FW_H7_V1.11.2, STM32Cube_FW_L0_V1.12.2, STM32Cube_FW_L5_V1.5.1, STM32Cube_FW_U0_V1.1.0, STM32Cube_FW_U5_V1.6.0, STM32Cube_FW_WB0_V1.0.0, STM32Cube_FW_WBA_V1.4.0, STM32Cube_FW_WB_V1.20.0, STM32Cube_FW_WL_V1.3.0, X-CUBE-ALGOBUILD_V1.4.0, X-CUBE-ALS_V1.0.2, X-CUBE-AZRTOS-F4_V1.1.0, X-CUBE-AZRTOS-F7_V1.1.0, X-CUBE-AZRTOS-G0_V1.1.0, X-CUBE-AZRTOS-G4_V2.0.0, X-CUBE-AZRTOS-H7RS_V1.0.0, X-CUBE-AZRTOS-H7_V3.2.0, X-CUBE-AZRTOS-L4_V2.0.0, X-CUBE-AZRTOS-L5_V1.1.0, X-CUBE-AZRTOS-WB_V2.0.0, X-CUBE-AZRTOS-WL_V2.0.0, X-CUBE-BLE1_V7.0.0, X-CUBE-BLE2_V3.3.0, X-CUBE-BLEMGR_V3.1.0, X-CUBE-EEPRMA1_V5.1.0, X-CUBE-FREERTOS_V1.2.0, X-CUBE-GNSS1_V6.0.0, X-CUBE-MEMS1_V10.0.0, X-CUBE-NFC4_V3.0.0, X-CUBE-NFC7_V1.0.1, X-CUBE-SFXS2LP1_V4.0.0, X-CUBE-SUBG2_V5.0.0, X-CUBE-TOF1_V3.4.1]
2024-08-12 14:09:48,978 [INFO] DbBoardsSqlite:226 - include board P-NUCLEO-WB55-NUCLEO as a kit item of type 'Nucleo-64'
2024-08-12 14:09:48,978 [INFO] DbBoardsSqlite:226 - include board P-NUCLEO-WB55-USBDONGLE as a kit item of type 'Nucleo USB Dongle'
2024-08-12 14:09:48,978 [INFO] DbBoardsSqlite:226 - include board STEVAL-IDP005V1 as a kit item of type 'Evaluation Board'
2024-08-12 14:09:48,979 [INFO] DbBoardsSqlite:226 - include board STEVAL-IDP005V2 as a kit item of type 'Evaluation Board'
2024-08-12 14:09:49,036 [INFO] ApiDb:240 - Found 646 in-development CPN: [B-G473E-ZEST1S, B-WB1M-WPAN1, B-WL5M-SUBG1, NUCLEO-C031C6, NUCLEO-C071RB, NUCLEO-H503RB, NUCLEO-H533RE, NUCLEO-H563ZI, NUCLEO-H7S3L8, NUCLEO-U031R8, NUCLEO-U083RC, NUCLEO-U545RE-Q, NUCLEO-U5A5ZJ-Q, NUCLEO-WB05KZ, NUCLEO-WB07CC, NUCLEO-WB09KE, NUCLEO-WBA52CG, NUCLEO-WBA55CG, STEVAL-PROTEUS1, STEVAL-SMARTAG2, STEVAL-STWINBX1, STM320518-EVAL, STM32C0116-DK, STM32C011D6Y3TR, STM32C011D6Y6TR, STM32C011F4P3, STM32C011F4P6, STM32C011F4U3, STM32C011F4U6TR, STM32C011F6P3, STM32C011F6P6, STM32C011F6U3, STM32C011F6U6TR, STM32C011J4M3, STM32C011J4M6, STM32C011J6M3, STM32C011J6M6, STM32C0316-DK, STM32C031C4T3, STM32C031C4T6, STM32C031C4U3, STM32C031C4U6, STM32C031C6T3, STM32C031C6T6, STM32C031C6U3, STM32C031C6U6, STM32C031F4P3, STM32C031F4P6, STM32C031F6P3, STM32C031F6P6, STM32C031G4U3, STM32C031G4U6, STM32C031G6U3, STM32C031G6U6, STM32C031K4T3, STM32C031K4T6, STM32C031K4U3, STM32C031K4U6, STM32C031K6T3, STM32C031K6T6, STM32C031K6U3, STM32C031K6U6, STM32C071C8T6, STM32C071C8T6N, STM32C071C8U6, STM32C071C8U6N, STM32C071CBT6, STM32C071CBT6N, STM32C071CBU6, STM32C071CBU6N, STM32C071F8P6, STM32C071F8P6N, STM32C071FBP6, STM32C071FBP6N, STM32C071FBY6TR, STM32C071G8U6, STM32C071G8U6N, STM32C071GBU6, STM32C071GBU6N, STM32C071K8T6, STM32C071K8T6N, STM32C071K8U6, STM32C071K8U6N, STM32C071KBT6, STM32C071KBT6N, STM32C071KBU6, STM32C071KBU6N, STM32C071R8T6, STM32C071R8T6N, STM32C071RBI6N, STM32C071RBT6, STM32C071RBT6N, STM32G071K8TXN, STM32G071K8UXN, STM32G081GBU6N, STM32G081KBT6N, STM32G081KBUXN, STM32G0B1CCT6N, STM32G0B1KCT6, STM32G0B1NEY6TR, STM32G0B1RCT6N, STM32G0C1CCT6, STM32G0C1CCT6N, STM32G0C1CCU6N, STM32G0C1CET6N, STM32G0C1CEU6N, STM32G0C1KCT6, STM32G0C1NEY6TR, STM32G0C1RCI6N, STM32G0C1RCT6N, STM32G0C1REI6N, STM32G0C1RET6N, STM32G0C1VCI6, STM32G0C1VEI6, STM32G411C6T3, STM32G411C6T6, STM32G411C6U3, STM32G411C6U6, STM32G411C8T3, STM32G411C8T6, STM32G411C8U3, STM32G411C8U6, STM32G411CBT3, STM32G411CBT6, STM32G411CBU3, STM32G411CBU6, STM32G411K6T3, STM32G411K6T6, STM32G411K6U3, STM32G411K6U6, STM32G411K8T3, STM32G411K8T6, STM32G411K8U3, STM32G411K8U6, STM32G411KBT3, STM32G411KBT6, STM32G411KBU3, STM32G411KBU6, STM32G411M6T3, STM32G411M6T6, STM32G411M8T3, STM32G411M8T6, STM32G411MBT3, STM32G411MBT6, STM32G411R6T3, STM32G411R6T6, STM32G411R8T3, STM32G411R8T6, STM32G411RBT3, STM32G411RBT6, STM32G414CBT3, STM32G414CBT6, STM32G414CBU3, STM32G414CBU6, STM32G414CCT3, STM32G414CCT6, STM32G414CCU3, STM32G414CCU6, STM32G414MBT3, STM32G414MBT6, STM32G414MCT3, STM32G414MCT6, STM32G414RBT3, STM32G414RBT6, STM32G414RCT3, STM32G414RCT6, STM32G414VBT3, STM32G414VBT6, STM32G414VCT3, STM32G414VCT6, STM32G431CBT3Z, STM32G431RBT3Z, STM32G471CCT6, STM32G471CCU6, STM32G471CET3, STM32G471CET6, STM32G471CEU3, STM32G471CEU6, STM32G471MCT6, STM32G471MET3, STM32G471MET6, STM32G471MEY6TR, STM32G471QCT6, STM32G471QET3, STM32G471RCT6, STM32G471RET3, STM32G471RET6, STM32G471VCH6, STM32G471VCI6, STM32G471VCT6, STM32G471VEH3, STM32G471VEH6, STM32G471VEI3, STM32G471VEI6, STM32G471VET3, STM32G471VET6, STM32G473QET3Z, STM32G473RET3Z, STM32G474CCT6, STM32G491RET3Z, STM32H503CBT6, STM32H503CBU6, STM32H503EBY6TR, STM32H503KBU6, STM32H503RBT6, STM32H523CCT6, STM32H523CCU6, STM32H523CET6, STM32H523CEU6, STM32H523HEY6TR, STM32H523RCT6, STM32H523RET6, STM32H523VCI6, STM32H523VCT6, STM32H523VEI6, STM32H523VET6, STM32H523ZCJ6, STM32H523ZCT6, STM32H523ZEJ6, STM32H523ZET6, STM32H533CET6, STM32H533CEU6, STM32H533HEY6TR, STM32H533RET6, STM32H533VEI6, STM32H533VET6, STM32H533ZEJ6, STM32H533ZET6, STM32H562AGI6, STM32H562AII6, STM32H562IGK6, STM32H562IGT6, STM32H562IIK6, STM32H562IIT6, STM32H562RGT6, STM32H562RGV6, STM32H562RIT6, STM32H562RIV6, STM32H562VGT6, STM32H562VIT6, STM32H562ZGT6, STM32H562ZIT6, STM32H563AGI6, STM32H563AII3Q, STM32H563AII6, STM32H563IGK6, STM32H563IGT6, STM32H563IIK3Q, STM32H563IIK6, STM32H563IIT3Q, STM32H563IIT6, STM32H563MIY3QTR, STM32H563RGT6, STM32H563RGV6, STM32H563RIT6, STM32H563RIV6, STM32H563VGT6, STM32H563VIT3Q, STM32H563VIT6, STM32H563ZGT6, STM32H563ZIT3Q, STM32H563ZIT6, STM32H573AII3Q, STM32H573AII6, STM32H573I-DK, STM32H573IIK3Q, STM32H573IIK6, STM32H573IIT3Q, STM32H573IIT6, STM32H573MIY3QTR, STM32H573RIT6, STM32H573RIV6, STM32H573VIT3Q, STM32H573VIT6, STM32H573ZIT3Q, STM32H573ZIT6, STM32H7R3A8I6, STM32H7R3I8K6, STM32H7R3I8T6, STM32H7R3L8H6, STM32H7R3L8H6H, STM32H7R3R8V6, STM32H7R3V8H6, STM32H7R3V8T6, STM32H7R3V8Y6TR, STM32H7R3Z8J6, STM32H7R3Z8T6, STM32H7R7A8I6, STM32H7R7I8K6, STM32H7R7I8T6, STM32H7R7L8H6, STM32H7R7L8H6H, STM32H7R7Z8J6, STM32H7S3A8I6, STM32H7S3I8K6, STM32H7S3I8T6, STM32H7S3L8H6, STM32H7S3L8H6H, STM32H7S3R8V6, STM32H7S3V8H6, STM32H7S3V8T6, STM32H7S3V8Y6TR, STM32H7S3Z8J6, STM32H7S3Z8T6, STM32H7S78-DK, STM32H7S7A8I6, STM32H7S7I8K6, STM32H7S7I8T6, STM32H7S7L8H6, STM32H7S7L8H6H, STM32H7S7Z8J6, STM32L4R5QGI6STR, STM32MP131AAE3, STM32MP131AAF3, STM32MP131AAG3, STM32MP131CAE3, STM32MP131CAF3, STM32MP131CAG3, STM32MP131DAE7, STM32MP131DAF7, STM32MP131DAG7, STM32MP131FAE7, STM32MP131FAF7, STM32MP131FAG7, STM32MP133AAE3, STM32MP133AAF3, STM32MP133AAG3, STM32MP133CAE3, STM32MP133CAF3, STM32MP133CAG3, STM32MP133DAE7, STM32MP133DAF7, STM32MP133DAG7, STM32MP133FAE7, STM32MP133FAF7, STM32MP133FAG7, STM32MP135AAE3, STM32MP135AAF3, STM32MP135AAG3, STM32MP135CAE3, STM32MP135CAF3, STM32MP135CAG3, STM32MP135DAE7, STM32MP135DAF7, STM32MP135DAG7, STM32MP135F-DK, STM32MP135FAE7, STM32MP135FAF7, STM32MP135FAF7T, STM32MP135FAF7U, STM32MP135FAG7, STM32MP251AAI3, STM32MP251AAK3, STM32MP251AAL3, STM32MP251CAI3, STM32MP251CAK3, STM32MP251CAL3, STM32MP251DAI3, STM32MP251DAK3, STM32MP251DAL3, STM32MP251FAI3, STM32MP251FAK3, STM32MP251FAL3, STM32MP253AAI3, STM32MP253AAK3, STM32MP253AAL3, STM32MP253CAI3, STM32MP253CAK3, STM32MP253CAL3, STM32MP253DAI3, STM32MP253DAK3, STM32MP253DAL3, STM32MP253FAI3, STM32MP253FAK3, STM32MP253FAL3, STM32MP255AAI3, STM32MP255AAK3, STM32MP255AAL3, STM32MP255CAI3, STM32MP255CAK3, STM32MP255CAL3, STM32MP255DAI3, STM32MP255DAK3, STM32MP255DAL3, STM32MP255FAI3, STM32MP255FAK3, STM32MP255FAL3, STM32MP257AAI3, STM32MP257AAK3, STM32MP257AAL3, STM32MP257CAI3, STM32MP257CAK3, STM32MP257CAL3, STM32MP257DAI3, STM32MP257DAK3, STM32MP257DAL3, STM32MP257F-DK, STM32MP257F-EV1, STM32MP257FAI3, STM32MP257FAK3, STM32MP257FAL3, STM32U031C6T6, STM32U031C6U6, STM32U031C8T6, STM32U031C8U6, STM32U031F4P6, STM32U031F6P6, STM32U031F8P6, STM32U031G6Y6TR, STM32U031G8Y6TR, STM32U031K4U6, STM32U031K6U6, STM32U031K8U6, STM32U031R6I6, STM32U031R6T6, STM32U031R8I6, STM32U031R8T6, STM32U073C8T6, STM32U073C8U6, STM32U073CBT6, STM32U073CBU6, STM32U073CCT6, STM32U073CCU6, STM32U073H8Y6TR, STM32U073HBY6TR, STM32U073HCY6TR, STM32U073K8U6, STM32U073KBU6, STM32U073KCU6, STM32U073M8I6, STM32U073M8T6, STM32U073MBI6, STM32U073MBT6, STM32U073MCI6, STM32U073MCT6, STM32U073R8I6, STM32U073R8T6, STM32U073RBI6, STM32U073RBT6, STM32U073RCI6, STM32U073RCT6, STM32U083C-DK, STM32U083CCT6, STM32U083CCU6, STM32U083HCY6TR, STM32U083KCU6, STM32U083MCI6, STM32U083MCT6, STM32U083RCI6, STM32U083RCT6, STM32U535CBT6, STM32U535CBT6Q, STM32U535CBU6, STM32U535CBU6Q, STM32U535CCT6, STM32U535CCT6Q, STM32U535CCU6, STM32U535CCU6Q, STM32U535CET6, STM32U535CET6Q, STM32U535CEU6, STM32U535CEU6Q, STM32U535JEY6QTR, STM32U535NCY6QTR, STM32U535NEY6QTR, STM32U535RBI6, STM32U535RBI6Q, STM32U535RBT6, STM32U535RBT6Q, STM32U535RCI6, STM32U535RCI6Q, STM32U535RCT6, STM32U535RCT6Q, STM32U535REI6, STM32U535REI6Q, STM32U535RET6, STM32U535RET6Q, STM32U535VCI6, STM32U535VCI6Q, STM32U535VCT6, STM32U535VCT6Q, STM32U535VEI6, STM32U535VEI6Q, STM32U535VET6, STM32U535VET6Q, STM32U545CET6, STM32U545CET6Q, STM32U545CEU6, STM32U545CEU6Q, STM32U545JEY6QTR, STM32U545NEY6QTR, STM32U545REI6, STM32U545REI6Q, STM32U545RET6, STM32U545RET6Q, STM32U545VEI6, STM32U545VEI6Q, STM32U545VET6, STM32U545VET6Q, STM32U595AIH6, STM32U595AIH6Q, STM32U595AJH6, STM32U595AJH6Q, STM32U595QII6, STM32U595QII6Q, STM32U595QJI6, STM32U595QJI6Q, STM32U595RIT6, STM32U595RIT6Q, STM32U595RJT6, STM32U595RJT6Q, STM32U595VIT6, STM32U595VIT6Q, STM32U595VJT6, STM32U595VJT6Q, STM32U595ZIT6, STM32U595ZIT6Q, STM32U595ZIY6QTR, STM32U595ZJT6, STM32U595ZJT6Q, STM32U595ZJY6QTR, STM32U599BJY6QTR, STM32U599NIH6Q, STM32U599NJH6Q, STM32U599VIT6Q, STM32U599VJT6, STM32U599VJT6Q, STM32U599ZIT6Q, STM32U599ZIY6QTR, STM32U599ZJT6Q, STM32U599ZJY6QTR, STM32U5A5AJH6, STM32U5A5AJH6Q, STM32U5A5QII3Q , STM32U5A5QJI6, STM32U5A5QJI6Q, STM32U5A5RJT6, STM32U5A5RJT6Q, STM32U5A5VJT6, STM32U5A5VJT6Q, STM32U5A5ZJT6, STM32U5A5ZJT6Q, STM32U5A5ZJY6QTR, STM32U5A9BJY6QTR, STM32U5A9J-DK, STM32U5A9NJH6Q, STM32U5A9VJT6Q, STM32U5A9ZJT6Q, STM32U5A9ZJY6QTR, STM32U5F7VIT6, STM32U5F7VIT6Q, STM32U5F7VJT6, STM32U5F7VJT6Q, STM32U5F9BJY6QTR, STM32U5F9NJH6Q, STM32U5F9VIT6Q, STM32U5F9VJT6Q, STM32U5F9ZIJ6QTR, STM32U5F9ZIT6Q, STM32U5F9ZJJ6QTR, STM32U5F9ZJT6Q, STM32U5G7VJT6, STM32U5G7VJT6Q, STM32U5G9BJY6QTR, STM32U5G9J-DK1, STM32U5G9J-DK2, STM32U5G9NJH6Q, STM32U5G9VJT6Q, STM32U5G9ZJJ6QTR, STM32U5G9ZJT6Q, STM32WB05KZV6TR, STM32WB05KZV7TR, STM32WB05TZF6TR, STM32WB05TZF7TR, STM32WB06CCF6TR, STM32WB06CCF7TR, STM32WB06CCV6TR, STM32WB06CCV7TR, STM32WB06KCV6TR, STM32WB06KCV7TR, STM32WB07CCF6TR, STM32WB07CCF7TR, STM32WB07CCV6TR, STM32WB07CCV7TR, STM32WB07KCV6TR, STM32WB07KCV7TR, STM32WB09KEV6TR, STM32WB09KEV7TR, STM32WB09TEF6TR, STM32WB09TEF7TR, STM32WB1MMCH6, STM32WBA50KGU6, STM32WBA50KGU6TR, STM32WBA52CEU6, STM32WBA52CEU6TR, STM32WBA52CEU7, STM32WBA52CEU7TR, STM32WBA52CGU6, STM32WBA52CGU6TR, STM32WBA52CGU6U, STM32WBA52CGU7, STM32WBA52CGU7TR, STM32WBA52KEU6, STM32WBA52KEU6TR, STM32WBA52KGU6, STM32WBA52KGU6TR, STM32WBA54CEU6, STM32WBA54CEU6TR, STM32WBA54CEU7, STM32WBA54CEU7TR, STM32WBA54CGU6, STM32WBA54CGU6TR, STM32WBA54CGU7, STM32WBA54CGU7TR, STM32WBA54KEU6, STM32WBA54KEU6TR, STM32WBA54KEU7, STM32WBA54KEU7TR, STM32WBA54KGU6, STM32WBA54KGU6TR, STM32WBA54KGU7, STM32WBA54KGU7TR, STM32WBA55CEU6, STM32WBA55CEU6TR, STM32WBA55CEU7, STM32WBA55CEU7TR, STM32WBA55CGU6, STM32WBA55CGU6TR, STM32WBA55CGU6U, STM32WBA55CGU7, STM32WBA55CGU7TR, STM32WBA55G-DK1, STM32WBA55HEF6, STM32WBA55HEF7, STM32WBA55HGF6, STM32WBA55HGF7, STM32WBA55UEI6, STM32WBA55UEI6TR, STM32WBA55UEI7, STM32WBA55UEI7TR, STM32WBA55UGI6, STM32WBA55UGI6TR, STM32WBA55UGI7, STM32WBA55UGI7TR, STM32WL5MOCH6, STM32WL5MOCH6TR]
2024-08-12 14:09:49,226 [INFO] BoardInfo:889 - No configuration file found for board P-NUCLEO-WB55
2024-08-12 14:09:49,226 [INFO] DbBoards:161 - Kit is not supported: P-NUCLEO-WB55
2024-08-12 14:09:49,234 [INFO] BoardInfo:889 - No configuration file found for board STEVAL-BFA001V1B
2024-08-12 14:09:49,234 [INFO] DbBoards:161 - Kit is not supported: STEVAL-BFA001V1B
2024-08-12 14:09:49,235 [INFO] BoardInfo:889 - No configuration file found for board STEVAL-BFA001V2B
2024-08-12 14:09:49,236 [INFO] DbBoards:161 - Kit is not supported: STEVAL-BFA001V2B
2024-08-12 14:09:49,408 [INFO] DbBoards:168 - Found 201 boards, 198 are supported
2024-08-12 14:09:49,408 [INFO] DbBoards:169 - Found 201 boards, 25 of them is supported for  Bsp
2024-08-12 14:09:49,411 [INFO] ApiDb:414 - User favorites file not found: C:\Users\admin/.stm32cubeide/favorites.boards.txt
2024-08-12 14:09:49,412 [INFO] DbBoards:198 - Set 0 / 0 favorites Boards
2024-08-12 14:09:49,427 [INFO] ApiDb:668 - CubeFinder database Data Model version=2.1
2024-08-12 14:09:49,427 [INFO] ApiDb:669 - CubeFinder database Configuration version=3.0.39
2024-08-12 14:09:49,427 [INFO] ApiDb:670 - CubeFinder database generation date=2024-06-20 (1718880634)
2024-08-12 14:09:49,427 [INFO] ApiDb:671 - CubeFinder database FW Pack versions=[FP-ATR-ASTRA1_V2.0.0, FP-SNS-FLIGHT1_V5.0.2, FP-SNS-MOTENV1_V5.0.0, FP-SNS-MOTENVWB1_V1.4.0, FP-SNS-SMARTAG2_V1.2.0, STM32Cube_FW_C0_V1.2.0, STM32Cube_FW_F4_V1.28.0, STM32Cube_FW_F7_V1.17.2, STM32Cube_FW_G0_V1.6.2, STM32Cube_FW_G4_V1.6.0, STM32Cube_FW_H5_V1.3.0, STM32Cube_FW_H7RS_V1.1.0, STM32Cube_FW_H7_V1.11.2, STM32Cube_FW_L0_V1.12.2, STM32Cube_FW_L5_V1.5.1, STM32Cube_FW_U0_V1.1.0, STM32Cube_FW_U5_V1.6.0, STM32Cube_FW_WB0_V1.0.0, STM32Cube_FW_WBA_V1.4.0, STM32Cube_FW_WB_V1.20.0, STM32Cube_FW_WL_V1.3.0, X-CUBE-ALGOBUILD_V1.4.0, X-CUBE-ALS_V1.0.2, X-CUBE-AZRTOS-F4_V1.1.0, X-CUBE-AZRTOS-F7_V1.1.0, X-CUBE-AZRTOS-G0_V1.1.0, X-CUBE-AZRTOS-G4_V2.0.0, X-CUBE-AZRTOS-H7RS_V1.0.0, X-CUBE-AZRTOS-H7_V3.2.0, X-CUBE-AZRTOS-L4_V2.0.0, X-CUBE-AZRTOS-L5_V1.1.0, X-CUBE-AZRTOS-WB_V2.0.0, X-CUBE-AZRTOS-WL_V2.0.0, X-CUBE-BLE1_V7.0.0, X-CUBE-BLE2_V3.3.0, X-CUBE-BLEMGR_V3.1.0, X-CUBE-EEPRMA1_V5.1.0, X-CUBE-FREERTOS_V1.2.0, X-CUBE-GNSS1_V6.0.0, X-CUBE-MEMS1_V10.0.0, X-CUBE-NFC4_V3.0.0, X-CUBE-NFC7_V1.0.1, X-CUBE-SFXS2LP1_V4.0.0, X-CUBE-SUBG2_V5.0.0, X-CUBE-TOF1_V3.4.1]
2024-08-12 14:09:50,206 [ERROR] DbExamplesSqlite:437 - Missing JSON key: board_cpn
2024-08-12 14:09:50,207 [ERROR] DbExamplesSqlite:437 - Missing JSON key: board_cpn
2024-08-12 14:09:50,207 [ERROR] DbExamplesSqlite:437 - Missing JSON key: board_cpn
2024-08-12 14:09:50,207 [ERROR] DbExamplesSqlite:437 - Missing JSON key: board_cpn
2024-08-12 14:09:50,537 [INFO] DbExamplesSqlite:395 - Ignored 28 examples not supported by CubeIDE
2024-08-12 14:09:50,537 [INFO] DbExamplesSqlite:396 - Found 8590 examples active
2024-08-12 14:09:50,537 [INFO] DbExamplesSqlite:397 - Found 0 examples obsolete
2024-08-12 14:09:50,537 [INFO] DbExamplesSqlite:398 - Found 0 examples under development
2024-08-12 14:09:50,537 [INFO] DbExamplesSqlite:399 - Found 10 examples not building
2024-08-12 14:09:50,540 [INFO] DbExamples:125 - Found 8572 examples
2024-08-12 14:09:50,711 [ERROR] DbExamples:208 - Found 167 examples with invalid data (board or MCU)
2024-08-12 14:09:50,713 [INFO] DbExamples:222 - Found 106 boards with related examples
2024-08-12 14:09:50,716 [INFO] DbExamples:235 - Found 88 MCUs with related examples
2024-08-12 14:09:50,785 [INFO] ApiDb:414 - User favorites file not found: C:\Users\admin/.stm32cubeide/favorites.examples.txt
2024-08-12 14:09:50,785 [INFO] DbExamples:250 - Set 0 / 0 favorites Examples
2024-08-12 14:09:51,931 [INFO] McuFinderGlobals:76 - Set McuFinderConnectedMode to true
2024-08-12 14:09:51,943 [INFO] MultiScanPanel:200 - Auto-refresh data requested => check proxy status ongoing
2024-08-12 14:09:51,949 [INFO] FinderPluginLoader:95 - Searching for filters in installed packs
2024-08-12 14:09:53,665 [INFO] LoadUrlFilesThread:185 - End of LoadServerUrlFiles without Thread
2024-08-12 14:09:53,697 [INFO] DetailPanel:341 - Set advertising image to C:/Users/admin/STM32Cube/Repository/\en.prom-stm32h7rs-mcu-finder.jpg
2024-08-12 14:13:23,984 [INFO] MainUpdater:2873 - connection check result : 10
2024-08-12 14:13:23,984 [INFO] MainUpdater:2873 - connection check result : 10
2024-08-12 14:13:24,480 [INFO] RulesReader:64 - Compatibility file has been processed (297 Rules)
2024-08-12 14:13:24,499 [INFO] RulesReader:64 - Compatibility file has been processed (297 Rules)
2024-08-12 14:13:24,506 [INFO] MicroXplorer:468 - Change Database Path : 
2024-08-12 14:13:24,506 [INFO] MicroXplorer:498 - Change Database Version : DB.6.0.120
2024-08-12 14:13:24,524 [WARN] ThirdParty:871 - waiting for thirdparty lock release [close project]
2024-08-12 14:13:24,524 [INFO] ThirdParty:873 - entering critical section [close project]
2024-08-12 14:13:24,526 [INFO] ThirdParty:883 - exiting critical section [close project]
2024-08-12 14:13:24,533 [INFO] PinOutPanel:1561 - setPackage(No Configuration,No Configuration)
2024-08-12 14:13:24,540 [INFO] UtilMem:75 - Begin LoadConfig() Used Memory: 691904400 Bytes (1073741824)
2024-08-12 14:13:24,543 [INFO] MicroXplorer:468 - Change Database Path : 
2024-08-12 14:13:24,543 [INFO] MicroXplorer:498 - Change Database Version : DB.6.0.120
2024-08-12 14:13:24,543 [INFO] OpenFileManager:332 - Change cursor
2024-08-12 14:13:24,650 [INFO] Mcu:2032 - Initializing MCU STM32L476R(C-E-G)Tx STM32L476RGTx STM32L476RGT3
2024-08-12 14:13:30,499 [INFO] Context:742 - Trying to add GPIOservice into a context  which must be forbidden
2024-08-12 14:13:31,640 [INFO] RtosManager:555 - Registered RTOS mode: class=CMSIS, group=RTOS, mode=CMSIS_V1, owner=FREERTOS
2024-08-12 14:13:31,640 [INFO] RtosManager:555 - Registered RTOS mode: class=CMSIS, group=RTOS2, mode=CMSIS_V2, owner=FREERTOS
2024-08-12 14:13:31,641 [INFO] RtosManager:555 - Registered RTOS mode: class=RTOS, group=Core, mode=CMSIS_V1, owner=FREERTOS
2024-08-12 14:13:31,641 [INFO] RtosManager:555 - Registered RTOS mode: class=RTOS, group=Core, mode=CMSIS_V2, owner=FREERTOS
2024-08-12 14:13:31,642 [WARN] ModelIntegratedComponent:184 - Missing modes for component STMicroelectronics:FreeRTOS:0.0.1:STMicroelectronics:RTOS:FreeRTOS:Core:::10.2.0:
2024-08-12 14:13:31,680 [WARN] ModelIntegratedComponent:63 - No mode defined for component null
2024-08-12 14:13:31,681 [WARN] ModelIntegratedComponent:63 - No mode defined for component null
2024-08-12 14:13:31,681 [WARN] ModelIntegratedComponent:63 - No mode defined for component null
2024-08-12 14:13:31,682 [WARN] ModelIntegratedComponent:63 - No mode defined for component null
2024-08-12 14:13:31,682 [WARN] ModelIntegratedComponent:63 - No mode defined for component null
2024-08-12 14:13:31,682 [WARN] ModelIntegratedComponent:63 - No mode defined for component null
2024-08-12 14:13:31,683 [WARN] ModelIntegratedComponent:63 - No mode defined for component null
2024-08-12 14:13:31,683 [WARN] ModelIntegratedComponent:63 - No mode defined for component null
2024-08-12 14:13:31,683 [WARN] ModelIntegratedComponent:63 - No mode defined for component null
2024-08-12 14:13:31,683 [WARN] ModelIntegratedComponent:63 - No mode defined for component null
2024-08-12 14:13:31,683 [WARN] ModelIntegratedComponent:63 - No mode defined for component null
2024-08-12 14:13:31,684 [WARN] ModelIntegratedComponent:63 - No mode defined for component null
2024-08-12 14:13:31,684 [WARN] ModelIntegratedComponent:63 - No mode defined for component null
2024-08-12 14:13:31,684 [WARN] ModelIntegratedComponent:63 - No mode defined for component null
2024-08-12 14:13:31,684 [WARN] ModelIntegratedComponent:63 - No mode defined for component null
2024-08-12 14:13:31,684 [WARN] ModelIntegratedComponent:63 - No mode defined for component null
2024-08-12 14:13:31,684 [WARN] ModelIntegratedComponent:63 - No mode defined for component null
2024-08-12 14:13:31,685 [WARN] ModelIntegratedComponent:63 - No mode defined for component null
2024-08-12 14:13:31,685 [WARN] ModelIntegratedComponent:63 - No mode defined for component null
2024-08-12 14:13:31,685 [WARN] ModelIntegratedComponent:63 - No mode defined for component null
2024-08-12 14:13:31,685 [WARN] ModelIntegratedComponent:63 - No mode defined for component null
2024-08-12 14:13:31,685 [WARN] ModelIntegratedComponent:63 - No mode defined for component null
2024-08-12 14:13:31,685 [WARN] ModelIntegratedComponent:63 - No mode defined for component null
2024-08-12 14:13:31,686 [WARN] ModelIntegratedComponent:63 - No mode defined for component null
2024-08-12 14:13:31,686 [WARN] ModelIntegratedComponent:63 - No mode defined for component null
2024-08-12 14:13:31,686 [WARN] ModelIntegratedComponent:63 - No mode defined for component null
2024-08-12 14:13:31,686 [WARN] ModelIntegratedComponent:63 - No mode defined for component null
2024-08-12 14:13:31,686 [WARN] ModelIntegratedComponent:63 - No mode defined for component null
2024-08-12 14:13:31,686 [WARN] ModelIntegratedComponent:63 - No mode defined for component null
2024-08-12 14:13:31,686 [WARN] ModelIntegratedComponent:63 - No mode defined for component null
2024-08-12 14:13:31,686 [WARN] ModelIntegratedComponent:63 - No mode defined for component null
2024-08-12 14:13:31,686 [WARN] ModelIntegratedComponent:63 - No mode defined for component null
2024-08-12 14:13:31,687 [WARN] ModelIntegratedComponent:63 - No mode defined for component null
2024-08-12 14:13:31,687 [WARN] ModelIntegratedComponent:63 - No mode defined for component null
2024-08-12 14:13:31,687 [WARN] ModelIntegratedComponent:63 - No mode defined for component null
2024-08-12 14:13:31,687 [WARN] ModelPack:524 - Component already loaded: STMicroelectronics:HAL Drivers:0.0.0:STMicroelectronics:Device:STMicro_Driver:XSPI:HAL::0.0.1:HAL_XSPI
2024-08-12 14:13:32,000 [INFO] ThirdPartyModel:298 - Start build external matchings
2024-08-12 14:13:32,604 [INFO] ThirdPartyModel:316 - End build external matchings
2024-08-12 14:13:32,617 [INFO] ImportTextPane:205 - (OptionalMessage_ERROR) IP (RCC) : Invalid parameter (FamilyName)
2024-08-12 14:13:32,619 [INFO] ImportTextPane:205 - (OptionalMessage_ERROR) IP (RCC) : Parameter (RNGFreq_Value) has invalid value (64000000)
2024-08-12 14:13:32,619 [INFO] ImportTextPane:205 - (OptionalMessage_ERROR) IP (RCC) : Parameter (SDMMCFreq_Value) has invalid value (64000000)
2024-08-12 14:13:32,620 [INFO] ImportTextPane:205 - (OptionalMessage_ERROR) IP (RCC) : Parameter (USBFreq_Value) has invalid value (64000000)
2024-08-12 14:13:33,659 [INFO] UtilMem:75 - End LoadConfig() Used Memory: 873674296 Bytes (1073741824)
2024-08-12 14:13:33,881 [WARN] ThirdParty:833 - waiting for thirdparty lock release [change project]
2024-08-12 14:13:33,881 [INFO] ThirdParty:835 - entering critical section [change project]
2024-08-12 14:13:33,881 [INFO] ThirdParty:1030 - CMSIS Pack Vendor :STMicroelectronics USBPD 4.1
2024-08-12 14:13:33,881 [INFO] ThirdParty:1030 - CMSIS Pack Vendor :STMicroelectronics X-CUBE-GNSS1 6.0.0
2024-08-12 14:13:33,881 [INFO] ThirdParty:1030 - CMSIS Pack Vendor :STMicroelectronics USB_HOST 2.0.0
2024-08-12 14:13:33,881 [INFO] ThirdParty:1030 - CMSIS Pack Vendor :STMicroelectronics FP-SNS-MOTENVWB1 1.4.0
2024-08-12 14:13:33,882 [INFO] ThirdParty:1030 - CMSIS Pack Vendor :STMicroelectronics X-CUBE-AZRTOS-F4 1.1.0
2024-08-12 14:13:33,882 [INFO] ThirdParty:1030 - CMSIS Pack Vendor :STMicroelectronics LIBJPEG 8.0.0
2024-08-12 14:13:33,882 [INFO] ThirdParty:1030 - CMSIS Pack Vendor :STMicroelectronics X-CUBE-SMBUS 2.1.0
2024-08-12 14:13:33,882 [INFO] ThirdParty:1030 - CMSIS Pack Vendor :STMicroelectronics USB_DEVICE 3.0.0
2024-08-12 14:13:33,882 [INFO] ThirdParty:1030 - CMSIS Pack Vendor :STMicroelectronics X-CUBE-TCPP 4.1.0
2024-08-12 14:13:33,882 [INFO] ThirdParty:1030 - CMSIS Pack Vendor :STMicroelectronics X-CUBE-FREERTOS 1.2.0
2024-08-12 14:13:33,882 [INFO] ThirdParty:1030 - CMSIS Pack Vendor :STMicroelectronics X-CUBE-AZRTOS-WB 2.0.0
2024-08-12 14:13:33,882 [INFO] ThirdParty:1030 - CMSIS Pack Vendor :STMicroelectronics X-CUBE-AZRTOS-F7 1.1.0
2024-08-12 14:13:33,882 [INFO] ThirdParty:1030 - CMSIS Pack Vendor :STMicroelectronics X-CUBE-AZRTOS-L5 2.0.0
2024-08-12 14:13:33,882 [INFO] ThirdParty:1030 - CMSIS Pack Vendor :STMicroelectronics USB_DEVICE 2.0.0
2024-08-12 14:13:33,882 [INFO] ThirdParty:1030 - CMSIS Pack Vendor :STMicroelectronics X-CUBE-NFC6 3.1.0
2024-08-12 14:13:33,882 [INFO] ThirdParty:1030 - CMSIS Pack Vendor :STMicroelectronics FP-SNS-STBOX1 2.0.0
2024-08-12 14:13:33,882 [INFO] ThirdParty:1030 - CMSIS Pack Vendor :STMicroelectronics FreeRTOS 0.0.1
2024-08-12 14:13:33,882 [INFO] ThirdParty:1030 - CMSIS Pack Vendor :STMicroelectronics X-CUBE-AZRTOS-G0 1.1.0
2024-08-12 14:13:33,882 [INFO] ThirdParty:1030 - CMSIS Pack Vendor :STMicroelectronics X-CUBE-SAFEA1 1.2.2
2024-08-12 14:13:33,882 [INFO] ThirdParty:1030 - CMSIS Pack Vendor :STMicroelectronics X-CUBE-NFC4 3.0.0
2024-08-12 14:13:33,883 [INFO] ThirdParty:1030 - CMSIS Pack Vendor :STMicroelectronics X-CUBE-DPower 1.2.0
2024-08-12 14:13:33,883 [INFO] ThirdParty:1030 - CMSIS Pack Vendor :STMicroelectronics X-CUBE-SUBG2 5.0.0
2024-08-12 14:13:33,883 [INFO] ThirdParty:1030 - CMSIS Pack Vendor :STMicroelectronics STM32_WPAN 1.0.0
2024-08-12 14:13:33,883 [INFO] ThirdParty:1030 - CMSIS Pack Vendor :EmbeddedOffice I-CUBE-FS-RTOS 1.0.1
2024-08-12 14:13:33,883 [INFO] ThirdParty:1030 - CMSIS Pack Vendor :STMicroelectronics lwIP 2.0.3
2024-08-12 14:13:33,883 [INFO] ThirdParty:1030 - CMSIS Pack Vendor :STMicroelectronics FP-SNS-FLIGHT1 5.0.2
2024-08-12 14:13:33,883 [INFO] ThirdParty:1030 - CMSIS Pack Vendor :Cesanta I-CUBE-Mongoose 7.13.0
2024-08-12 14:13:33,883 [INFO] ThirdParty:1030 - CMSIS Pack Vendor :STMicroelectronics USB_HOST 1.0.0
2024-08-12 14:13:33,883 [INFO] ThirdParty:1030 - CMSIS Pack Vendor :STMicroelectronics X-CUBE-AI 9.0.0
2024-08-12 14:13:33,883 [INFO] ThirdParty:1030 - CMSIS Pack Vendor :STMicroelectronics X-CUBE-AZRTOS-G4 2.0.0
2024-08-12 14:13:33,883 [INFO] ThirdParty:1030 - CMSIS Pack Vendor :STMicroelectronics PDM2PCM 3.1.0
2024-08-12 14:13:33,883 [INFO] ThirdParty:1030 - CMSIS Pack Vendor :STMicroelectronics PDM2PCM 3.3.0
2024-08-12 14:13:33,883 [INFO] ThirdParty:1030 - CMSIS Pack Vendor :STMicroelectronics X-CUBE-DISPLAY 3.0.0
2024-08-12 14:13:33,883 [INFO] ThirdParty:1030 - CMSIS Pack Vendor :RealThread X-CUBE-RT-Thread_Nano 4.1.1
2024-08-12 14:13:33,883 [INFO] ThirdParty:1030 - CMSIS Pack Vendor :wolfSSL I-CUBE-wolfSSL 5.7.0
2024-08-12 14:13:33,883 [INFO] ThirdParty:1030 - CMSIS Pack Vendor :STMicroelectronics X-CUBE-BLE1 7.0.0
2024-08-12 14:13:33,883 [INFO] ThirdParty:1030 - CMSIS Pack Vendor :STMicroelectronics FP-ATR-SIGFOX1 3.2.0
2024-08-12 14:13:33,883 [INFO] ThirdParty:1030 - CMSIS Pack Vendor :STMicroelectronics X-CUBE-ISPU 2.0.0
2024-08-12 14:13:33,883 [INFO] ThirdParty:1030 - CMSIS Pack Vendor :STMicroelectronics X-CUBE-EEPRMA1 5.1.0
2024-08-12 14:13:33,883 [INFO] ThirdParty:1030 - CMSIS Pack Vendor :STMicroelectronics HAL Drivers 0.0.0
2024-08-12 14:13:33,883 [INFO] ThirdParty:1030 - CMSIS Pack Vendor :STMicroelectronics MBEDTLS 2.16.2
2024-08-12 14:13:33,883 [INFO] ThirdParty:1030 - CMSIS Pack Vendor :STMicroelectronics X-CUBE-ALS 1.0.2
2024-08-12 14:13:33,883 [INFO] ThirdParty:1030 - CMSIS Pack Vendor :emotas I-CUBE-CANOPEN 1.3.0
2024-08-12 14:13:33,883 [INFO] ThirdParty:1030 - CMSIS Pack Vendor :STMicroelectronics X-CUBE-MEMS1 10.0.0
2024-08-12 14:13:33,883 [INFO] ThirdParty:1030 - CMSIS Pack Vendor :STMicroelectronics X-CUBE-NFC7 1.0.1
2024-08-12 14:13:33,883 [INFO] ThirdParty:1030 - CMSIS Pack Vendor :STMicroelectronics MBEDTLS 2.14.1
2024-08-12 14:13:33,883 [INFO] ThirdParty:1030 - CMSIS Pack Vendor :STMicroelectronics X-CUBE-TOUCHGFX 4.24.0
2024-08-12 14:13:33,883 [INFO] ThirdParty:1030 - CMSIS Pack Vendor :ITTIA_DB I-CUBE-ITTIADB 8.9.0
2024-08-12 14:13:33,883 [INFO] ThirdParty:1030 - CMSIS Pack Vendor :wolfSSL I-CUBE-wolfTPM 3.2.0
2024-08-12 14:13:33,883 [INFO] ThirdParty:1030 - CMSIS Pack Vendor :portGmbH I-Cube-SoM-uGOAL 1.1.0
2024-08-12 14:13:33,884 [INFO] ThirdParty:1030 - CMSIS Pack Vendor :STMicroelectronics X-CUBE-BLEMGR 3.1.0
2024-08-12 14:13:33,884 [INFO] ThirdParty:1030 - CMSIS Pack Vendor :STMicroelectronics ThreadX 1.0.0
2024-08-12 14:13:33,884 [INFO] ThirdParty:1030 - CMSIS Pack Vendor :STMicroelectronics FP-SNS-SMARTAG2 1.2.0
2024-08-12 14:13:33,884 [INFO] ThirdParty:1030 - CMSIS Pack Vendor :STMicroelectronics X-CUBE-AZRTOS-WL 2.0.0
2024-08-12 14:13:33,884 [INFO] ThirdParty:1030 - CMSIS Pack Vendor :SEGGER I-CUBE-embOS 1.3.1
2024-08-12 14:13:33,884 [INFO] ThirdParty:1030 - CMSIS Pack Vendor :STMicroelectronics X-CUBE-ALGOBUILD 1.4.0
2024-08-12 14:13:33,884 [INFO] ThirdParty:1030 - CMSIS Pack Vendor :STMicroelectronics FP-SNS-MOTENV1 5.0.0
2024-08-12 14:13:33,884 [INFO] ThirdParty:1030 - CMSIS Pack Vendor :STMicroelectronics USB_DEVICE 1.0.0
2024-08-12 14:13:33,884 [INFO] ThirdParty:1030 - CMSIS Pack Vendor :STMicroelectronics X-CUBE-AZRTOS-H7RS 1.0.0
2024-08-12 14:13:33,884 [INFO] ThirdParty:1030 - CMSIS Pack Vendor :wolfSSL I-CUBE-wolfMQTT 1.19.0
2024-08-12 14:13:33,884 [INFO] ThirdParty:1030 - CMSIS Pack Vendor :STMicroelectronics X-CUBE-AZRTOS-L4 2.0.0
2024-08-12 14:13:33,884 [INFO] ThirdParty:1030 - CMSIS Pack Vendor :STMicroelectronics ThreadX 0.0.2
2024-08-12 14:13:33,884 [INFO] ThirdParty:1030 - CMSIS Pack Vendor :WES I-CUBE-Cesium 1.3.0
2024-08-12 14:13:33,884 [INFO] ThirdParty:1030 - CMSIS Pack Vendor :STMicroelectronics FP-ATR-ASTRA1 2.0.0
2024-08-12 14:13:33,884 [INFO] ThirdParty:1030 - CMSIS Pack Vendor :STMicroelectronics lwIP 2.1.2
2024-08-12 14:13:33,884 [INFO] ThirdParty:1030 - CMSIS Pack Vendor :STMicroelectronics X-CUBE-SFXS2LP1 4.0.0
2024-08-12 14:13:33,884 [INFO] ThirdParty:1030 - CMSIS Pack Vendor :STMicroelectronics X-CUBE-BLE2 3.3.0
2024-08-12 14:13:33,884 [INFO] ThirdParty:1030 - CMSIS Pack Vendor :STMicroelectronics X-CUBE-TOF1 3.4.2
2024-08-12 14:13:33,884 [INFO] ThirdParty:1030 - CMSIS Pack Vendor :STMicroelectronics X-CUBE-TOF1 3.4.1
2024-08-12 14:13:33,884 [INFO] ThirdParty:1030 - CMSIS Pack Vendor :STMicroelectronics X-CUBE-AZRTOS-H7 3.2.0
2024-08-12 14:13:33,884 [INFO] ThirdParty:1030 - CMSIS Pack Vendor :Infineon AIROC-Wi-Fi-Bluetooth-STM32 1.6.0
2024-08-12 14:13:33,884 [INFO] ThirdParty:1030 - CMSIS Pack Vendor :STMicroelectronics PDM2PCM 3.2.0
2024-08-12 14:13:33,884 [INFO] ThirdParty:1030 - CMSIS Pack Vendor :wolfSSL I-CUBE-wolfSSH 1.4.17
2024-08-12 14:13:33,884 [INFO] ThirdParty:841 - exiting critical section [change project]
2024-08-12 14:13:34,717 [INFO] PinOutPanel:1561 - setPackage(No Configuration,No Configuration)
2024-08-12 14:13:34,721 [INFO] PinOutPanel:1561 - setPackage(STM32L476RGTx,LQFP64)
2024-08-12 14:13:36,399 [INFO] UtilMem:75 - Before build in PCC Used Memory: 667579744 Bytes (1073741824)
2024-08-12 14:13:39,247 [INFO] UtilMem:75 - After build in PCC Used Memory: 769372600 Bytes (1073741824)
2024-08-12 14:13:39,299 [INFO] IPUIPlugin:80 - create IPUIPlugin
2024-08-12 14:13:39,299 [INFO] IPUIPlugin:80 - create IPUIPlugin
2024-08-12 14:13:39,299 [INFO] IPUIPlugin:80 - create IPUIPlugin
2024-08-12 14:13:39,299 [INFO] IPUIPlugin:80 - create IPUIPlugin
2024-08-12 14:13:39,299 [INFO] IPUIPlugin:80 - create IPUIPlugin
2024-08-12 14:13:39,299 [INFO] IPUIPlugin:80 - create IPUIPlugin
2024-08-12 14:13:39,299 [INFO] IPUIPlugin:80 - create IPUIPlugin
2024-08-12 14:13:39,300 [INFO] IPUIPlugin:80 - create IPUIPlugin
2024-08-12 14:13:39,300 [INFO] IPUIPlugin:80 - create IPUIPlugin
2024-08-12 14:13:39,300 [INFO] IPUIPlugin:80 - create IPUIPlugin
2024-08-12 14:13:39,301 [INFO] IPUIPlugin:80 - create IPUIPlugin
2024-08-12 14:13:39,301 [INFO] IPUIPlugin:80 - create IPUIPlugin
2024-08-12 14:13:39,301 [INFO] IPUIPlugin:80 - create IPUIPlugin
2024-08-12 14:13:39,301 [INFO] IPUIPlugin:80 - create IPUIPlugin
2024-08-12 14:13:39,301 [INFO] IPUIPlugin:80 - create IPUIPlugin
2024-08-12 14:13:39,301 [INFO] IPUIPlugin:80 - create IPUIPlugin
2024-08-12 14:13:39,301 [INFO] IPUIPlugin:80 - create IPUIPlugin
2024-08-12 14:13:39,301 [INFO] IPUIPlugin:80 - create IPUIPlugin
2024-08-12 14:13:39,302 [INFO] IPUIPlugin:80 - create IPUIPlugin
2024-08-12 14:13:39,302 [INFO] IPUIPlugin:80 - create IPUIPlugin
2024-08-12 14:13:39,302 [INFO] IPUIPlugin:80 - create IPUIPlugin
2024-08-12 14:13:39,302 [INFO] IPUIPlugin:80 - create IPUIPlugin
2024-08-12 14:13:39,302 [INFO] IPUIPlugin:80 - create IPUIPlugin
2024-08-12 14:13:39,303 [INFO] IPUIPlugin:80 - create IPUIPlugin
2024-08-12 14:13:39,303 [INFO] IPUIPlugin:80 - create IPUIPlugin
2024-08-12 14:13:39,303 [INFO] IPUIPlugin:80 - create IPUIPlugin
2024-08-12 14:13:39,303 [INFO] IPUIPlugin:80 - create IPUIPlugin
2024-08-12 14:13:39,303 [INFO] IPUIPlugin:80 - create IPUIPlugin
2024-08-12 14:13:39,303 [INFO] IPUIPlugin:80 - create IPUIPlugin
2024-08-12 14:13:39,304 [INFO] IPUIPlugin:80 - create IPUIPlugin
2024-08-12 14:13:39,304 [INFO] IPUIPlugin:80 - create IPUIPlugin
2024-08-12 14:13:39,304 [INFO] IPUIPlugin:80 - create IPUIPlugin
2024-08-12 14:13:39,304 [INFO] IPUIPlugin:80 - create IPUIPlugin
2024-08-12 14:13:39,304 [INFO] IPUIPlugin:80 - create IPUIPlugin
2024-08-12 14:13:39,305 [INFO] IPUIPlugin:80 - create IPUIPlugin
2024-08-12 14:13:39,305 [INFO] IPUIPlugin:80 - create IPUIPlugin
2024-08-12 14:13:39,305 [INFO] IPUIPlugin:80 - create IPUIPlugin
2024-08-12 14:13:39,305 [INFO] IPUIPlugin:80 - create IPUIPlugin
2024-08-12 14:13:39,306 [INFO] IPUIPlugin:80 - create IPUIPlugin
2024-08-12 14:13:39,307 [INFO] IPUIPlugin:80 - create IPUIPlugin
2024-08-12 14:13:39,307 [INFO] IPUIPlugin:80 - create IPUIPlugin
2024-08-12 14:13:39,308 [INFO] IPUIPlugin:80 - create IPUIPlugin
2024-08-12 14:13:39,309 [INFO] IPUIPlugin:80 - create IPUIPlugin
2024-08-12 14:13:39,309 [INFO] IPUIPlugin:80 - create IPUIPlugin
2024-08-12 14:13:39,309 [INFO] IPUIPlugin:80 - create IPUIPlugin
2024-08-12 14:13:39,310 [INFO] IPUIPlugin:80 - create IPUIPlugin
2024-08-12 14:13:39,310 [INFO] IPUIPlugin:80 - create IPUIPlugin
2024-08-12 14:13:39,310 [INFO] IPUIPlugin:80 - create IPUIPlugin
2024-08-12 14:13:39,312 [INFO] IPUIPlugin:80 - create IPUIPlugin
2024-08-12 14:13:39,312 [INFO] IPUIPlugin:80 - create IPUIPlugin
2024-08-12 14:13:39,312 [INFO] IPUIPlugin:80 - create IPUIPlugin
2024-08-12 14:13:39,312 [INFO] IPUIPlugin:80 - create IPUIPlugin
2024-08-12 14:13:39,312 [INFO] IPUIPlugin:80 - create IPUIPlugin
2024-08-12 14:13:39,312 [INFO] IPUIPlugin:80 - create IPUIPlugin
2024-08-12 14:13:39,312 [INFO] IPUIPlugin:80 - create IPUIPlugin
2024-08-12 14:13:39,313 [INFO] IPUIPlugin:80 - create IPUIPlugin
2024-08-12 14:13:39,313 [INFO] IPUIPlugin:80 - create IPUIPlugin
2024-08-12 14:13:39,315 [INFO] IPUIPlugin:80 - create IPUIPlugin
2024-08-12 14:13:39,316 [INFO] IPUIPlugin:80 - create IPUIPlugin
2024-08-12 14:13:40,082 [INFO] CADModel:165 - CPN selected for project levelSTM32L476RGT3
2024-08-12 14:13:40,082 [INFO] CADModel:114 - Register for checkConnection events
2024-08-12 14:13:40,172 [INFO] OpenFileManager:363 - Restore cursor
2024-08-12 14:13:48,864 [INFO] UtilMem:75 - End SaveConfig() Used Memory: 941057800 Bytes (1073741824)
2024-08-12 14:14:11,793 [INFO] AnalyticsPlugin:368 - Accepted License(s): [FW.L4.1.18.0]
2024-08-12 14:14:12,140 [INFO] FileExtend:240 - Unzip File : stm32cube_fw_l4_v1180.zip
2024-08-12 14:14:12,140 [INFO] FileExtend:255 - Standard Zip Deflate
2024-08-12 14:23:11,375 [INFO] ServerAccessManage:473 - Download File stm32cube_fw_l4_v1181.zip
2024-08-12 14:25:08,405 [INFO] FileExtend:240 - Unzip File : stm32cube_fw_l4_v1181.zip
2024-08-12 14:25:08,406 [INFO] FileExtend:255 - Standard Zip Deflate
2024-08-12 14:32:53,459 [WARN] LoadServerPackagesThread:1331 - Error 1st try while moving folder into repository: C:\Users\admin\STM32Cube\Repository\STM32Cube_FW_L4_V1.18.1
2024-08-12 14:33:01,793 [INFO] LoadServerPackagesThread:196 - End of LoadServerPackages Thread
2024-08-12 14:33:01,978 [INFO] ThirdPartyModel:298 - Start build external matchings
2024-08-12 14:33:02,050 [INFO] UtilMem:75 - End SaveConfig() Used Memory: 371214432 Bytes (856686592)
2024-08-12 14:33:03,225 [INFO] BlockDiagram:2766 - set Specific Code input for plugin: SYS
2024-08-12 14:33:03,225 [INFO] BlockDiagram:2766 - set Specific Code input for plugin: RCC
2024-08-12 14:33:03,225 [INFO] BlockDiagram:2766 - set Specific Code input for plugin: NVIC
2024-08-12 14:33:03,225 [INFO] BlockDiagram:2766 - set Specific Code input for plugin: USART
2024-08-12 14:33:03,226 [INFO] BlockDiagram:2766 - set Specific Code input for plugin: GPIO
2024-08-12 14:33:03,232 [INFO] CodeGenerator:807 - code generatio: config db path: C:\ST\STM32CubeIDE_1.16.0\STM32CubeIDE\plugins\com.st.stm32cube.common.mx_6.12.0.202406281431\\db\
2024-08-12 14:33:03,339 [INFO] ThirdPartyModel:316 - End build external matchings
2024-08-12 14:33:03,367 [INFO] CheckServerUpdateThread:120 - End of CheckServer Thread
2024-08-12 14:33:03,944 [INFO] CodeEngine:255 - oldGeneratedFile, C:\Users\admin\stm\stm\MXTmpFiles\license.tmp_save
2024-08-12 14:33:04,886 [INFO] CodeEngine:279 - Generated code: C:\Users\admin\stm\stm\MXTmpFiles\license.tmp
2024-08-12 14:33:05,199 [INFO] CodeEngine:255 - oldGeneratedFile, C:\Users\admin\stm\stm\MXTmpFiles\gpio.tmp_save
2024-08-12 14:33:05,524 [INFO] CodeEngine:279 - Generated code: C:\Users\admin\stm\stm\MXTmpFiles\gpio.tmp
2024-08-12 14:33:06,188 [INFO] CodeEngine:255 - oldGeneratedFile, C:\Users\admin\stm\stm\Core\Src\stm32l4xx_it.c_save
2024-08-12 14:33:06,447 [INFO] CodeEngine:279 - Generated code: C:\Users\admin\stm\stm\Core\Src\stm32l4xx_it.c
2024-08-12 14:33:06,497 [INFO] CodeEngine:255 - oldGeneratedFile, C:\Users\admin\stm\stm\Core\Inc\stm32l4xx_it.h_save
2024-08-12 14:33:06,675 [INFO] CodeEngine:279 - Generated code: C:\Users\admin\stm\stm\Core\Inc\stm32l4xx_it.h
2024-08-12 14:33:06,770 [INFO] CodeEngine:255 - oldGeneratedFile, C:\Users\admin\stm\stm\Core\Src\stm32l4xx_hal_msp.c_save
2024-08-12 14:33:07,086 [INFO] CodeEngine:279 - Generated code: C:\Users\admin\stm\stm\Core\Src\stm32l4xx_hal_msp.c
2024-08-12 14:33:07,146 [INFO] CodeEngine:255 - oldGeneratedFile, C:\Users\admin\stm\stm\MXTmpFiles\system.tmp_save
2024-08-12 14:33:07,308 [INFO] CodeEngine:279 - Generated code: C:\Users\admin\stm\stm\MXTmpFiles\system.tmp
2024-08-12 14:33:07,384 [INFO] CodeEngine:311 - oldGeneratedFile, C:\Users\admin\stm\stm\Core\Inc\stm32l4xx_hal_conf.h_save
2024-08-12 14:33:07,549 [INFO] CodeEngine:335 - Generated code: C:\Users\admin\stm\stm\Core\Inc\stm32l4xx_hal_conf.h
2024-08-12 14:33:07,720 [INFO] CodeEngine:255 - oldGeneratedFile, C:\Users\admin\stm\stm\Core\Inc\main.h_save
2024-08-12 14:33:07,973 [INFO] CodeEngine:279 - Generated code: C:\Users\admin\stm\stm\Core\Inc\main.h
2024-08-12 14:33:08,035 [INFO] CodeEngine:255 - oldGeneratedFile, C:\Users\admin\stm\stm\Core\Src\main.c_save
2024-08-12 14:33:08,454 [INFO] CodeEngine:279 - Generated code: C:\Users\admin\stm\stm\Core\Src\main.c
2024-08-12 14:33:08,867 [INFO] ProjectBuilder:3249 - Time for Copy HAL[2] : 0mS.
2024-08-12 14:33:08,901 [INFO] ProjectBuilder:4828 - Project Generator version: 4.4.0-B60
2024-08-12 14:33:09,122 [INFO] ConfigFileManager:1531 - The Die is : DIE415
2024-08-12 14:33:09,206 [INFO] ApiDbMcu:508 - Load IP Config File for FATFS
2024-08-12 14:33:09,263 [INFO] ApiDbMcu:508 - Load IP Config File for FREERTOS
2024-08-12 14:33:09,408 [INFO] ApiDbMcu:508 - Load IP Config File for TOUCHSENSING
2024-08-12 14:33:09,467 [INFO] ApiDbMcu:508 - Load IP Config File for USB_DEVICE
2024-08-12 14:33:09,522 [INFO] ApiDbMcu:508 - Load IP Config File for USB_HOST
2024-08-12 14:33:11,961 [INFO] LogOutputStream:77 - [STDOUT_REDIRECT] 
2024-08-12 14:33:28,750 [INFO] ProjectBuilder:5097 - Time for Generating toolchain IDE Files: 19841mS.
2024-08-12 14:33:28,750 [INFO] ProjectBuilder:3107 - Time for Copy CMSIS : 0mS.
2024-08-12 14:33:28,759 [INFO] ProjectBuilder:3107 - Time for Copy CMSIS : 0mS.
2024-08-12 14:33:30,485 [INFO] McuFinderGlobals:76 - Set McuFinderConnectedMode to true
2024-08-12 14:33:30,666 [INFO] ApiDb:448 - Save user favorites file C:\Users\admin/.stm32cubeide/favorites.mcus.txt: 0 item(s)
2024-08-12 14:33:30,666 [INFO] ApiDb:452 - User favorites MCUs=[]
2024-08-12 14:33:31,722 [ERROR] LogOutputStream:75 - [STDERR_REDIRECT] Exception in thread "AWT-EventQueue-0" java.awt.IllegalComponentStateException: Native resources unavailable
2024-08-12 14:33:31,729 [ERROR] LogOutputStream:75 - [STDERR_REDIRECT] 	at java.desktop/sun.awt.windows.WWindowPeer.getScreenImOn(Native Method)
2024-08-12 14:33:31,729 [ERROR] LogOutputStream:75 - [STDERR_REDIRECT] 	at java.desktop/sun.awt.windows.WWindowPeer.updateGC(WWindowPeer.java:566)
2024-08-12 14:33:31,737 [ERROR] LogOutputStream:75 - [STDERR_REDIRECT] 	at java.desktop/java.awt.event.InvocationEvent.dispatch(InvocationEvent.java:318)
2024-08-12 14:33:31,745 [ERROR] LogOutputStream:75 - [STDERR_REDIRECT] 	at java.desktop/java.awt.EventQueue.dispatchEventImpl(EventQueue.java:773)
2024-08-12 14:33:31,745 [ERROR] LogOutputStream:75 - [STDERR_REDIRECT] 	at java.desktop/java.awt.EventQueue$4.run(EventQueue.java:720)
2024-08-12 14:33:31,745 [ERROR] LogOutputStream:75 - [STDERR_REDIRECT] 	at java.desktop/java.awt.EventQueue$4.run(EventQueue.java:714)
2024-08-12 14:33:31,764 [ERROR] LogOutputStream:75 - [STDERR_REDIRECT] 	at java.base/java.security.AccessController.doPrivileged(AccessController.java:399)
2024-08-12 14:33:31,770 [ERROR] LogOutputStream:75 - [STDERR_REDIRECT] 	at java.base/java.security.ProtectionDomain$JavaSecurityAccessImpl.doIntersectionPrivilege(ProtectionDomain.java:86)
2024-08-12 14:33:31,781 [ERROR] LogOutputStream:75 - [STDERR_REDIRECT] 	at java.base/java.security.ProtectionDomain$JavaSecurityAccessImpl.doIntersectionPrivilege(ProtectionDomain.java:97)
2024-08-12 14:33:31,792 [ERROR] LogOutputStream:75 - [STDERR_REDIRECT] 	at java.desktop/java.awt.EventQueue$5.run(EventQueue.java:747)
2024-08-12 14:33:31,797 [ERROR] LogOutputStream:75 - [STDERR_REDIRECT] 	at java.desktop/java.awt.EventQueue$5.run(EventQueue.java:745)
2024-08-12 14:33:31,797 [ERROR] LogOutputStream:75 - [STDERR_REDIRECT] 	at java.base/java.security.AccessController.doPrivileged(AccessController.java:399)
2024-08-12 14:33:31,813 [ERROR] LogOutputStream:75 - [STDERR_REDIRECT] 	at java.base/java.security.ProtectionDomain$JavaSecurityAccessImpl.doIntersectionPrivilege(ProtectionDomain.java:86)
2024-08-12 14:33:31,832 [ERROR] LogOutputStream:75 - [STDERR_REDIRECT] 	at java.desktop/java.awt.EventQueue.dispatchEvent(EventQueue.java:744)
2024-08-12 14:33:31,844 [ERROR] LogOutputStream:75 - [STDERR_REDIRECT] 	at java.desktop/java.awt.EventDispatchThread.pumpOneEventForFilters(EventDispatchThread.java:203)
2024-08-12 14:33:31,851 [ERROR] LogOutputStream:75 - [STDERR_REDIRECT] 	at java.desktop/java.awt.EventDispatchThread.pumpEventsForFilter(EventDispatchThread.java:124)
2024-08-12 14:33:31,851 [ERROR] LogOutputStream:75 - [STDERR_REDIRECT] 	at java.desktop/java.awt.EventDispatchThread.pumpEventsForHierarchy(EventDispatchThread.java:113)
2024-08-12 14:33:31,860 [ERROR] LogOutputStream:75 - [STDERR_REDIRECT] 	at java.desktop/java.awt.EventDispatchThread.pumpEvents(EventDispatchThread.java:109)
2024-08-12 14:33:31,892 [ERROR] LogOutputStream:75 - [STDERR_REDIRECT] 	at java.desktop/java.awt.EventDispatchThread.pumpEvents(EventDispatchThread.java:101)
2024-08-12 14:33:31,908 [ERROR] LogOutputStream:75 - [STDERR_REDIRECT] 	at java.desktop/java.awt.EventDispatchThread.run(EventDispatchThread.java:90)
2024-08-12 16:06:17,114 [INFO] WebApp:189 - Connection lost
2024-08-12 16:21:51,185 [ERROR] LogOutputStream:75 - [STDERR_REDIRECT] 16:21:51.182 ERROR Chromium process exit code: -2,147,483,645
2024-08-12 16:21:51,186 [ERROR] LogOutputStream:75 - [STDERR_REDIRECT] 
2024-08-12 16:21:51,187 [ERROR] LogOutputStream:75 - [STDERR_REDIRECT] 16:21:51.186 ERROR Crash dump dir: C:\Users\admin\AppData\Local\JxBrowser\7.38.2\CrashReports
2024-08-12 16:21:51,187 [ERROR] LogOutputStream:75 - [STDERR_REDIRECT] 
2024-08-12 16:21:51,188 [ERROR] WebApp:397 - JxBrowser engine crashed! Exit code: -2147483645
