2024-09-05 11:42:40,605 [INFO] Activator:176 - 


2024-09-05 11:42:40,608 [INFO] Activator:177 - !SESSION log4j initialized
2024-09-05 11:42:44,286 [INFO] LogOutputStream:77 - [STDOUT_REDIRECT] 
2024-09-05 11:42:47,352 [INFO] ApplicationProperties:184 - Using Application install path: C:\ST\STM32CubeIDE_1.16.0\STM32CubeIDE\plugins\com.st.stm32cube.common.mx_6.12.0.202406281431
2024-09-05 11:42:47,370 [INFO] DbMcusXml:78 - Set database path to: C:\ST\STM32CubeIDE_1.16.0\STM32CubeIDE\plugins\com.st.stm32cube.common.mx_6.12.0.202406281431\\db\/mcu/
2024-09-05 11:42:47,370 [INFO] ApiDb:274 - Set plugin database path to: C:\ST\STM32CubeIDE_1.16.0\STM32CubeIDE\plugins\com.st.stm32cube.common.mx_6.12.0.202406281431\\db\/plugins/boardmanager/
2024-09-05 11:42:47,370 [WARN] ApiDb:259 - Overriding images path with different value:  => C:\ST\STM32CubeIDE_1.16.0\STM32CubeIDE\plugins\com.st.stm32cube.common.mx_6.12.0.202406281431\\db\/plugins/mcufinder/images/
2024-09-05 11:42:47,380 [INFO] ApiDb:250 - Set database path to: C:\Users\admin\.stmcufinder\plugins\mcufinder//mcu/
2024-09-05 11:42:47,381 [INFO] DbMcusAds:125 - Set database path to: C:\Users\admin\.stmcufinder\plugins\mcufinder//mcu/
2024-09-05 11:42:47,384 [INFO] CrossReferenceDbSqlite:203 - Set database path to: C:\Users\admin\.stmcufinder\plugins\mcufinder//mcu/cs/
2024-09-05 11:42:47,508 [INFO] RulesReader:64 - Compatibility file has been processed (297 Rules)
2024-09-05 11:42:47,621 [INFO] DbMcusXml:78 - Set database path to: C:\ST\STM32CubeIDE_1.16.0\STM32CubeIDE\plugins\com.st.stm32cube.common.mx_6.12.0.202406281431\\db\/mcu/
2024-09-05 11:42:47,622 [INFO] ApiDb:274 - Set plugin database path to: C:\ST\STM32CubeIDE_1.16.0\STM32CubeIDE\plugins\com.st.stm32cube.common.mx_6.12.0.202406281431\\db\/plugins/boardmanager/
2024-09-05 11:42:47,622 [INFO] ApiDb:261 - Set plugin images path to: C:\ST\STM32CubeIDE_1.16.0\STM32CubeIDE\plugins\com.st.stm32cube.common.mx_6.12.0.202406281431\\db\/plugins/mcufinder/images/
2024-09-05 11:42:47,622 [WARN] DbFile:41 - Overriding database path with different value: C:\Users\admin\.stmcufinder\plugins\mcufinder/ => C:\Users\admin\.stmcufinder\plugins\mcufinder
2024-09-05 11:42:47,622 [INFO] ApiDb:250 - Set database path to: C:\Users\admin\.stmcufinder\plugins\mcufinder//mcu/
2024-09-05 11:42:47,622 [WARN] DbFile:41 - Overriding database path with different value: C:\Users\admin\.stmcufinder\plugins\mcufinder/ => C:\Users\admin\.stmcufinder\plugins\mcufinder
2024-09-05 11:42:47,623 [INFO] DbMcusAds:125 - Set database path to: C:\Users\admin\.stmcufinder\plugins\mcufinder//mcu/
2024-09-05 11:42:47,623 [WARN] DbFile:41 - Overriding database path with different value: C:\Users\admin\.stmcufinder\plugins\mcufinder/ => C:\Users\admin\.stmcufinder\plugins\mcufinder
2024-09-05 11:42:47,623 [WARN] DbFile:41 - Overriding database path with different value: C:\Users\admin\.stmcufinder\plugins\mcufinder/ => C:\Users\admin\.stmcufinder\plugins\mcufinder
2024-09-05 11:42:47,623 [INFO] CrossReferenceDbSqlite:203 - Set database path to: C:\Users\admin\.stmcufinder\plugins\mcufinder//mcu/cs/
2024-09-05 11:42:47,740 [INFO] MainPanel:268 - HeapMemory: 268435456
2024-09-05 11:42:47,847 [INFO] DbMcusXml:78 - Set database path to: C:\ST\STM32CubeIDE_1.16.0\STM32CubeIDE\plugins\com.st.stm32cube.common.mx_6.12.0.202406281431\\db\/mcu/
2024-09-05 11:42:47,847 [INFO] ApiDb:274 - Set plugin database path to: C:\ST\STM32CubeIDE_1.16.0\STM32CubeIDE\plugins\com.st.stm32cube.common.mx_6.12.0.202406281431\\db\/plugins/boardmanager/
2024-09-05 11:42:47,847 [INFO] ApiDb:261 - Set plugin images path to: C:\ST\STM32CubeIDE_1.16.0\STM32CubeIDE\plugins\com.st.stm32cube.common.mx_6.12.0.202406281431\\db\/plugins/mcufinder/images/
2024-09-05 11:42:47,847 [WARN] DbFile:41 - Overriding database path with different value: C:\Users\admin\.stmcufinder\plugins\mcufinder/ => C:\Users\admin\.stmcufinder\plugins\mcufinder
2024-09-05 11:42:47,847 [INFO] ApiDb:250 - Set database path to: C:\Users\admin\.stmcufinder\plugins\mcufinder//mcu/
2024-09-05 11:42:47,847 [WARN] DbFile:41 - Overriding database path with different value: C:\Users\admin\.stmcufinder\plugins\mcufinder/ => C:\Users\admin\.stmcufinder\plugins\mcufinder
2024-09-05 11:42:47,847 [INFO] DbMcusAds:125 - Set database path to: C:\Users\admin\.stmcufinder\plugins\mcufinder//mcu/
2024-09-05 11:42:47,848 [WARN] DbFile:41 - Overriding database path with different value: C:\Users\admin\.stmcufinder\plugins\mcufinder/ => C:\Users\admin\.stmcufinder\plugins\mcufinder
2024-09-05 11:42:47,848 [WARN] DbFile:41 - Overriding database path with different value: C:\Users\admin\.stmcufinder\plugins\mcufinder/ => C:\Users\admin\.stmcufinder\plugins\mcufinder
2024-09-05 11:42:47,848 [INFO] CrossReferenceDbSqlite:203 - Set database path to: C:\Users\admin\.stmcufinder\plugins\mcufinder//mcu/cs/
2024-09-05 11:42:47,868 [INFO] ApplicationProperties:184 - Using Application install path: C:\ST\STM32CubeIDE_1.16.0\STM32CubeIDE\plugins\com.st.stm32cube.common.mx_6.12.0.202406281431
2024-09-05 11:42:47,870 [INFO] PluginManage:196 - Search for loadable plugins [exclusion list=, ]
2024-09-05 11:42:47,872 [INFO] PluginManage:310 - Check plugin analytics
2024-09-05 11:42:48,112 [INFO] AnalyticsPlugin:253 - Accepted Software Licenses: STM32CubeMX.6.12.0
2024-09-05 11:42:48,113 [INFO] AnalyticsPlugin:255 - Accepted CMSIS Pack Licenses: STMicroelectronics.X-CUBE-FREERTOS.1.2.0
2024-09-05 11:42:48,113 [INFO] AnalyticsPlugin:257 - Accepted Firmware Licenses: FW.L4.1.18.0
2024-09-05 11:42:48,127 [INFO] PluginManage:359 - Loaded plugin analytics (category:tool,tabindex:-1)
2024-09-05 11:42:48,128 [INFO] PluginManage:310 - Check plugin cadmodel
2024-09-05 11:42:48,139 [INFO] CADModel:105 - Init CAD model plugin
2024-09-05 11:42:48,139 [INFO] PluginManage:359 - Loaded plugin cadmodel (category:power,tabindex:5)
2024-09-05 11:42:48,140 [INFO] PluginManage:310 - Check plugin clock
2024-09-05 11:42:48,160 [INFO] PluginManage:359 - Loaded plugin clock (category:base,tabindex:2)
2024-09-05 11:42:48,161 [INFO] PluginManage:310 - Check plugin ddr
2024-09-05 11:42:48,166 [INFO] PluginManage:359 - Loaded plugin ddr (category:tool,tabindex:6)
2024-09-05 11:42:48,167 [INFO] PluginManage:310 - Check plugin filemanager
2024-09-05 11:42:48,450 [INFO] PluginManage:359 - Loaded plugin filemanager (category:base,tabindex:10)
2024-09-05 11:42:48,450 [INFO] PluginManage:310 - Check plugin ipmanager
2024-09-05 11:42:48,462 [INFO] PluginManage:359 - Loaded plugin ipmanager (category:base,tabindex:5)
2024-09-05 11:42:48,462 [INFO] PluginManage:310 - Check plugin lpbam
2024-09-05 11:42:48,474 [INFO] PluginManage:359 - Loaded plugin lpbam (category:base,tabindex:0)
2024-09-05 11:42:48,474 [INFO] PluginManage:310 - Check plugin memorymap
2024-09-05 11:42:48,495 [INFO] PluginManage:359 - Loaded plugin memorymap (category:base,tabindex:4)
2024-09-05 11:42:48,495 [INFO] PluginManage:310 - Check plugin pinoutandconfiguration
2024-09-05 11:42:48,508 [INFO] PluginManage:359 - Loaded plugin pinoutandconfiguration (category:base,tabindex:1)
2024-09-05 11:42:48,509 [INFO] PluginManage:310 - Check plugin pinoutconfig
2024-09-05 11:42:48,640 [WARN] SupportedApi:132 - Cannot load RTOS API schema: s4s-elt-must-match.1: The content of 'definitions' must match (annotation?, (simpleType | complexType)?, (unique | key | keyref)*)). A problem was found starting at: attribute.
2024-09-05 11:42:48,793 [INFO] PluginManage:359 - Loaded plugin pinoutconfig (category:base,tabindex:0)
2024-09-05 11:42:48,793 [INFO] PluginManage:310 - Check plugin power
2024-09-05 11:42:48,804 [INFO] PluginManage:359 - Loaded plugin power (category:power,tabindex:4)
2024-09-05 11:42:48,804 [INFO] PluginManage:310 - Check plugin projectmanager
2024-09-05 11:42:48,830 [INFO] PluginManage:359 - Loaded plugin projectmanager (category:projectmanager,tabindex:4)
2024-09-05 11:42:48,830 [INFO] PluginManage:310 - Check plugin rif
2024-09-05 11:42:48,839 [INFO] PluginManage:359 - Loaded plugin rif (category:base,tabindex:3)
2024-09-05 11:42:48,839 [INFO] PluginManage:310 - Check plugin thirdparty
2024-09-05 11:42:49,148 [INFO] PluginManage:359 - Loaded plugin thirdparty (category:base,tabindex:-1)
2024-09-05 11:42:49,148 [INFO] PluginManage:310 - Check plugin tools
2024-09-05 11:42:49,148 [WARN] IntegrityCheckThread:84 - waiting for thirdparty lock release [integrity check]
2024-09-05 11:42:49,149 [INFO] IntegrityCheckThread:86 - entering critical section [integrity check]
2024-09-05 11:42:49,149 [INFO] ThirdPartyUpdaterWithRetryManager:70 - Updater plugin not ready yet. [1/15]
2024-09-05 11:42:49,175 [INFO] PluginManage:359 - Loaded plugin tools (category:base,tabindex:7)
2024-09-05 11:42:49,176 [INFO] PluginManage:310 - Check plugin tutovideos
2024-09-05 11:42:49,354 [INFO] PluginManage:359 - Loaded plugin tutovideos (category:base,tabindex:-1)
2024-09-05 11:42:49,354 [INFO] PluginManage:310 - Check plugin updater
2024-09-05 11:42:49,372 [INFO] PluginManage:359 - Loaded plugin updater (category:base,tabindex:12)
2024-09-05 11:42:49,372 [INFO] PluginManage:310 - Check plugin userauth
2024-09-05 11:42:49,379 [INFO] UserAuth:113 - Init User Auth plugin
2024-09-05 11:42:49,379 [INFO] PluginManage:359 - Loaded plugin userauth (category:base,tabindex:14)
2024-09-05 11:42:49,379 [INFO] PluginManage:283 - PluginManage : Loaded plugins [18]
2024-09-05 11:42:49,595 [INFO] PinOutPanel:1561 - setPackage(No Configuration,No Configuration)
2024-09-05 11:42:49,707 [INFO] CADModel:165 - CPN selected for project level
2024-09-05 11:42:49,707 [INFO] CADModel:114 - Register for checkConnection events
2024-09-05 11:42:49,846 [INFO] IPUIPlugin:80 - create IPUIPlugin
2024-09-05 11:42:49,846 [INFO] PluginManager:220 - loadIPPluginJar : add adc
2024-09-05 11:42:49,849 [INFO] IPUIPlugin:80 - create IPUIPlugin
2024-09-05 11:42:49,849 [INFO] PluginManager:220 - loadIPPluginJar : add aes
2024-09-05 11:42:49,852 [INFO] IPUIPlugin:80 - create IPUIPlugin
2024-09-05 11:42:49,852 [INFO] PluginManager:220 - loadIPPluginJar : add can
2024-09-05 11:42:49,853 [INFO] IPUIPlugin:80 - create IPUIPlugin
2024-09-05 11:42:49,853 [INFO] PluginManager:220 - loadIPPluginJar : add comp
2024-09-05 11:42:49,855 [INFO] IPUIPlugin:80 - create IPUIPlugin
2024-09-05 11:42:49,856 [INFO] PluginManager:220 - loadIPPluginJar : add cryp
2024-09-05 11:42:49,859 [INFO] IPUIPlugin:80 - create IPUIPlugin
2024-09-05 11:42:49,859 [INFO] PluginManager:220 - loadIPPluginJar : add ddr_ctrl_phy
2024-09-05 11:42:49,862 [INFO] IPUIPlugin:80 - create IPUIPlugin
2024-09-05 11:42:49,862 [INFO] PluginManager:220 - loadIPPluginJar : add dfsdm
2024-09-05 11:42:49,867 [INFO] IPUIPlugin:80 - create IPUIPlugin
2024-09-05 11:42:49,868 [INFO] PluginManager:220 - loadIPPluginJar : add dma
2024-09-05 11:42:49,870 [INFO] IPUIPlugin:80 - create IPUIPlugin
2024-09-05 11:42:49,871 [INFO] PluginManager:220 - loadIPPluginJar : add dma3
2024-09-05 11:42:49,891 [INFO] IPUIPlugin:80 - create IPUIPlugin
2024-09-05 11:42:49,891 [INFO] PluginManager:220 - loadIPPluginJar : add extmemmanager
2024-09-05 11:42:49,893 [INFO] IPUIPlugin:80 - create IPUIPlugin
2024-09-05 11:42:49,893 [INFO] PluginManager:220 - loadIPPluginJar : add fatfs
2024-09-05 11:42:49,898 [INFO] IPUIPlugin:80 - create IPUIPlugin
2024-09-05 11:42:49,898 [INFO] PluginManager:220 - loadIPPluginJar : add fmc
2024-09-05 11:42:49,905 [INFO] IPUIPlugin:80 - create IPUIPlugin
2024-09-05 11:42:49,906 [INFO] PluginManager:220 - loadIPPluginJar : add freertos
2024-09-05 11:42:49,907 [INFO] IPUIPlugin:80 - create IPUIPlugin
2024-09-05 11:42:49,908 [INFO] PluginManager:220 - loadIPPluginJar : add genericplugin
2024-09-05 11:42:49,910 [INFO] IPUIPlugin:80 - create IPUIPlugin
2024-09-05 11:42:49,910 [INFO] PluginManager:220 - loadIPPluginJar : add gfxmmu
2024-09-05 11:42:49,916 [INFO] IPUIPlugin:80 - create IPUIPlugin
2024-09-05 11:42:49,916 [INFO] PluginManager:220 - loadIPPluginJar : add gic
2024-09-05 11:42:49,920 [INFO] IPUIPlugin:80 - create IPUIPlugin
2024-09-05 11:42:49,920 [INFO] PluginManager:220 - loadIPPluginJar : add gpio
2024-09-05 11:42:49,922 [INFO] IPUIPlugin:80 - create IPUIPlugin
2024-09-05 11:42:49,923 [INFO] PluginManager:220 - loadIPPluginJar : add gtzc
2024-09-05 11:42:49,925 [INFO] IPUIPlugin:80 - create IPUIPlugin
2024-09-05 11:42:49,925 [INFO] PluginManager:220 - loadIPPluginJar : add hash
2024-09-05 11:42:49,927 [INFO] IPUIPlugin:80 - create IPUIPlugin
2024-09-05 11:42:49,927 [INFO] PluginManager:220 - loadIPPluginJar : add i2c
2024-09-05 11:42:49,930 [INFO] IPUIPlugin:80 - create IPUIPlugin
2024-09-05 11:42:49,930 [INFO] PluginManager:220 - loadIPPluginJar : add i2s
2024-09-05 11:42:49,933 [INFO] IPUIPlugin:80 - create IPUIPlugin
2024-09-05 11:42:49,933 [INFO] PluginManager:220 - loadIPPluginJar : add i3c
2024-09-05 11:42:49,937 [INFO] IPUIPlugin:80 - create IPUIPlugin
2024-09-05 11:42:49,937 [INFO] PluginManager:220 - loadIPPluginJar : add ipddr
2024-09-05 11:42:49,945 [INFO] IPUIPlugin:80 - create IPUIPlugin
2024-09-05 11:42:49,945 [INFO] PluginManager:220 - loadIPPluginJar : add linkedlist
2024-09-05 11:42:49,961 [INFO] IPUIPlugin:80 - create IPUIPlugin
2024-09-05 11:42:49,961 [INFO] PluginManager:220 - loadIPPluginJar : add lorawan
2024-09-05 11:42:49,963 [INFO] IPUIPlugin:80 - create IPUIPlugin
2024-09-05 11:42:49,963 [INFO] PluginManager:220 - loadIPPluginJar : add ltdc
2024-09-05 11:42:49,984 [INFO] IPUIPlugin:80 - create IPUIPlugin
2024-09-05 11:42:49,984 [INFO] PluginManager:220 - loadIPPluginJar : add mdma
2024-09-05 11:42:49,987 [INFO] IPUIPlugin:80 - create IPUIPlugin
2024-09-05 11:42:49,988 [INFO] PluginManager:220 - loadIPPluginJar : add nvic
2024-09-05 11:42:49,991 [INFO] IPUIPlugin:80 - create IPUIPlugin
2024-09-05 11:42:49,991 [INFO] PluginManager:220 - loadIPPluginJar : add opamp
2024-09-05 11:42:49,994 [INFO] IPUIPlugin:80 - create IPUIPlugin
2024-09-05 11:42:49,994 [INFO] PluginManager:220 - loadIPPluginJar : add openamp
2024-09-05 11:42:49,997 [INFO] IPUIPlugin:80 - create IPUIPlugin
2024-09-05 11:42:49,997 [INFO] PluginManager:220 - loadIPPluginJar : add pdm2pcm
2024-09-05 11:42:50,003 [INFO] IPUIPlugin:80 - create IPUIPlugin
2024-09-05 11:42:50,005 [INFO] PluginManager:220 - loadIPPluginJar : add plateformsettings
2024-09-05 11:42:50,006 [INFO] IPUIPlugin:80 - create IPUIPlugin
2024-09-05 11:42:50,007 [INFO] PluginManager:220 - loadIPPluginJar : add quadspi
2024-09-05 11:42:50,008 [INFO] IPUIPlugin:80 - create IPUIPlugin
2024-09-05 11:42:50,009 [INFO] PluginManager:220 - loadIPPluginJar : add radio
2024-09-05 11:42:50,012 [INFO] IPUIPlugin:80 - create IPUIPlugin
2024-09-05 11:42:50,012 [INFO] PluginManager:220 - loadIPPluginJar : add resmgrutility
2024-09-05 11:42:50,015 [INFO] IPUIPlugin:80 - create IPUIPlugin
2024-09-05 11:42:50,015 [INFO] PluginManager:220 - loadIPPluginJar : add sai
2024-09-05 11:42:50,018 [INFO] IPUIPlugin:80 - create IPUIPlugin
2024-09-05 11:42:50,018 [INFO] PluginManager:220 - loadIPPluginJar : add spi
2024-09-05 11:42:50,024 [INFO] IPUIPlugin:80 - create IPUIPlugin
2024-09-05 11:42:50,024 [INFO] PluginManager:220 - loadIPPluginJar : add stm32_wpan
2024-09-05 11:42:50,026 [INFO] IPUIPlugin:80 - create IPUIPlugin
2024-09-05 11:42:50,026 [INFO] PluginManager:220 - loadIPPluginJar : add tim
2024-09-05 11:42:50,029 [INFO] IPUIPlugin:80 - create IPUIPlugin
2024-09-05 11:42:50,029 [INFO] PluginManager:220 - loadIPPluginJar : add touchsensing
2024-09-05 11:42:50,030 [INFO] IPUIPlugin:80 - create IPUIPlugin
2024-09-05 11:42:50,031 [INFO] PluginManager:220 - loadIPPluginJar : add tracer_emb
2024-09-05 11:42:50,032 [INFO] IPUIPlugin:80 - create IPUIPlugin
2024-09-05 11:42:50,032 [INFO] PluginManager:220 - loadIPPluginJar : add ts
2024-09-05 11:42:50,034 [INFO] IPUIPlugin:80 - create IPUIPlugin
2024-09-05 11:42:50,034 [INFO] PluginManager:220 - loadIPPluginJar : add tsc
2024-09-05 11:42:50,035 [INFO] IPUIPlugin:80 - create IPUIPlugin
2024-09-05 11:42:50,036 [INFO] PluginManager:220 - loadIPPluginJar : add ucpd
2024-09-05 11:42:50,039 [INFO] IPUIPlugin:80 - create IPUIPlugin
2024-09-05 11:42:50,039 [INFO] PluginManager:220 - loadIPPluginJar : add usart
2024-09-05 11:42:50,042 [INFO] IPUIPlugin:80 - create IPUIPlugin
2024-09-05 11:42:50,042 [INFO] PluginManager:220 - loadIPPluginJar : add usbx
2024-09-05 11:42:50,182 [INFO] CADModel:165 - CPN selected for project level
2024-09-05 11:42:50,183 [INFO] CADModel:114 - Register for checkConnection events
2024-09-05 11:42:50,183 [FATAL] Updater:334 - Updater called before beeing initialized
2024-09-05 11:42:50,183 [ERROR] CADModel:125 - Updater not yet initialized, retry later 
2024-09-05 11:42:50,323 [INFO] CADModel:165 - CPN selected for project level
2024-09-05 11:42:50,323 [INFO] CADModel:114 - Register for checkConnection events
2024-09-05 11:42:50,323 [FATAL] Updater:334 - Updater called before beeing initialized
2024-09-05 11:42:50,324 [ERROR] CADModel:125 - Updater not yet initialized, retry later 
2024-09-05 11:42:50,327 [FATAL] Updater:334 - Updater called before beeing initialized
2024-09-05 11:42:50,441 [FATAL] Updater:334 - Updater called before beeing initialized
2024-09-05 11:42:50,445 [INFO] DbMcusAds:53 - JSON generation date=Thu May 16 10:22:00 BST 2024 (1715851320667)
2024-09-05 11:42:50,445 [FATAL] Updater:334 - Updater called before beeing initialized
2024-09-05 11:42:50,486 [WARN] DetailPanel:346 - Failed to get advertising image, set to default
2024-09-05 11:42:50,574 [FATAL] Updater:334 - Updater called before beeing initialized
2024-09-05 11:42:50,576 [FATAL] Updater:334 - Updater called before beeing initialized
2024-09-05 11:42:50,576 [FATAL] Updater:334 - Updater called before beeing initialized
2024-09-05 11:42:50,576 [WARN] DetailPanel:346 - Failed to get advertising image, set to default
2024-09-05 11:42:50,577 [FATAL] Updater:334 - Updater called before beeing initialized
2024-09-05 11:42:50,633 [ERROR] Updater:1164 - MainUpdater not yet initialized. External WinMGr cannot be set.
2024-09-05 11:42:50,635 [INFO] Updater:1100 - Updater Version found : 6.12.0
2024-09-05 11:42:50,657 [INFO] ApplicationProperties:184 - Using Application install path: C:\ST\STM32CubeIDE_1.16.0\STM32CubeIDE\plugins\com.st.stm32cube.common.mx_6.12.0.202406281431
2024-09-05 11:42:51,450 [INFO] MainUpdater:2873 - connection check result : 10
2024-09-05 11:42:51,450 [INFO] MainUpdater:3567 - Updater definition file requires update
2024-09-05 11:42:51,452 [INFO] MainUpdater:290 - Updater Check For Update Now.
2024-09-05 11:42:51,452 [INFO] MicroXplorer:498 - Change Database Version : DB.6.0.120
2024-09-05 11:42:51,459 [INFO] McuFinderGlobals:63 - Set McuFinder mode to 2 (CubeIDE integrated)
2024-09-05 11:42:51,460 [INFO] UserAuth:417 - Internet connection configuration mode: 1
2024-09-05 11:42:51,525 [INFO] ServerAccessManage:473 - Download File updaters.zip
2024-09-05 11:42:51,527 [INFO] JxBrowserEngine:152 - Initiate JxBrowser Engine with user profile folder
2024-09-05 11:42:51,731 [INFO] FileExtend:240 - Unzip File : updaters.zip
2024-09-05 11:42:51,732 [INFO] FileExtend:255 - Standard Zip Deflate
2024-09-05 11:42:52,151 [WARN] MainUpdater:1194 - Updater busy. Cannot search thirdparties
2024-09-05 11:42:52,151 [INFO] ThirdPartyUpdaterWithRetryManager:96 - Updater plugin is busy. [1/15]
2024-09-05 11:42:52,241 [INFO] ServerAccessManage:473 - Download File PacksControlFlags.xml
2024-09-05 11:42:52,361 [INFO] ServerAccessManage:473 - Download File cubemx.pidx
2024-09-05 11:42:54,545 [INFO] ServerAccessManage:473 - Download File STMicroelectronics.X-CUBE-MEMS1.pdsc
2024-09-05 11:42:55,152 [WARN] MainUpdater:1194 - Updater busy. Cannot search thirdparties
2024-09-05 11:42:55,152 [INFO] ThirdPartyUpdaterWithRetryManager:96 - Updater plugin is busy. [2/15]
2024-09-05 11:42:58,152 [WARN] MainUpdater:1194 - Updater busy. Cannot search thirdparties
2024-09-05 11:42:58,153 [INFO] ThirdPartyUpdaterWithRetryManager:96 - Updater plugin is busy. [3/15]
2024-09-05 11:42:58,792 [INFO] ServerAccessManage:473 - Download File STMicroelectronics.X-CUBE-AZRTOS-H7.pdsc
2024-09-05 11:43:01,153 [WARN] MainUpdater:1194 - Updater busy. Cannot search thirdparties
2024-09-05 11:43:01,154 [INFO] ThirdPartyUpdaterWithRetryManager:96 - Updater plugin is busy. [4/15]
2024-09-05 11:43:04,154 [WARN] MainUpdater:1194 - Updater busy. Cannot search thirdparties
2024-09-05 11:43:04,154 [INFO] ThirdPartyUpdaterWithRetryManager:96 - Updater plugin is busy. [5/15]
2024-09-05 11:43:04,931 [WARN] PackLoader:240 - Cannot read IP mode file for STMicroelectronics.X-CUBE-MEMS1.11.0.0
2024-09-05 11:43:04,941 [INFO] CheckServerUpdateThread:120 - End of CheckServer Thread
2024-09-05 11:43:05,215 [WARN] PackLoader:240 - Cannot read IP mode file for STMicroelectronics.X-CUBE-AZRTOS-H7.3.3.0
2024-09-05 11:43:05,224 [INFO] PopulateThirdPartyThread:66 - Ending populate Thread
2024-09-05 11:43:05,227 [INFO] ThirdParty:1030 - CMSIS Pack Vendor :STMicroelectronics X-CUBE-AZRTOS-H7 3.3.0
2024-09-05 11:43:05,227 [INFO] ThirdParty:1030 - CMSIS Pack Vendor :STMicroelectronics X-CUBE-MEMS1 11.0.0
2024-09-05 11:43:05,227 [INFO] LoadServerUpdatesThread:375 - End of LoadServerUpdate Thread
2024-09-05 11:43:07,381 [WARN] PackLoader:240 - Cannot read IP mode file for STMicroelectronics.FP-SNS-MOTENVWB1.1.4.0
2024-09-05 11:43:07,387 [WARN] PackLoader:240 - Cannot read IP mode file for STMicroelectronics.X-CUBE-SMBUS.2.1.0
2024-09-05 11:43:07,402 [WARN] PackLoader:240 - Cannot read IP mode file for STMicroelectronics.X-CUBE-AZRTOS-F7.1.1.0
2024-09-05 11:43:07,452 [WARN] PackLoader:240 - Cannot read IP mode file for STMicroelectronics.X-CUBE-MEMS1.11.0.0
2024-09-05 11:43:07,665 [WARN] PackLoader:240 - Cannot read IP mode file for STMicroelectronics.FP-SNS-FLIGHT1.5.0.2
2024-09-05 11:43:07,682 [WARN] PackLoader:240 - Cannot read IP mode file for STMicroelectronics.X-CUBE-DISPLAY.3.0.0
2024-09-05 11:43:07,701 [WARN] PackLoader:240 - Cannot read IP mode file for STMicroelectronics.X-CUBE-BLE1.7.0.0
2024-09-05 11:43:07,714 [WARN] PackLoader:240 - Cannot read IP mode file for emotas.I-CUBE-CANOPEN.1.3.0
2024-09-05 11:43:07,738 [WARN] PackLoader:240 - Cannot read IP mode file for STMicroelectronics.X-CUBE-BLEMGR.3.1.0
2024-09-05 11:43:07,753 [WARN] PackLoader:240 - Cannot read IP mode file for STMicroelectronics.FP-SNS-SMARTAG2.1.2.0
2024-09-05 11:43:07,770 [INFO] LogOutputStream:77 - [STDOUT_REDIRECT] 1 : Invalid condition id : UX_CORESTACK_Condition cause : null
2024-09-05 11:43:07,772 [INFO] LogOutputStream:77 - [STDOUT_REDIRECT] 1 : Invalid condition id : UX_CORESTACK_Condition cause : null
2024-09-05 11:43:07,774 [INFO] LogOutputStream:77 - [STDOUT_REDIRECT] 1 : Invalid condition id : UX_CORESTACK_Condition cause : null
2024-09-05 11:43:07,775 [INFO] LogOutputStream:77 - [STDOUT_REDIRECT] 1 : Invalid condition id : UX_CORESTACK_Condition cause : null
2024-09-05 11:43:07,777 [INFO] LogOutputStream:77 - [STDOUT_REDIRECT] 1 : Invalid condition id : UX_CORESTACK_Condition cause : null
2024-09-05 11:43:07,782 [WARN] PackLoader:240 - Cannot read IP mode file for STMicroelectronics.X-CUBE-AZRTOS-WL.2.0.0
2024-09-05 11:43:07,793 [WARN] PackLoader:240 - Cannot read IP mode file for STMicroelectronics.FP-SNS-MOTENV1.5.0.0
2024-09-05 11:43:07,803 [WARN] PackLoader:240 - Cannot read IP mode file for wolfSSL.I-CUBE-wolfMQTT.1.19.0
2024-09-05 11:43:07,819 [WARN] PackLoader:240 - Cannot read IP mode file for WES.I-CUBE-Cesium.1.3.0
2024-09-05 11:43:07,830 [WARN] PackLoader:240 - Cannot read IP mode file for STMicroelectronics.X-CUBE-BLE2.3.3.0
2024-09-05 11:43:07,843 [WARN] PackLoader:240 - Cannot read IP mode file for STMicroelectronics.X-CUBE-TCPP.4.1.0
2024-09-05 11:43:07,881 [WARN] PackLoader:240 - Cannot read IP mode file for STMicroelectronics.X-CUBE-AZRTOS-G0.1.1.0
2024-09-05 11:43:07,897 [WARN] PackLoader:240 - Cannot read IP mode file for STMicroelectronics.X-CUBE-SAFEA1.1.2.2
2024-09-05 11:43:07,910 [WARN] PackLoader:240 - Cannot read IP mode file for STMicroelectronics.X-CUBE-NFC4.3.0.0
2024-09-05 11:43:07,928 [WARN] PackLoader:240 - Cannot read IP mode file for EmbeddedOffice.I-CUBE-FS-RTOS.1.0.1
2024-09-05 11:43:07,928 [ERROR] ConditionMgr:805 - Attr not supported : Dmpu
2024-09-05 11:43:07,929 [ERROR] ConditionMgr:805 - Attr not supported : Dmpu
2024-09-05 11:43:07,929 [ERROR] ConditionMgr:805 - Attr not supported : Dmpu
2024-09-05 11:43:07,929 [ERROR] ConditionMgr:805 - Attr not supported : Dmpu
2024-09-05 11:43:07,929 [ERROR] ConditionMgr:805 - Attr not supported : Dmpu
2024-09-05 11:43:07,929 [ERROR] ConditionMgr:805 - Attr not supported : Dmpu
2024-09-05 11:43:07,929 [ERROR] ConditionMgr:805 - Attr not supported : Dmpu
2024-09-05 11:43:07,929 [ERROR] ConditionMgr:805 - Attr not supported : Dmpu
2024-09-05 11:43:07,929 [ERROR] ConditionMgr:805 - Attr not supported : Dmpu
2024-09-05 11:43:07,929 [ERROR] ConditionMgr:805 - Attr not supported : Dmpu
2024-09-05 11:43:07,929 [ERROR] ConditionMgr:805 - Attr not supported : Dmpu
2024-09-05 11:43:07,929 [ERROR] ConditionMgr:805 - Attr not supported : Dmpu
2024-09-05 11:43:07,929 [ERROR] ConditionMgr:805 - Attr not supported : Dmpu
2024-09-05 11:43:07,930 [ERROR] ConditionMgr:805 - Attr not supported : Dmpu
2024-09-05 11:43:07,930 [ERROR] ConditionMgr:805 - Attr not supported : Dmpu
2024-09-05 11:43:07,930 [ERROR] ConditionMgr:805 - Attr not supported : Dmpu
2024-09-05 11:43:07,930 [ERROR] ConditionMgr:805 - Attr not supported : Dmpu
2024-09-05 11:43:07,930 [ERROR] ConditionMgr:805 - Attr not supported : Dmpu
2024-09-05 11:43:07,930 [ERROR] ConditionMgr:805 - Attr not supported : Dmpu
2024-09-05 11:43:07,930 [ERROR] ConditionMgr:805 - Attr not supported : Dmpu
2024-09-05 11:43:07,930 [ERROR] ConditionMgr:805 - Attr not supported : Dmpu
2024-09-05 11:43:07,930 [ERROR] ConditionMgr:805 - Attr not supported : Dmpu
2024-09-05 11:43:07,931 [ERROR] ConditionMgr:805 - Attr not supported : Dmpu
2024-09-05 11:43:07,931 [ERROR] ConditionMgr:805 - Attr not supported : Dmpu
2024-09-05 11:43:07,931 [ERROR] ConditionMgr:805 - Attr not supported : Dmpu
2024-09-05 11:43:07,931 [ERROR] ConditionMgr:805 - Attr not supported : Dmpu
2024-09-05 11:43:07,931 [ERROR] ConditionMgr:805 - Attr not supported : Dmpu
2024-09-05 11:43:07,931 [ERROR] ConditionMgr:805 - Attr not supported : Dmpu
2024-09-05 11:43:07,931 [ERROR] ConditionMgr:805 - Attr not supported : Dmpu
2024-09-05 11:43:07,931 [ERROR] ConditionMgr:805 - Attr not supported : Dmpu
2024-09-05 11:43:07,931 [ERROR] ConditionMgr:805 - Attr not supported : Dmpu
2024-09-05 11:43:07,931 [ERROR] ConditionMgr:805 - Attr not supported : Dmpu
2024-09-05 11:43:07,931 [ERROR] ConditionMgr:805 - Attr not supported : Dmpu
2024-09-05 11:43:07,931 [ERROR] ConditionMgr:805 - Attr not supported : Dmpu
2024-09-05 11:43:07,931 [ERROR] ConditionMgr:805 - Attr not supported : Dmpu
2024-09-05 11:43:07,931 [ERROR] ConditionMgr:805 - Attr not supported : Dmpu
2024-09-05 11:43:07,932 [ERROR] ConditionMgr:805 - Attr not supported : Dmpu
2024-09-05 11:43:07,932 [ERROR] ConditionMgr:805 - Attr not supported : Dmpu
2024-09-05 11:43:07,932 [ERROR] ConditionMgr:805 - Attr not supported : Dmpu
2024-09-05 11:43:07,932 [ERROR] ConditionMgr:805 - Attr not supported : Dmpu
2024-09-05 11:43:07,932 [ERROR] ConditionMgr:805 - Attr not supported : Dmpu
2024-09-05 11:43:07,932 [ERROR] ConditionMgr:805 - Attr not supported : Dmpu
2024-09-05 11:43:07,932 [ERROR] ConditionMgr:805 - Attr not supported : Dmpu
2024-09-05 11:43:07,933 [ERROR] ConditionMgr:805 - Attr not supported : Dmpu
2024-09-05 11:43:07,933 [ERROR] ConditionMgr:805 - Attr not supported : Dmpu
2024-09-05 11:43:07,933 [ERROR] ConditionMgr:805 - Attr not supported : Dmpu
2024-09-05 11:43:07,933 [ERROR] ConditionMgr:805 - Attr not supported : Dmpu
2024-09-05 11:43:07,933 [ERROR] ConditionMgr:805 - Attr not supported : Dmpu
2024-09-05 11:43:07,933 [ERROR] ConditionMgr:805 - Attr not supported : Dmpu
2024-09-05 11:43:07,933 [ERROR] ConditionMgr:805 - Attr not supported : Dmpu
2024-09-05 11:43:07,933 [ERROR] ConditionMgr:805 - Attr not supported : Dmpu
2024-09-05 11:43:07,933 [ERROR] ConditionMgr:805 - Attr not supported : Dmpu
2024-09-05 11:43:07,933 [ERROR] ConditionMgr:805 - Attr not supported : Dmpu
2024-09-05 11:43:07,933 [ERROR] ConditionMgr:805 - Attr not supported : Dmpu
2024-09-05 11:43:07,933 [ERROR] ConditionMgr:805 - Attr not supported : Dmpu
2024-09-05 11:43:07,934 [ERROR] ConditionMgr:805 - Attr not supported : Dmpu
2024-09-05 11:43:07,934 [ERROR] ConditionMgr:805 - Attr not supported : Dmpu
2024-09-05 11:43:07,934 [ERROR] ConditionMgr:805 - Attr not supported : Dmpu
2024-09-05 11:43:07,934 [ERROR] ConditionMgr:805 - Attr not supported : Dmpu
2024-09-05 11:43:07,934 [ERROR] ConditionMgr:805 - Attr not supported : Dmpu
2024-09-05 11:43:07,934 [ERROR] ConditionMgr:805 - Attr not supported : Dmpu
2024-09-05 11:43:07,934 [ERROR] ConditionMgr:805 - Attr not supported : Dmpu
2024-09-05 11:43:07,934 [ERROR] ConditionMgr:805 - Attr not supported : Dmpu
2024-09-05 11:43:07,934 [ERROR] ConditionMgr:805 - Attr not supported : Dmpu
2024-09-05 11:43:07,945 [WARN] PackLoader:240 - Cannot read IP mode file for RealThread.X-CUBE-RT-Thread_Nano.4.1.1
2024-09-05 11:43:07,953 [WARN] PackLoader:240 - Cannot read IP mode file for wolfSSL.I-CUBE-wolfSSL.5.7.0
2024-09-05 11:43:07,964 [WARN] PackLoader:240 - Cannot read IP mode file for STMicroelectronics.FP-ATR-SIGFOX1.3.2.0
2024-09-05 11:43:08,012 [WARN] PackLoader:240 - Cannot read IP mode file for STMicroelectronics.X-CUBE-EEPRMA1.5.1.0
2024-09-05 11:43:08,026 [WARN] PackLoader:240 - Cannot read IP mode file for ITTIA_DB.I-CUBE-ITTIADB.8.9.0
2024-09-05 11:43:08,077 [WARN] PackLoader:240 - Cannot read IP mode file for SEGGER.I-CUBE-embOS.1.3.1
2024-09-05 11:43:08,162 [WARN] PackLoader:240 - Cannot read IP mode file for STMicroelectronics.X-CUBE-ALGOBUILD.1.4.0
2024-09-05 11:43:08,174 [WARN] PackLoader:240 - Cannot read IP mode file for STMicroelectronics.X-CUBE-GNSS1.6.0.0
2024-09-05 11:43:08,194 [WARN] PackLoader:240 - Cannot read IP mode file for STMicroelectronics.X-CUBE-AZRTOS-F4.1.1.0
2024-09-05 11:43:08,206 [WARN] PackLoader:240 - Cannot read IP mode file for STMicroelectronics.X-CUBE-FREERTOS.1.2.0
2024-09-05 11:43:08,360 [WARN] PackLoader:240 - Cannot read IP mode file for STMicroelectronics.X-CUBE-AZRTOS-L5.2.0.0
2024-09-05 11:43:08,380 [WARN] PackLoader:240 - Cannot read IP mode file for STMicroelectronics.X-CUBE-NFC6.3.1.0
2024-09-05 11:43:08,396 [WARN] PackLoader:240 - Cannot read IP mode file for STMicroelectronics.X-CUBE-DPower.1.2.0
2024-09-05 11:43:08,405 [WARN] PackLoader:240 - Cannot read IP mode file for STMicroelectronics.X-CUBE-AI.9.0.0
2024-09-05 11:43:08,446 [WARN] PackLoader:240 - Cannot read IP mode file for STMicroelectronics.X-CUBE-NFC7.1.0.1
2024-09-05 11:43:08,455 [WARN] PackLoader:240 - Cannot read IP mode file for wolfSSL.I-CUBE-wolfTPM.3.2.0
2024-09-05 11:43:08,483 [WARN] ConditionMgr:438 - getConditionDescription Invalid condition id : LAN8742 Phy interface Condition cause : null
2024-09-05 11:43:08,483 [WARN] PackLoader:240 - Cannot read IP mode file for STMicroelectronics.X-CUBE-AZRTOS-L4.2.0.0
2024-09-05 11:43:08,485 [WARN] ConditionMgr:1039 - genDependencies : Invalid condition id : LAN8742 Phy interface Condition cause : null
2024-09-05 11:43:08,486 [WARN] ConditionMgr:1039 - genDependencies : Invalid condition id : LAN8742 Phy interface Condition cause : null
2024-09-05 11:43:08,486 [WARN] ConditionMgr:1039 - genDependencies : Invalid condition id : LAN8742 Phy interface Condition cause : null
2024-09-05 11:43:08,500 [WARN] PackLoader:240 - Cannot read IP mode file for STMicroelectronics.X-CUBE-SFXS2LP1.4.0.0
2024-09-05 11:43:08,533 [WARN] PackLoader:240 - Cannot read IP mode file for STMicroelectronics.X-CUBE-AZRTOS-H7.3.3.0
2024-09-05 11:43:08,557 [WARN] ConditionMgr:438 - getConditionDescription Invalid condition id : UX DEVICE CLASS RTOS Condition cause : null
2024-09-05 11:43:08,557 [WARN] ConditionMgr:438 - getConditionDescription Invalid condition id : UX DEVICE CLASS RTOS Condition cause : null
2024-09-05 11:43:08,561 [WARN] PackLoader:240 - Cannot read IP mode file for STMicroelectronics.X-CUBE-AZRTOS-WB.2.0.0
2024-09-05 11:43:08,562 [WARN] ConditionMgr:1039 - genDependencies : Invalid condition id : UX DEVICE CLASS RTOS Condition cause : null
2024-09-05 11:43:08,562 [WARN] ConditionMgr:1039 - genDependencies : Invalid condition id : UX DEVICE CLASS RTOS Condition cause : null
2024-09-05 11:43:08,563 [WARN] ConditionMgr:1039 - genDependencies : Invalid condition id : UX DEVICE CLASS RTOS Condition cause : null
2024-09-05 11:43:08,564 [WARN] ConditionMgr:1039 - genDependencies : Invalid condition id : UX DEVICE CLASS RTOS Condition cause : null
2024-09-05 11:43:08,564 [WARN] ConditionMgr:1039 - genDependencies : Invalid condition id : UX DEVICE CLASS RTOS Condition cause : null
2024-09-05 11:43:08,577 [WARN] PackLoader:240 - Cannot read IP mode file for STMicroelectronics.FP-SNS-STBOX1.2.0.0
2024-09-05 11:43:08,599 [WARN] PackLoader:240 - Cannot read IP mode file for STMicroelectronics.X-CUBE-SUBG2.5.0.0
2024-09-05 11:43:08,659 [WARN] PackLoader:240 - Cannot read IP mode file for Cesanta.I-CUBE-Mongoose.7.13.0
2024-09-05 11:43:08,689 [WARN] PackLoader:240 - Cannot read IP mode file for STMicroelectronics.X-CUBE-AZRTOS-G4.2.0.0
2024-09-05 11:43:08,704 [WARN] PackLoader:240 - Cannot read IP mode file for STMicroelectronics.X-CUBE-ISPU.2.0.0
2024-09-05 11:43:08,716 [WARN] PackLoader:240 - Cannot read IP mode file for STMicroelectronics.X-CUBE-ALS.1.0.2
2024-09-05 11:43:08,771 [WARN] PackLoader:240 - Cannot read IP mode file for STMicroelectronics.X-CUBE-MEMS1.10.0.0
2024-09-05 11:43:08,987 [WARN] PackLoader:240 - Cannot read IP mode file for STMicroelectronics.X-CUBE-TOUCHGFX.4.24.0
2024-09-05 11:43:09,030 [WARN] PackLoader:240 - Cannot read IP mode file for portGmbH.I-Cube-SoM-uGOAL.1.1.0
2024-09-05 11:43:09,059 [WARN] PackLoader:240 - Cannot read IP mode file for STMicroelectronics.X-CUBE-AZRTOS-H7RS.1.0.0
2024-09-05 11:43:09,072 [WARN] PackLoader:240 - Cannot read IP mode file for STMicroelectronics.FP-ATR-ASTRA1.2.0.0
2024-09-05 11:43:09,089 [WARN] PackLoader:240 - Cannot read IP mode file for STMicroelectronics.X-CUBE-TOF1.3.4.2
2024-09-05 11:43:09,124 [WARN] PackLoader:240 - Cannot read IP mode file for STMicroelectronics.X-CUBE-TOF1.3.4.1
2024-09-05 11:43:09,173 [WARN] PackLoader:240 - Cannot read IP mode file for STMicroelectronics.X-CUBE-AZRTOS-H7.3.2.0
2024-09-05 11:43:09,208 [WARN] PackLoader:240 - Cannot read IP mode file for Infineon.AIROC-Wi-Fi-Bluetooth-STM32.1.6.0
2024-09-05 11:43:09,226 [WARN] PackLoader:240 - Cannot read IP mode file for wolfSSL.I-CUBE-wolfSSH.1.4.17
2024-09-05 11:43:09,227 [INFO] ThirdParty:978 - Integrity check success = true
2024-09-05 11:43:09,228 [INFO] IntegrityCheckThread:100 - exiting critical section [integrity check]
2024-09-05 11:43:09,228 [INFO] IntegrityCheckThread:103 - End integrity checks thread
2024-09-05 11:43:10,654 [INFO] WebApp:167 - Instantiating new browser for Auth
2024-09-05 11:43:12,336 [INFO] WebApp:448 - Apply proxy settings
2024-09-05 11:43:12,336 [INFO] WebApp:533 - Chromium requires no authentication
2024-09-05 11:43:12,348 [INFO] WebApp:476 - Direct internet connection detected
2024-09-05 11:43:12,374 [INFO] WebApp:869 - Register for checkConnection events
2024-09-05 11:43:12,374 [INFO] WebApp:448 - Apply proxy settings
2024-09-05 11:43:12,374 [INFO] WebApp:533 - Chromium requires no authentication
2024-09-05 11:43:12,375 [INFO] WebApp:476 - Direct internet connection detected
2024-09-05 11:43:12,585 [INFO] WebApp:220 - Starting web application
2024-09-05 11:43:12,586 [INFO] WebApp:578 - Web application path used C:\ST\STM32CubeIDE_1.16.0\STM32CubeIDE\plugins\com.st.stm32cube.common.mx_6.12.0.202406281431\db\plugins\mcufinder\reactClient1\index.html
2024-09-05 11:43:12,994 [INFO] UserAuth:417 - Internet connection configuration mode: 1
2024-09-05 11:43:13,311 [INFO] WebApp:186 - Connection restablished
2024-09-05 11:45:22,898 [ERROR] LogOutputStream:75 - [STDERR_REDIRECT] 
2024-09-05 11:47:38,801 [INFO] Activator:176 - 


2024-09-05 11:47:38,802 [INFO] Activator:177 - !SESSION log4j initialized
2024-09-05 11:47:42,573 [INFO] LogOutputStream:77 - [STDOUT_REDIRECT] 
2024-09-05 11:47:48,403 [INFO] ApplicationProperties:184 - Using Application install path: C:\ST\STM32CubeIDE_1.16.0\STM32CubeIDE\plugins\com.st.stm32cube.common.mx_6.12.0.202406281431
2024-09-05 11:47:48,438 [INFO] DbMcusXml:78 - Set database path to: C:\ST\STM32CubeIDE_1.16.0\STM32CubeIDE\plugins\com.st.stm32cube.common.mx_6.12.0.202406281431\\db\/mcu/
2024-09-05 11:47:48,438 [INFO] ApiDb:274 - Set plugin database path to: C:\ST\STM32CubeIDE_1.16.0\STM32CubeIDE\plugins\com.st.stm32cube.common.mx_6.12.0.202406281431\\db\/plugins/boardmanager/
2024-09-05 11:47:48,439 [WARN] ApiDb:259 - Overriding images path with different value:  => C:\ST\STM32CubeIDE_1.16.0\STM32CubeIDE\plugins\com.st.stm32cube.common.mx_6.12.0.202406281431\\db\/plugins/mcufinder/images/
2024-09-05 11:47:48,448 [INFO] ApiDb:250 - Set database path to: C:\Users\admin\.stmcufinder\plugins\mcufinder//mcu/
2024-09-05 11:47:48,450 [INFO] DbMcusAds:125 - Set database path to: C:\Users\admin\.stmcufinder\plugins\mcufinder//mcu/
2024-09-05 11:47:48,454 [INFO] CrossReferenceDbSqlite:203 - Set database path to: C:\Users\admin\.stmcufinder\plugins\mcufinder//mcu/cs/
2024-09-05 11:47:48,672 [INFO] RulesReader:64 - Compatibility file has been processed (297 Rules)
2024-09-05 11:47:48,894 [INFO] DbMcusXml:78 - Set database path to: C:\ST\STM32CubeIDE_1.16.0\STM32CubeIDE\plugins\com.st.stm32cube.common.mx_6.12.0.202406281431\\db\/mcu/
2024-09-05 11:47:48,895 [INFO] ApiDb:274 - Set plugin database path to: C:\ST\STM32CubeIDE_1.16.0\STM32CubeIDE\plugins\com.st.stm32cube.common.mx_6.12.0.202406281431\\db\/plugins/boardmanager/
2024-09-05 11:47:48,895 [INFO] ApiDb:261 - Set plugin images path to: C:\ST\STM32CubeIDE_1.16.0\STM32CubeIDE\plugins\com.st.stm32cube.common.mx_6.12.0.202406281431\\db\/plugins/mcufinder/images/
2024-09-05 11:47:48,895 [WARN] DbFile:41 - Overriding database path with different value: C:\Users\admin\.stmcufinder\plugins\mcufinder/ => C:\Users\admin\.stmcufinder\plugins\mcufinder
2024-09-05 11:47:48,895 [INFO] ApiDb:250 - Set database path to: C:\Users\admin\.stmcufinder\plugins\mcufinder//mcu/
2024-09-05 11:47:48,896 [WARN] DbFile:41 - Overriding database path with different value: C:\Users\admin\.stmcufinder\plugins\mcufinder/ => C:\Users\admin\.stmcufinder\plugins\mcufinder
2024-09-05 11:47:48,896 [INFO] DbMcusAds:125 - Set database path to: C:\Users\admin\.stmcufinder\plugins\mcufinder//mcu/
2024-09-05 11:47:48,896 [WARN] DbFile:41 - Overriding database path with different value: C:\Users\admin\.stmcufinder\plugins\mcufinder/ => C:\Users\admin\.stmcufinder\plugins\mcufinder
2024-09-05 11:47:48,896 [WARN] DbFile:41 - Overriding database path with different value: C:\Users\admin\.stmcufinder\plugins\mcufinder/ => C:\Users\admin\.stmcufinder\plugins\mcufinder
2024-09-05 11:47:48,896 [INFO] CrossReferenceDbSqlite:203 - Set database path to: C:\Users\admin\.stmcufinder\plugins\mcufinder//mcu/cs/
2024-09-05 11:47:49,071 [INFO] MainPanel:268 - HeapMemory: 268435456
2024-09-05 11:47:49,205 [INFO] DbMcusXml:78 - Set database path to: C:\ST\STM32CubeIDE_1.16.0\STM32CubeIDE\plugins\com.st.stm32cube.common.mx_6.12.0.202406281431\\db\/mcu/
2024-09-05 11:47:49,205 [INFO] ApiDb:274 - Set plugin database path to: C:\ST\STM32CubeIDE_1.16.0\STM32CubeIDE\plugins\com.st.stm32cube.common.mx_6.12.0.202406281431\\db\/plugins/boardmanager/
2024-09-05 11:47:49,205 [INFO] ApiDb:261 - Set plugin images path to: C:\ST\STM32CubeIDE_1.16.0\STM32CubeIDE\plugins\com.st.stm32cube.common.mx_6.12.0.202406281431\\db\/plugins/mcufinder/images/
2024-09-05 11:47:49,206 [WARN] DbFile:41 - Overriding database path with different value: C:\Users\admin\.stmcufinder\plugins\mcufinder/ => C:\Users\admin\.stmcufinder\plugins\mcufinder
2024-09-05 11:47:49,207 [INFO] ApiDb:250 - Set database path to: C:\Users\admin\.stmcufinder\plugins\mcufinder//mcu/
2024-09-05 11:47:49,207 [WARN] DbFile:41 - Overriding database path with different value: C:\Users\admin\.stmcufinder\plugins\mcufinder/ => C:\Users\admin\.stmcufinder\plugins\mcufinder
2024-09-05 11:47:49,207 [INFO] DbMcusAds:125 - Set database path to: C:\Users\admin\.stmcufinder\plugins\mcufinder//mcu/
2024-09-05 11:47:49,207 [WARN] DbFile:41 - Overriding database path with different value: C:\Users\admin\.stmcufinder\plugins\mcufinder/ => C:\Users\admin\.stmcufinder\plugins\mcufinder
2024-09-05 11:47:49,208 [WARN] DbFile:41 - Overriding database path with different value: C:\Users\admin\.stmcufinder\plugins\mcufinder/ => C:\Users\admin\.stmcufinder\plugins\mcufinder
2024-09-05 11:47:49,208 [INFO] CrossReferenceDbSqlite:203 - Set database path to: C:\Users\admin\.stmcufinder\plugins\mcufinder//mcu/cs/
2024-09-05 11:47:49,238 [INFO] ApplicationProperties:184 - Using Application install path: C:\ST\STM32CubeIDE_1.16.0\STM32CubeIDE\plugins\com.st.stm32cube.common.mx_6.12.0.202406281431
2024-09-05 11:47:49,243 [INFO] PluginManage:196 - Search for loadable plugins [exclusion list=, ]
2024-09-05 11:47:49,247 [INFO] PluginManage:310 - Check plugin analytics
2024-09-05 11:47:49,597 [INFO] AnalyticsPlugin:253 - Accepted Software Licenses: STM32CubeMX.6.12.0
2024-09-05 11:47:49,597 [INFO] AnalyticsPlugin:255 - Accepted CMSIS Pack Licenses: STMicroelectronics.X-CUBE-FREERTOS.1.2.0
2024-09-05 11:47:49,598 [INFO] AnalyticsPlugin:257 - Accepted Firmware Licenses: FW.L4.1.18.0
2024-09-05 11:47:49,610 [INFO] PluginManage:359 - Loaded plugin analytics (category:tool,tabindex:-1)
2024-09-05 11:47:49,610 [INFO] PluginManage:310 - Check plugin cadmodel
2024-09-05 11:47:49,618 [INFO] CADModel:105 - Init CAD model plugin
2024-09-05 11:47:49,618 [INFO] PluginManage:359 - Loaded plugin cadmodel (category:power,tabindex:5)
2024-09-05 11:47:49,618 [INFO] PluginManage:310 - Check plugin clock
2024-09-05 11:47:49,634 [INFO] PluginManage:359 - Loaded plugin clock (category:base,tabindex:2)
2024-09-05 11:47:49,634 [INFO] PluginManage:310 - Check plugin ddr
2024-09-05 11:47:49,639 [INFO] PluginManage:359 - Loaded plugin ddr (category:tool,tabindex:6)
2024-09-05 11:47:49,640 [INFO] PluginManage:310 - Check plugin filemanager
2024-09-05 11:47:49,938 [INFO] PluginManage:359 - Loaded plugin filemanager (category:base,tabindex:10)
2024-09-05 11:47:49,938 [INFO] PluginManage:310 - Check plugin ipmanager
2024-09-05 11:47:49,954 [INFO] PluginManage:359 - Loaded plugin ipmanager (category:base,tabindex:5)
2024-09-05 11:47:49,955 [INFO] PluginManage:310 - Check plugin lpbam
2024-09-05 11:47:49,971 [INFO] PluginManage:359 - Loaded plugin lpbam (category:base,tabindex:0)
2024-09-05 11:47:49,971 [INFO] PluginManage:310 - Check plugin memorymap
2024-09-05 11:47:49,998 [INFO] PluginManage:359 - Loaded plugin memorymap (category:base,tabindex:4)
2024-09-05 11:47:49,998 [INFO] PluginManage:310 - Check plugin pinoutandconfiguration
2024-09-05 11:47:50,015 [INFO] PluginManage:359 - Loaded plugin pinoutandconfiguration (category:base,tabindex:1)
2024-09-05 11:47:50,016 [INFO] PluginManage:310 - Check plugin pinoutconfig
2024-09-05 11:47:50,241 [WARN] SupportedApi:132 - Cannot load RTOS API schema: s4s-elt-must-match.1: The content of 'definitions' must match (annotation?, (simpleType | complexType)?, (unique | key | keyref)*)). A problem was found starting at: attribute.
2024-09-05 11:47:50,496 [INFO] PluginManage:359 - Loaded plugin pinoutconfig (category:base,tabindex:0)
2024-09-05 11:47:50,496 [INFO] PluginManage:310 - Check plugin power
2024-09-05 11:47:50,513 [INFO] PluginManage:359 - Loaded plugin power (category:power,tabindex:4)
2024-09-05 11:47:50,514 [INFO] PluginManage:310 - Check plugin projectmanager
2024-09-05 11:47:50,547 [INFO] PluginManage:359 - Loaded plugin projectmanager (category:projectmanager,tabindex:4)
2024-09-05 11:47:50,547 [INFO] PluginManage:310 - Check plugin rif
2024-09-05 11:47:50,554 [INFO] PluginManage:359 - Loaded plugin rif (category:base,tabindex:3)
2024-09-05 11:47:50,555 [INFO] PluginManage:310 - Check plugin thirdparty
2024-09-05 11:47:50,751 [INFO] PluginManage:359 - Loaded plugin thirdparty (category:base,tabindex:-1)
2024-09-05 11:47:50,751 [WARN] IntegrityCheckThread:84 - waiting for thirdparty lock release [integrity check]
2024-09-05 11:47:50,751 [INFO] IntegrityCheckThread:86 - entering critical section [integrity check]
2024-09-05 11:47:50,752 [INFO] PluginManage:310 - Check plugin tools
2024-09-05 11:47:50,752 [INFO] ThirdPartyUpdaterWithRetryManager:70 - Updater plugin not ready yet. [1/15]
2024-09-05 11:47:50,756 [INFO] PluginManage:359 - Loaded plugin tools (category:base,tabindex:7)
2024-09-05 11:47:50,757 [INFO] PluginManage:310 - Check plugin tutovideos
2024-09-05 11:47:51,004 [INFO] PluginManage:359 - Loaded plugin tutovideos (category:base,tabindex:-1)
2024-09-05 11:47:51,005 [INFO] PluginManage:310 - Check plugin updater
2024-09-05 11:47:51,027 [INFO] PluginManage:359 - Loaded plugin updater (category:base,tabindex:12)
2024-09-05 11:47:51,027 [INFO] PluginManage:310 - Check plugin userauth
2024-09-05 11:47:51,034 [INFO] UserAuth:113 - Init User Auth plugin
2024-09-05 11:47:51,035 [INFO] PluginManage:359 - Loaded plugin userauth (category:base,tabindex:14)
2024-09-05 11:47:51,035 [INFO] PluginManage:283 - PluginManage : Loaded plugins [18]
2024-09-05 11:47:51,445 [INFO] PinOutPanel:1561 - setPackage(No Configuration,No Configuration)
2024-09-05 11:47:51,757 [INFO] CADModel:165 - CPN selected for project level
2024-09-05 11:47:51,757 [INFO] CADModel:114 - Register for checkConnection events
2024-09-05 11:47:51,790 [INFO] IPUIPlugin:80 - create IPUIPlugin
2024-09-05 11:47:51,791 [INFO] PluginManager:220 - loadIPPluginJar : add adc
2024-09-05 11:47:51,794 [INFO] IPUIPlugin:80 - create IPUIPlugin
2024-09-05 11:47:51,795 [INFO] PluginManager:220 - loadIPPluginJar : add aes
2024-09-05 11:47:51,798 [INFO] IPUIPlugin:80 - create IPUIPlugin
2024-09-05 11:47:51,799 [INFO] PluginManager:220 - loadIPPluginJar : add can
2024-09-05 11:47:51,802 [INFO] IPUIPlugin:80 - create IPUIPlugin
2024-09-05 11:47:51,802 [INFO] PluginManager:220 - loadIPPluginJar : add comp
2024-09-05 11:47:51,805 [INFO] IPUIPlugin:80 - create IPUIPlugin
2024-09-05 11:47:51,805 [INFO] PluginManager:220 - loadIPPluginJar : add cryp
2024-09-05 11:47:51,808 [INFO] IPUIPlugin:80 - create IPUIPlugin
2024-09-05 11:47:51,808 [INFO] PluginManager:220 - loadIPPluginJar : add ddr_ctrl_phy
2024-09-05 11:47:51,811 [INFO] IPUIPlugin:80 - create IPUIPlugin
2024-09-05 11:47:51,811 [INFO] PluginManager:220 - loadIPPluginJar : add dfsdm
2024-09-05 11:47:51,818 [INFO] IPUIPlugin:80 - create IPUIPlugin
2024-09-05 11:47:51,819 [INFO] PluginManager:220 - loadIPPluginJar : add dma
2024-09-05 11:47:51,822 [INFO] IPUIPlugin:80 - create IPUIPlugin
2024-09-05 11:47:51,823 [INFO] PluginManager:220 - loadIPPluginJar : add dma3
2024-09-05 11:47:51,826 [INFO] IPUIPlugin:80 - create IPUIPlugin
2024-09-05 11:47:51,826 [INFO] PluginManager:220 - loadIPPluginJar : add extmemmanager
2024-09-05 11:47:51,828 [INFO] IPUIPlugin:80 - create IPUIPlugin
2024-09-05 11:47:51,828 [INFO] PluginManager:220 - loadIPPluginJar : add fatfs
2024-09-05 11:47:51,835 [INFO] IPUIPlugin:80 - create IPUIPlugin
2024-09-05 11:47:51,835 [INFO] PluginManager:220 - loadIPPluginJar : add fmc
2024-09-05 11:47:51,841 [INFO] IPUIPlugin:80 - create IPUIPlugin
2024-09-05 11:47:51,842 [INFO] PluginManager:220 - loadIPPluginJar : add freertos
2024-09-05 11:47:51,844 [INFO] IPUIPlugin:80 - create IPUIPlugin
2024-09-05 11:47:51,844 [INFO] PluginManager:220 - loadIPPluginJar : add genericplugin
2024-09-05 11:47:51,847 [INFO] IPUIPlugin:80 - create IPUIPlugin
2024-09-05 11:47:51,847 [INFO] PluginManager:220 - loadIPPluginJar : add gfxmmu
2024-09-05 11:47:51,854 [INFO] IPUIPlugin:80 - create IPUIPlugin
2024-09-05 11:47:51,855 [INFO] PluginManager:220 - loadIPPluginJar : add gic
2024-09-05 11:47:51,859 [INFO] IPUIPlugin:80 - create IPUIPlugin
2024-09-05 11:47:51,859 [INFO] PluginManager:220 - loadIPPluginJar : add gpio
2024-09-05 11:47:51,863 [INFO] IPUIPlugin:80 - create IPUIPlugin
2024-09-05 11:47:51,863 [INFO] PluginManager:220 - loadIPPluginJar : add gtzc
2024-09-05 11:47:51,866 [INFO] IPUIPlugin:80 - create IPUIPlugin
2024-09-05 11:47:51,866 [INFO] PluginManager:220 - loadIPPluginJar : add hash
2024-09-05 11:47:51,869 [INFO] IPUIPlugin:80 - create IPUIPlugin
2024-09-05 11:47:51,869 [INFO] PluginManager:220 - loadIPPluginJar : add i2c
2024-09-05 11:47:51,872 [INFO] IPUIPlugin:80 - create IPUIPlugin
2024-09-05 11:47:51,872 [INFO] PluginManager:220 - loadIPPluginJar : add i2s
2024-09-05 11:47:51,876 [INFO] IPUIPlugin:80 - create IPUIPlugin
2024-09-05 11:47:51,876 [INFO] PluginManager:220 - loadIPPluginJar : add i3c
2024-09-05 11:47:51,879 [INFO] IPUIPlugin:80 - create IPUIPlugin
2024-09-05 11:47:51,880 [INFO] PluginManager:220 - loadIPPluginJar : add ipddr
2024-09-05 11:47:51,931 [INFO] IPUIPlugin:80 - create IPUIPlugin
2024-09-05 11:47:51,931 [INFO] PluginManager:220 - loadIPPluginJar : add linkedlist
2024-09-05 11:47:51,934 [INFO] IPUIPlugin:80 - create IPUIPlugin
2024-09-05 11:47:51,934 [INFO] PluginManager:220 - loadIPPluginJar : add lorawan
2024-09-05 11:47:51,936 [INFO] IPUIPlugin:80 - create IPUIPlugin
2024-09-05 11:47:51,936 [INFO] PluginManager:220 - loadIPPluginJar : add ltdc
2024-09-05 11:47:51,941 [INFO] IPUIPlugin:80 - create IPUIPlugin
2024-09-05 11:47:51,941 [INFO] PluginManager:220 - loadIPPluginJar : add mdma
2024-09-05 11:47:51,946 [INFO] IPUIPlugin:80 - create IPUIPlugin
2024-09-05 11:47:51,946 [INFO] PluginManager:220 - loadIPPluginJar : add nvic
2024-09-05 11:47:51,949 [INFO] IPUIPlugin:80 - create IPUIPlugin
2024-09-05 11:47:51,950 [INFO] PluginManager:220 - loadIPPluginJar : add opamp
2024-09-05 11:47:51,954 [INFO] IPUIPlugin:80 - create IPUIPlugin
2024-09-05 11:47:51,954 [INFO] PluginManager:220 - loadIPPluginJar : add openamp
2024-09-05 11:47:51,958 [INFO] IPUIPlugin:80 - create IPUIPlugin
2024-09-05 11:47:51,958 [INFO] PluginManager:220 - loadIPPluginJar : add pdm2pcm
2024-09-05 11:47:51,965 [INFO] IPUIPlugin:80 - create IPUIPlugin
2024-09-05 11:47:51,968 [INFO] PluginManager:220 - loadIPPluginJar : add plateformsettings
2024-09-05 11:47:51,969 [INFO] IPUIPlugin:80 - create IPUIPlugin
2024-09-05 11:47:51,969 [INFO] PluginManager:220 - loadIPPluginJar : add quadspi
2024-09-05 11:47:51,972 [INFO] IPUIPlugin:80 - create IPUIPlugin
2024-09-05 11:47:51,973 [INFO] PluginManager:220 - loadIPPluginJar : add radio
2024-09-05 11:47:51,976 [INFO] IPUIPlugin:80 - create IPUIPlugin
2024-09-05 11:47:51,976 [INFO] PluginManager:220 - loadIPPluginJar : add resmgrutility
2024-09-05 11:47:51,980 [INFO] IPUIPlugin:80 - create IPUIPlugin
2024-09-05 11:47:51,980 [INFO] PluginManager:220 - loadIPPluginJar : add sai
2024-09-05 11:47:51,983 [INFO] IPUIPlugin:80 - create IPUIPlugin
2024-09-05 11:47:51,983 [INFO] PluginManager:220 - loadIPPluginJar : add spi
2024-09-05 11:47:51,989 [INFO] IPUIPlugin:80 - create IPUIPlugin
2024-09-05 11:47:51,989 [INFO] PluginManager:220 - loadIPPluginJar : add stm32_wpan
2024-09-05 11:47:51,992 [INFO] IPUIPlugin:80 - create IPUIPlugin
2024-09-05 11:47:51,992 [INFO] PluginManager:220 - loadIPPluginJar : add tim
2024-09-05 11:47:51,996 [INFO] IPUIPlugin:80 - create IPUIPlugin
2024-09-05 11:47:51,997 [INFO] PluginManager:220 - loadIPPluginJar : add touchsensing
2024-09-05 11:47:52,000 [INFO] IPUIPlugin:80 - create IPUIPlugin
2024-09-05 11:47:52,001 [INFO] PluginManager:220 - loadIPPluginJar : add tracer_emb
2024-09-05 11:47:52,003 [INFO] IPUIPlugin:80 - create IPUIPlugin
2024-09-05 11:47:52,003 [INFO] PluginManager:220 - loadIPPluginJar : add ts
2024-09-05 11:47:52,006 [INFO] IPUIPlugin:80 - create IPUIPlugin
2024-09-05 11:47:52,006 [INFO] PluginManager:220 - loadIPPluginJar : add tsc
2024-09-05 11:47:52,009 [INFO] IPUIPlugin:80 - create IPUIPlugin
2024-09-05 11:47:52,009 [INFO] PluginManager:220 - loadIPPluginJar : add ucpd
2024-09-05 11:47:52,014 [INFO] IPUIPlugin:80 - create IPUIPlugin
2024-09-05 11:47:52,014 [INFO] PluginManager:220 - loadIPPluginJar : add usart
2024-09-05 11:47:52,018 [INFO] IPUIPlugin:80 - create IPUIPlugin
2024-09-05 11:47:52,018 [INFO] PluginManager:220 - loadIPPluginJar : add usbx
2024-09-05 11:47:52,181 [INFO] CADModel:165 - CPN selected for project level
2024-09-05 11:47:52,181 [INFO] CADModel:114 - Register for checkConnection events
2024-09-05 11:47:52,182 [FATAL] Updater:334 - Updater called before beeing initialized
2024-09-05 11:47:52,182 [ERROR] CADModel:125 - Updater not yet initialized, retry later 
2024-09-05 11:47:52,325 [INFO] CADModel:165 - CPN selected for project level
2024-09-05 11:47:52,326 [INFO] CADModel:114 - Register for checkConnection events
2024-09-05 11:47:52,326 [FATAL] Updater:334 - Updater called before beeing initialized
2024-09-05 11:47:52,326 [ERROR] CADModel:125 - Updater not yet initialized, retry later 
2024-09-05 11:47:52,330 [FATAL] Updater:334 - Updater called before beeing initialized
2024-09-05 11:47:52,490 [FATAL] Updater:334 - Updater called before beeing initialized
2024-09-05 11:47:52,497 [INFO] DbMcusAds:53 - JSON generation date=Thu May 16 10:22:00 BST 2024 (1715851320667)
2024-09-05 11:47:52,497 [FATAL] Updater:334 - Updater called before beeing initialized
2024-09-05 11:47:52,539 [WARN] DetailPanel:346 - Failed to get advertising image, set to default
2024-09-05 11:47:52,638 [FATAL] Updater:334 - Updater called before beeing initialized
2024-09-05 11:47:52,640 [FATAL] Updater:334 - Updater called before beeing initialized
2024-09-05 11:47:52,641 [FATAL] Updater:334 - Updater called before beeing initialized
2024-09-05 11:47:52,641 [WARN] DetailPanel:346 - Failed to get advertising image, set to default
2024-09-05 11:47:52,642 [FATAL] Updater:334 - Updater called before beeing initialized
2024-09-05 11:47:52,691 [ERROR] Updater:1164 - MainUpdater not yet initialized. External WinMGr cannot be set.
2024-09-05 11:47:52,693 [INFO] Updater:1100 - Updater Version found : 6.12.0
2024-09-05 11:47:52,712 [INFO] ApplicationProperties:184 - Using Application install path: C:\ST\STM32CubeIDE_1.16.0\STM32CubeIDE\plugins\com.st.stm32cube.common.mx_6.12.0.202406281431
2024-09-05 11:47:53,224 [INFO] MainUpdater:2873 - connection check result : 10
2024-09-05 11:47:53,225 [INFO] MainUpdater:290 - Updater Check For Update Now.
2024-09-05 11:47:53,226 [INFO] MicroXplorer:498 - Change Database Version : DB.6.0.120
2024-09-05 11:47:53,236 [INFO] McuFinderGlobals:63 - Set McuFinder mode to 2 (CubeIDE integrated)
2024-09-05 11:47:53,237 [INFO] UserAuth:417 - Internet connection configuration mode: 1
2024-09-05 11:47:53,267 [INFO] JxBrowserEngine:152 - Initiate JxBrowser Engine with user profile folder
2024-09-05 11:47:53,462 [INFO] CheckServerUpdateThread:120 - End of CheckServer Thread
2024-09-05 11:47:53,958 [WARN] PackLoader:240 - Cannot read IP mode file for STMicroelectronics.FP-SNS-MOTENVWB1.1.4.0
2024-09-05 11:47:53,971 [WARN] PackLoader:240 - Cannot read IP mode file for STMicroelectronics.X-CUBE-SMBUS.2.1.0
2024-09-05 11:47:54,033 [WARN] PackLoader:240 - Cannot read IP mode file for STMicroelectronics.X-CUBE-AZRTOS-F7.1.1.0
2024-09-05 11:47:54,145 [WARN] PackLoader:240 - Cannot read IP mode file for STMicroelectronics.X-CUBE-MEMS1.11.0.0
2024-09-05 11:47:54,387 [WARN] PackLoader:240 - Cannot read IP mode file for STMicroelectronics.FP-SNS-FLIGHT1.5.0.2
2024-09-05 11:47:54,479 [WARN] PackLoader:240 - Cannot read IP mode file for STMicroelectronics.X-CUBE-DISPLAY.3.0.0
2024-09-05 11:47:54,511 [WARN] PackLoader:240 - Cannot read IP mode file for STMicroelectronics.X-CUBE-BLE1.7.0.0
2024-09-05 11:47:54,524 [WARN] PackLoader:240 - Cannot read IP mode file for emotas.I-CUBE-CANOPEN.1.3.0
2024-09-05 11:47:54,539 [WARN] PackLoader:240 - Cannot read IP mode file for STMicroelectronics.X-CUBE-BLEMGR.3.1.0
2024-09-05 11:47:54,550 [WARN] PackLoader:240 - Cannot read IP mode file for STMicroelectronics.FP-SNS-SMARTAG2.1.2.0
2024-09-05 11:47:54,566 [INFO] LogOutputStream:77 - [STDOUT_REDIRECT] 1 : Invalid condition id : UX_CORESTACK_Condition cause : null
2024-09-05 11:47:54,568 [INFO] LogOutputStream:77 - [STDOUT_REDIRECT] 1 : Invalid condition id : UX_CORESTACK_Condition cause : null
2024-09-05 11:47:54,573 [INFO] LogOutputStream:77 - [STDOUT_REDIRECT] 1 : Invalid condition id : UX_CORESTACK_Condition cause : null
2024-09-05 11:47:54,578 [INFO] LogOutputStream:77 - [STDOUT_REDIRECT] 1 : Invalid condition id : UX_CORESTACK_Condition cause : null
2024-09-05 11:47:54,582 [INFO] LogOutputStream:77 - [STDOUT_REDIRECT] 1 : Invalid condition id : UX_CORESTACK_Condition cause : null
2024-09-05 11:47:54,590 [WARN] PackLoader:240 - Cannot read IP mode file for STMicroelectronics.X-CUBE-AZRTOS-WL.2.0.0
2024-09-05 11:47:54,615 [WARN] PackLoader:240 - Cannot read IP mode file for STMicroelectronics.FP-SNS-MOTENV1.5.0.0
2024-09-05 11:47:54,644 [WARN] PackLoader:240 - Cannot read IP mode file for wolfSSL.I-CUBE-wolfMQTT.1.19.0
2024-09-05 11:47:54,676 [WARN] PackLoader:240 - Cannot read IP mode file for WES.I-CUBE-Cesium.1.3.0
2024-09-05 11:47:54,689 [WARN] PackLoader:240 - Cannot read IP mode file for STMicroelectronics.X-CUBE-BLE2.3.3.0
2024-09-05 11:47:54,702 [WARN] PackLoader:240 - Cannot read IP mode file for STMicroelectronics.X-CUBE-TCPP.4.1.0
2024-09-05 11:47:54,737 [WARN] PackLoader:240 - Cannot read IP mode file for STMicroelectronics.X-CUBE-AZRTOS-G0.1.1.0
2024-09-05 11:47:54,757 [WARN] PackLoader:240 - Cannot read IP mode file for STMicroelectronics.X-CUBE-SAFEA1.1.2.2
2024-09-05 11:47:54,772 [WARN] PackLoader:240 - Cannot read IP mode file for STMicroelectronics.X-CUBE-NFC4.3.0.0
2024-09-05 11:47:54,797 [WARN] PackLoader:240 - Cannot read IP mode file for EmbeddedOffice.I-CUBE-FS-RTOS.1.0.1
2024-09-05 11:47:54,798 [ERROR] ConditionMgr:805 - Attr not supported : Dmpu
2024-09-05 11:47:54,798 [ERROR] ConditionMgr:805 - Attr not supported : Dmpu
2024-09-05 11:47:54,798 [ERROR] ConditionMgr:805 - Attr not supported : Dmpu
2024-09-05 11:47:54,798 [ERROR] ConditionMgr:805 - Attr not supported : Dmpu
2024-09-05 11:47:54,799 [ERROR] ConditionMgr:805 - Attr not supported : Dmpu
2024-09-05 11:47:54,799 [ERROR] ConditionMgr:805 - Attr not supported : Dmpu
2024-09-05 11:47:54,799 [ERROR] ConditionMgr:805 - Attr not supported : Dmpu
2024-09-05 11:47:54,799 [ERROR] ConditionMgr:805 - Attr not supported : Dmpu
2024-09-05 11:47:54,799 [ERROR] ConditionMgr:805 - Attr not supported : Dmpu
2024-09-05 11:47:54,799 [ERROR] ConditionMgr:805 - Attr not supported : Dmpu
2024-09-05 11:47:54,800 [ERROR] ConditionMgr:805 - Attr not supported : Dmpu
2024-09-05 11:47:54,800 [ERROR] ConditionMgr:805 - Attr not supported : Dmpu
2024-09-05 11:47:54,800 [ERROR] ConditionMgr:805 - Attr not supported : Dmpu
2024-09-05 11:47:54,800 [ERROR] ConditionMgr:805 - Attr not supported : Dmpu
2024-09-05 11:47:54,800 [ERROR] ConditionMgr:805 - Attr not supported : Dmpu
2024-09-05 11:47:54,801 [ERROR] ConditionMgr:805 - Attr not supported : Dmpu
2024-09-05 11:47:54,801 [ERROR] ConditionMgr:805 - Attr not supported : Dmpu
2024-09-05 11:47:54,801 [ERROR] ConditionMgr:805 - Attr not supported : Dmpu
2024-09-05 11:47:54,801 [ERROR] ConditionMgr:805 - Attr not supported : Dmpu
2024-09-05 11:47:54,801 [ERROR] ConditionMgr:805 - Attr not supported : Dmpu
2024-09-05 11:47:54,801 [ERROR] ConditionMgr:805 - Attr not supported : Dmpu
2024-09-05 11:47:54,802 [ERROR] ConditionMgr:805 - Attr not supported : Dmpu
2024-09-05 11:47:54,802 [ERROR] ConditionMgr:805 - Attr not supported : Dmpu
2024-09-05 11:47:54,802 [ERROR] ConditionMgr:805 - Attr not supported : Dmpu
2024-09-05 11:47:54,802 [ERROR] ConditionMgr:805 - Attr not supported : Dmpu
2024-09-05 11:47:54,802 [ERROR] ConditionMgr:805 - Attr not supported : Dmpu
2024-09-05 11:47:54,802 [ERROR] ConditionMgr:805 - Attr not supported : Dmpu
2024-09-05 11:47:54,803 [ERROR] ConditionMgr:805 - Attr not supported : Dmpu
2024-09-05 11:47:54,803 [ERROR] ConditionMgr:805 - Attr not supported : Dmpu
2024-09-05 11:47:54,803 [ERROR] ConditionMgr:805 - Attr not supported : Dmpu
2024-09-05 11:47:54,803 [ERROR] ConditionMgr:805 - Attr not supported : Dmpu
2024-09-05 11:47:54,803 [ERROR] ConditionMgr:805 - Attr not supported : Dmpu
2024-09-05 11:47:54,804 [ERROR] ConditionMgr:805 - Attr not supported : Dmpu
2024-09-05 11:47:54,804 [ERROR] ConditionMgr:805 - Attr not supported : Dmpu
2024-09-05 11:47:54,804 [ERROR] ConditionMgr:805 - Attr not supported : Dmpu
2024-09-05 11:47:54,804 [ERROR] ConditionMgr:805 - Attr not supported : Dmpu
2024-09-05 11:47:54,805 [ERROR] ConditionMgr:805 - Attr not supported : Dmpu
2024-09-05 11:47:54,805 [ERROR] ConditionMgr:805 - Attr not supported : Dmpu
2024-09-05 11:47:54,805 [ERROR] ConditionMgr:805 - Attr not supported : Dmpu
2024-09-05 11:47:54,806 [ERROR] ConditionMgr:805 - Attr not supported : Dmpu
2024-09-05 11:47:54,806 [ERROR] ConditionMgr:805 - Attr not supported : Dmpu
2024-09-05 11:47:54,806 [ERROR] ConditionMgr:805 - Attr not supported : Dmpu
2024-09-05 11:47:54,806 [ERROR] ConditionMgr:805 - Attr not supported : Dmpu
2024-09-05 11:47:54,807 [ERROR] ConditionMgr:805 - Attr not supported : Dmpu
2024-09-05 11:47:54,807 [ERROR] ConditionMgr:805 - Attr not supported : Dmpu
2024-09-05 11:47:54,807 [ERROR] ConditionMgr:805 - Attr not supported : Dmpu
2024-09-05 11:47:54,807 [ERROR] ConditionMgr:805 - Attr not supported : Dmpu
2024-09-05 11:47:54,807 [ERROR] ConditionMgr:805 - Attr not supported : Dmpu
2024-09-05 11:47:54,808 [ERROR] ConditionMgr:805 - Attr not supported : Dmpu
2024-09-05 11:47:54,808 [ERROR] ConditionMgr:805 - Attr not supported : Dmpu
2024-09-05 11:47:54,808 [ERROR] ConditionMgr:805 - Attr not supported : Dmpu
2024-09-05 11:47:54,810 [ERROR] ConditionMgr:805 - Attr not supported : Dmpu
2024-09-05 11:47:54,810 [ERROR] ConditionMgr:805 - Attr not supported : Dmpu
2024-09-05 11:47:54,810 [ERROR] ConditionMgr:805 - Attr not supported : Dmpu
2024-09-05 11:47:54,810 [ERROR] ConditionMgr:805 - Attr not supported : Dmpu
2024-09-05 11:47:54,810 [ERROR] ConditionMgr:805 - Attr not supported : Dmpu
2024-09-05 11:47:54,811 [ERROR] ConditionMgr:805 - Attr not supported : Dmpu
2024-09-05 11:47:54,811 [ERROR] ConditionMgr:805 - Attr not supported : Dmpu
2024-09-05 11:47:54,811 [ERROR] ConditionMgr:805 - Attr not supported : Dmpu
2024-09-05 11:47:54,811 [ERROR] ConditionMgr:805 - Attr not supported : Dmpu
2024-09-05 11:47:54,811 [ERROR] ConditionMgr:805 - Attr not supported : Dmpu
2024-09-05 11:47:54,811 [ERROR] ConditionMgr:805 - Attr not supported : Dmpu
2024-09-05 11:47:54,812 [ERROR] ConditionMgr:805 - Attr not supported : Dmpu
2024-09-05 11:47:54,812 [ERROR] ConditionMgr:805 - Attr not supported : Dmpu
2024-09-05 11:47:54,830 [WARN] PackLoader:240 - Cannot read IP mode file for RealThread.X-CUBE-RT-Thread_Nano.4.1.1
2024-09-05 11:47:54,843 [WARN] PackLoader:240 - Cannot read IP mode file for wolfSSL.I-CUBE-wolfSSL.5.7.0
2024-09-05 11:47:54,857 [WARN] PackLoader:240 - Cannot read IP mode file for STMicroelectronics.FP-ATR-SIGFOX1.3.2.0
2024-09-05 11:47:54,872 [WARN] PackLoader:240 - Cannot read IP mode file for STMicroelectronics.X-CUBE-EEPRMA1.5.1.0
2024-09-05 11:47:54,890 [WARN] PackLoader:240 - Cannot read IP mode file for ITTIA_DB.I-CUBE-ITTIADB.8.9.0
2024-09-05 11:47:54,973 [WARN] PackLoader:240 - Cannot read IP mode file for SEGGER.I-CUBE-embOS.1.3.1
2024-09-05 11:47:55,062 [WARN] PackLoader:240 - Cannot read IP mode file for STMicroelectronics.X-CUBE-ALGOBUILD.1.4.0
2024-09-05 11:47:55,078 [WARN] PackLoader:240 - Cannot read IP mode file for STMicroelectronics.X-CUBE-GNSS1.6.0.0
2024-09-05 11:47:55,122 [WARN] PackLoader:240 - Cannot read IP mode file for STMicroelectronics.X-CUBE-AZRTOS-F4.1.1.0
2024-09-05 11:47:55,147 [WARN] PackLoader:240 - Cannot read IP mode file for STMicroelectronics.X-CUBE-FREERTOS.1.2.0
2024-09-05 11:47:55,428 [INFO] WebApp:167 - Instantiating new browser for Auth
2024-09-05 11:47:55,455 [WARN] PackLoader:240 - Cannot read IP mode file for STMicroelectronics.X-CUBE-AZRTOS-L5.2.0.0
2024-09-05 11:47:55,476 [WARN] PackLoader:240 - Cannot read IP mode file for STMicroelectronics.X-CUBE-NFC6.3.1.0
2024-09-05 11:47:55,492 [WARN] PackLoader:240 - Cannot read IP mode file for STMicroelectronics.X-CUBE-DPower.1.2.0
2024-09-05 11:47:55,506 [WARN] PackLoader:240 - Cannot read IP mode file for STMicroelectronics.X-CUBE-AI.9.0.0
2024-09-05 11:47:55,525 [WARN] PackLoader:240 - Cannot read IP mode file for STMicroelectronics.X-CUBE-NFC7.1.0.1
2024-09-05 11:47:55,541 [WARN] PackLoader:240 - Cannot read IP mode file for wolfSSL.I-CUBE-wolfTPM.3.2.0
2024-09-05 11:47:55,594 [WARN] ConditionMgr:438 - getConditionDescription Invalid condition id : LAN8742 Phy interface Condition cause : null
2024-09-05 11:47:55,596 [WARN] PackLoader:240 - Cannot read IP mode file for STMicroelectronics.X-CUBE-AZRTOS-L4.2.0.0
2024-09-05 11:47:55,601 [WARN] ConditionMgr:1039 - genDependencies : Invalid condition id : LAN8742 Phy interface Condition cause : null
2024-09-05 11:47:55,602 [WARN] ConditionMgr:1039 - genDependencies : Invalid condition id : LAN8742 Phy interface Condition cause : null
2024-09-05 11:47:55,603 [WARN] ConditionMgr:1039 - genDependencies : Invalid condition id : LAN8742 Phy interface Condition cause : null
2024-09-05 11:47:55,623 [WARN] PackLoader:240 - Cannot read IP mode file for STMicroelectronics.X-CUBE-SFXS2LP1.4.0.0
2024-09-05 11:47:55,690 [WARN] PackLoader:240 - Cannot read IP mode file for STMicroelectronics.X-CUBE-AZRTOS-H7.3.3.0
2024-09-05 11:47:55,809 [WARN] ConditionMgr:438 - getConditionDescription Invalid condition id : UX DEVICE CLASS RTOS Condition cause : null
2024-09-05 11:47:55,810 [WARN] ConditionMgr:438 - getConditionDescription Invalid condition id : UX DEVICE CLASS RTOS Condition cause : null
2024-09-05 11:47:55,823 [WARN] PackLoader:240 - Cannot read IP mode file for STMicroelectronics.X-CUBE-AZRTOS-WB.2.0.0
2024-09-05 11:47:55,826 [WARN] ConditionMgr:1039 - genDependencies : Invalid condition id : UX DEVICE CLASS RTOS Condition cause : null
2024-09-05 11:47:55,827 [WARN] ConditionMgr:1039 - genDependencies : Invalid condition id : UX DEVICE CLASS RTOS Condition cause : null
2024-09-05 11:47:55,829 [WARN] ConditionMgr:1039 - genDependencies : Invalid condition id : UX DEVICE CLASS RTOS Condition cause : null
2024-09-05 11:47:55,831 [WARN] ConditionMgr:1039 - genDependencies : Invalid condition id : UX DEVICE CLASS RTOS Condition cause : null
2024-09-05 11:47:55,831 [WARN] ConditionMgr:1039 - genDependencies : Invalid condition id : UX DEVICE CLASS RTOS Condition cause : null
2024-09-05 11:47:55,871 [WARN] PackLoader:240 - Cannot read IP mode file for STMicroelectronics.FP-SNS-STBOX1.2.0.0
2024-09-05 11:47:55,939 [WARN] PackLoader:240 - Cannot read IP mode file for STMicroelectronics.X-CUBE-SUBG2.5.0.0
2024-09-05 11:47:55,998 [WARN] PackLoader:240 - Cannot read IP mode file for Cesanta.I-CUBE-Mongoose.7.13.0
2024-09-05 11:47:56,045 [WARN] PackLoader:240 - Cannot read IP mode file for STMicroelectronics.X-CUBE-AZRTOS-G4.2.0.0
2024-09-05 11:47:56,066 [WARN] PackLoader:240 - Cannot read IP mode file for STMicroelectronics.X-CUBE-ISPU.2.0.0
2024-09-05 11:47:56,091 [WARN] PackLoader:240 - Cannot read IP mode file for STMicroelectronics.X-CUBE-ALS.1.0.2
2024-09-05 11:47:56,304 [WARN] PackLoader:240 - Cannot read IP mode file for STMicroelectronics.X-CUBE-MEMS1.10.0.0
2024-09-05 11:47:56,782 [WARN] PackLoader:240 - Cannot read IP mode file for STMicroelectronics.X-CUBE-TOUCHGFX.4.24.0
2024-09-05 11:47:56,795 [WARN] PackLoader:240 - Cannot read IP mode file for portGmbH.I-Cube-SoM-uGOAL.1.1.0
2024-09-05 11:47:56,893 [WARN] PackLoader:240 - Cannot read IP mode file for STMicroelectronics.X-CUBE-AZRTOS-H7RS.1.0.0
2024-09-05 11:47:56,919 [WARN] PackLoader:240 - Cannot read IP mode file for STMicroelectronics.FP-ATR-ASTRA1.2.0.0
2024-09-05 11:47:56,947 [WARN] PackLoader:240 - Cannot read IP mode file for STMicroelectronics.X-CUBE-TOF1.3.4.2
2024-09-05 11:47:57,008 [WARN] PackLoader:240 - Cannot read IP mode file for STMicroelectronics.X-CUBE-TOF1.3.4.1
2024-09-05 11:47:57,116 [WARN] PackLoader:240 - Cannot read IP mode file for STMicroelectronics.X-CUBE-AZRTOS-H7.3.2.0
2024-09-05 11:47:57,184 [WARN] PackLoader:240 - Cannot read IP mode file for Infineon.AIROC-Wi-Fi-Bluetooth-STM32.1.6.0
2024-09-05 11:47:57,209 [WARN] PackLoader:240 - Cannot read IP mode file for wolfSSL.I-CUBE-wolfSSH.1.4.17
2024-09-05 11:47:57,211 [INFO] ThirdParty:978 - Integrity check success = true
2024-09-05 11:47:57,212 [INFO] IntegrityCheckThread:100 - exiting critical section [integrity check]
2024-09-05 11:47:57,212 [INFO] IntegrityCheckThread:103 - End integrity checks thread
2024-09-05 11:47:58,804 [INFO] WebApp:448 - Apply proxy settings
2024-09-05 11:47:58,804 [INFO] WebApp:533 - Chromium requires no authentication
2024-09-05 11:47:58,864 [INFO] WebApp:476 - Direct internet connection detected
2024-09-05 11:47:58,997 [INFO] WebApp:869 - Register for checkConnection events
2024-09-05 11:47:58,997 [INFO] WebApp:448 - Apply proxy settings
2024-09-05 11:47:58,998 [INFO] WebApp:533 - Chromium requires no authentication
2024-09-05 11:47:58,999 [INFO] WebApp:476 - Direct internet connection detected
2024-09-05 11:47:59,438 [INFO] WebApp:186 - Connection restablished
2024-09-05 11:47:59,668 [INFO] WebApp:220 - Starting web application
2024-09-05 11:47:59,668 [INFO] WebApp:578 - Web application path used C:\ST\STM32CubeIDE_1.16.0\STM32CubeIDE\plugins\com.st.stm32cube.common.mx_6.12.0.202406281431\db\plugins\mcufinder\reactClient1\index.html
2024-09-05 11:47:59,936 [INFO] UserAuth:417 - Internet connection configuration mode: 1
2024-09-05 12:07:48,638 [ERROR] LogOutputStream:75 - [STDERR_REDIRECT] 
