2024-08-15 10:26:30,048 [ERROR] LogOutputStream:75 - [STDERR_REDIRECT] 
2024-08-15 10:35:49,715 [INFO] Activator:176 - 


2024-08-15 10:35:49,717 [INFO] Activator:177 - !SESSION log4j initialized
2024-08-15 10:35:57,092 [INFO] LogOutputStream:77 - [STDOUT_REDIRECT] 
2024-08-15 10:35:59,774 [INFO] ApplicationProperties:184 - Using Application install path: C:\ST\STM32CubeIDE_1.16.0\STM32CubeIDE\plugins\com.st.stm32cube.common.mx_6.12.0.202406281431
2024-08-15 10:35:59,802 [INFO] DbMcusXml:78 - Set database path to: C:\ST\STM32CubeIDE_1.16.0\STM32CubeIDE\plugins\com.st.stm32cube.common.mx_6.12.0.202406281431\\db\/mcu/
2024-08-15 10:35:59,816 [INFO] ApiDb:274 - Set plugin database path to: C:\ST\STM32CubeIDE_1.16.0\STM32CubeIDE\plugins\com.st.stm32cube.common.mx_6.12.0.202406281431\\db\/plugins/boardmanager/
2024-08-15 10:35:59,817 [WARN] ApiDb:259 - Overriding images path with different value:  => C:\ST\STM32CubeIDE_1.16.0\STM32CubeIDE\plugins\com.st.stm32cube.common.mx_6.12.0.202406281431\\db\/plugins/mcufinder/images/
2024-08-15 10:35:59,832 [INFO] ApiDb:250 - Set database path to: C:\Users\admin\.stmcufinder\plugins\mcufinder//mcu/
2024-08-15 10:35:59,835 [INFO] DbMcusAds:125 - Set database path to: C:\Users\admin\.stmcufinder\plugins\mcufinder//mcu/
2024-08-15 10:35:59,842 [INFO] CrossReferenceDbSqlite:203 - Set database path to: C:\Users\admin\.stmcufinder\plugins\mcufinder//mcu/cs/
2024-08-15 10:36:00,107 [INFO] RulesReader:64 - Compatibility file has been processed (297 Rules)
2024-08-15 10:36:00,300 [INFO] DbMcusXml:78 - Set database path to: C:\ST\STM32CubeIDE_1.16.0\STM32CubeIDE\plugins\com.st.stm32cube.common.mx_6.12.0.202406281431\\db\/mcu/
2024-08-15 10:36:00,300 [INFO] ApiDb:274 - Set plugin database path to: C:\ST\STM32CubeIDE_1.16.0\STM32CubeIDE\plugins\com.st.stm32cube.common.mx_6.12.0.202406281431\\db\/plugins/boardmanager/
2024-08-15 10:36:00,300 [INFO] ApiDb:261 - Set plugin images path to: C:\ST\STM32CubeIDE_1.16.0\STM32CubeIDE\plugins\com.st.stm32cube.common.mx_6.12.0.202406281431\\db\/plugins/mcufinder/images/
2024-08-15 10:36:00,301 [WARN] DbFile:41 - Overriding database path with different value: C:\Users\admin\.stmcufinder\plugins\mcufinder/ => C:\Users\admin\.stmcufinder\plugins\mcufinder
2024-08-15 10:36:00,301 [INFO] ApiDb:250 - Set database path to: C:\Users\admin\.stmcufinder\plugins\mcufinder//mcu/
2024-08-15 10:36:00,301 [WARN] DbFile:41 - Overriding database path with different value: C:\Users\admin\.stmcufinder\plugins\mcufinder/ => C:\Users\admin\.stmcufinder\plugins\mcufinder
2024-08-15 10:36:00,301 [INFO] DbMcusAds:125 - Set database path to: C:\Users\admin\.stmcufinder\plugins\mcufinder//mcu/
2024-08-15 10:36:00,301 [WARN] DbFile:41 - Overriding database path with different value: C:\Users\admin\.stmcufinder\plugins\mcufinder/ => C:\Users\admin\.stmcufinder\plugins\mcufinder
2024-08-15 10:36:00,301 [WARN] DbFile:41 - Overriding database path with different value: C:\Users\admin\.stmcufinder\plugins\mcufinder/ => C:\Users\admin\.stmcufinder\plugins\mcufinder
2024-08-15 10:36:00,301 [INFO] CrossReferenceDbSqlite:203 - Set database path to: C:\Users\admin\.stmcufinder\plugins\mcufinder//mcu/cs/
2024-08-15 10:36:00,507 [INFO] MainPanel:268 - HeapMemory: 274726912
2024-08-15 10:36:00,681 [INFO] DbMcusXml:78 - Set database path to: C:\ST\STM32CubeIDE_1.16.0\STM32CubeIDE\plugins\com.st.stm32cube.common.mx_6.12.0.202406281431\\db\/mcu/
2024-08-15 10:36:00,681 [INFO] ApiDb:274 - Set plugin database path to: C:\ST\STM32CubeIDE_1.16.0\STM32CubeIDE\plugins\com.st.stm32cube.common.mx_6.12.0.202406281431\\db\/plugins/boardmanager/
2024-08-15 10:36:00,681 [INFO] ApiDb:261 - Set plugin images path to: C:\ST\STM32CubeIDE_1.16.0\STM32CubeIDE\plugins\com.st.stm32cube.common.mx_6.12.0.202406281431\\db\/plugins/mcufinder/images/
2024-08-15 10:36:00,683 [WARN] DbFile:41 - Overriding database path with different value: C:\Users\admin\.stmcufinder\plugins\mcufinder/ => C:\Users\admin\.stmcufinder\plugins\mcufinder
2024-08-15 10:36:00,683 [INFO] ApiDb:250 - Set database path to: C:\Users\admin\.stmcufinder\plugins\mcufinder//mcu/
2024-08-15 10:36:00,683 [WARN] DbFile:41 - Overriding database path with different value: C:\Users\admin\.stmcufinder\plugins\mcufinder/ => C:\Users\admin\.stmcufinder\plugins\mcufinder
2024-08-15 10:36:00,683 [INFO] DbMcusAds:125 - Set database path to: C:\Users\admin\.stmcufinder\plugins\mcufinder//mcu/
2024-08-15 10:36:00,683 [WARN] DbFile:41 - Overriding database path with different value: C:\Users\admin\.stmcufinder\plugins\mcufinder/ => C:\Users\admin\.stmcufinder\plugins\mcufinder
2024-08-15 10:36:00,683 [WARN] DbFile:41 - Overriding database path with different value: C:\Users\admin\.stmcufinder\plugins\mcufinder/ => C:\Users\admin\.stmcufinder\plugins\mcufinder
2024-08-15 10:36:00,685 [INFO] CrossReferenceDbSqlite:203 - Set database path to: C:\Users\admin\.stmcufinder\plugins\mcufinder//mcu/cs/
2024-08-15 10:36:00,714 [INFO] ApplicationProperties:184 - Using Application install path: C:\ST\STM32CubeIDE_1.16.0\STM32CubeIDE\plugins\com.st.stm32cube.common.mx_6.12.0.202406281431
2024-08-15 10:36:00,716 [INFO] PluginManage:196 - Search for loadable plugins [exclusion list=, ]
2024-08-15 10:36:00,718 [INFO] PluginManage:310 - Check plugin analytics
2024-08-15 10:36:01,001 [INFO] AnalyticsPlugin:253 - Accepted Software Licenses: STM32CubeMX.6.12.0
2024-08-15 10:36:01,002 [INFO] AnalyticsPlugin:255 - Accepted CMSIS Pack Licenses: STMicroelectronics.X-CUBE-FREERTOS.1.2.0
2024-08-15 10:36:01,002 [INFO] AnalyticsPlugin:257 - Accepted Firmware Licenses: FW.L4.1.18.0
2024-08-15 10:36:01,020 [INFO] PluginManage:359 - Loaded plugin analytics (category:tool,tabindex:-1)
2024-08-15 10:36:01,020 [INFO] PluginManage:310 - Check plugin cadmodel
2024-08-15 10:36:01,068 [INFO] CADModel:105 - Init CAD model plugin
2024-08-15 10:36:01,069 [INFO] PluginManage:359 - Loaded plugin cadmodel (category:power,tabindex:5)
2024-08-15 10:36:01,069 [INFO] PluginManage:310 - Check plugin clock
2024-08-15 10:36:01,092 [INFO] PluginManage:359 - Loaded plugin clock (category:base,tabindex:2)
2024-08-15 10:36:01,092 [INFO] PluginManage:310 - Check plugin ddr
2024-08-15 10:36:01,099 [INFO] PluginManage:359 - Loaded plugin ddr (category:tool,tabindex:6)
2024-08-15 10:36:01,100 [INFO] PluginManage:310 - Check plugin filemanager
2024-08-15 10:36:01,398 [INFO] PluginManage:359 - Loaded plugin filemanager (category:base,tabindex:10)
2024-08-15 10:36:01,399 [INFO] PluginManage:310 - Check plugin ipmanager
2024-08-15 10:36:01,410 [INFO] PluginManage:359 - Loaded plugin ipmanager (category:base,tabindex:5)
2024-08-15 10:36:01,410 [INFO] PluginManage:310 - Check plugin lpbam
2024-08-15 10:36:01,427 [INFO] PluginManage:359 - Loaded plugin lpbam (category:base,tabindex:0)
2024-08-15 10:36:01,427 [INFO] PluginManage:310 - Check plugin memorymap
2024-08-15 10:36:01,462 [INFO] PluginManage:359 - Loaded plugin memorymap (category:base,tabindex:4)
2024-08-15 10:36:01,462 [INFO] PluginManage:310 - Check plugin pinoutandconfiguration
2024-08-15 10:36:01,527 [INFO] PluginManage:359 - Loaded plugin pinoutandconfiguration (category:base,tabindex:1)
2024-08-15 10:36:01,528 [INFO] PluginManage:310 - Check plugin pinoutconfig
2024-08-15 10:36:01,681 [WARN] SupportedApi:132 - Cannot load RTOS API schema: s4s-elt-must-match.1: The content of 'definitions' must match (annotation?, (simpleType | complexType)?, (unique | key | keyref)*)). A problem was found starting at: attribute.
2024-08-15 10:36:01,846 [INFO] PluginManage:359 - Loaded plugin pinoutconfig (category:base,tabindex:0)
2024-08-15 10:36:01,846 [INFO] PluginManage:310 - Check plugin power
2024-08-15 10:36:01,855 [INFO] PluginManage:359 - Loaded plugin power (category:power,tabindex:4)
2024-08-15 10:36:01,855 [INFO] PluginManage:310 - Check plugin projectmanager
2024-08-15 10:36:01,876 [INFO] PluginManage:359 - Loaded plugin projectmanager (category:projectmanager,tabindex:4)
2024-08-15 10:36:01,878 [INFO] PluginManage:310 - Check plugin rif
2024-08-15 10:36:01,884 [INFO] PluginManage:359 - Loaded plugin rif (category:base,tabindex:3)
2024-08-15 10:36:01,884 [INFO] PluginManage:310 - Check plugin thirdparty
2024-08-15 10:36:02,209 [INFO] PluginManage:359 - Loaded plugin thirdparty (category:base,tabindex:-1)
2024-08-15 10:36:02,210 [INFO] PluginManage:310 - Check plugin tools
2024-08-15 10:36:02,214 [INFO] PluginManage:359 - Loaded plugin tools (category:base,tabindex:7)
2024-08-15 10:36:02,214 [INFO] PluginManage:310 - Check plugin tutovideos
2024-08-15 10:36:02,212 [WARN] IntegrityCheckThread:84 - waiting for thirdparty lock release [integrity check]
2024-08-15 10:36:02,216 [INFO] IntegrityCheckThread:86 - entering critical section [integrity check]
2024-08-15 10:36:02,217 [INFO] ThirdPartyUpdaterWithRetryManager:70 - Updater plugin not ready yet. [1/15]
2024-08-15 10:36:02,417 [INFO] PluginManage:359 - Loaded plugin tutovideos (category:base,tabindex:-1)
2024-08-15 10:36:02,417 [INFO] PluginManage:310 - Check plugin updater
2024-08-15 10:36:02,436 [INFO] PluginManage:359 - Loaded plugin updater (category:base,tabindex:12)
2024-08-15 10:36:02,436 [INFO] PluginManage:310 - Check plugin userauth
2024-08-15 10:36:02,444 [INFO] UserAuth:113 - Init User Auth plugin
2024-08-15 10:36:02,444 [INFO] PluginManage:359 - Loaded plugin userauth (category:base,tabindex:14)
2024-08-15 10:36:02,444 [INFO] PluginManage:283 - PluginManage : Loaded plugins [18]
2024-08-15 10:36:02,699 [INFO] PinOutPanel:1561 - setPackage(No Configuration,No Configuration)
2024-08-15 10:36:02,803 [INFO] CADModel:165 - CPN selected for project level
2024-08-15 10:36:02,803 [INFO] CADModel:114 - Register for checkConnection events
2024-08-15 10:36:02,835 [INFO] IPUIPlugin:80 - create IPUIPlugin
2024-08-15 10:36:02,835 [INFO] PluginManager:220 - loadIPPluginJar : add adc
2024-08-15 10:36:02,838 [INFO] IPUIPlugin:80 - create IPUIPlugin
2024-08-15 10:36:02,838 [INFO] PluginManager:220 - loadIPPluginJar : add aes
2024-08-15 10:36:02,840 [INFO] IPUIPlugin:80 - create IPUIPlugin
2024-08-15 10:36:02,841 [INFO] PluginManager:220 - loadIPPluginJar : add can
2024-08-15 10:36:02,842 [INFO] IPUIPlugin:80 - create IPUIPlugin
2024-08-15 10:36:02,842 [INFO] PluginManager:220 - loadIPPluginJar : add comp
2024-08-15 10:36:02,865 [INFO] IPUIPlugin:80 - create IPUIPlugin
2024-08-15 10:36:02,865 [INFO] PluginManager:220 - loadIPPluginJar : add cryp
2024-08-15 10:36:02,869 [INFO] IPUIPlugin:80 - create IPUIPlugin
2024-08-15 10:36:02,869 [INFO] PluginManager:220 - loadIPPluginJar : add ddr_ctrl_phy
2024-08-15 10:36:02,894 [INFO] IPUIPlugin:80 - create IPUIPlugin
2024-08-15 10:36:02,894 [INFO] PluginManager:220 - loadIPPluginJar : add dfsdm
2024-08-15 10:36:02,900 [INFO] IPUIPlugin:80 - create IPUIPlugin
2024-08-15 10:36:02,900 [INFO] PluginManager:220 - loadIPPluginJar : add dma
2024-08-15 10:36:02,904 [INFO] IPUIPlugin:80 - create IPUIPlugin
2024-08-15 10:36:02,904 [INFO] PluginManager:220 - loadIPPluginJar : add dma3
2024-08-15 10:36:02,927 [INFO] IPUIPlugin:80 - create IPUIPlugin
2024-08-15 10:36:02,927 [INFO] PluginManager:220 - loadIPPluginJar : add extmemmanager
2024-08-15 10:36:02,930 [INFO] IPUIPlugin:80 - create IPUIPlugin
2024-08-15 10:36:02,931 [INFO] PluginManager:220 - loadIPPluginJar : add fatfs
2024-08-15 10:36:02,935 [INFO] IPUIPlugin:80 - create IPUIPlugin
2024-08-15 10:36:02,937 [INFO] PluginManager:220 - loadIPPluginJar : add fmc
2024-08-15 10:36:02,961 [INFO] IPUIPlugin:80 - create IPUIPlugin
2024-08-15 10:36:02,961 [INFO] PluginManager:220 - loadIPPluginJar : add freertos
2024-08-15 10:36:02,982 [INFO] IPUIPlugin:80 - create IPUIPlugin
2024-08-15 10:36:02,982 [INFO] PluginManager:220 - loadIPPluginJar : add genericplugin
2024-08-15 10:36:02,984 [INFO] IPUIPlugin:80 - create IPUIPlugin
2024-08-15 10:36:02,984 [INFO] PluginManager:220 - loadIPPluginJar : add gfxmmu
2024-08-15 10:36:02,988 [INFO] IPUIPlugin:80 - create IPUIPlugin
2024-08-15 10:36:02,989 [INFO] PluginManager:220 - loadIPPluginJar : add gic
2024-08-15 10:36:02,992 [INFO] IPUIPlugin:80 - create IPUIPlugin
2024-08-15 10:36:02,992 [INFO] PluginManager:220 - loadIPPluginJar : add gpio
2024-08-15 10:36:02,995 [INFO] IPUIPlugin:80 - create IPUIPlugin
2024-08-15 10:36:02,995 [INFO] PluginManager:220 - loadIPPluginJar : add gtzc
2024-08-15 10:36:02,998 [INFO] IPUIPlugin:80 - create IPUIPlugin
2024-08-15 10:36:02,998 [INFO] PluginManager:220 - loadIPPluginJar : add hash
2024-08-15 10:36:03,018 [INFO] IPUIPlugin:80 - create IPUIPlugin
2024-08-15 10:36:03,018 [INFO] PluginManager:220 - loadIPPluginJar : add i2c
2024-08-15 10:36:03,038 [INFO] IPUIPlugin:80 - create IPUIPlugin
2024-08-15 10:36:03,038 [INFO] PluginManager:220 - loadIPPluginJar : add i2s
2024-08-15 10:36:03,042 [INFO] IPUIPlugin:80 - create IPUIPlugin
2024-08-15 10:36:03,042 [INFO] PluginManager:220 - loadIPPluginJar : add i3c
2024-08-15 10:36:03,045 [INFO] IPUIPlugin:80 - create IPUIPlugin
2024-08-15 10:36:03,045 [INFO] PluginManager:220 - loadIPPluginJar : add ipddr
2024-08-15 10:36:03,051 [INFO] IPUIPlugin:80 - create IPUIPlugin
2024-08-15 10:36:03,051 [INFO] PluginManager:220 - loadIPPluginJar : add linkedlist
2024-08-15 10:36:03,074 [INFO] IPUIPlugin:80 - create IPUIPlugin
2024-08-15 10:36:03,074 [INFO] PluginManager:220 - loadIPPluginJar : add lorawan
2024-08-15 10:36:03,075 [INFO] IPUIPlugin:80 - create IPUIPlugin
2024-08-15 10:36:03,075 [INFO] PluginManager:220 - loadIPPluginJar : add ltdc
2024-08-15 10:36:03,095 [INFO] IPUIPlugin:80 - create IPUIPlugin
2024-08-15 10:36:03,095 [INFO] PluginManager:220 - loadIPPluginJar : add mdma
2024-08-15 10:36:03,099 [INFO] IPUIPlugin:80 - create IPUIPlugin
2024-08-15 10:36:03,099 [INFO] PluginManager:220 - loadIPPluginJar : add nvic
2024-08-15 10:36:03,103 [INFO] IPUIPlugin:80 - create IPUIPlugin
2024-08-15 10:36:03,103 [INFO] PluginManager:220 - loadIPPluginJar : add opamp
2024-08-15 10:36:03,107 [INFO] IPUIPlugin:80 - create IPUIPlugin
2024-08-15 10:36:03,107 [INFO] PluginManager:220 - loadIPPluginJar : add openamp
2024-08-15 10:36:03,111 [INFO] IPUIPlugin:80 - create IPUIPlugin
2024-08-15 10:36:03,111 [INFO] PluginManager:220 - loadIPPluginJar : add pdm2pcm
2024-08-15 10:36:03,134 [INFO] IPUIPlugin:80 - create IPUIPlugin
2024-08-15 10:36:03,139 [INFO] PluginManager:220 - loadIPPluginJar : add plateformsettings
2024-08-15 10:36:03,142 [INFO] IPUIPlugin:80 - create IPUIPlugin
2024-08-15 10:36:03,142 [INFO] PluginManager:220 - loadIPPluginJar : add quadspi
2024-08-15 10:36:03,144 [INFO] IPUIPlugin:80 - create IPUIPlugin
2024-08-15 10:36:03,145 [INFO] PluginManager:220 - loadIPPluginJar : add radio
2024-08-15 10:36:03,171 [INFO] IPUIPlugin:80 - create IPUIPlugin
2024-08-15 10:36:03,171 [INFO] PluginManager:220 - loadIPPluginJar : add resmgrutility
2024-08-15 10:36:03,174 [INFO] IPUIPlugin:80 - create IPUIPlugin
2024-08-15 10:36:03,175 [INFO] PluginManager:220 - loadIPPluginJar : add sai
2024-08-15 10:36:03,178 [INFO] IPUIPlugin:80 - create IPUIPlugin
2024-08-15 10:36:03,178 [INFO] PluginManager:220 - loadIPPluginJar : add spi
2024-08-15 10:36:03,183 [INFO] IPUIPlugin:80 - create IPUIPlugin
2024-08-15 10:36:03,184 [INFO] PluginManager:220 - loadIPPluginJar : add stm32_wpan
2024-08-15 10:36:03,185 [INFO] IPUIPlugin:80 - create IPUIPlugin
2024-08-15 10:36:03,185 [INFO] PluginManager:220 - loadIPPluginJar : add tim
2024-08-15 10:36:03,188 [INFO] IPUIPlugin:80 - create IPUIPlugin
2024-08-15 10:36:03,188 [INFO] PluginManager:220 - loadIPPluginJar : add touchsensing
2024-08-15 10:36:03,191 [INFO] IPUIPlugin:80 - create IPUIPlugin
2024-08-15 10:36:03,191 [INFO] PluginManager:220 - loadIPPluginJar : add tracer_emb
2024-08-15 10:36:03,192 [INFO] IPUIPlugin:80 - create IPUIPlugin
2024-08-15 10:36:03,192 [INFO] PluginManager:220 - loadIPPluginJar : add ts
2024-08-15 10:36:03,194 [INFO] IPUIPlugin:80 - create IPUIPlugin
2024-08-15 10:36:03,195 [INFO] PluginManager:220 - loadIPPluginJar : add tsc
2024-08-15 10:36:03,216 [INFO] IPUIPlugin:80 - create IPUIPlugin
2024-08-15 10:36:03,216 [INFO] PluginManager:220 - loadIPPluginJar : add ucpd
2024-08-15 10:36:03,234 [INFO] IPUIPlugin:80 - create IPUIPlugin
2024-08-15 10:36:03,234 [INFO] PluginManager:220 - loadIPPluginJar : add usart
2024-08-15 10:36:03,237 [INFO] IPUIPlugin:80 - create IPUIPlugin
2024-08-15 10:36:03,238 [INFO] PluginManager:220 - loadIPPluginJar : add usbx
2024-08-15 10:36:03,376 [INFO] CADModel:165 - CPN selected for project level
2024-08-15 10:36:03,377 [INFO] CADModel:114 - Register for checkConnection events
2024-08-15 10:36:03,377 [FATAL] Updater:334 - Updater called before beeing initialized
2024-08-15 10:36:03,377 [ERROR] CADModel:125 - Updater not yet initialized, retry later 
2024-08-15 10:36:03,566 [INFO] CADModel:165 - CPN selected for project level
2024-08-15 10:36:03,567 [INFO] CADModel:114 - Register for checkConnection events
2024-08-15 10:36:03,567 [FATAL] Updater:334 - Updater called before beeing initialized
2024-08-15 10:36:03,567 [ERROR] CADModel:125 - Updater not yet initialized, retry later 
2024-08-15 10:36:03,571 [FATAL] Updater:334 - Updater called before beeing initialized
2024-08-15 10:36:03,749 [FATAL] Updater:334 - Updater called before beeing initialized
2024-08-15 10:36:03,753 [INFO] DbMcusAds:53 - JSON generation date=Thu May 16 10:22:00 BST 2024 (1715851320667)
2024-08-15 10:36:03,753 [FATAL] Updater:334 - Updater called before beeing initialized
2024-08-15 10:36:03,816 [WARN] DetailPanel:346 - Failed to get advertising image, set to default
2024-08-15 10:36:03,942 [FATAL] Updater:334 - Updater called before beeing initialized
2024-08-15 10:36:03,944 [FATAL] Updater:334 - Updater called before beeing initialized
2024-08-15 10:36:03,944 [FATAL] Updater:334 - Updater called before beeing initialized
2024-08-15 10:36:03,944 [WARN] DetailPanel:346 - Failed to get advertising image, set to default
2024-08-15 10:36:03,945 [FATAL] Updater:334 - Updater called before beeing initialized
2024-08-15 10:36:04,012 [ERROR] Updater:1164 - MainUpdater not yet initialized. External WinMGr cannot be set.
2024-08-15 10:36:04,036 [INFO] Updater:1100 - Updater Version found : 6.12.0
2024-08-15 10:36:04,059 [INFO] ApplicationProperties:184 - Using Application install path: C:\ST\STM32CubeIDE_1.16.0\STM32CubeIDE\plugins\com.st.stm32cube.common.mx_6.12.0.202406281431
2024-08-15 10:36:04,613 [INFO] MainUpdater:2873 - connection check result : 10
2024-08-15 10:36:04,614 [INFO] MainUpdater:290 - Updater Check For Update Now.
2024-08-15 10:36:04,615 [INFO] MicroXplorer:498 - Change Database Version : DB.6.0.120
2024-08-15 10:36:04,645 [INFO] McuFinderGlobals:63 - Set McuFinder mode to 2 (CubeIDE integrated)
2024-08-15 10:36:04,706 [INFO] UserAuth:417 - Internet connection configuration mode: 1
2024-08-15 10:36:04,765 [INFO] JxBrowserEngine:152 - Initiate JxBrowser Engine with user profile folder
2024-08-15 10:36:04,858 [INFO] CheckServerUpdateThread:120 - End of CheckServer Thread
2024-08-15 10:36:05,448 [WARN] PackLoader:240 - Cannot read IP mode file for STMicroelectronics.FP-SNS-MOTENVWB1.1.4.0
2024-08-15 10:36:05,460 [WARN] PackLoader:240 - Cannot read IP mode file for STMicroelectronics.X-CUBE-SMBUS.2.1.0
2024-08-15 10:36:05,504 [WARN] PackLoader:240 - Cannot read IP mode file for STMicroelectronics.X-CUBE-AZRTOS-F7.1.1.0
2024-08-15 10:36:05,520 [WARN] PackLoader:240 - Cannot read IP mode file for STMicroelectronics.FP-SNS-FLIGHT1.5.0.2
2024-08-15 10:36:05,534 [WARN] PackLoader:240 - Cannot read IP mode file for STMicroelectronics.X-CUBE-DISPLAY.3.0.0
2024-08-15 10:36:05,555 [WARN] PackLoader:240 - Cannot read IP mode file for STMicroelectronics.X-CUBE-BLE1.7.0.0
2024-08-15 10:36:05,599 [WARN] PackLoader:240 - Cannot read IP mode file for emotas.I-CUBE-CANOPEN.1.3.0
2024-08-15 10:36:05,680 [WARN] PackLoader:240 - Cannot read IP mode file for STMicroelectronics.X-CUBE-BLEMGR.3.1.0
2024-08-15 10:36:05,697 [WARN] PackLoader:240 - Cannot read IP mode file for STMicroelectronics.FP-SNS-SMARTAG2.1.2.0
2024-08-15 10:36:05,716 [INFO] LogOutputStream:77 - [STDOUT_REDIRECT] 1 : Invalid condition id : UX_CORESTACK_Condition cause : null
2024-08-15 10:36:05,717 [INFO] LogOutputStream:77 - [STDOUT_REDIRECT] 1 : Invalid condition id : UX_CORESTACK_Condition cause : null
2024-08-15 10:36:05,719 [INFO] LogOutputStream:77 - [STDOUT_REDIRECT] 1 : Invalid condition id : UX_CORESTACK_Condition cause : null
2024-08-15 10:36:05,723 [INFO] LogOutputStream:77 - [STDOUT_REDIRECT] 1 : Invalid condition id : UX_CORESTACK_Condition cause : null
2024-08-15 10:36:05,727 [INFO] LogOutputStream:77 - [STDOUT_REDIRECT] 1 : Invalid condition id : UX_CORESTACK_Condition cause : null
2024-08-15 10:36:05,733 [WARN] PackLoader:240 - Cannot read IP mode file for STMicroelectronics.X-CUBE-AZRTOS-WL.2.0.0
2024-08-15 10:36:05,771 [WARN] PackLoader:240 - Cannot read IP mode file for STMicroelectronics.FP-SNS-MOTENV1.5.0.0
2024-08-15 10:36:05,785 [WARN] PackLoader:240 - Cannot read IP mode file for wolfSSL.I-CUBE-wolfMQTT.1.19.0
2024-08-15 10:36:05,798 [WARN] PackLoader:240 - Cannot read IP mode file for WES.I-CUBE-Cesium.1.3.0
2024-08-15 10:36:05,806 [WARN] PackLoader:240 - Cannot read IP mode file for STMicroelectronics.X-CUBE-BLE2.3.3.0
2024-08-15 10:36:05,818 [WARN] PackLoader:240 - Cannot read IP mode file for STMicroelectronics.X-CUBE-TCPP.4.1.0
2024-08-15 10:36:05,847 [WARN] PackLoader:240 - Cannot read IP mode file for STMicroelectronics.X-CUBE-AZRTOS-G0.1.1.0
2024-08-15 10:36:05,861 [WARN] PackLoader:240 - Cannot read IP mode file for STMicroelectronics.X-CUBE-SAFEA1.1.2.2
2024-08-15 10:36:05,902 [WARN] PackLoader:240 - Cannot read IP mode file for STMicroelectronics.X-CUBE-NFC4.3.0.0
2024-08-15 10:36:05,916 [WARN] PackLoader:240 - Cannot read IP mode file for EmbeddedOffice.I-CUBE-FS-RTOS.1.0.1
2024-08-15 10:36:05,916 [ERROR] ConditionMgr:805 - Attr not supported : Dmpu
2024-08-15 10:36:05,916 [ERROR] ConditionMgr:805 - Attr not supported : Dmpu
2024-08-15 10:36:05,916 [ERROR] ConditionMgr:805 - Attr not supported : Dmpu
2024-08-15 10:36:05,916 [ERROR] ConditionMgr:805 - Attr not supported : Dmpu
2024-08-15 10:36:05,916 [ERROR] ConditionMgr:805 - Attr not supported : Dmpu
2024-08-15 10:36:05,916 [ERROR] ConditionMgr:805 - Attr not supported : Dmpu
2024-08-15 10:36:05,917 [ERROR] ConditionMgr:805 - Attr not supported : Dmpu
2024-08-15 10:36:05,917 [ERROR] ConditionMgr:805 - Attr not supported : Dmpu
2024-08-15 10:36:05,917 [ERROR] ConditionMgr:805 - Attr not supported : Dmpu
2024-08-15 10:36:05,917 [ERROR] ConditionMgr:805 - Attr not supported : Dmpu
2024-08-15 10:36:05,917 [ERROR] ConditionMgr:805 - Attr not supported : Dmpu
2024-08-15 10:36:05,917 [ERROR] ConditionMgr:805 - Attr not supported : Dmpu
2024-08-15 10:36:05,917 [ERROR] ConditionMgr:805 - Attr not supported : Dmpu
2024-08-15 10:36:05,917 [ERROR] ConditionMgr:805 - Attr not supported : Dmpu
2024-08-15 10:36:05,917 [ERROR] ConditionMgr:805 - Attr not supported : Dmpu
2024-08-15 10:36:05,917 [ERROR] ConditionMgr:805 - Attr not supported : Dmpu
2024-08-15 10:36:05,917 [ERROR] ConditionMgr:805 - Attr not supported : Dmpu
2024-08-15 10:36:05,917 [ERROR] ConditionMgr:805 - Attr not supported : Dmpu
2024-08-15 10:36:05,917 [ERROR] ConditionMgr:805 - Attr not supported : Dmpu
2024-08-15 10:36:05,917 [ERROR] ConditionMgr:805 - Attr not supported : Dmpu
2024-08-15 10:36:05,917 [ERROR] ConditionMgr:805 - Attr not supported : Dmpu
2024-08-15 10:36:05,917 [ERROR] ConditionMgr:805 - Attr not supported : Dmpu
2024-08-15 10:36:05,917 [ERROR] ConditionMgr:805 - Attr not supported : Dmpu
2024-08-15 10:36:05,917 [ERROR] ConditionMgr:805 - Attr not supported : Dmpu
2024-08-15 10:36:05,917 [ERROR] ConditionMgr:805 - Attr not supported : Dmpu
2024-08-15 10:36:05,918 [ERROR] ConditionMgr:805 - Attr not supported : Dmpu
2024-08-15 10:36:05,918 [ERROR] ConditionMgr:805 - Attr not supported : Dmpu
2024-08-15 10:36:05,918 [ERROR] ConditionMgr:805 - Attr not supported : Dmpu
2024-08-15 10:36:05,918 [ERROR] ConditionMgr:805 - Attr not supported : Dmpu
2024-08-15 10:36:05,918 [ERROR] ConditionMgr:805 - Attr not supported : Dmpu
2024-08-15 10:36:05,918 [ERROR] ConditionMgr:805 - Attr not supported : Dmpu
2024-08-15 10:36:05,918 [ERROR] ConditionMgr:805 - Attr not supported : Dmpu
2024-08-15 10:36:05,918 [ERROR] ConditionMgr:805 - Attr not supported : Dmpu
2024-08-15 10:36:05,918 [ERROR] ConditionMgr:805 - Attr not supported : Dmpu
2024-08-15 10:36:05,918 [ERROR] ConditionMgr:805 - Attr not supported : Dmpu
2024-08-15 10:36:05,918 [ERROR] ConditionMgr:805 - Attr not supported : Dmpu
2024-08-15 10:36:05,919 [ERROR] ConditionMgr:805 - Attr not supported : Dmpu
2024-08-15 10:36:05,919 [ERROR] ConditionMgr:805 - Attr not supported : Dmpu
2024-08-15 10:36:05,919 [ERROR] ConditionMgr:805 - Attr not supported : Dmpu
2024-08-15 10:36:05,919 [ERROR] ConditionMgr:805 - Attr not supported : Dmpu
2024-08-15 10:36:05,919 [ERROR] ConditionMgr:805 - Attr not supported : Dmpu
2024-08-15 10:36:05,919 [ERROR] ConditionMgr:805 - Attr not supported : Dmpu
2024-08-15 10:36:05,919 [ERROR] ConditionMgr:805 - Attr not supported : Dmpu
2024-08-15 10:36:05,919 [ERROR] ConditionMgr:805 - Attr not supported : Dmpu
2024-08-15 10:36:05,920 [ERROR] ConditionMgr:805 - Attr not supported : Dmpu
2024-08-15 10:36:05,920 [ERROR] ConditionMgr:805 - Attr not supported : Dmpu
2024-08-15 10:36:05,920 [ERROR] ConditionMgr:805 - Attr not supported : Dmpu
2024-08-15 10:36:05,920 [ERROR] ConditionMgr:805 - Attr not supported : Dmpu
2024-08-15 10:36:05,920 [ERROR] ConditionMgr:805 - Attr not supported : Dmpu
2024-08-15 10:36:05,920 [ERROR] ConditionMgr:805 - Attr not supported : Dmpu
2024-08-15 10:36:05,920 [ERROR] ConditionMgr:805 - Attr not supported : Dmpu
2024-08-15 10:36:05,920 [ERROR] ConditionMgr:805 - Attr not supported : Dmpu
2024-08-15 10:36:05,920 [ERROR] ConditionMgr:805 - Attr not supported : Dmpu
2024-08-15 10:36:05,920 [ERROR] ConditionMgr:805 - Attr not supported : Dmpu
2024-08-15 10:36:05,920 [ERROR] ConditionMgr:805 - Attr not supported : Dmpu
2024-08-15 10:36:05,920 [ERROR] ConditionMgr:805 - Attr not supported : Dmpu
2024-08-15 10:36:05,920 [ERROR] ConditionMgr:805 - Attr not supported : Dmpu
2024-08-15 10:36:05,920 [ERROR] ConditionMgr:805 - Attr not supported : Dmpu
2024-08-15 10:36:05,920 [ERROR] ConditionMgr:805 - Attr not supported : Dmpu
2024-08-15 10:36:05,920 [ERROR] ConditionMgr:805 - Attr not supported : Dmpu
2024-08-15 10:36:05,920 [ERROR] ConditionMgr:805 - Attr not supported : Dmpu
2024-08-15 10:36:05,921 [ERROR] ConditionMgr:805 - Attr not supported : Dmpu
2024-08-15 10:36:05,921 [ERROR] ConditionMgr:805 - Attr not supported : Dmpu
2024-08-15 10:36:05,921 [ERROR] ConditionMgr:805 - Attr not supported : Dmpu
2024-08-15 10:36:05,929 [WARN] PackLoader:240 - Cannot read IP mode file for RealThread.X-CUBE-RT-Thread_Nano.4.1.1
2024-08-15 10:36:05,936 [WARN] PackLoader:240 - Cannot read IP mode file for wolfSSL.I-CUBE-wolfSSL.5.7.0
2024-08-15 10:36:05,975 [WARN] PackLoader:240 - Cannot read IP mode file for STMicroelectronics.FP-ATR-SIGFOX1.3.2.0
2024-08-15 10:36:05,988 [WARN] PackLoader:240 - Cannot read IP mode file for STMicroelectronics.X-CUBE-EEPRMA1.5.1.0
2024-08-15 10:36:06,027 [WARN] PackLoader:240 - Cannot read IP mode file for ITTIA_DB.I-CUBE-ITTIADB.8.9.0
2024-08-15 10:36:06,066 [WARN] PackLoader:240 - Cannot read IP mode file for SEGGER.I-CUBE-embOS.1.3.1
2024-08-15 10:36:06,124 [WARN] PackLoader:240 - Cannot read IP mode file for STMicroelectronics.X-CUBE-ALGOBUILD.1.4.0
2024-08-15 10:36:06,134 [WARN] PackLoader:240 - Cannot read IP mode file for STMicroelectronics.X-CUBE-GNSS1.6.0.0
2024-08-15 10:36:06,191 [WARN] PackLoader:240 - Cannot read IP mode file for STMicroelectronics.X-CUBE-AZRTOS-F4.1.1.0
2024-08-15 10:36:06,209 [WARN] PackLoader:240 - Cannot read IP mode file for STMicroelectronics.X-CUBE-FREERTOS.1.2.0
2024-08-15 10:36:06,395 [WARN] PackLoader:240 - Cannot read IP mode file for STMicroelectronics.X-CUBE-AZRTOS-L5.2.0.0
2024-08-15 10:36:06,415 [WARN] PackLoader:240 - Cannot read IP mode file for STMicroelectronics.X-CUBE-NFC6.3.1.0
2024-08-15 10:36:06,431 [WARN] PackLoader:240 - Cannot read IP mode file for STMicroelectronics.X-CUBE-DPower.1.2.0
2024-08-15 10:36:06,516 [WARN] PackLoader:240 - Cannot read IP mode file for STMicroelectronics.X-CUBE-AI.9.0.0
2024-08-15 10:36:06,535 [WARN] PackLoader:240 - Cannot read IP mode file for STMicroelectronics.X-CUBE-NFC7.1.0.1
2024-08-15 10:36:06,547 [WARN] PackLoader:240 - Cannot read IP mode file for wolfSSL.I-CUBE-wolfTPM.3.2.0
2024-08-15 10:36:06,601 [WARN] ConditionMgr:438 - getConditionDescription Invalid condition id : LAN8742 Phy interface Condition cause : null
2024-08-15 10:36:06,603 [WARN] PackLoader:240 - Cannot read IP mode file for STMicroelectronics.X-CUBE-AZRTOS-L4.2.0.0
2024-08-15 10:36:06,605 [WARN] ConditionMgr:1039 - genDependencies : Invalid condition id : LAN8742 Phy interface Condition cause : null
2024-08-15 10:36:06,605 [WARN] ConditionMgr:1039 - genDependencies : Invalid condition id : LAN8742 Phy interface Condition cause : null
2024-08-15 10:36:06,607 [WARN] ConditionMgr:1039 - genDependencies : Invalid condition id : LAN8742 Phy interface Condition cause : null
2024-08-15 10:36:06,623 [WARN] PackLoader:240 - Cannot read IP mode file for STMicroelectronics.X-CUBE-SFXS2LP1.4.0.0
2024-08-15 10:36:06,644 [WARN] ConditionMgr:438 - getConditionDescription Invalid condition id : UX DEVICE CLASS RTOS Condition cause : null
2024-08-15 10:36:06,645 [WARN] ConditionMgr:438 - getConditionDescription Invalid condition id : UX DEVICE CLASS RTOS Condition cause : null
2024-08-15 10:36:06,648 [WARN] PackLoader:240 - Cannot read IP mode file for STMicroelectronics.X-CUBE-AZRTOS-WB.2.0.0
2024-08-15 10:36:06,649 [WARN] ConditionMgr:1039 - genDependencies : Invalid condition id : UX DEVICE CLASS RTOS Condition cause : null
2024-08-15 10:36:06,649 [WARN] ConditionMgr:1039 - genDependencies : Invalid condition id : UX DEVICE CLASS RTOS Condition cause : null
2024-08-15 10:36:06,649 [WARN] ConditionMgr:1039 - genDependencies : Invalid condition id : UX DEVICE CLASS RTOS Condition cause : null
2024-08-15 10:36:06,650 [WARN] ConditionMgr:1039 - genDependencies : Invalid condition id : UX DEVICE CLASS RTOS Condition cause : null
2024-08-15 10:36:06,650 [WARN] ConditionMgr:1039 - genDependencies : Invalid condition id : UX DEVICE CLASS RTOS Condition cause : null
2024-08-15 10:36:06,662 [WARN] PackLoader:240 - Cannot read IP mode file for STMicroelectronics.FP-SNS-STBOX1.2.0.0
2024-08-15 10:36:06,705 [WARN] PackLoader:240 - Cannot read IP mode file for STMicroelectronics.X-CUBE-SUBG2.5.0.0
2024-08-15 10:36:06,719 [WARN] PackLoader:240 - Cannot read IP mode file for Cesanta.I-CUBE-Mongoose.7.13.0
2024-08-15 10:36:06,743 [WARN] PackLoader:240 - Cannot read IP mode file for STMicroelectronics.X-CUBE-AZRTOS-G4.2.0.0
2024-08-15 10:36:06,752 [WARN] PackLoader:240 - Cannot read IP mode file for STMicroelectronics.X-CUBE-ISPU.2.0.0
2024-08-15 10:36:06,781 [WARN] PackLoader:240 - Cannot read IP mode file for STMicroelectronics.X-CUBE-ALS.1.0.2
2024-08-15 10:36:06,834 [WARN] PackLoader:240 - Cannot read IP mode file for STMicroelectronics.X-CUBE-MEMS1.10.0.0
2024-08-15 10:36:07,133 [WARN] PackLoader:240 - Cannot read IP mode file for STMicroelectronics.X-CUBE-TOUCHGFX.4.24.0
2024-08-15 10:36:07,208 [WARN] PackLoader:240 - Cannot read IP mode file for portGmbH.I-Cube-SoM-uGOAL.1.1.0
2024-08-15 10:36:07,285 [WARN] PackLoader:240 - Cannot read IP mode file for STMicroelectronics.X-CUBE-AZRTOS-H7RS.1.0.0
2024-08-15 10:36:07,348 [WARN] PackLoader:240 - Cannot read IP mode file for STMicroelectronics.FP-ATR-ASTRA1.2.0.0
2024-08-15 10:36:07,408 [WARN] PackLoader:240 - Cannot read IP mode file for STMicroelectronics.X-CUBE-TOF1.3.4.2
2024-08-15 10:36:07,438 [WARN] PackLoader:240 - Cannot read IP mode file for STMicroelectronics.X-CUBE-TOF1.3.4.1
2024-08-15 10:36:07,495 [WARN] PackLoader:240 - Cannot read IP mode file for STMicroelectronics.X-CUBE-AZRTOS-H7.3.2.0
2024-08-15 10:36:07,566 [WARN] PackLoader:240 - Cannot read IP mode file for Infineon.AIROC-Wi-Fi-Bluetooth-STM32.1.6.0
2024-08-15 10:36:07,598 [INFO] WebApp:167 - Instantiating new browser for Auth
2024-08-15 10:36:07,647 [WARN] PackLoader:240 - Cannot read IP mode file for wolfSSL.I-CUBE-wolfSSH.1.4.17
2024-08-15 10:36:07,648 [INFO] ThirdParty:978 - Integrity check success = true
2024-08-15 10:36:07,648 [INFO] IntegrityCheckThread:100 - exiting critical section [integrity check]
2024-08-15 10:36:07,649 [INFO] IntegrityCheckThread:103 - End integrity checks thread
2024-08-15 10:36:09,215 [INFO] WebApp:448 - Apply proxy settings
2024-08-15 10:36:09,215 [INFO] WebApp:533 - Chromium requires no authentication
2024-08-15 10:36:09,249 [INFO] WebApp:476 - Direct internet connection detected
2024-08-15 10:36:09,298 [INFO] WebApp:869 - Register for checkConnection events
2024-08-15 10:36:09,298 [INFO] WebApp:448 - Apply proxy settings
2024-08-15 10:36:09,298 [INFO] WebApp:533 - Chromium requires no authentication
2024-08-15 10:36:09,299 [INFO] WebApp:476 - Direct internet connection detected
2024-08-15 10:36:09,552 [INFO] WebApp:220 - Starting web application
2024-08-15 10:36:09,552 [INFO] WebApp:578 - Web application path used C:\ST\STM32CubeIDE_1.16.0\STM32CubeIDE\plugins\com.st.stm32cube.common.mx_6.12.0.202406281431\db\plugins\mcufinder\reactClient1\index.html
2024-08-15 10:36:09,698 [INFO] UserAuth:417 - Internet connection configuration mode: 1
2024-08-15 10:36:09,912 [INFO] WebApp:186 - Connection restablished
2024-08-15 10:36:53,276 [ERROR] LogOutputStream:75 - [STDERR_REDIRECT] 
