2024-08-28 08:38:57,329 [INFO] MainUpdater:2873 - connection check result : 22
2024-08-28 08:38:57,377 [INFO] MainUpdater:2873 - connection check result : 22
2024-08-28 08:38:58,803 [INFO] MicroXplorer:468 - Change Database Path : 
2024-08-28 08:38:58,803 [INFO] MicroXplorer:498 - Change Database Version : DB.6.0.120
2024-08-28 08:38:58,813 [ERROR] ProjectManagerView:394 - 
java.lang.NullPointerException: Cannot invoke "javax.swing.JTextField.getText()" because the return value of "java.util.List.get(int)" is null
	at com.st.microxplorer.plugins.projectmanager.gui.ProjectChoiceTab$10.caretUpdate(ProjectChoiceTab.java:2622) ~[filemanager.jar:?]
	at javax.swing.text.JTextComponent.fireCaretUpdate(JTextComponent.java:412) ~[?:?]
	at javax.swing.text.JTextComponent$MutableCaretEvent.fire(JTextComponent.java:4491) ~[?:?]
	at javax.swing.text.JTextComponent$MutableCaretEvent.stateChanged(JTextComponent.java:4513) ~[?:?]
	at javax.swing.text.DefaultCaret.fireStateChanged(DefaultCaret.java:842) ~[?:?]
	at javax.swing.text.DefaultCaret.changeCaretPosition(DefaultCaret.java:1313) ~[?:?]
	at javax.swing.text.DefaultCaret.handleSetDot(DefaultCaret.java:1212) ~[?:?]
	at javax.swing.text.DefaultCaret.setDot(DefaultCaret.java:1193) ~[?:?]
	at javax.swing.text.DefaultCaret$Handler.insertUpdate(DefaultCaret.java:1789) ~[?:?]
	at javax.swing.text.AbstractDocument.fireInsertUpdate(AbstractDocument.java:226) ~[?:?]
	at javax.swing.text.AbstractDocument.handleInsertString(AbstractDocument.java:780) ~[?:?]
	at javax.swing.text.AbstractDocument.insertString(AbstractDocument.java:739) ~[?:?]
	at javax.swing.text.PlainDocument.insertString(PlainDocument.java:131) ~[?:?]
	at javax.swing.text.AbstractDocument.replace(AbstractDocument.java:698) ~[?:?]
	at javax.swing.text.JTextComponent.setText(JTextComponent.java:1729) ~[?:?]
	at com.st.microxplorer.plugins.projectmanager.gui.ProjectChoiceTab.createHeapStackFields(ProjectChoiceTab.java:972) ~[filemanager.jar:?]
	at com.st.microxplorer.plugins.projectmanager.gui.ProjectChoiceTab.buildLinkSettingsPanel(ProjectChoiceTab.java:3597) ~[filemanager.jar:?]
	at com.st.microxplorer.plugins.projectmanager.gui.ProjectChoiceTab.defineWindowsFields(ProjectChoiceTab.java:1940) ~[filemanager.jar:?]
	at com.st.microxplorer.plugins.projectmanager.gui.ProjectChoiceTab.updateSettings(ProjectChoiceTab.java:550) ~[filemanager.jar:?]
	at com.st.microxplorer.plugins.projectmanager.gui.ProjectSettingsPanel.UpdateDialog(ProjectSettingsPanel.java:245) ~[filemanager.jar:?]
	at com.st.microxplorer.plugins.projectmanager.ProjectManagerView.propertyChange(ProjectManagerView.java:391) ~[filemanager.jar:?]
	at java.beans.PropertyChangeSupport.fire(PropertyChangeSupport.java:343) ~[?:?]
	at java.beans.PropertyChangeSupport.firePropertyChange(PropertyChangeSupport.java:335) ~[?:?]
	at java.beans.PropertyChangeSupport.firePropertyChange(PropertyChangeSupport.java:268) ~[?:?]
	at com.st.microxplorer.util.MXPropertyChangeSupport.firePropertyChange(MXPropertyChangeSupport.java:54) ~[STM32CubeMX.jar:?]
	at com.st.microxplorer.mxsystem.MxSystem.closeConfig(MxSystem.java:900) ~[STM32CubeMX.jar:?]
	at com.st.microxplorer.maingui.MainPanel.closeConfig(MainPanel.java:781) ~[STM32CubeMX.jar:?]
	at com.st.microxplorer.plugins.filemanager.engine.OpenFileManager.loadConfigurationFile(OpenFileManager.java:265) ~[filemanager.jar:?]
	at com.st.microxplorer.plugins.filemanager.engine.MainFileManager.userLoadConfig(MainFileManager.java:352) ~[filemanager.jar:?]
	at com.st.microxplorer.plugins.filemanager.engine.MainFileManager.userLoadConfig(MainFileManager.java:330) ~[filemanager.jar:?]
	at com.st.microxplorer.plugins.filemanager.FileManagerView.getSpecificTask(FileManagerView.java:246) ~[filemanager.jar:?]
	at com.st.stm32cube.common.mx.editor.CubeMxEditor.getMxTabbedPaneInstance(CubeMxEditor.java:1198) ~[com.st.stm32cube.common.mx_6.12.0.202406281431/:?]
	at com.st.stm32cube.common.mx.editor.CubeMxEditor$12$1.createSwingComponent(CubeMxEditor.java:1068) ~[com.st.stm32cube.common.mx_6.12.0.202406281431/:?]
	at com.st.stm32cube.common.mx.oss.core.awtswtbridge.EmbeddedSwingComposite.doComponentCreation(EmbeddedSwingComposite.java:492) ~[com.st.stm32cube.common.mx.oss_6.12.0.202406281431/:?]
	at com.st.stm32cube.common.mx.oss.core.awtswtbridge.EmbeddedSwingComposite$4.run(EmbeddedSwingComposite.java:291) ~[com.st.stm32cube.common.mx.oss_6.12.0.202406281431/:?]
	at com.st.stm32cube.common.mx.oss.core.awtswtbridge.AwtEnvironment$2.run(AwtEnvironment.java:166) ~[com.st.stm32cube.common.mx.oss_6.12.0.202406281431/:?]
	at java.awt.event.InvocationEvent.dispatch(InvocationEvent.java:318) ~[?:?]
	at java.awt.EventQueue.dispatchEventImpl(EventQueue.java:773) ~[?:?]
	at java.awt.EventQueue$4.run(EventQueue.java:720) ~[?:?]
	at java.awt.EventQueue$4.run(EventQueue.java:714) ~[?:?]
	at java.security.AccessController.doPrivileged(AccessController.java:399) ~[?:?]
	at java.security.ProtectionDomain$JavaSecurityAccessImpl.doIntersectionPrivilege(ProtectionDomain.java:86) ~[?:?]
	at java.awt.EventQueue.dispatchEvent(EventQueue.java:742) ~[?:?]
	at java.awt.EventDispatchThread.pumpOneEventForFilters(EventDispatchThread.java:203) ~[?:?]
	at java.awt.EventDispatchThread.pumpEventsForFilter(EventDispatchThread.java:124) ~[?:?]
	at java.awt.EventDispatchThread.pumpEventsForHierarchy(EventDispatchThread.java:113) ~[?:?]
	at java.awt.EventDispatchThread.pumpEvents(EventDispatchThread.java:109) ~[?:?]
	at java.awt.EventDispatchThread.pumpEvents(EventDispatchThread.java:101) ~[?:?]
	at java.awt.EventDispatchThread.run(EventDispatchThread.java:90) ~[?:?]
2024-08-28 08:38:58,814 [WARN] ThirdParty:871 - waiting for thirdparty lock release [close project]
2024-08-28 08:38:58,814 [INFO] ThirdParty:873 - entering critical section [close project]
2024-08-28 08:38:58,814 [INFO] ThirdParty:883 - exiting critical section [close project]
2024-08-28 08:38:58,816 [INFO] PinOutPanel:1561 - setPackage(No Configuration,No Configuration)
2024-08-28 08:38:58,819 [INFO] UtilMem:75 - Begin LoadConfig() Used Memory: 719249048 Bytes (926941184)
2024-08-28 08:38:58,820 [INFO] MicroXplorer:468 - Change Database Path : 
2024-08-28 08:38:58,820 [INFO] MicroXplorer:498 - Change Database Version : DB.6.0.120
2024-08-28 08:38:58,820 [INFO] OpenFileManager:332 - Change cursor
2024-08-28 08:38:58,831 [INFO] Mcu:2032 - Initializing MCU STM32L476R(C-E-G)Tx STM32L476RGTx STM32L476RGT6
2024-08-28 08:39:00,087 [INFO] Context:742 - Trying to add GPIOservice into a context  which must be forbidden
2024-08-28 08:39:00,318 [INFO] RtosManager:555 - Registered RTOS mode: class=CMSIS, group=RTOS, mode=CMSIS_V1, owner=FREERTOS
2024-08-28 08:39:00,318 [INFO] RtosManager:555 - Registered RTOS mode: class=CMSIS, group=RTOS2, mode=CMSIS_V2, owner=FREERTOS
2024-08-28 08:39:00,318 [INFO] RtosManager:555 - Registered RTOS mode: class=RTOS, group=Core, mode=CMSIS_V1, owner=FREERTOS
2024-08-28 08:39:00,318 [INFO] RtosManager:555 - Registered RTOS mode: class=RTOS, group=Core, mode=CMSIS_V2, owner=FREERTOS
2024-08-28 08:39:00,318 [WARN] ModelIntegratedComponent:184 - Missing modes for component STMicroelectronics:FreeRTOS:0.0.1:STMicroelectronics:RTOS:FreeRTOS:Core:::10.2.0:
2024-08-28 08:39:00,322 [WARN] ModelIntegratedComponent:63 - No mode defined for component null
2024-08-28 08:39:00,322 [WARN] ModelIntegratedComponent:63 - No mode defined for component null
2024-08-28 08:39:00,322 [WARN] ModelIntegratedComponent:63 - No mode defined for component null
2024-08-28 08:39:00,322 [WARN] ModelIntegratedComponent:63 - No mode defined for component null
2024-08-28 08:39:00,322 [WARN] ModelIntegratedComponent:63 - No mode defined for component null
2024-08-28 08:39:00,322 [WARN] ModelIntegratedComponent:63 - No mode defined for component null
2024-08-28 08:39:00,322 [WARN] ModelIntegratedComponent:63 - No mode defined for component null
2024-08-28 08:39:00,322 [WARN] ModelIntegratedComponent:63 - No mode defined for component null
2024-08-28 08:39:00,322 [WARN] ModelIntegratedComponent:63 - No mode defined for component null
2024-08-28 08:39:00,322 [WARN] ModelIntegratedComponent:63 - No mode defined for component null
2024-08-28 08:39:00,322 [WARN] ModelIntegratedComponent:63 - No mode defined for component null
2024-08-28 08:39:00,322 [WARN] ModelIntegratedComponent:63 - No mode defined for component null
2024-08-28 08:39:00,322 [WARN] ModelIntegratedComponent:63 - No mode defined for component null
2024-08-28 08:39:00,322 [WARN] ModelIntegratedComponent:63 - No mode defined for component null
2024-08-28 08:39:00,322 [WARN] ModelIntegratedComponent:63 - No mode defined for component null
2024-08-28 08:39:00,322 [WARN] ModelIntegratedComponent:63 - No mode defined for component null
2024-08-28 08:39:00,322 [WARN] ModelIntegratedComponent:63 - No mode defined for component null
2024-08-28 08:39:00,322 [WARN] ModelIntegratedComponent:63 - No mode defined for component null
2024-08-28 08:39:00,322 [WARN] ModelIntegratedComponent:63 - No mode defined for component null
2024-08-28 08:39:00,322 [WARN] ModelIntegratedComponent:63 - No mode defined for component null
2024-08-28 08:39:00,322 [WARN] ModelIntegratedComponent:63 - No mode defined for component null
2024-08-28 08:39:00,322 [WARN] ModelIntegratedComponent:63 - No mode defined for component null
2024-08-28 08:39:00,322 [WARN] ModelIntegratedComponent:63 - No mode defined for component null
2024-08-28 08:39:00,322 [WARN] ModelIntegratedComponent:63 - No mode defined for component null
2024-08-28 08:39:00,322 [WARN] ModelIntegratedComponent:63 - No mode defined for component null
2024-08-28 08:39:00,322 [WARN] ModelIntegratedComponent:63 - No mode defined for component null
2024-08-28 08:39:00,322 [WARN] ModelIntegratedComponent:63 - No mode defined for component null
2024-08-28 08:39:00,322 [WARN] ModelIntegratedComponent:63 - No mode defined for component null
2024-08-28 08:39:00,322 [WARN] ModelIntegratedComponent:63 - No mode defined for component null
2024-08-28 08:39:00,322 [WARN] ModelIntegratedComponent:63 - No mode defined for component null
2024-08-28 08:39:00,323 [WARN] ModelIntegratedComponent:63 - No mode defined for component null
2024-08-28 08:39:00,323 [WARN] ModelIntegratedComponent:63 - No mode defined for component null
2024-08-28 08:39:00,323 [WARN] ModelIntegratedComponent:63 - No mode defined for component null
2024-08-28 08:39:00,323 [WARN] ModelIntegratedComponent:63 - No mode defined for component null
2024-08-28 08:39:00,323 [WARN] ModelIntegratedComponent:63 - No mode defined for component null
2024-08-28 08:39:00,323 [WARN] ModelPack:524 - Component already loaded: STMicroelectronics:HAL Drivers:0.0.0:STMicroelectronics:Device:STMicro_Driver:XSPI:HAL::0.0.1:HAL_XSPI
2024-08-28 08:39:00,354 [INFO] ThirdPartyModel:298 - Start build external matchings
2024-08-28 08:39:00,482 [INFO] ThirdPartyModel:316 - End build external matchings
2024-08-28 08:39:00,748 [INFO] UtilMem:75 - End LoadConfig() Used Memory: 600309632 Bytes (1032847360)
2024-08-28 08:39:00,783 [WARN] ThirdParty:833 - waiting for thirdparty lock release [change project]
2024-08-28 08:39:00,783 [INFO] ThirdParty:835 - entering critical section [change project]
2024-08-28 08:39:00,783 [INFO] ThirdParty:1030 - CMSIS Pack Vendor :STMicroelectronics USBPD 4.1
2024-08-28 08:39:00,783 [INFO] ThirdParty:1030 - CMSIS Pack Vendor :STMicroelectronics X-CUBE-GNSS1 6.0.0
2024-08-28 08:39:00,783 [INFO] ThirdParty:1030 - CMSIS Pack Vendor :STMicroelectronics USB_HOST 2.0.0
2024-08-28 08:39:00,783 [INFO] ThirdParty:1030 - CMSIS Pack Vendor :STMicroelectronics FP-SNS-MOTENVWB1 1.4.0
2024-08-28 08:39:00,783 [INFO] ThirdParty:1030 - CMSIS Pack Vendor :STMicroelectronics X-CUBE-AZRTOS-F4 1.1.0
2024-08-28 08:39:00,783 [INFO] ThirdParty:1030 - CMSIS Pack Vendor :STMicroelectronics LIBJPEG 8.0.0
2024-08-28 08:39:00,783 [INFO] ThirdParty:1030 - CMSIS Pack Vendor :STMicroelectronics X-CUBE-SMBUS 2.1.0
2024-08-28 08:39:00,783 [INFO] ThirdParty:1030 - CMSIS Pack Vendor :STMicroelectronics USB_DEVICE 3.0.0
2024-08-28 08:39:00,783 [INFO] ThirdParty:1030 - CMSIS Pack Vendor :STMicroelectronics X-CUBE-TCPP 4.1.0
2024-08-28 08:39:00,783 [INFO] ThirdParty:1030 - CMSIS Pack Vendor :STMicroelectronics X-CUBE-FREERTOS 1.2.0
2024-08-28 08:39:00,783 [INFO] ThirdParty:1030 - CMSIS Pack Vendor :STMicroelectronics X-CUBE-AZRTOS-WB 2.0.0
2024-08-28 08:39:00,783 [INFO] ThirdParty:1030 - CMSIS Pack Vendor :STMicroelectronics X-CUBE-AZRTOS-F7 1.1.0
2024-08-28 08:39:00,783 [INFO] ThirdParty:1030 - CMSIS Pack Vendor :STMicroelectronics X-CUBE-AZRTOS-L5 2.0.0
2024-08-28 08:39:00,783 [INFO] ThirdParty:1030 - CMSIS Pack Vendor :STMicroelectronics USB_DEVICE 2.0.0
2024-08-28 08:39:00,783 [INFO] ThirdParty:1030 - CMSIS Pack Vendor :STMicroelectronics X-CUBE-NFC6 3.1.0
2024-08-28 08:39:00,783 [INFO] ThirdParty:1030 - CMSIS Pack Vendor :STMicroelectronics FP-SNS-STBOX1 2.0.0
2024-08-28 08:39:00,783 [INFO] ThirdParty:1030 - CMSIS Pack Vendor :STMicroelectronics FreeRTOS 0.0.1
2024-08-28 08:39:00,783 [INFO] ThirdParty:1030 - CMSIS Pack Vendor :STMicroelectronics X-CUBE-AZRTOS-G0 1.1.0
2024-08-28 08:39:00,783 [INFO] ThirdParty:1030 - CMSIS Pack Vendor :STMicroelectronics X-CUBE-SAFEA1 1.2.2
2024-08-28 08:39:00,783 [INFO] ThirdParty:1030 - CMSIS Pack Vendor :STMicroelectronics X-CUBE-NFC4 3.0.0
2024-08-28 08:39:00,783 [INFO] ThirdParty:1030 - CMSIS Pack Vendor :STMicroelectronics X-CUBE-DPower 1.2.0
2024-08-28 08:39:00,783 [INFO] ThirdParty:1030 - CMSIS Pack Vendor :STMicroelectronics X-CUBE-SUBG2 5.0.0
2024-08-28 08:39:00,783 [INFO] ThirdParty:1030 - CMSIS Pack Vendor :STMicroelectronics STM32_WPAN 1.0.0
2024-08-28 08:39:00,783 [INFO] ThirdParty:1030 - CMSIS Pack Vendor :EmbeddedOffice I-CUBE-FS-RTOS 1.0.1
2024-08-28 08:39:00,783 [INFO] ThirdParty:1030 - CMSIS Pack Vendor :STMicroelectronics lwIP 2.0.3
2024-08-28 08:39:00,783 [INFO] ThirdParty:1030 - CMSIS Pack Vendor :STMicroelectronics FP-SNS-FLIGHT1 5.0.2
2024-08-28 08:39:00,783 [INFO] ThirdParty:1030 - CMSIS Pack Vendor :Cesanta I-CUBE-Mongoose 7.13.0
2024-08-28 08:39:00,783 [INFO] ThirdParty:1030 - CMSIS Pack Vendor :STMicroelectronics USB_HOST 1.0.0
2024-08-28 08:39:00,784 [INFO] ThirdParty:1030 - CMSIS Pack Vendor :STMicroelectronics X-CUBE-AI 9.0.0
2024-08-28 08:39:00,784 [INFO] ThirdParty:1030 - CMSIS Pack Vendor :STMicroelectronics X-CUBE-AZRTOS-G4 2.0.0
2024-08-28 08:39:00,784 [INFO] ThirdParty:1030 - CMSIS Pack Vendor :STMicroelectronics PDM2PCM 3.1.0
2024-08-28 08:39:00,784 [INFO] ThirdParty:1030 - CMSIS Pack Vendor :STMicroelectronics PDM2PCM 3.3.0
2024-08-28 08:39:00,784 [INFO] ThirdParty:1030 - CMSIS Pack Vendor :STMicroelectronics X-CUBE-DISPLAY 3.0.0
2024-08-28 08:39:00,784 [INFO] ThirdParty:1030 - CMSIS Pack Vendor :RealThread X-CUBE-RT-Thread_Nano 4.1.1
2024-08-28 08:39:00,784 [INFO] ThirdParty:1030 - CMSIS Pack Vendor :wolfSSL I-CUBE-wolfSSL 5.7.0
2024-08-28 08:39:00,784 [INFO] ThirdParty:1030 - CMSIS Pack Vendor :STMicroelectronics X-CUBE-BLE1 7.0.0
2024-08-28 08:39:00,784 [INFO] ThirdParty:1030 - CMSIS Pack Vendor :STMicroelectronics FP-ATR-SIGFOX1 3.2.0
2024-08-28 08:39:00,784 [INFO] ThirdParty:1030 - CMSIS Pack Vendor :STMicroelectronics X-CUBE-ISPU 2.0.0
2024-08-28 08:39:00,784 [INFO] ThirdParty:1030 - CMSIS Pack Vendor :STMicroelectronics X-CUBE-EEPRMA1 5.1.0
2024-08-28 08:39:00,784 [INFO] ThirdParty:1030 - CMSIS Pack Vendor :STMicroelectronics HAL Drivers 0.0.0
2024-08-28 08:39:00,784 [INFO] ThirdParty:1030 - CMSIS Pack Vendor :STMicroelectronics MBEDTLS 2.16.2
2024-08-28 08:39:00,784 [INFO] ThirdParty:1030 - CMSIS Pack Vendor :STMicroelectronics X-CUBE-ALS 1.0.2
2024-08-28 08:39:00,784 [INFO] ThirdParty:1030 - CMSIS Pack Vendor :emotas I-CUBE-CANOPEN 1.3.0
2024-08-28 08:39:00,784 [INFO] ThirdParty:1030 - CMSIS Pack Vendor :STMicroelectronics X-CUBE-MEMS1 10.0.0
2024-08-28 08:39:00,784 [INFO] ThirdParty:1030 - CMSIS Pack Vendor :STMicroelectronics X-CUBE-NFC7 1.0.1
2024-08-28 08:39:00,784 [INFO] ThirdParty:1030 - CMSIS Pack Vendor :STMicroelectronics MBEDTLS 2.14.1
2024-08-28 08:39:00,784 [INFO] ThirdParty:1030 - CMSIS Pack Vendor :STMicroelectronics X-CUBE-TOUCHGFX 4.24.0
2024-08-28 08:39:00,784 [INFO] ThirdParty:1030 - CMSIS Pack Vendor :ITTIA_DB I-CUBE-ITTIADB 8.9.0
2024-08-28 08:39:00,784 [INFO] ThirdParty:1030 - CMSIS Pack Vendor :wolfSSL I-CUBE-wolfTPM 3.2.0
2024-08-28 08:39:00,784 [INFO] ThirdParty:1030 - CMSIS Pack Vendor :portGmbH I-Cube-SoM-uGOAL 1.1.0
2024-08-28 08:39:00,784 [INFO] ThirdParty:1030 - CMSIS Pack Vendor :STMicroelectronics X-CUBE-BLEMGR 3.1.0
2024-08-28 08:39:00,784 [INFO] ThirdParty:1030 - CMSIS Pack Vendor :STMicroelectronics ThreadX 1.0.0
2024-08-28 08:39:00,784 [INFO] ThirdParty:1030 - CMSIS Pack Vendor :STMicroelectronics FP-SNS-SMARTAG2 1.2.0
2024-08-28 08:39:00,784 [INFO] ThirdParty:1030 - CMSIS Pack Vendor :STMicroelectronics X-CUBE-AZRTOS-WL 2.0.0
2024-08-28 08:39:00,784 [INFO] ThirdParty:1030 - CMSIS Pack Vendor :SEGGER I-CUBE-embOS 1.3.1
2024-08-28 08:39:00,784 [INFO] ThirdParty:1030 - CMSIS Pack Vendor :STMicroelectronics X-CUBE-ALGOBUILD 1.4.0
2024-08-28 08:39:00,784 [INFO] ThirdParty:1030 - CMSIS Pack Vendor :STMicroelectronics FP-SNS-MOTENV1 5.0.0
2024-08-28 08:39:00,784 [INFO] ThirdParty:1030 - CMSIS Pack Vendor :STMicroelectronics USB_DEVICE 1.0.0
2024-08-28 08:39:00,784 [INFO] ThirdParty:1030 - CMSIS Pack Vendor :STMicroelectronics X-CUBE-AZRTOS-H7RS 1.0.0
2024-08-28 08:39:00,784 [INFO] ThirdParty:1030 - CMSIS Pack Vendor :wolfSSL I-CUBE-wolfMQTT 1.19.0
2024-08-28 08:39:00,784 [INFO] ThirdParty:1030 - CMSIS Pack Vendor :STMicroelectronics X-CUBE-AZRTOS-L4 2.0.0
2024-08-28 08:39:00,784 [INFO] ThirdParty:1030 - CMSIS Pack Vendor :STMicroelectronics ThreadX 0.0.2
2024-08-28 08:39:00,784 [INFO] ThirdParty:1030 - CMSIS Pack Vendor :WES I-CUBE-Cesium 1.3.0
2024-08-28 08:39:00,784 [INFO] ThirdParty:1030 - CMSIS Pack Vendor :STMicroelectronics FP-ATR-ASTRA1 2.0.0
2024-08-28 08:39:00,784 [INFO] ThirdParty:1030 - CMSIS Pack Vendor :STMicroelectronics lwIP 2.1.2
2024-08-28 08:39:00,784 [INFO] ThirdParty:1030 - CMSIS Pack Vendor :STMicroelectronics X-CUBE-SFXS2LP1 4.0.0
2024-08-28 08:39:00,784 [INFO] ThirdParty:1030 - CMSIS Pack Vendor :STMicroelectronics X-CUBE-BLE2 3.3.0
2024-08-28 08:39:00,784 [INFO] ThirdParty:1030 - CMSIS Pack Vendor :STMicroelectronics X-CUBE-TOF1 3.4.2
2024-08-28 08:39:00,784 [INFO] ThirdParty:1030 - CMSIS Pack Vendor :STMicroelectronics X-CUBE-TOF1 3.4.1
2024-08-28 08:39:00,784 [INFO] ThirdParty:1030 - CMSIS Pack Vendor :STMicroelectronics X-CUBE-AZRTOS-H7 3.2.0
2024-08-28 08:39:00,784 [INFO] ThirdParty:1030 - CMSIS Pack Vendor :Infineon AIROC-Wi-Fi-Bluetooth-STM32 1.6.0
2024-08-28 08:39:00,784 [INFO] ThirdParty:1030 - CMSIS Pack Vendor :STMicroelectronics PDM2PCM 3.2.0
2024-08-28 08:39:00,784 [INFO] ThirdParty:1030 - CMSIS Pack Vendor :wolfSSL I-CUBE-wolfSSH 1.4.17
2024-08-28 08:39:00,784 [INFO] ThirdParty:841 - exiting critical section [change project]
2024-08-28 08:39:00,880 [INFO] PinOutPanel:1561 - setPackage(No Configuration,No Configuration)
2024-08-28 08:39:00,881 [INFO] PinOutPanel:1561 - setPackage(STM32L476RGTx,LQFP64)
2024-08-28 08:39:01,070 [INFO] UtilMem:75 - Before build in PCC Used Memory: 396825360 Bytes (1041235968)
2024-08-28 08:39:01,269 [INFO] UtilMem:75 - After build in PCC Used Memory: 475994896 Bytes (1041235968)
2024-08-28 08:39:01,282 [INFO] IPUIPlugin:80 - create IPUIPlugin
2024-08-28 08:39:01,282 [INFO] IPUIPlugin:80 - create IPUIPlugin
2024-08-28 08:39:01,282 [INFO] IPUIPlugin:80 - create IPUIPlugin
2024-08-28 08:39:01,282 [INFO] IPUIPlugin:80 - create IPUIPlugin
2024-08-28 08:39:01,282 [INFO] IPUIPlugin:80 - create IPUIPlugin
2024-08-28 08:39:01,282 [INFO] IPUIPlugin:80 - create IPUIPlugin
2024-08-28 08:39:01,282 [INFO] IPUIPlugin:80 - create IPUIPlugin
2024-08-28 08:39:01,282 [INFO] IPUIPlugin:80 - create IPUIPlugin
2024-08-28 08:39:01,282 [INFO] IPUIPlugin:80 - create IPUIPlugin
2024-08-28 08:39:01,282 [INFO] IPUIPlugin:80 - create IPUIPlugin
2024-08-28 08:39:01,282 [INFO] IPUIPlugin:80 - create IPUIPlugin
2024-08-28 08:39:01,282 [INFO] IPUIPlugin:80 - create IPUIPlugin
2024-08-28 08:39:01,282 [INFO] IPUIPlugin:80 - create IPUIPlugin
2024-08-28 08:39:01,282 [INFO] IPUIPlugin:80 - create IPUIPlugin
2024-08-28 08:39:01,282 [INFO] IPUIPlugin:80 - create IPUIPlugin
2024-08-28 08:39:01,282 [INFO] IPUIPlugin:80 - create IPUIPlugin
2024-08-28 08:39:01,282 [INFO] IPUIPlugin:80 - create IPUIPlugin
2024-08-28 08:39:01,282 [INFO] IPUIPlugin:80 - create IPUIPlugin
2024-08-28 08:39:01,283 [INFO] IPUIPlugin:80 - create IPUIPlugin
2024-08-28 08:39:01,283 [INFO] IPUIPlugin:80 - create IPUIPlugin
2024-08-28 08:39:01,283 [INFO] IPUIPlugin:80 - create IPUIPlugin
2024-08-28 08:39:01,283 [INFO] IPUIPlugin:80 - create IPUIPlugin
2024-08-28 08:39:01,283 [INFO] IPUIPlugin:80 - create IPUIPlugin
2024-08-28 08:39:01,283 [INFO] IPUIPlugin:80 - create IPUIPlugin
2024-08-28 08:39:01,283 [INFO] IPUIPlugin:80 - create IPUIPlugin
2024-08-28 08:39:01,283 [INFO] IPUIPlugin:80 - create IPUIPlugin
2024-08-28 08:39:01,283 [INFO] IPUIPlugin:80 - create IPUIPlugin
2024-08-28 08:39:01,283 [INFO] IPUIPlugin:80 - create IPUIPlugin
2024-08-28 08:39:01,283 [INFO] IPUIPlugin:80 - create IPUIPlugin
2024-08-28 08:39:01,283 [INFO] IPUIPlugin:80 - create IPUIPlugin
2024-08-28 08:39:01,283 [INFO] IPUIPlugin:80 - create IPUIPlugin
2024-08-28 08:39:01,283 [INFO] IPUIPlugin:80 - create IPUIPlugin
2024-08-28 08:39:01,284 [INFO] IPUIPlugin:80 - create IPUIPlugin
2024-08-28 08:39:01,284 [INFO] IPUIPlugin:80 - create IPUIPlugin
2024-08-28 08:39:01,284 [INFO] IPUIPlugin:80 - create IPUIPlugin
2024-08-28 08:39:01,284 [INFO] IPUIPlugin:80 - create IPUIPlugin
2024-08-28 08:39:01,284 [INFO] IPUIPlugin:80 - create IPUIPlugin
2024-08-28 08:39:01,284 [INFO] IPUIPlugin:80 - create IPUIPlugin
2024-08-28 08:39:01,284 [INFO] IPUIPlugin:80 - create IPUIPlugin
2024-08-28 08:39:01,284 [INFO] IPUIPlugin:80 - create IPUIPlugin
2024-08-28 08:39:01,284 [INFO] IPUIPlugin:80 - create IPUIPlugin
2024-08-28 08:39:01,284 [INFO] IPUIPlugin:80 - create IPUIPlugin
2024-08-28 08:39:01,284 [INFO] IPUIPlugin:80 - create IPUIPlugin
2024-08-28 08:39:01,285 [INFO] IPUIPlugin:80 - create IPUIPlugin
2024-08-28 08:39:01,285 [INFO] IPUIPlugin:80 - create IPUIPlugin
2024-08-28 08:39:01,285 [INFO] IPUIPlugin:80 - create IPUIPlugin
2024-08-28 08:39:01,285 [INFO] IPUIPlugin:80 - create IPUIPlugin
2024-08-28 08:39:01,285 [INFO] IPUIPlugin:80 - create IPUIPlugin
2024-08-28 08:39:01,285 [INFO] IPUIPlugin:80 - create IPUIPlugin
2024-08-28 08:39:01,285 [INFO] IPUIPlugin:80 - create IPUIPlugin
2024-08-28 08:39:01,285 [INFO] IPUIPlugin:80 - create IPUIPlugin
2024-08-28 08:39:01,285 [INFO] IPUIPlugin:80 - create IPUIPlugin
2024-08-28 08:39:01,286 [INFO] IPUIPlugin:80 - create IPUIPlugin
2024-08-28 08:39:01,286 [INFO] IPUIPlugin:80 - create IPUIPlugin
2024-08-28 08:39:01,286 [INFO] IPUIPlugin:80 - create IPUIPlugin
2024-08-28 08:39:01,286 [INFO] IPUIPlugin:80 - create IPUIPlugin
2024-08-28 08:39:01,286 [INFO] IPUIPlugin:80 - create IPUIPlugin
2024-08-28 08:39:01,286 [INFO] IPUIPlugin:80 - create IPUIPlugin
2024-08-28 08:39:01,287 [INFO] IPUIPlugin:80 - create IPUIPlugin
2024-08-28 08:39:01,321 [INFO] CADModel:165 - CPN selected for project levelSTM32L476RGT6
2024-08-28 08:39:01,321 [INFO] CADModel:114 - Register for checkConnection events
2024-08-28 08:39:01,384 [INFO] OpenFileManager:363 - Restore cursor
2024-08-28 08:39:32,367 [INFO] NvicIntPanel:101 - NVIC parent = com.st.microxplorer.plugins.ip.nvic.MultiNvicIntPanel[,0,0,450x142,layout=javax.swing.BoxLayout,alignmentX=0.0,alignmentY=0.0,border=,flags=9,maximumSize=,minimumSize=,preferredSize=]
2024-08-28 08:39:33,806 [INFO] NvicIntPanel:101 - NVIC parent = com.st.microxplorer.plugins.ip.nvic.MultiNvicIntPanel[,0,0,0x0,invalid,layout=javax.swing.BoxLayout,alignmentX=0.0,alignmentY=0.0,border=,flags=9,maximumSize=,minimumSize=,preferredSize=]
2024-08-28 08:40:03,119 [INFO] Gpio:277 - dependency for GPIO [SPI1, SYS]
2024-08-28 08:40:37,103 [INFO] UtilMem:75 - End SaveConfig() Used Memory: 501623752 Bytes (1041235968)
2024-08-28 08:40:37,144 [ERROR] ConfigurationRetriever:142 - IOException on connection: sw-center.st.com
2024-08-28 08:40:37,149 [ERROR] ConfigurationRetriever:142 - IOException on connection: sw-center.st.com
2024-08-28 08:40:37,150 [ERROR] ConfigurationRetriever:142 - IOException on connection: sw-center.st.com
2024-08-28 08:40:38,653 [INFO] UtilMem:75 - End SaveConfig() Used Memory: 531510216 Bytes (1041235968)
2024-08-28 08:40:39,791 [INFO] UtilMem:75 - End SaveConfig() Used Memory: 570307528 Bytes (1041235968)
2024-08-28 08:40:39,822 [ERROR] ConfigurationRetriever:142 - IOException on connection: sw-center.st.com
2024-08-28 08:40:39,823 [ERROR] ConfigurationRetriever:142 - IOException on connection: sw-center.st.com
2024-08-28 08:40:39,824 [ERROR] ConfigurationRetriever:142 - IOException on connection: sw-center.st.com
2024-08-28 08:40:39,861 [INFO] BlockDiagram:2766 - set Specific Code input for plugin: SPI
2024-08-28 08:40:39,861 [INFO] BlockDiagram:2766 - set Specific Code input for plugin: TIM6_7L4
2024-08-28 08:40:39,861 [INFO] BlockDiagram:2766 - set Specific Code input for plugin: SYS
2024-08-28 08:40:39,861 [INFO] BlockDiagram:2766 - set Specific Code input for plugin: RCC
2024-08-28 08:40:39,861 [INFO] BlockDiagram:2766 - set Specific Code input for plugin: NVIC
2024-08-28 08:40:39,861 [INFO] BlockDiagram:2766 - set Specific Code input for plugin: GPIO
2024-08-28 08:40:39,863 [INFO] CodeGenerator:807 - code generatio: config db path: C:\ST\STM32CubeIDE_1.16.0\STM32CubeIDE\plugins\com.st.stm32cube.common.mx_6.12.0.202406281431\\db\
2024-08-28 08:40:39,906 [INFO] CodeEngine:255 - oldGeneratedFile, C:\Users\admin\stm\blink\MXTmpFiles\license.tmp_save
2024-08-28 08:40:39,952 [INFO] CodeEngine:279 - Generated code: C:\Users\admin\stm\blink\MXTmpFiles\license.tmp
2024-08-28 08:40:39,973 [INFO] CodeEngine:255 - oldGeneratedFile, C:\Users\admin\stm\blink\MXTmpFiles\gpio.tmp_save
2024-08-28 08:40:40,014 [INFO] CodeEngine:279 - Generated code: C:\Users\admin\stm\blink\MXTmpFiles\gpio.tmp
2024-08-28 08:40:40,076 [INFO] CodeEngine:255 - oldGeneratedFile, C:\Users\admin\stm\blink\Core\Src\stm32l4xx_it.c_save
2024-08-28 08:40:40,164 [INFO] CodeEngine:279 - Generated code: C:\Users\admin\stm\blink\Core\Src\stm32l4xx_it.c
2024-08-28 08:40:40,169 [INFO] CodeEngine:255 - oldGeneratedFile, C:\Users\admin\stm\blink\Core\Inc\stm32l4xx_it.h_save
2024-08-28 08:40:40,210 [INFO] CodeEngine:279 - Generated code: C:\Users\admin\stm\blink\Core\Inc\stm32l4xx_it.h
2024-08-28 08:40:40,221 [INFO] CodeEngine:255 - oldGeneratedFile, C:\Users\admin\stm\blink\Core\Src\stm32l4xx_hal_msp.c_save
2024-08-28 08:40:40,288 [INFO] CodeEngine:279 - Generated code: C:\Users\admin\stm\blink\Core\Src\stm32l4xx_hal_msp.c
2024-08-28 08:40:40,291 [INFO] CodeEngine:255 - oldGeneratedFile, C:\Users\admin\stm\blink\MXTmpFiles\system.tmp_save
2024-08-28 08:40:40,325 [INFO] CodeEngine:279 - Generated code: C:\Users\admin\stm\blink\MXTmpFiles\system.tmp
2024-08-28 08:40:40,333 [INFO] CodeEngine:311 - oldGeneratedFile, C:\Users\admin\stm\blink\Core\Inc\stm32l4xx_hal_conf.h_save
2024-08-28 08:40:40,383 [INFO] CodeEngine:335 - Generated code: C:\Users\admin\stm\blink\Core\Inc\stm32l4xx_hal_conf.h
2024-08-28 08:40:40,393 [WARN] IPConfigManager:3554 - IP not found : TIM
2024-08-28 08:40:40,393 [WARN] CodeGenerator:4002 - IP not found : null
2024-08-28 08:40:40,399 [INFO] CodeEngine:255 - oldGeneratedFile, C:\Users\admin\stm\blink\Core\Inc\main.h_save
2024-08-28 08:40:40,445 [INFO] CodeEngine:279 - Generated code: C:\Users\admin\stm\blink\Core\Inc\main.h
2024-08-28 08:40:40,449 [INFO] CodeEngine:255 - oldGeneratedFile, C:\Users\admin\stm\blink\Core\Src\main.c_save
2024-08-28 08:40:40,519 [INFO] CodeEngine:279 - Generated code: C:\Users\admin\stm\blink\Core\Src\main.c
2024-08-28 08:40:40,826 [INFO] ProjectBuilder:3249 - Time for Copy HAL[1] : 137mS.
2024-08-28 08:40:40,827 [INFO] ProjectBuilder:4828 - Project Generator version: 4.4.0-B60
2024-08-28 08:40:40,862 [INFO] ConfigFileManager:1531 - The Die is : DIE415
2024-08-28 08:40:40,864 [INFO] ApiDbMcu:508 - Load IP Config File for FATFS
2024-08-28 08:40:40,866 [INFO] ApiDbMcu:508 - Load IP Config File for FREERTOS
2024-08-28 08:40:40,871 [INFO] ApiDbMcu:508 - Load IP Config File for TOUCHSENSING
2024-08-28 08:40:40,873 [INFO] ApiDbMcu:508 - Load IP Config File for USB_DEVICE
2024-08-28 08:40:40,874 [INFO] ApiDbMcu:508 - Load IP Config File for USB_HOST
2024-08-28 08:40:41,292 [INFO] ProjectBuilder:5097 - Time for Generating toolchain IDE Files: 465mS.
2024-08-28 08:40:41,293 [INFO] ProjectBuilder:3107 - Time for Copy CMSIS : 1mS.
2024-08-28 08:40:41,296 [INFO] ProjectBuilder:3107 - Time for Copy CMSIS : 0mS.
2024-08-28 08:42:46,775 [INFO] MainUpdater:2873 - connection check result : 22
2024-08-28 08:42:46,778 [INFO] MainUpdater:2873 - connection check result : 22
2024-08-28 08:42:47,897 [INFO] MicroXplorer:468 - Change Database Path : 
2024-08-28 08:42:47,897 [INFO] MicroXplorer:498 - Change Database Version : DB.6.0.120
2024-08-28 08:42:47,900 [ERROR] ProjectManagerView:394 - 
java.lang.NullPointerException: Cannot invoke "javax.swing.JTextField.getText()" because the return value of "java.util.List.get(int)" is null
	at com.st.microxplorer.plugins.projectmanager.gui.ProjectChoiceTab$10.caretUpdate(ProjectChoiceTab.java:2622) ~[filemanager.jar:?]
	at javax.swing.text.JTextComponent.fireCaretUpdate(JTextComponent.java:412) ~[?:?]
	at javax.swing.text.JTextComponent$MutableCaretEvent.fire(JTextComponent.java:4491) ~[?:?]
	at javax.swing.text.JTextComponent$MutableCaretEvent.stateChanged(JTextComponent.java:4513) ~[?:?]
	at javax.swing.text.DefaultCaret.fireStateChanged(DefaultCaret.java:842) ~[?:?]
	at javax.swing.text.DefaultCaret.changeCaretPosition(DefaultCaret.java:1313) ~[?:?]
	at javax.swing.text.DefaultCaret.handleSetDot(DefaultCaret.java:1212) ~[?:?]
	at javax.swing.text.DefaultCaret.setDot(DefaultCaret.java:1193) ~[?:?]
	at javax.swing.text.DefaultCaret$Handler.insertUpdate(DefaultCaret.java:1789) ~[?:?]
	at javax.swing.text.AbstractDocument.fireInsertUpdate(AbstractDocument.java:226) ~[?:?]
	at javax.swing.text.AbstractDocument.handleInsertString(AbstractDocument.java:780) ~[?:?]
	at javax.swing.text.AbstractDocument.insertString(AbstractDocument.java:739) ~[?:?]
	at javax.swing.text.PlainDocument.insertString(PlainDocument.java:131) ~[?:?]
	at javax.swing.text.AbstractDocument.replace(AbstractDocument.java:698) ~[?:?]
	at javax.swing.text.JTextComponent.setText(JTextComponent.java:1729) ~[?:?]
	at com.st.microxplorer.plugins.projectmanager.gui.ProjectChoiceTab.createHeapStackFields(ProjectChoiceTab.java:972) ~[filemanager.jar:?]
	at com.st.microxplorer.plugins.projectmanager.gui.ProjectChoiceTab.buildLinkSettingsPanel(ProjectChoiceTab.java:3597) ~[filemanager.jar:?]
	at com.st.microxplorer.plugins.projectmanager.gui.ProjectChoiceTab.defineWindowsFields(ProjectChoiceTab.java:1940) ~[filemanager.jar:?]
	at com.st.microxplorer.plugins.projectmanager.gui.ProjectChoiceTab.updateSettings(ProjectChoiceTab.java:550) ~[filemanager.jar:?]
	at com.st.microxplorer.plugins.projectmanager.gui.ProjectSettingsPanel.UpdateDialog(ProjectSettingsPanel.java:245) ~[filemanager.jar:?]
	at com.st.microxplorer.plugins.projectmanager.ProjectManagerView.propertyChange(ProjectManagerView.java:391) ~[filemanager.jar:?]
	at java.beans.PropertyChangeSupport.fire(PropertyChangeSupport.java:343) ~[?:?]
	at java.beans.PropertyChangeSupport.firePropertyChange(PropertyChangeSupport.java:335) ~[?:?]
	at java.beans.PropertyChangeSupport.firePropertyChange(PropertyChangeSupport.java:268) ~[?:?]
	at com.st.microxplorer.util.MXPropertyChangeSupport.firePropertyChange(MXPropertyChangeSupport.java:54) ~[STM32CubeMX.jar:?]
	at com.st.microxplorer.mxsystem.MxSystem.closeConfig(MxSystem.java:900) ~[STM32CubeMX.jar:?]
	at com.st.microxplorer.maingui.MainPanel.closeConfig(MainPanel.java:781) ~[STM32CubeMX.jar:?]
	at com.st.microxplorer.plugins.filemanager.engine.OpenFileManager.loadConfigurationFile(OpenFileManager.java:265) ~[filemanager.jar:?]
	at com.st.microxplorer.plugins.filemanager.engine.MainFileManager.userLoadConfig(MainFileManager.java:352) ~[filemanager.jar:?]
	at com.st.microxplorer.plugins.filemanager.engine.MainFileManager.userLoadConfig(MainFileManager.java:330) ~[filemanager.jar:?]
	at com.st.microxplorer.plugins.filemanager.FileManagerView.getSpecificTask(FileManagerView.java:246) ~[filemanager.jar:?]
	at com.st.stm32cube.common.mx.editor.CubeMxEditor.getMxTabbedPaneInstance(CubeMxEditor.java:1198) ~[com.st.stm32cube.common.mx_6.12.0.202406281431/:?]
	at com.st.stm32cube.common.mx.editor.CubeMxEditor$12$1.createSwingComponent(CubeMxEditor.java:1068) ~[com.st.stm32cube.common.mx_6.12.0.202406281431/:?]
	at com.st.stm32cube.common.mx.oss.core.awtswtbridge.EmbeddedSwingComposite.doComponentCreation(EmbeddedSwingComposite.java:492) ~[com.st.stm32cube.common.mx.oss_6.12.0.202406281431/:?]
	at com.st.stm32cube.common.mx.oss.core.awtswtbridge.EmbeddedSwingComposite$4.run(EmbeddedSwingComposite.java:291) ~[com.st.stm32cube.common.mx.oss_6.12.0.202406281431/:?]
	at com.st.stm32cube.common.mx.oss.core.awtswtbridge.AwtEnvironment$2.run(AwtEnvironment.java:166) ~[com.st.stm32cube.common.mx.oss_6.12.0.202406281431/:?]
	at java.awt.event.InvocationEvent.dispatch(InvocationEvent.java:318) ~[?:?]
	at java.awt.EventQueue.dispatchEventImpl(EventQueue.java:773) ~[?:?]
	at java.awt.EventQueue$4.run(EventQueue.java:720) ~[?:?]
	at java.awt.EventQueue$4.run(EventQueue.java:714) ~[?:?]
	at java.security.AccessController.doPrivileged(AccessController.java:399) ~[?:?]
	at java.security.ProtectionDomain$JavaSecurityAccessImpl.doIntersectionPrivilege(ProtectionDomain.java:86) ~[?:?]
	at java.awt.EventQueue.dispatchEvent(EventQueue.java:742) ~[?:?]
	at java.awt.EventDispatchThread.pumpOneEventForFilters(EventDispatchThread.java:203) ~[?:?]
	at java.awt.EventDispatchThread.pumpEventsForFilter(EventDispatchThread.java:124) ~[?:?]
	at java.awt.EventDispatchThread.pumpEventsForHierarchy(EventDispatchThread.java:113) ~[?:?]
	at java.awt.EventDispatchThread.pumpEvents(EventDispatchThread.java:109) ~[?:?]
	at java.awt.EventDispatchThread.pumpEvents(EventDispatchThread.java:101) ~[?:?]
	at java.awt.EventDispatchThread.run(EventDispatchThread.java:90) ~[?:?]
2024-08-28 08:42:47,900 [WARN] ThirdParty:871 - waiting for thirdparty lock release [close project]
2024-08-28 08:42:47,900 [INFO] ThirdParty:873 - entering critical section [close project]
2024-08-28 08:42:47,900 [INFO] ThirdParty:883 - exiting critical section [close project]
2024-08-28 08:42:47,901 [INFO] PinOutPanel:1561 - setPackage(No Configuration,No Configuration)
2024-08-28 08:42:47,905 [INFO] UtilMem:75 - Begin LoadConfig() Used Memory: 582054232 Bytes (1041235968)
2024-08-28 08:42:47,906 [INFO] MicroXplorer:468 - Change Database Path : 
2024-08-28 08:42:47,906 [INFO] MicroXplorer:498 - Change Database Version : DB.6.0.120
2024-08-28 08:42:47,906 [INFO] OpenFileManager:332 - Change cursor
2024-08-28 08:42:47,914 [INFO] RulesReader:64 - Compatibility file has been processed (297 Rules)
2024-08-28 08:42:47,917 [INFO] Mcu:2032 - Initializing MCU STM32L476R(C-E-G)Tx STM32L476RGTx STM32L476RGT6
2024-08-28 08:42:48,851 [INFO] Context:742 - Trying to add GPIOservice into a context  which must be forbidden
2024-08-28 08:42:48,996 [INFO] RtosManager:555 - Registered RTOS mode: class=CMSIS, group=RTOS, mode=CMSIS_V1, owner=FREERTOS
2024-08-28 08:42:48,996 [INFO] RtosManager:555 - Registered RTOS mode: class=CMSIS, group=RTOS2, mode=CMSIS_V2, owner=FREERTOS
2024-08-28 08:42:48,996 [INFO] RtosManager:555 - Registered RTOS mode: class=RTOS, group=Core, mode=CMSIS_V1, owner=FREERTOS
2024-08-28 08:42:48,996 [INFO] RtosManager:555 - Registered RTOS mode: class=RTOS, group=Core, mode=CMSIS_V2, owner=FREERTOS
2024-08-28 08:42:48,996 [WARN] ModelIntegratedComponent:184 - Missing modes for component STMicroelectronics:FreeRTOS:0.0.1:STMicroelectronics:RTOS:FreeRTOS:Core:::10.2.0:
2024-08-28 08:42:48,999 [WARN] ModelIntegratedComponent:63 - No mode defined for component null
2024-08-28 08:42:48,999 [WARN] ModelIntegratedComponent:63 - No mode defined for component null
2024-08-28 08:42:48,999 [WARN] ModelIntegratedComponent:63 - No mode defined for component null
2024-08-28 08:42:48,999 [WARN] ModelIntegratedComponent:63 - No mode defined for component null
2024-08-28 08:42:49,000 [WARN] ModelIntegratedComponent:63 - No mode defined for component null
2024-08-28 08:42:49,000 [WARN] ModelIntegratedComponent:63 - No mode defined for component null
2024-08-28 08:42:49,000 [WARN] ModelIntegratedComponent:63 - No mode defined for component null
2024-08-28 08:42:49,000 [WARN] ModelIntegratedComponent:63 - No mode defined for component null
2024-08-28 08:42:49,000 [WARN] ModelIntegratedComponent:63 - No mode defined for component null
2024-08-28 08:42:49,000 [WARN] ModelIntegratedComponent:63 - No mode defined for component null
2024-08-28 08:42:49,000 [WARN] ModelIntegratedComponent:63 - No mode defined for component null
2024-08-28 08:42:49,000 [WARN] ModelIntegratedComponent:63 - No mode defined for component null
2024-08-28 08:42:49,000 [WARN] ModelIntegratedComponent:63 - No mode defined for component null
2024-08-28 08:42:49,000 [WARN] ModelIntegratedComponent:63 - No mode defined for component null
2024-08-28 08:42:49,000 [WARN] ModelIntegratedComponent:63 - No mode defined for component null
2024-08-28 08:42:49,000 [WARN] ModelIntegratedComponent:63 - No mode defined for component null
2024-08-28 08:42:49,000 [WARN] ModelIntegratedComponent:63 - No mode defined for component null
2024-08-28 08:42:49,000 [WARN] ModelIntegratedComponent:63 - No mode defined for component null
2024-08-28 08:42:49,000 [WARN] ModelIntegratedComponent:63 - No mode defined for component null
2024-08-28 08:42:49,000 [WARN] ModelIntegratedComponent:63 - No mode defined for component null
2024-08-28 08:42:49,000 [WARN] ModelIntegratedComponent:63 - No mode defined for component null
2024-08-28 08:42:49,000 [WARN] ModelIntegratedComponent:63 - No mode defined for component null
2024-08-28 08:42:49,000 [WARN] ModelIntegratedComponent:63 - No mode defined for component null
2024-08-28 08:42:49,000 [WARN] ModelIntegratedComponent:63 - No mode defined for component null
2024-08-28 08:42:49,000 [WARN] ModelIntegratedComponent:63 - No mode defined for component null
2024-08-28 08:42:49,000 [WARN] ModelIntegratedComponent:63 - No mode defined for component null
2024-08-28 08:42:49,000 [WARN] ModelIntegratedComponent:63 - No mode defined for component null
2024-08-28 08:42:49,000 [WARN] ModelIntegratedComponent:63 - No mode defined for component null
2024-08-28 08:42:49,000 [WARN] ModelIntegratedComponent:63 - No mode defined for component null
2024-08-28 08:42:49,000 [WARN] ModelIntegratedComponent:63 - No mode defined for component null
2024-08-28 08:42:49,000 [WARN] ModelIntegratedComponent:63 - No mode defined for component null
2024-08-28 08:42:49,000 [WARN] ModelIntegratedComponent:63 - No mode defined for component null
2024-08-28 08:42:49,000 [WARN] ModelIntegratedComponent:63 - No mode defined for component null
2024-08-28 08:42:49,000 [WARN] ModelIntegratedComponent:63 - No mode defined for component null
2024-08-28 08:42:49,000 [WARN] ModelIntegratedComponent:63 - No mode defined for component null
2024-08-28 08:42:49,000 [WARN] ModelPack:524 - Component already loaded: STMicroelectronics:HAL Drivers:0.0.0:STMicroelectronics:Device:STMicro_Driver:XSPI:HAL::0.0.1:HAL_XSPI
2024-08-28 08:42:49,030 [INFO] ThirdPartyModel:298 - Start build external matchings
2024-08-28 08:42:49,159 [INFO] ThirdPartyModel:316 - End build external matchings
2024-08-28 08:42:49,502 [INFO] UtilMem:75 - End LoadConfig() Used Memory: 612044608 Bytes (1048576000)
2024-08-28 08:42:49,538 [WARN] ThirdParty:833 - waiting for thirdparty lock release [change project]
2024-08-28 08:42:49,538 [INFO] ThirdParty:835 - entering critical section [change project]
2024-08-28 08:42:49,538 [INFO] ThirdParty:1030 - CMSIS Pack Vendor :STMicroelectronics USBPD 4.1
2024-08-28 08:42:49,538 [INFO] ThirdParty:1030 - CMSIS Pack Vendor :STMicroelectronics X-CUBE-GNSS1 6.0.0
2024-08-28 08:42:49,538 [INFO] ThirdParty:1030 - CMSIS Pack Vendor :STMicroelectronics USB_HOST 2.0.0
2024-08-28 08:42:49,538 [INFO] ThirdParty:1030 - CMSIS Pack Vendor :STMicroelectronics FP-SNS-MOTENVWB1 1.4.0
2024-08-28 08:42:49,538 [INFO] ThirdParty:1030 - CMSIS Pack Vendor :STMicroelectronics X-CUBE-AZRTOS-F4 1.1.0
2024-08-28 08:42:49,538 [INFO] ThirdParty:1030 - CMSIS Pack Vendor :STMicroelectronics LIBJPEG 8.0.0
2024-08-28 08:42:49,538 [INFO] ThirdParty:1030 - CMSIS Pack Vendor :STMicroelectronics X-CUBE-SMBUS 2.1.0
2024-08-28 08:42:49,538 [INFO] ThirdParty:1030 - CMSIS Pack Vendor :STMicroelectronics USB_DEVICE 3.0.0
2024-08-28 08:42:49,538 [INFO] ThirdParty:1030 - CMSIS Pack Vendor :STMicroelectronics X-CUBE-TCPP 4.1.0
2024-08-28 08:42:49,538 [INFO] ThirdParty:1030 - CMSIS Pack Vendor :STMicroelectronics X-CUBE-FREERTOS 1.2.0
2024-08-28 08:42:49,538 [INFO] ThirdParty:1030 - CMSIS Pack Vendor :STMicroelectronics X-CUBE-AZRTOS-WB 2.0.0
2024-08-28 08:42:49,538 [INFO] ThirdParty:1030 - CMSIS Pack Vendor :STMicroelectronics X-CUBE-AZRTOS-F7 1.1.0
2024-08-28 08:42:49,538 [INFO] ThirdParty:1030 - CMSIS Pack Vendor :STMicroelectronics X-CUBE-AZRTOS-L5 2.0.0
2024-08-28 08:42:49,538 [INFO] ThirdParty:1030 - CMSIS Pack Vendor :STMicroelectronics USB_DEVICE 2.0.0
2024-08-28 08:42:49,538 [INFO] ThirdParty:1030 - CMSIS Pack Vendor :STMicroelectronics X-CUBE-NFC6 3.1.0
2024-08-28 08:42:49,538 [INFO] ThirdParty:1030 - CMSIS Pack Vendor :STMicroelectronics FP-SNS-STBOX1 2.0.0
2024-08-28 08:42:49,538 [INFO] ThirdParty:1030 - CMSIS Pack Vendor :STMicroelectronics FreeRTOS 0.0.1
2024-08-28 08:42:49,538 [INFO] ThirdParty:1030 - CMSIS Pack Vendor :STMicroelectronics X-CUBE-AZRTOS-G0 1.1.0
2024-08-28 08:42:49,538 [INFO] ThirdParty:1030 - CMSIS Pack Vendor :STMicroelectronics X-CUBE-SAFEA1 1.2.2
2024-08-28 08:42:49,538 [INFO] ThirdParty:1030 - CMSIS Pack Vendor :STMicroelectronics X-CUBE-NFC4 3.0.0
2024-08-28 08:42:49,538 [INFO] ThirdParty:1030 - CMSIS Pack Vendor :STMicroelectronics X-CUBE-DPower 1.2.0
2024-08-28 08:42:49,538 [INFO] ThirdParty:1030 - CMSIS Pack Vendor :STMicroelectronics X-CUBE-SUBG2 5.0.0
2024-08-28 08:42:49,538 [INFO] ThirdParty:1030 - CMSIS Pack Vendor :STMicroelectronics STM32_WPAN 1.0.0
2024-08-28 08:42:49,538 [INFO] ThirdParty:1030 - CMSIS Pack Vendor :EmbeddedOffice I-CUBE-FS-RTOS 1.0.1
2024-08-28 08:42:49,538 [INFO] ThirdParty:1030 - CMSIS Pack Vendor :STMicroelectronics lwIP 2.0.3
2024-08-28 08:42:49,538 [INFO] ThirdParty:1030 - CMSIS Pack Vendor :STMicroelectronics FP-SNS-FLIGHT1 5.0.2
2024-08-28 08:42:49,538 [INFO] ThirdParty:1030 - CMSIS Pack Vendor :Cesanta I-CUBE-Mongoose 7.13.0
2024-08-28 08:42:49,538 [INFO] ThirdParty:1030 - CMSIS Pack Vendor :STMicroelectronics USB_HOST 1.0.0
2024-08-28 08:42:49,538 [INFO] ThirdParty:1030 - CMSIS Pack Vendor :STMicroelectronics X-CUBE-AI 9.0.0
2024-08-28 08:42:49,538 [INFO] ThirdParty:1030 - CMSIS Pack Vendor :STMicroelectronics X-CUBE-AZRTOS-G4 2.0.0
2024-08-28 08:42:49,538 [INFO] ThirdParty:1030 - CMSIS Pack Vendor :STMicroelectronics PDM2PCM 3.1.0
2024-08-28 08:42:49,538 [INFO] ThirdParty:1030 - CMSIS Pack Vendor :STMicroelectronics PDM2PCM 3.3.0
2024-08-28 08:42:49,538 [INFO] ThirdParty:1030 - CMSIS Pack Vendor :STMicroelectronics X-CUBE-DISPLAY 3.0.0
2024-08-28 08:42:49,538 [INFO] ThirdParty:1030 - CMSIS Pack Vendor :RealThread X-CUBE-RT-Thread_Nano 4.1.1
2024-08-28 08:42:49,538 [INFO] ThirdParty:1030 - CMSIS Pack Vendor :wolfSSL I-CUBE-wolfSSL 5.7.0
2024-08-28 08:42:49,538 [INFO] ThirdParty:1030 - CMSIS Pack Vendor :STMicroelectronics X-CUBE-BLE1 7.0.0
2024-08-28 08:42:49,538 [INFO] ThirdParty:1030 - CMSIS Pack Vendor :STMicroelectronics FP-ATR-SIGFOX1 3.2.0
2024-08-28 08:42:49,538 [INFO] ThirdParty:1030 - CMSIS Pack Vendor :STMicroelectronics X-CUBE-ISPU 2.0.0
2024-08-28 08:42:49,539 [INFO] ThirdParty:1030 - CMSIS Pack Vendor :STMicroelectronics X-CUBE-EEPRMA1 5.1.0
2024-08-28 08:42:49,539 [INFO] ThirdParty:1030 - CMSIS Pack Vendor :STMicroelectronics HAL Drivers 0.0.0
2024-08-28 08:42:49,539 [INFO] ThirdParty:1030 - CMSIS Pack Vendor :STMicroelectronics MBEDTLS 2.16.2
2024-08-28 08:42:49,539 [INFO] ThirdParty:1030 - CMSIS Pack Vendor :STMicroelectronics X-CUBE-ALS 1.0.2
2024-08-28 08:42:49,539 [INFO] ThirdParty:1030 - CMSIS Pack Vendor :emotas I-CUBE-CANOPEN 1.3.0
2024-08-28 08:42:49,539 [INFO] ThirdParty:1030 - CMSIS Pack Vendor :STMicroelectronics X-CUBE-MEMS1 10.0.0
2024-08-28 08:42:49,539 [INFO] ThirdParty:1030 - CMSIS Pack Vendor :STMicroelectronics X-CUBE-NFC7 1.0.1
2024-08-28 08:42:49,539 [INFO] ThirdParty:1030 - CMSIS Pack Vendor :STMicroelectronics MBEDTLS 2.14.1
2024-08-28 08:42:49,539 [INFO] ThirdParty:1030 - CMSIS Pack Vendor :STMicroelectronics X-CUBE-TOUCHGFX 4.24.0
2024-08-28 08:42:49,539 [INFO] ThirdParty:1030 - CMSIS Pack Vendor :ITTIA_DB I-CUBE-ITTIADB 8.9.0
2024-08-28 08:42:49,539 [INFO] ThirdParty:1030 - CMSIS Pack Vendor :wolfSSL I-CUBE-wolfTPM 3.2.0
2024-08-28 08:42:49,539 [INFO] ThirdParty:1030 - CMSIS Pack Vendor :portGmbH I-Cube-SoM-uGOAL 1.1.0
2024-08-28 08:42:49,539 [INFO] ThirdParty:1030 - CMSIS Pack Vendor :STMicroelectronics X-CUBE-BLEMGR 3.1.0
2024-08-28 08:42:49,539 [INFO] ThirdParty:1030 - CMSIS Pack Vendor :STMicroelectronics ThreadX 1.0.0
2024-08-28 08:42:49,539 [INFO] ThirdParty:1030 - CMSIS Pack Vendor :STMicroelectronics FP-SNS-SMARTAG2 1.2.0
2024-08-28 08:42:49,539 [INFO] ThirdParty:1030 - CMSIS Pack Vendor :STMicroelectronics X-CUBE-AZRTOS-WL 2.0.0
2024-08-28 08:42:49,539 [INFO] ThirdParty:1030 - CMSIS Pack Vendor :SEGGER I-CUBE-embOS 1.3.1
2024-08-28 08:42:49,539 [INFO] ThirdParty:1030 - CMSIS Pack Vendor :STMicroelectronics X-CUBE-ALGOBUILD 1.4.0
2024-08-28 08:42:49,539 [INFO] ThirdParty:1030 - CMSIS Pack Vendor :STMicroelectronics FP-SNS-MOTENV1 5.0.0
2024-08-28 08:42:49,539 [INFO] ThirdParty:1030 - CMSIS Pack Vendor :STMicroelectronics USB_DEVICE 1.0.0
2024-08-28 08:42:49,539 [INFO] ThirdParty:1030 - CMSIS Pack Vendor :STMicroelectronics X-CUBE-AZRTOS-H7RS 1.0.0
2024-08-28 08:42:49,539 [INFO] ThirdParty:1030 - CMSIS Pack Vendor :wolfSSL I-CUBE-wolfMQTT 1.19.0
2024-08-28 08:42:49,539 [INFO] ThirdParty:1030 - CMSIS Pack Vendor :STMicroelectronics X-CUBE-AZRTOS-L4 2.0.0
2024-08-28 08:42:49,539 [INFO] ThirdParty:1030 - CMSIS Pack Vendor :STMicroelectronics ThreadX 0.0.2
2024-08-28 08:42:49,539 [INFO] ThirdParty:1030 - CMSIS Pack Vendor :WES I-CUBE-Cesium 1.3.0
2024-08-28 08:42:49,539 [INFO] ThirdParty:1030 - CMSIS Pack Vendor :STMicroelectronics FP-ATR-ASTRA1 2.0.0
2024-08-28 08:42:49,539 [INFO] ThirdParty:1030 - CMSIS Pack Vendor :STMicroelectronics lwIP 2.1.2
2024-08-28 08:42:49,539 [INFO] ThirdParty:1030 - CMSIS Pack Vendor :STMicroelectronics X-CUBE-SFXS2LP1 4.0.0
2024-08-28 08:42:49,539 [INFO] ThirdParty:1030 - CMSIS Pack Vendor :STMicroelectronics X-CUBE-BLE2 3.3.0
2024-08-28 08:42:49,539 [INFO] ThirdParty:1030 - CMSIS Pack Vendor :STMicroelectronics X-CUBE-TOF1 3.4.2
2024-08-28 08:42:49,540 [INFO] ThirdParty:1030 - CMSIS Pack Vendor :STMicroelectronics X-CUBE-TOF1 3.4.1
2024-08-28 08:42:49,540 [INFO] ThirdParty:1030 - CMSIS Pack Vendor :STMicroelectronics X-CUBE-AZRTOS-H7 3.2.0
2024-08-28 08:42:49,540 [INFO] ThirdParty:1030 - CMSIS Pack Vendor :Infineon AIROC-Wi-Fi-Bluetooth-STM32 1.6.0
2024-08-28 08:42:49,540 [INFO] ThirdParty:1030 - CMSIS Pack Vendor :STMicroelectronics PDM2PCM 3.2.0
2024-08-28 08:42:49,540 [INFO] ThirdParty:1030 - CMSIS Pack Vendor :wolfSSL I-CUBE-wolfSSH 1.4.17
2024-08-28 08:42:49,540 [INFO] ThirdParty:841 - exiting critical section [change project]
2024-08-28 08:42:49,634 [INFO] PinOutPanel:1561 - setPackage(No Configuration,No Configuration)
2024-08-28 08:42:49,634 [INFO] PinOutPanel:1561 - setPackage(STM32L476RGTx,LQFP64)
2024-08-28 08:42:49,734 [INFO] UtilMem:75 - Before build in PCC Used Memory: 829886312 Bytes (1048576000)
2024-08-28 08:42:49,915 [INFO] UtilMem:75 - After build in PCC Used Memory: 399552672 Bytes (1048576000)
2024-08-28 08:42:49,941 [INFO] IPUIPlugin:80 - create IPUIPlugin
2024-08-28 08:42:49,941 [INFO] IPUIPlugin:80 - create IPUIPlugin
2024-08-28 08:42:49,941 [INFO] IPUIPlugin:80 - create IPUIPlugin
2024-08-28 08:42:49,941 [INFO] IPUIPlugin:80 - create IPUIPlugin
2024-08-28 08:42:49,941 [INFO] IPUIPlugin:80 - create IPUIPlugin
2024-08-28 08:42:49,941 [INFO] IPUIPlugin:80 - create IPUIPlugin
2024-08-28 08:42:49,941 [INFO] IPUIPlugin:80 - create IPUIPlugin
2024-08-28 08:42:49,941 [INFO] IPUIPlugin:80 - create IPUIPlugin
2024-08-28 08:42:49,941 [INFO] IPUIPlugin:80 - create IPUIPlugin
2024-08-28 08:42:49,941 [INFO] IPUIPlugin:80 - create IPUIPlugin
2024-08-28 08:42:49,941 [INFO] IPUIPlugin:80 - create IPUIPlugin
2024-08-28 08:42:49,941 [INFO] IPUIPlugin:80 - create IPUIPlugin
2024-08-28 08:42:49,941 [INFO] IPUIPlugin:80 - create IPUIPlugin
2024-08-28 08:42:49,941 [INFO] IPUIPlugin:80 - create IPUIPlugin
2024-08-28 08:42:49,941 [INFO] IPUIPlugin:80 - create IPUIPlugin
2024-08-28 08:42:49,942 [INFO] IPUIPlugin:80 - create IPUIPlugin
2024-08-28 08:42:49,942 [INFO] IPUIPlugin:80 - create IPUIPlugin
2024-08-28 08:42:49,942 [INFO] IPUIPlugin:80 - create IPUIPlugin
2024-08-28 08:42:49,942 [INFO] IPUIPlugin:80 - create IPUIPlugin
2024-08-28 08:42:49,942 [INFO] IPUIPlugin:80 - create IPUIPlugin
2024-08-28 08:42:49,942 [INFO] IPUIPlugin:80 - create IPUIPlugin
2024-08-28 08:42:49,942 [INFO] IPUIPlugin:80 - create IPUIPlugin
2024-08-28 08:42:49,942 [INFO] IPUIPlugin:80 - create IPUIPlugin
2024-08-28 08:42:49,942 [INFO] IPUIPlugin:80 - create IPUIPlugin
2024-08-28 08:42:49,942 [INFO] IPUIPlugin:80 - create IPUIPlugin
2024-08-28 08:42:49,942 [INFO] IPUIPlugin:80 - create IPUIPlugin
2024-08-28 08:42:49,942 [INFO] IPUIPlugin:80 - create IPUIPlugin
2024-08-28 08:42:49,943 [INFO] IPUIPlugin:80 - create IPUIPlugin
2024-08-28 08:42:49,943 [INFO] IPUIPlugin:80 - create IPUIPlugin
2024-08-28 08:42:49,943 [INFO] IPUIPlugin:80 - create IPUIPlugin
2024-08-28 08:42:49,943 [INFO] IPUIPlugin:80 - create IPUIPlugin
2024-08-28 08:42:49,943 [INFO] IPUIPlugin:80 - create IPUIPlugin
2024-08-28 08:42:49,943 [INFO] IPUIPlugin:80 - create IPUIPlugin
2024-08-28 08:42:49,943 [INFO] IPUIPlugin:80 - create IPUIPlugin
2024-08-28 08:42:49,943 [INFO] IPUIPlugin:80 - create IPUIPlugin
2024-08-28 08:42:49,943 [INFO] IPUIPlugin:80 - create IPUIPlugin
2024-08-28 08:42:49,943 [INFO] IPUIPlugin:80 - create IPUIPlugin
2024-08-28 08:42:49,943 [INFO] IPUIPlugin:80 - create IPUIPlugin
2024-08-28 08:42:49,944 [INFO] IPUIPlugin:80 - create IPUIPlugin
2024-08-28 08:42:49,944 [INFO] IPUIPlugin:80 - create IPUIPlugin
2024-08-28 08:42:49,944 [INFO] IPUIPlugin:80 - create IPUIPlugin
2024-08-28 08:42:49,944 [INFO] IPUIPlugin:80 - create IPUIPlugin
2024-08-28 08:42:49,944 [INFO] IPUIPlugin:80 - create IPUIPlugin
2024-08-28 08:42:49,944 [INFO] IPUIPlugin:80 - create IPUIPlugin
2024-08-28 08:42:49,944 [INFO] IPUIPlugin:80 - create IPUIPlugin
2024-08-28 08:42:49,944 [INFO] IPUIPlugin:80 - create IPUIPlugin
2024-08-28 08:42:49,945 [INFO] IPUIPlugin:80 - create IPUIPlugin
2024-08-28 08:42:49,945 [INFO] IPUIPlugin:80 - create IPUIPlugin
2024-08-28 08:42:49,945 [INFO] IPUIPlugin:80 - create IPUIPlugin
2024-08-28 08:42:49,945 [INFO] IPUIPlugin:80 - create IPUIPlugin
2024-08-28 08:42:49,945 [INFO] IPUIPlugin:80 - create IPUIPlugin
2024-08-28 08:42:49,945 [INFO] IPUIPlugin:80 - create IPUIPlugin
2024-08-28 08:42:49,945 [INFO] IPUIPlugin:80 - create IPUIPlugin
2024-08-28 08:42:49,945 [INFO] IPUIPlugin:80 - create IPUIPlugin
2024-08-28 08:42:49,946 [INFO] IPUIPlugin:80 - create IPUIPlugin
2024-08-28 08:42:49,946 [INFO] IPUIPlugin:80 - create IPUIPlugin
2024-08-28 08:42:49,946 [INFO] IPUIPlugin:80 - create IPUIPlugin
2024-08-28 08:42:49,946 [INFO] IPUIPlugin:80 - create IPUIPlugin
2024-08-28 08:42:49,946 [INFO] IPUIPlugin:80 - create IPUIPlugin
2024-08-28 08:42:49,983 [INFO] CADModel:165 - CPN selected for project levelSTM32L476RGT6
2024-08-28 08:42:49,983 [INFO] CADModel:114 - Register for checkConnection events
2024-08-28 08:42:50,033 [INFO] OpenFileManager:363 - Restore cursor
2024-08-28 08:44:57,715 [INFO] NvicIntPanel:101 - NVIC parent = com.st.microxplorer.plugins.ip.nvic.MultiNvicIntPanel[,0,0,0x0,invalid,layout=javax.swing.BoxLayout,alignmentX=0.0,alignmentY=0.0,border=,flags=9,maximumSize=,minimumSize=,preferredSize=]
2024-08-28 08:44:57,789 [INFO] NvicIntPanel:101 - NVIC parent = com.st.microxplorer.plugins.ip.nvic.MultiNvicIntPanel[,0,0,0x0,invalid,layout=javax.swing.BoxLayout,alignmentX=0.0,alignmentY=0.0,border=,flags=9,maximumSize=,minimumSize=,preferredSize=]
2024-08-28 08:45:01,355 [INFO] NvicIntPanel:101 - NVIC parent = com.st.microxplorer.plugins.ip.nvic.MultiNvicIntPanel[,0,0,0x0,invalid,layout=javax.swing.BoxLayout,alignmentX=0.0,alignmentY=0.0,border=,flags=9,maximumSize=,minimumSize=,preferredSize=]
2024-08-28 08:45:01,415 [INFO] NvicIntPanel:101 - NVIC parent = com.st.microxplorer.plugins.ip.nvic.MultiNvicIntPanel[,0,0,0x0,invalid,layout=javax.swing.BoxLayout,alignmentX=0.0,alignmentY=0.0,border=,flags=9,maximumSize=,minimumSize=,preferredSize=]
2024-08-28 08:45:20,786 [INFO] UtilMem:75 - End SaveConfig() Used Memory: 467971952 Bytes (1048576000)
2024-08-28 08:45:20,813 [ERROR] ConfigurationRetriever:142 - IOException on connection: sw-center.st.com
2024-08-28 08:45:20,814 [ERROR] ConfigurationRetriever:142 - IOException on connection: sw-center.st.com
2024-08-28 08:45:20,814 [ERROR] ConfigurationRetriever:142 - IOException on connection: sw-center.st.com
2024-08-28 08:45:22,011 [INFO] UtilMem:75 - End SaveConfig() Used Memory: 509392752 Bytes (1048576000)
2024-08-28 08:45:23,516 [INFO] UtilMem:75 - End SaveConfig() Used Memory: 584363888 Bytes (1048576000)
2024-08-28 08:45:23,546 [ERROR] ConfigurationRetriever:142 - IOException on connection: sw-center.st.com
2024-08-28 08:45:23,546 [ERROR] ConfigurationRetriever:142 - IOException on connection: sw-center.st.com
2024-08-28 08:45:23,547 [ERROR] ConfigurationRetriever:142 - IOException on connection: sw-center.st.com
2024-08-28 08:45:23,587 [INFO] BlockDiagram:2766 - set Specific Code input for plugin: SPI
2024-08-28 08:45:23,587 [INFO] BlockDiagram:2766 - set Specific Code input for plugin: TIM6_7L4
2024-08-28 08:45:23,587 [INFO] BlockDiagram:2766 - set Specific Code input for plugin: SYS
2024-08-28 08:45:23,587 [INFO] BlockDiagram:2766 - set Specific Code input for plugin: RCC
2024-08-28 08:45:23,587 [INFO] BlockDiagram:2766 - set Specific Code input for plugin: NVIC
2024-08-28 08:45:23,588 [INFO] BlockDiagram:2766 - set Specific Code input for plugin: GPIO
2024-08-28 08:45:23,589 [INFO] CodeGenerator:807 - code generatio: config db path: C:\ST\STM32CubeIDE_1.16.0\STM32CubeIDE\plugins\com.st.stm32cube.common.mx_6.12.0.202406281431\\db\
2024-08-28 08:45:23,635 [INFO] CodeEngine:255 - oldGeneratedFile, C:\Users\admin\stm\blink\MXTmpFiles\license.tmp_save
2024-08-28 08:45:23,671 [INFO] CodeEngine:279 - Generated code: C:\Users\admin\stm\blink\MXTmpFiles\license.tmp
2024-08-28 08:45:23,690 [INFO] CodeEngine:255 - oldGeneratedFile, C:\Users\admin\stm\blink\MXTmpFiles\gpio.tmp_save
2024-08-28 08:45:23,727 [INFO] CodeEngine:279 - Generated code: C:\Users\admin\stm\blink\MXTmpFiles\gpio.tmp
2024-08-28 08:45:23,786 [INFO] CodeEngine:255 - oldGeneratedFile, C:\Users\admin\stm\blink\Core\Src\stm32l4xx_it.c_save
2024-08-28 08:45:23,829 [INFO] CodeEngine:279 - Generated code: C:\Users\admin\stm\blink\Core\Src\stm32l4xx_it.c
2024-08-28 08:45:23,835 [INFO] CodeEngine:255 - oldGeneratedFile, C:\Users\admin\stm\blink\Core\Inc\stm32l4xx_it.h_save
2024-08-28 08:45:23,873 [INFO] CodeEngine:279 - Generated code: C:\Users\admin\stm\blink\Core\Inc\stm32l4xx_it.h
2024-08-28 08:45:23,884 [INFO] CodeEngine:255 - oldGeneratedFile, C:\Users\admin\stm\blink\Core\Src\stm32l4xx_hal_msp.c_save
2024-08-28 08:45:23,939 [INFO] CodeEngine:279 - Generated code: C:\Users\admin\stm\blink\Core\Src\stm32l4xx_hal_msp.c
2024-08-28 08:45:23,942 [INFO] CodeEngine:255 - oldGeneratedFile, C:\Users\admin\stm\blink\MXTmpFiles\system.tmp_save
2024-08-28 08:45:23,977 [INFO] CodeEngine:279 - Generated code: C:\Users\admin\stm\blink\MXTmpFiles\system.tmp
2024-08-28 08:45:23,985 [INFO] CodeEngine:311 - oldGeneratedFile, C:\Users\admin\stm\blink\Core\Inc\stm32l4xx_hal_conf.h_save
2024-08-28 08:45:24,026 [INFO] CodeEngine:335 - Generated code: C:\Users\admin\stm\blink\Core\Inc\stm32l4xx_hal_conf.h
2024-08-28 08:45:24,037 [WARN] IPConfigManager:3554 - IP not found : TIM
2024-08-28 08:45:24,037 [WARN] CodeGenerator:4002 - IP not found : null
2024-08-28 08:45:24,043 [INFO] CodeEngine:255 - oldGeneratedFile, C:\Users\admin\stm\blink\Core\Inc\main.h_save
2024-08-28 08:45:24,088 [INFO] CodeEngine:279 - Generated code: C:\Users\admin\stm\blink\Core\Inc\main.h
2024-08-28 08:45:24,093 [INFO] CodeEngine:255 - oldGeneratedFile, C:\Users\admin\stm\blink\Core\Src\main.c_save
2024-08-28 08:45:24,151 [INFO] CodeEngine:279 - Generated code: C:\Users\admin\stm\blink\Core\Src\main.c
2024-08-28 08:45:24,367 [INFO] ProjectBuilder:3249 - Time for Copy HAL[1] : 147mS.
2024-08-28 08:45:24,369 [INFO] ProjectBuilder:4828 - Project Generator version: 4.4.0-B60
2024-08-28 08:45:24,403 [INFO] ConfigFileManager:1531 - The Die is : DIE415
2024-08-28 08:45:24,405 [INFO] ApiDbMcu:508 - Load IP Config File for FATFS
2024-08-28 08:45:24,406 [INFO] ApiDbMcu:508 - Load IP Config File for FREERTOS
2024-08-28 08:45:24,412 [INFO] ApiDbMcu:508 - Load IP Config File for TOUCHSENSING
2024-08-28 08:45:24,414 [INFO] ApiDbMcu:508 - Load IP Config File for USB_DEVICE
2024-08-28 08:45:24,415 [INFO] ApiDbMcu:508 - Load IP Config File for USB_HOST
2024-08-28 08:45:24,911 [INFO] ProjectBuilder:5097 - Time for Generating toolchain IDE Files: 542mS.
2024-08-28 08:45:24,912 [INFO] ProjectBuilder:3107 - Time for Copy CMSIS : 1mS.
2024-08-28 08:45:24,918 [INFO] ProjectBuilder:3107 - Time for Copy CMSIS : 0mS.
2024-08-28 08:47:34,968 [INFO] MainUpdater:2873 - connection check result : 22
2024-08-28 08:47:34,970 [INFO] MainUpdater:2873 - connection check result : 22
2024-08-28 08:47:36,555 [INFO] MicroXplorer:468 - Change Database Path : 
2024-08-28 08:47:36,555 [INFO] MicroXplorer:498 - Change Database Version : DB.6.0.120
2024-08-28 08:47:36,561 [ERROR] ProjectManagerView:394 - 
java.lang.NullPointerException: Cannot invoke "javax.swing.JTextField.getText()" because the return value of "java.util.List.get(int)" is null
	at com.st.microxplorer.plugins.projectmanager.gui.ProjectChoiceTab$10.caretUpdate(ProjectChoiceTab.java:2622) ~[filemanager.jar:?]
	at javax.swing.text.JTextComponent.fireCaretUpdate(JTextComponent.java:412) ~[?:?]
	at javax.swing.text.JTextComponent$MutableCaretEvent.fire(JTextComponent.java:4491) ~[?:?]
	at javax.swing.text.JTextComponent$MutableCaretEvent.stateChanged(JTextComponent.java:4513) ~[?:?]
	at javax.swing.text.DefaultCaret.fireStateChanged(DefaultCaret.java:842) ~[?:?]
	at javax.swing.text.DefaultCaret.changeCaretPosition(DefaultCaret.java:1313) ~[?:?]
	at javax.swing.text.DefaultCaret.handleSetDot(DefaultCaret.java:1212) ~[?:?]
	at javax.swing.text.DefaultCaret.setDot(DefaultCaret.java:1193) ~[?:?]
	at javax.swing.text.DefaultCaret$Handler.insertUpdate(DefaultCaret.java:1789) ~[?:?]
	at javax.swing.text.AbstractDocument.fireInsertUpdate(AbstractDocument.java:226) ~[?:?]
	at javax.swing.text.AbstractDocument.handleInsertString(AbstractDocument.java:780) ~[?:?]
	at javax.swing.text.AbstractDocument.insertString(AbstractDocument.java:739) ~[?:?]
	at javax.swing.text.PlainDocument.insertString(PlainDocument.java:131) ~[?:?]
	at javax.swing.text.AbstractDocument.replace(AbstractDocument.java:698) ~[?:?]
	at javax.swing.text.JTextComponent.setText(JTextComponent.java:1729) ~[?:?]
	at com.st.microxplorer.plugins.projectmanager.gui.ProjectChoiceTab.createHeapStackFields(ProjectChoiceTab.java:972) ~[filemanager.jar:?]
	at com.st.microxplorer.plugins.projectmanager.gui.ProjectChoiceTab.buildLinkSettingsPanel(ProjectChoiceTab.java:3597) ~[filemanager.jar:?]
	at com.st.microxplorer.plugins.projectmanager.gui.ProjectChoiceTab.defineWindowsFields(ProjectChoiceTab.java:1940) ~[filemanager.jar:?]
	at com.st.microxplorer.plugins.projectmanager.gui.ProjectChoiceTab.updateSettings(ProjectChoiceTab.java:550) ~[filemanager.jar:?]
	at com.st.microxplorer.plugins.projectmanager.gui.ProjectSettingsPanel.UpdateDialog(ProjectSettingsPanel.java:245) ~[filemanager.jar:?]
	at com.st.microxplorer.plugins.projectmanager.ProjectManagerView.propertyChange(ProjectManagerView.java:391) ~[filemanager.jar:?]
	at java.beans.PropertyChangeSupport.fire(PropertyChangeSupport.java:343) ~[?:?]
	at java.beans.PropertyChangeSupport.firePropertyChange(PropertyChangeSupport.java:335) ~[?:?]
	at java.beans.PropertyChangeSupport.firePropertyChange(PropertyChangeSupport.java:268) ~[?:?]
	at com.st.microxplorer.util.MXPropertyChangeSupport.firePropertyChange(MXPropertyChangeSupport.java:54) ~[STM32CubeMX.jar:?]
	at com.st.microxplorer.mxsystem.MxSystem.closeConfig(MxSystem.java:900) ~[STM32CubeMX.jar:?]
	at com.st.microxplorer.maingui.MainPanel.closeConfig(MainPanel.java:781) ~[STM32CubeMX.jar:?]
	at com.st.microxplorer.plugins.filemanager.engine.OpenFileManager.loadConfigurationFile(OpenFileManager.java:265) ~[filemanager.jar:?]
	at com.st.microxplorer.plugins.filemanager.engine.MainFileManager.userLoadConfig(MainFileManager.java:352) ~[filemanager.jar:?]
	at com.st.microxplorer.plugins.filemanager.engine.MainFileManager.userLoadConfig(MainFileManager.java:330) ~[filemanager.jar:?]
	at com.st.microxplorer.plugins.filemanager.FileManagerView.getSpecificTask(FileManagerView.java:246) ~[filemanager.jar:?]
	at com.st.stm32cube.common.mx.editor.CubeMxEditor.getMxTabbedPaneInstance(CubeMxEditor.java:1198) ~[com.st.stm32cube.common.mx_6.12.0.202406281431/:?]
	at com.st.stm32cube.common.mx.editor.CubeMxEditor$12$1.createSwingComponent(CubeMxEditor.java:1068) ~[com.st.stm32cube.common.mx_6.12.0.202406281431/:?]
	at com.st.stm32cube.common.mx.oss.core.awtswtbridge.EmbeddedSwingComposite.doComponentCreation(EmbeddedSwingComposite.java:492) ~[com.st.stm32cube.common.mx.oss_6.12.0.202406281431/:?]
	at com.st.stm32cube.common.mx.oss.core.awtswtbridge.EmbeddedSwingComposite$4.run(EmbeddedSwingComposite.java:291) ~[com.st.stm32cube.common.mx.oss_6.12.0.202406281431/:?]
	at com.st.stm32cube.common.mx.oss.core.awtswtbridge.AwtEnvironment$2.run(AwtEnvironment.java:166) ~[com.st.stm32cube.common.mx.oss_6.12.0.202406281431/:?]
	at java.awt.event.InvocationEvent.dispatch(InvocationEvent.java:318) ~[?:?]
	at java.awt.EventQueue.dispatchEventImpl(EventQueue.java:773) ~[?:?]
	at java.awt.EventQueue$4.run(EventQueue.java:720) ~[?:?]
	at java.awt.EventQueue$4.run(EventQueue.java:714) ~[?:?]
	at java.security.AccessController.doPrivileged(AccessController.java:399) ~[?:?]
	at java.security.ProtectionDomain$JavaSecurityAccessImpl.doIntersectionPrivilege(ProtectionDomain.java:86) ~[?:?]
	at java.awt.EventQueue.dispatchEvent(EventQueue.java:742) ~[?:?]
	at java.awt.EventDispatchThread.pumpOneEventForFilters(EventDispatchThread.java:203) ~[?:?]
	at java.awt.EventDispatchThread.pumpEventsForFilter(EventDispatchThread.java:124) ~[?:?]
	at java.awt.EventDispatchThread.pumpEventsForHierarchy(EventDispatchThread.java:113) ~[?:?]
	at java.awt.EventDispatchThread.pumpEvents(EventDispatchThread.java:109) ~[?:?]
	at java.awt.EventDispatchThread.pumpEvents(EventDispatchThread.java:101) ~[?:?]
	at java.awt.EventDispatchThread.run(EventDispatchThread.java:90) ~[?:?]
2024-08-28 08:47:36,562 [WARN] ThirdParty:871 - waiting for thirdparty lock release [close project]
2024-08-28 08:47:36,562 [INFO] ThirdParty:873 - entering critical section [close project]
2024-08-28 08:47:36,562 [INFO] ThirdParty:883 - exiting critical section [close project]
2024-08-28 08:47:36,563 [INFO] PinOutPanel:1561 - setPackage(No Configuration,No Configuration)
2024-08-28 08:47:36,565 [INFO] UtilMem:75 - Begin LoadConfig() Used Memory: 748486240 Bytes (1048576000)
2024-08-28 08:47:36,565 [INFO] MicroXplorer:468 - Change Database Path : 
2024-08-28 08:47:36,565 [INFO] MicroXplorer:498 - Change Database Version : DB.6.0.120
2024-08-28 08:47:36,565 [INFO] OpenFileManager:332 - Change cursor
2024-08-28 08:47:36,570 [INFO] RulesReader:64 - Compatibility file has been processed (297 Rules)
2024-08-28 08:47:36,572 [INFO] Mcu:2032 - Initializing MCU STM32L476R(C-E-G)Tx STM32L476RGTx STM32L476RGT6
2024-08-28 08:47:37,590 [INFO] Context:742 - Trying to add GPIOservice into a context  which must be forbidden
2024-08-28 08:47:37,753 [INFO] RtosManager:555 - Registered RTOS mode: class=CMSIS, group=RTOS, mode=CMSIS_V1, owner=FREERTOS
2024-08-28 08:47:37,753 [INFO] RtosManager:555 - Registered RTOS mode: class=CMSIS, group=RTOS2, mode=CMSIS_V2, owner=FREERTOS
2024-08-28 08:47:37,754 [INFO] RtosManager:555 - Registered RTOS mode: class=RTOS, group=Core, mode=CMSIS_V1, owner=FREERTOS
2024-08-28 08:47:37,754 [INFO] RtosManager:555 - Registered RTOS mode: class=RTOS, group=Core, mode=CMSIS_V2, owner=FREERTOS
2024-08-28 08:47:37,754 [WARN] ModelIntegratedComponent:184 - Missing modes for component STMicroelectronics:FreeRTOS:0.0.1:STMicroelectronics:RTOS:FreeRTOS:Core:::10.2.0:
2024-08-28 08:47:37,756 [WARN] ModelIntegratedComponent:63 - No mode defined for component null
2024-08-28 08:47:37,756 [WARN] ModelIntegratedComponent:63 - No mode defined for component null
2024-08-28 08:47:37,756 [WARN] ModelIntegratedComponent:63 - No mode defined for component null
2024-08-28 08:47:37,756 [WARN] ModelIntegratedComponent:63 - No mode defined for component null
2024-08-28 08:47:37,756 [WARN] ModelIntegratedComponent:63 - No mode defined for component null
2024-08-28 08:47:37,756 [WARN] ModelIntegratedComponent:63 - No mode defined for component null
2024-08-28 08:47:37,756 [WARN] ModelIntegratedComponent:63 - No mode defined for component null
2024-08-28 08:47:37,756 [WARN] ModelIntegratedComponent:63 - No mode defined for component null
2024-08-28 08:47:37,756 [WARN] ModelIntegratedComponent:63 - No mode defined for component null
2024-08-28 08:47:37,756 [WARN] ModelIntegratedComponent:63 - No mode defined for component null
2024-08-28 08:47:37,756 [WARN] ModelIntegratedComponent:63 - No mode defined for component null
2024-08-28 08:47:37,756 [WARN] ModelIntegratedComponent:63 - No mode defined for component null
2024-08-28 08:47:37,756 [WARN] ModelIntegratedComponent:63 - No mode defined for component null
2024-08-28 08:47:37,756 [WARN] ModelIntegratedComponent:63 - No mode defined for component null
2024-08-28 08:47:37,756 [WARN] ModelIntegratedComponent:63 - No mode defined for component null
2024-08-28 08:47:37,756 [WARN] ModelIntegratedComponent:63 - No mode defined for component null
2024-08-28 08:47:37,756 [WARN] ModelIntegratedComponent:63 - No mode defined for component null
2024-08-28 08:47:37,756 [WARN] ModelIntegratedComponent:63 - No mode defined for component null
2024-08-28 08:47:37,756 [WARN] ModelIntegratedComponent:63 - No mode defined for component null
2024-08-28 08:47:37,756 [WARN] ModelIntegratedComponent:63 - No mode defined for component null
2024-08-28 08:47:37,756 [WARN] ModelIntegratedComponent:63 - No mode defined for component null
2024-08-28 08:47:37,756 [WARN] ModelIntegratedComponent:63 - No mode defined for component null
2024-08-28 08:47:37,756 [WARN] ModelIntegratedComponent:63 - No mode defined for component null
2024-08-28 08:47:37,756 [WARN] ModelIntegratedComponent:63 - No mode defined for component null
2024-08-28 08:47:37,756 [WARN] ModelIntegratedComponent:63 - No mode defined for component null
2024-08-28 08:47:37,756 [WARN] ModelIntegratedComponent:63 - No mode defined for component null
2024-08-28 08:47:37,756 [WARN] ModelIntegratedComponent:63 - No mode defined for component null
2024-08-28 08:47:37,756 [WARN] ModelIntegratedComponent:63 - No mode defined for component null
2024-08-28 08:47:37,756 [WARN] ModelIntegratedComponent:63 - No mode defined for component null
2024-08-28 08:47:37,756 [WARN] ModelIntegratedComponent:63 - No mode defined for component null
2024-08-28 08:47:37,756 [WARN] ModelIntegratedComponent:63 - No mode defined for component null
2024-08-28 08:47:37,756 [WARN] ModelIntegratedComponent:63 - No mode defined for component null
2024-08-28 08:47:37,756 [WARN] ModelIntegratedComponent:63 - No mode defined for component null
2024-08-28 08:47:37,756 [WARN] ModelIntegratedComponent:63 - No mode defined for component null
2024-08-28 08:47:37,756 [WARN] ModelIntegratedComponent:63 - No mode defined for component null
2024-08-28 08:47:37,756 [WARN] ModelPack:524 - Component already loaded: STMicroelectronics:HAL Drivers:0.0.0:STMicroelectronics:Device:STMicro_Driver:XSPI:HAL::0.0.1:HAL_XSPI
2024-08-28 08:47:37,786 [INFO] ThirdPartyModel:298 - Start build external matchings
2024-08-28 08:47:37,912 [INFO] ThirdPartyModel:316 - End build external matchings
2024-08-28 08:47:38,128 [INFO] UtilMem:75 - End LoadConfig() Used Memory: 852456152 Bytes (1048576000)
2024-08-28 08:47:38,157 [WARN] ThirdParty:833 - waiting for thirdparty lock release [change project]
2024-08-28 08:47:38,157 [INFO] ThirdParty:835 - entering critical section [change project]
2024-08-28 08:47:38,157 [INFO] ThirdParty:1030 - CMSIS Pack Vendor :STMicroelectronics USBPD 4.1
2024-08-28 08:47:38,157 [INFO] ThirdParty:1030 - CMSIS Pack Vendor :STMicroelectronics X-CUBE-GNSS1 6.0.0
2024-08-28 08:47:38,157 [INFO] ThirdParty:1030 - CMSIS Pack Vendor :STMicroelectronics USB_HOST 2.0.0
2024-08-28 08:47:38,157 [INFO] ThirdParty:1030 - CMSIS Pack Vendor :STMicroelectronics FP-SNS-MOTENVWB1 1.4.0
2024-08-28 08:47:38,157 [INFO] ThirdParty:1030 - CMSIS Pack Vendor :STMicroelectronics X-CUBE-AZRTOS-F4 1.1.0
2024-08-28 08:47:38,157 [INFO] ThirdParty:1030 - CMSIS Pack Vendor :STMicroelectronics LIBJPEG 8.0.0
2024-08-28 08:47:38,158 [INFO] ThirdParty:1030 - CMSIS Pack Vendor :STMicroelectronics X-CUBE-SMBUS 2.1.0
2024-08-28 08:47:38,158 [INFO] ThirdParty:1030 - CMSIS Pack Vendor :STMicroelectronics USB_DEVICE 3.0.0
2024-08-28 08:47:38,158 [INFO] ThirdParty:1030 - CMSIS Pack Vendor :STMicroelectronics X-CUBE-TCPP 4.1.0
2024-08-28 08:47:38,158 [INFO] ThirdParty:1030 - CMSIS Pack Vendor :STMicroelectronics X-CUBE-FREERTOS 1.2.0
2024-08-28 08:47:38,158 [INFO] ThirdParty:1030 - CMSIS Pack Vendor :STMicroelectronics X-CUBE-AZRTOS-WB 2.0.0
2024-08-28 08:47:38,158 [INFO] ThirdParty:1030 - CMSIS Pack Vendor :STMicroelectronics X-CUBE-AZRTOS-F7 1.1.0
2024-08-28 08:47:38,158 [INFO] ThirdParty:1030 - CMSIS Pack Vendor :STMicroelectronics X-CUBE-AZRTOS-L5 2.0.0
2024-08-28 08:47:38,158 [INFO] ThirdParty:1030 - CMSIS Pack Vendor :STMicroelectronics USB_DEVICE 2.0.0
2024-08-28 08:47:38,158 [INFO] ThirdParty:1030 - CMSIS Pack Vendor :STMicroelectronics X-CUBE-NFC6 3.1.0
2024-08-28 08:47:38,158 [INFO] ThirdParty:1030 - CMSIS Pack Vendor :STMicroelectronics FP-SNS-STBOX1 2.0.0
2024-08-28 08:47:38,158 [INFO] ThirdParty:1030 - CMSIS Pack Vendor :STMicroelectronics FreeRTOS 0.0.1
2024-08-28 08:47:38,158 [INFO] ThirdParty:1030 - CMSIS Pack Vendor :STMicroelectronics X-CUBE-AZRTOS-G0 1.1.0
2024-08-28 08:47:38,158 [INFO] ThirdParty:1030 - CMSIS Pack Vendor :STMicroelectronics X-CUBE-SAFEA1 1.2.2
2024-08-28 08:47:38,158 [INFO] ThirdParty:1030 - CMSIS Pack Vendor :STMicroelectronics X-CUBE-NFC4 3.0.0
2024-08-28 08:47:38,158 [INFO] ThirdParty:1030 - CMSIS Pack Vendor :STMicroelectronics X-CUBE-DPower 1.2.0
2024-08-28 08:47:38,158 [INFO] ThirdParty:1030 - CMSIS Pack Vendor :STMicroelectronics X-CUBE-SUBG2 5.0.0
2024-08-28 08:47:38,158 [INFO] ThirdParty:1030 - CMSIS Pack Vendor :STMicroelectronics STM32_WPAN 1.0.0
2024-08-28 08:47:38,158 [INFO] ThirdParty:1030 - CMSIS Pack Vendor :EmbeddedOffice I-CUBE-FS-RTOS 1.0.1
2024-08-28 08:47:38,158 [INFO] ThirdParty:1030 - CMSIS Pack Vendor :STMicroelectronics lwIP 2.0.3
2024-08-28 08:47:38,158 [INFO] ThirdParty:1030 - CMSIS Pack Vendor :STMicroelectronics FP-SNS-FLIGHT1 5.0.2
2024-08-28 08:47:38,158 [INFO] ThirdParty:1030 - CMSIS Pack Vendor :Cesanta I-CUBE-Mongoose 7.13.0
2024-08-28 08:47:38,158 [INFO] ThirdParty:1030 - CMSIS Pack Vendor :STMicroelectronics USB_HOST 1.0.0
2024-08-28 08:47:38,158 [INFO] ThirdParty:1030 - CMSIS Pack Vendor :STMicroelectronics X-CUBE-AI 9.0.0
2024-08-28 08:47:38,158 [INFO] ThirdParty:1030 - CMSIS Pack Vendor :STMicroelectronics X-CUBE-AZRTOS-G4 2.0.0
2024-08-28 08:47:38,158 [INFO] ThirdParty:1030 - CMSIS Pack Vendor :STMicroelectronics PDM2PCM 3.1.0
2024-08-28 08:47:38,158 [INFO] ThirdParty:1030 - CMSIS Pack Vendor :STMicroelectronics PDM2PCM 3.3.0
2024-08-28 08:47:38,158 [INFO] ThirdParty:1030 - CMSIS Pack Vendor :STMicroelectronics X-CUBE-DISPLAY 3.0.0
2024-08-28 08:47:38,158 [INFO] ThirdParty:1030 - CMSIS Pack Vendor :RealThread X-CUBE-RT-Thread_Nano 4.1.1
2024-08-28 08:47:38,158 [INFO] ThirdParty:1030 - CMSIS Pack Vendor :wolfSSL I-CUBE-wolfSSL 5.7.0
2024-08-28 08:47:38,158 [INFO] ThirdParty:1030 - CMSIS Pack Vendor :STMicroelectronics X-CUBE-BLE1 7.0.0
2024-08-28 08:47:38,158 [INFO] ThirdParty:1030 - CMSIS Pack Vendor :STMicroelectronics FP-ATR-SIGFOX1 3.2.0
2024-08-28 08:47:38,158 [INFO] ThirdParty:1030 - CMSIS Pack Vendor :STMicroelectronics X-CUBE-ISPU 2.0.0
2024-08-28 08:47:38,158 [INFO] ThirdParty:1030 - CMSIS Pack Vendor :STMicroelectronics X-CUBE-EEPRMA1 5.1.0
2024-08-28 08:47:38,158 [INFO] ThirdParty:1030 - CMSIS Pack Vendor :STMicroelectronics HAL Drivers 0.0.0
2024-08-28 08:47:38,158 [INFO] ThirdParty:1030 - CMSIS Pack Vendor :STMicroelectronics MBEDTLS 2.16.2
2024-08-28 08:47:38,158 [INFO] ThirdParty:1030 - CMSIS Pack Vendor :STMicroelectronics X-CUBE-ALS 1.0.2
2024-08-28 08:47:38,158 [INFO] ThirdParty:1030 - CMSIS Pack Vendor :emotas I-CUBE-CANOPEN 1.3.0
2024-08-28 08:47:38,158 [INFO] ThirdParty:1030 - CMSIS Pack Vendor :STMicroelectronics X-CUBE-MEMS1 10.0.0
2024-08-28 08:47:38,158 [INFO] ThirdParty:1030 - CMSIS Pack Vendor :STMicroelectronics X-CUBE-NFC7 1.0.1
2024-08-28 08:47:38,158 [INFO] ThirdParty:1030 - CMSIS Pack Vendor :STMicroelectronics MBEDTLS 2.14.1
2024-08-28 08:47:38,158 [INFO] ThirdParty:1030 - CMSIS Pack Vendor :STMicroelectronics X-CUBE-TOUCHGFX 4.24.0
2024-08-28 08:47:38,158 [INFO] ThirdParty:1030 - CMSIS Pack Vendor :ITTIA_DB I-CUBE-ITTIADB 8.9.0
2024-08-28 08:47:38,158 [INFO] ThirdParty:1030 - CMSIS Pack Vendor :wolfSSL I-CUBE-wolfTPM 3.2.0
2024-08-28 08:47:38,158 [INFO] ThirdParty:1030 - CMSIS Pack Vendor :portGmbH I-Cube-SoM-uGOAL 1.1.0
2024-08-28 08:47:38,158 [INFO] ThirdParty:1030 - CMSIS Pack Vendor :STMicroelectronics X-CUBE-BLEMGR 3.1.0
2024-08-28 08:47:38,158 [INFO] ThirdParty:1030 - CMSIS Pack Vendor :STMicroelectronics ThreadX 1.0.0
2024-08-28 08:47:38,158 [INFO] ThirdParty:1030 - CMSIS Pack Vendor :STMicroelectronics FP-SNS-SMARTAG2 1.2.0
2024-08-28 08:47:38,158 [INFO] ThirdParty:1030 - CMSIS Pack Vendor :STMicroelectronics X-CUBE-AZRTOS-WL 2.0.0
2024-08-28 08:47:38,158 [INFO] ThirdParty:1030 - CMSIS Pack Vendor :SEGGER I-CUBE-embOS 1.3.1
2024-08-28 08:47:38,158 [INFO] ThirdParty:1030 - CMSIS Pack Vendor :STMicroelectronics X-CUBE-ALGOBUILD 1.4.0
2024-08-28 08:47:38,158 [INFO] ThirdParty:1030 - CMSIS Pack Vendor :STMicroelectronics FP-SNS-MOTENV1 5.0.0
2024-08-28 08:47:38,158 [INFO] ThirdParty:1030 - CMSIS Pack Vendor :STMicroelectronics USB_DEVICE 1.0.0
2024-08-28 08:47:38,158 [INFO] ThirdParty:1030 - CMSIS Pack Vendor :STMicroelectronics X-CUBE-AZRTOS-H7RS 1.0.0
2024-08-28 08:47:38,158 [INFO] ThirdParty:1030 - CMSIS Pack Vendor :wolfSSL I-CUBE-wolfMQTT 1.19.0
2024-08-28 08:47:38,158 [INFO] ThirdParty:1030 - CMSIS Pack Vendor :STMicroelectronics X-CUBE-AZRTOS-L4 2.0.0
2024-08-28 08:47:38,158 [INFO] ThirdParty:1030 - CMSIS Pack Vendor :STMicroelectronics ThreadX 0.0.2
2024-08-28 08:47:38,158 [INFO] ThirdParty:1030 - CMSIS Pack Vendor :WES I-CUBE-Cesium 1.3.0
2024-08-28 08:47:38,158 [INFO] ThirdParty:1030 - CMSIS Pack Vendor :STMicroelectronics FP-ATR-ASTRA1 2.0.0
2024-08-28 08:47:38,158 [INFO] ThirdParty:1030 - CMSIS Pack Vendor :STMicroelectronics lwIP 2.1.2
2024-08-28 08:47:38,158 [INFO] ThirdParty:1030 - CMSIS Pack Vendor :STMicroelectronics X-CUBE-SFXS2LP1 4.0.0
2024-08-28 08:47:38,158 [INFO] ThirdParty:1030 - CMSIS Pack Vendor :STMicroelectronics X-CUBE-BLE2 3.3.0
2024-08-28 08:47:38,158 [INFO] ThirdParty:1030 - CMSIS Pack Vendor :STMicroelectronics X-CUBE-TOF1 3.4.2
2024-08-28 08:47:38,158 [INFO] ThirdParty:1030 - CMSIS Pack Vendor :STMicroelectronics X-CUBE-TOF1 3.4.1
2024-08-28 08:47:38,158 [INFO] ThirdParty:1030 - CMSIS Pack Vendor :STMicroelectronics X-CUBE-AZRTOS-H7 3.2.0
2024-08-28 08:47:38,158 [INFO] ThirdParty:1030 - CMSIS Pack Vendor :Infineon AIROC-Wi-Fi-Bluetooth-STM32 1.6.0
2024-08-28 08:47:38,158 [INFO] ThirdParty:1030 - CMSIS Pack Vendor :STMicroelectronics PDM2PCM 3.2.0
2024-08-28 08:47:38,158 [INFO] ThirdParty:1030 - CMSIS Pack Vendor :wolfSSL I-CUBE-wolfSSH 1.4.17
2024-08-28 08:47:38,158 [INFO] ThirdParty:841 - exiting critical section [change project]
2024-08-28 08:47:38,280 [INFO] PinOutPanel:1561 - setPackage(No Configuration,No Configuration)
2024-08-28 08:47:38,281 [INFO] PinOutPanel:1561 - setPackage(STM32L476RGTx,LQFP64)
2024-08-28 08:47:38,439 [INFO] UtilMem:75 - Before build in PCC Used Memory: 557220992 Bytes (1048576000)
2024-08-28 08:47:38,560 [INFO] UtilMem:75 - After build in PCC Used Memory: 636386432 Bytes (1048576000)
2024-08-28 08:47:38,572 [INFO] IPUIPlugin:80 - create IPUIPlugin
2024-08-28 08:47:38,572 [INFO] IPUIPlugin:80 - create IPUIPlugin
2024-08-28 08:47:38,572 [INFO] IPUIPlugin:80 - create IPUIPlugin
2024-08-28 08:47:38,572 [INFO] IPUIPlugin:80 - create IPUIPlugin
2024-08-28 08:47:38,572 [INFO] IPUIPlugin:80 - create IPUIPlugin
2024-08-28 08:47:38,572 [INFO] IPUIPlugin:80 - create IPUIPlugin
2024-08-28 08:47:38,572 [INFO] IPUIPlugin:80 - create IPUIPlugin
2024-08-28 08:47:38,572 [INFO] IPUIPlugin:80 - create IPUIPlugin
2024-08-28 08:47:38,572 [INFO] IPUIPlugin:80 - create IPUIPlugin
2024-08-28 08:47:38,572 [INFO] IPUIPlugin:80 - create IPUIPlugin
2024-08-28 08:47:38,572 [INFO] IPUIPlugin:80 - create IPUIPlugin
2024-08-28 08:47:38,572 [INFO] IPUIPlugin:80 - create IPUIPlugin
2024-08-28 08:47:38,572 [INFO] IPUIPlugin:80 - create IPUIPlugin
2024-08-28 08:47:38,572 [INFO] IPUIPlugin:80 - create IPUIPlugin
2024-08-28 08:47:38,572 [INFO] IPUIPlugin:80 - create IPUIPlugin
2024-08-28 08:47:38,572 [INFO] IPUIPlugin:80 - create IPUIPlugin
2024-08-28 08:47:38,572 [INFO] IPUIPlugin:80 - create IPUIPlugin
2024-08-28 08:47:38,572 [INFO] IPUIPlugin:80 - create IPUIPlugin
2024-08-28 08:47:38,572 [INFO] IPUIPlugin:80 - create IPUIPlugin
2024-08-28 08:47:38,572 [INFO] IPUIPlugin:80 - create IPUIPlugin
2024-08-28 08:47:38,572 [INFO] IPUIPlugin:80 - create IPUIPlugin
2024-08-28 08:47:38,572 [INFO] IPUIPlugin:80 - create IPUIPlugin
2024-08-28 08:47:38,572 [INFO] IPUIPlugin:80 - create IPUIPlugin
2024-08-28 08:47:38,573 [INFO] IPUIPlugin:80 - create IPUIPlugin
2024-08-28 08:47:38,573 [INFO] IPUIPlugin:80 - create IPUIPlugin
2024-08-28 08:47:38,573 [INFO] IPUIPlugin:80 - create IPUIPlugin
2024-08-28 08:47:38,573 [INFO] IPUIPlugin:80 - create IPUIPlugin
2024-08-28 08:47:38,573 [INFO] IPUIPlugin:80 - create IPUIPlugin
2024-08-28 08:47:38,573 [INFO] IPUIPlugin:80 - create IPUIPlugin
2024-08-28 08:47:38,573 [INFO] IPUIPlugin:80 - create IPUIPlugin
2024-08-28 08:47:38,573 [INFO] IPUIPlugin:80 - create IPUIPlugin
2024-08-28 08:47:38,573 [INFO] IPUIPlugin:80 - create IPUIPlugin
2024-08-28 08:47:38,573 [INFO] IPUIPlugin:80 - create IPUIPlugin
2024-08-28 08:47:38,573 [INFO] IPUIPlugin:80 - create IPUIPlugin
2024-08-28 08:47:38,573 [INFO] IPUIPlugin:80 - create IPUIPlugin
2024-08-28 08:47:38,573 [INFO] IPUIPlugin:80 - create IPUIPlugin
2024-08-28 08:47:38,573 [INFO] IPUIPlugin:80 - create IPUIPlugin
2024-08-28 08:47:38,574 [INFO] IPUIPlugin:80 - create IPUIPlugin
2024-08-28 08:47:38,574 [INFO] IPUIPlugin:80 - create IPUIPlugin
2024-08-28 08:47:38,574 [INFO] IPUIPlugin:80 - create IPUIPlugin
2024-08-28 08:47:38,574 [INFO] IPUIPlugin:80 - create IPUIPlugin
2024-08-28 08:47:38,574 [INFO] IPUIPlugin:80 - create IPUIPlugin
2024-08-28 08:47:38,574 [INFO] IPUIPlugin:80 - create IPUIPlugin
2024-08-28 08:47:38,574 [INFO] IPUIPlugin:80 - create IPUIPlugin
2024-08-28 08:47:38,574 [INFO] IPUIPlugin:80 - create IPUIPlugin
2024-08-28 08:47:38,574 [INFO] IPUIPlugin:80 - create IPUIPlugin
2024-08-28 08:47:38,574 [INFO] IPUIPlugin:80 - create IPUIPlugin
2024-08-28 08:47:38,574 [INFO] IPUIPlugin:80 - create IPUIPlugin
2024-08-28 08:47:38,575 [INFO] IPUIPlugin:80 - create IPUIPlugin
2024-08-28 08:47:38,575 [INFO] IPUIPlugin:80 - create IPUIPlugin
2024-08-28 08:47:38,575 [INFO] IPUIPlugin:80 - create IPUIPlugin
2024-08-28 08:47:38,575 [INFO] IPUIPlugin:80 - create IPUIPlugin
2024-08-28 08:47:38,575 [INFO] IPUIPlugin:80 - create IPUIPlugin
2024-08-28 08:47:38,576 [INFO] IPUIPlugin:80 - create IPUIPlugin
2024-08-28 08:47:38,576 [INFO] IPUIPlugin:80 - create IPUIPlugin
2024-08-28 08:47:38,576 [INFO] IPUIPlugin:80 - create IPUIPlugin
2024-08-28 08:47:38,576 [INFO] IPUIPlugin:80 - create IPUIPlugin
2024-08-28 08:47:38,576 [INFO] IPUIPlugin:80 - create IPUIPlugin
2024-08-28 08:47:38,576 [INFO] IPUIPlugin:80 - create IPUIPlugin
2024-08-28 08:47:38,606 [INFO] CADModel:165 - CPN selected for project levelSTM32L476RGT6
2024-08-28 08:47:38,606 [INFO] CADModel:114 - Register for checkConnection events
2024-08-28 08:47:38,658 [INFO] OpenFileManager:363 - Restore cursor
2024-08-28 08:48:11,929 [INFO] NvicIntPanel:101 - NVIC parent = com.st.microxplorer.plugins.ip.nvic.MultiNvicIntPanel[,0,0,0x0,invalid,layout=javax.swing.BoxLayout,alignmentX=0.0,alignmentY=0.0,border=,flags=9,maximumSize=,minimumSize=,preferredSize=]
2024-08-28 08:48:53,980 [INFO] NvicIntPanel:101 - NVIC parent = com.st.microxplorer.plugins.ip.nvic.MultiNvicIntPanel[,0,0,0x0,invalid,layout=javax.swing.BoxLayout,alignmentX=0.0,alignmentY=0.0,border=,flags=9,maximumSize=,minimumSize=,preferredSize=]
