2024-08-13 08:37:59,072 [INFO] NvicIntPanel:101 - NVIC parent = com.st.microxplorer.plugins.ip.nvic.MultiNvicIntPanel[,0,0,450x334,layout=javax.swing.BoxLayout,alignmentX=0.0,alignmentY=0.0,border=,flags=9,maximumSize=,minimumSize=,preferredSize=]
2024-08-13 08:38:43,933 [INFO] NvicIntPanel:101 - NVIC parent = com.st.microxplorer.plugins.ip.nvic.MultiNvicIntPanel[,0,0,450x334,layout=javax.swing.BoxLayout,alignmentX=0.0,alignmentY=0.0,border=,flags=9,maximumSize=,minimumSize=,preferredSize=]
2024-08-13 08:38:47,615 [INFO] NvicIntPanel:101 - NVIC parent = com.st.microxplorer.plugins.ip.nvic.MultiNvicIntPanel[,0,0,0x0,invalid,layout=javax.swing.BoxLayout,alignmentX=0.0,alignmentY=0.0,border=,flags=9,maximumSize=,minimumSize=,preferredSize=]
2024-08-13 08:49:37,976 [INFO] NvicIntPanel:101 - NVIC parent = com.st.microxplorer.plugins.ip.nvic.MultiNvicIntPanel[,0,0,0x0,invalid,layout=javax.swing.BoxLayout,alignmentX=0.0,alignmentY=0.0,border=,flags=9,maximumSize=,minimumSize=,preferredSize=]
2024-08-13 09:19:02,254 [INFO] UtilMem:75 - End SaveConfig() Used Memory: 636811472 Bytes (951058432)
2024-08-13 09:19:04,181 [INFO] UtilMem:75 - End SaveConfig() Used Memory: 673435040 Bytes (951058432)
2024-08-13 09:19:13,251 [INFO] UtilMem:75 - End SaveConfig() Used Memory: 780389792 Bytes (951058432)
2024-08-13 09:19:13,617 [INFO] BlockDiagram:2766 - set Specific Code input for plugin: SYS
2024-08-13 09:19:13,617 [INFO] BlockDiagram:2766 - set Specific Code input for plugin: RCC
2024-08-13 09:19:13,617 [INFO] BlockDiagram:2766 - set Specific Code input for plugin: NVIC
2024-08-13 09:19:13,617 [INFO] BlockDiagram:2766 - set Specific Code input for plugin: USART
2024-08-13 09:19:13,617 [INFO] BlockDiagram:2766 - set Specific Code input for plugin: TIM1_8L4
2024-08-13 09:19:13,618 [INFO] BlockDiagram:2766 - set Specific Code input for plugin: GPIO
2024-08-13 09:19:13,620 [INFO] CodeGenerator:807 - code generatio: config db path: C:\ST\STM32CubeIDE_1.16.0\STM32CubeIDE\plugins\com.st.stm32cube.common.mx_6.12.0.202406281431\\db\
2024-08-13 09:19:13,788 [INFO] CodeEngine:255 - oldGeneratedFile, C:\Users\admin\stm\stm\MXTmpFiles\license.tmp_save
2024-08-13 09:19:13,923 [INFO] CodeEngine:279 - Generated code: C:\Users\admin\stm\stm\MXTmpFiles\license.tmp
2024-08-13 09:19:13,983 [INFO] CodeEngine:255 - oldGeneratedFile, C:\Users\admin\stm\stm\MXTmpFiles\gpio.tmp_save
2024-08-13 09:19:14,081 [INFO] CodeEngine:279 - Generated code: C:\Users\admin\stm\stm\MXTmpFiles\gpio.tmp
2024-08-13 09:19:14,400 [INFO] CodeEngine:255 - oldGeneratedFile, C:\Users\admin\stm\stm\Core\Src\stm32l4xx_it.c_save
2024-08-13 09:19:14,617 [INFO] CodeEngine:279 - Generated code: C:\Users\admin\stm\stm\Core\Src\stm32l4xx_it.c
2024-08-13 09:19:14,676 [INFO] CodeEngine:255 - oldGeneratedFile, C:\Users\admin\stm\stm\Core\Inc\stm32l4xx_it.h_save
2024-08-13 09:19:14,769 [INFO] CodeEngine:279 - Generated code: C:\Users\admin\stm\stm\Core\Inc\stm32l4xx_it.h
2024-08-13 09:19:14,804 [INFO] CodeEngine:255 - oldGeneratedFile, C:\Users\admin\stm\stm\Core\Src\stm32l4xx_hal_msp.c_save
2024-08-13 09:19:14,968 [INFO] CodeEngine:279 - Generated code: C:\Users\admin\stm\stm\Core\Src\stm32l4xx_hal_msp.c
2024-08-13 09:19:14,988 [INFO] CodeEngine:255 - oldGeneratedFile, C:\Users\admin\stm\stm\MXTmpFiles\system.tmp_save
2024-08-13 09:19:15,040 [INFO] CodeEngine:279 - Generated code: C:\Users\admin\stm\stm\MXTmpFiles\system.tmp
2024-08-13 09:19:15,052 [INFO] CodeEngine:311 - oldGeneratedFile, C:\Users\admin\stm\stm\Core\Inc\stm32l4xx_hal_conf.h_save
2024-08-13 09:19:15,137 [INFO] CodeEngine:335 - Generated code: C:\Users\admin\stm\stm\Core\Inc\stm32l4xx_hal_conf.h
2024-08-13 09:19:15,167 [WARN] IPConfigManager:3554 - IP not found : TIM
2024-08-13 09:19:15,168 [WARN] CodeGenerator:4002 - IP not found : null
2024-08-13 09:19:15,184 [INFO] CodeEngine:255 - oldGeneratedFile, C:\Users\admin\stm\stm\Core\Inc\main.h_save
2024-08-13 09:19:15,273 [INFO] CodeEngine:279 - Generated code: C:\Users\admin\stm\stm\Core\Inc\main.h
2024-08-13 09:19:15,282 [INFO] CodeEngine:255 - oldGeneratedFile, C:\Users\admin\stm\stm\Core\Src\main.c_save
2024-08-13 09:19:15,407 [INFO] CodeEngine:279 - Generated code: C:\Users\admin\stm\stm\Core\Src\main.c
2024-08-13 09:19:15,525 [INFO] ProjectBuilder:3249 - Time for Copy HAL[2] : 1mS.
2024-08-13 09:19:15,530 [INFO] ProjectBuilder:4828 - Project Generator version: 4.4.0-B60
2024-08-13 09:19:15,589 [INFO] ConfigFileManager:1531 - The Die is : DIE415
2024-08-13 09:19:17,836 [INFO] ProjectBuilder:5097 - Time for Generating toolchain IDE Files: 2306mS.
2024-08-13 09:19:17,836 [INFO] ProjectBuilder:3107 - Time for Copy CMSIS : 0mS.
2024-08-13 09:19:17,838 [INFO] ProjectBuilder:3107 - Time for Copy CMSIS : 0mS.
2024-08-13 09:39:36,459 [INFO] NvicIntPanel:101 - NVIC parent = com.st.microxplorer.plugins.ip.nvic.MultiNvicIntPanel[,0,0,0x0,invalid,layout=javax.swing.BoxLayout,alignmentX=0.0,alignmentY=0.0,border=,flags=9,maximumSize=,minimumSize=,preferredSize=]
2024-08-13 09:39:49,384 [INFO] NvicIntPanel:101 - NVIC parent = com.st.microxplorer.plugins.ip.nvic.MultiNvicIntPanel[,0,0,0x0,invalid,layout=javax.swing.BoxLayout,alignmentX=0.0,alignmentY=0.0,border=,flags=9,maximumSize=,minimumSize=,preferredSize=]
2024-08-13 09:39:50,742 [INFO] UtilMem:75 - End SaveConfig() Used Memory: 346323904 Bytes (951058432)
2024-08-13 09:39:52,318 [INFO] UtilMem:75 - End SaveConfig() Used Memory: 373262704 Bytes (951058432)
2024-08-13 09:39:54,010 [INFO] UtilMem:75 - End SaveConfig() Used Memory: 460094408 Bytes (951058432)
2024-08-13 09:39:54,253 [INFO] BlockDiagram:2766 - set Specific Code input for plugin: SYS
2024-08-13 09:39:54,253 [INFO] BlockDiagram:2766 - set Specific Code input for plugin: RCC
2024-08-13 09:39:54,253 [INFO] BlockDiagram:2766 - set Specific Code input for plugin: NVIC
2024-08-13 09:39:54,254 [INFO] BlockDiagram:2766 - set Specific Code input for plugin: USART
2024-08-13 09:39:54,254 [INFO] BlockDiagram:2766 - set Specific Code input for plugin: TIM1_8L4
2024-08-13 09:39:54,254 [INFO] BlockDiagram:2766 - set Specific Code input for plugin: GPIO
2024-08-13 09:39:54,258 [INFO] CodeGenerator:807 - code generatio: config db path: C:\ST\STM32CubeIDE_1.16.0\STM32CubeIDE\plugins\com.st.stm32cube.common.mx_6.12.0.202406281431\\db\
2024-08-13 09:39:54,448 [INFO] CodeEngine:255 - oldGeneratedFile, C:\Users\admin\stm\stm\MXTmpFiles\license.tmp_save
2024-08-13 09:39:54,531 [INFO] CodeEngine:279 - Generated code: C:\Users\admin\stm\stm\MXTmpFiles\license.tmp
2024-08-13 09:39:54,557 [INFO] CodeEngine:255 - oldGeneratedFile, C:\Users\admin\stm\stm\MXTmpFiles\gpio.tmp_save
2024-08-13 09:39:54,632 [INFO] CodeEngine:279 - Generated code: C:\Users\admin\stm\stm\MXTmpFiles\gpio.tmp
2024-08-13 09:39:54,764 [INFO] CodeEngine:255 - oldGeneratedFile, C:\Users\admin\stm\stm\Core\Src\stm32l4xx_it.c_save
2024-08-13 09:39:54,922 [INFO] CodeEngine:279 - Generated code: C:\Users\admin\stm\stm\Core\Src\stm32l4xx_it.c
2024-08-13 09:39:54,931 [INFO] CodeEngine:255 - oldGeneratedFile, C:\Users\admin\stm\stm\Core\Inc\stm32l4xx_it.h_save
2024-08-13 09:39:54,995 [INFO] CodeEngine:279 - Generated code: C:\Users\admin\stm\stm\Core\Inc\stm32l4xx_it.h
2024-08-13 09:39:55,012 [INFO] CodeEngine:255 - oldGeneratedFile, C:\Users\admin\stm\stm\Core\Src\stm32l4xx_hal_msp.c_save
2024-08-13 09:39:55,115 [INFO] CodeEngine:279 - Generated code: C:\Users\admin\stm\stm\Core\Src\stm32l4xx_hal_msp.c
2024-08-13 09:39:55,120 [INFO] CodeEngine:255 - oldGeneratedFile, C:\Users\admin\stm\stm\MXTmpFiles\system.tmp_save
2024-08-13 09:39:55,176 [INFO] CodeEngine:279 - Generated code: C:\Users\admin\stm\stm\MXTmpFiles\system.tmp
2024-08-13 09:39:55,189 [INFO] CodeEngine:311 - oldGeneratedFile, C:\Users\admin\stm\stm\Core\Inc\stm32l4xx_hal_conf.h_save
2024-08-13 09:39:55,248 [INFO] CodeEngine:335 - Generated code: C:\Users\admin\stm\stm\Core\Inc\stm32l4xx_hal_conf.h
2024-08-13 09:39:55,275 [WARN] IPConfigManager:3554 - IP not found : TIM
2024-08-13 09:39:55,276 [WARN] CodeGenerator:4002 - IP not found : null
2024-08-13 09:39:55,288 [INFO] CodeEngine:255 - oldGeneratedFile, C:\Users\admin\stm\stm\Core\Inc\main.h_save
2024-08-13 09:39:55,373 [INFO] CodeEngine:279 - Generated code: C:\Users\admin\stm\stm\Core\Inc\main.h
2024-08-13 09:39:55,380 [INFO] CodeEngine:255 - oldGeneratedFile, C:\Users\admin\stm\stm\Core\Src\main.c_save
2024-08-13 09:39:55,469 [INFO] CodeEngine:279 - Generated code: C:\Users\admin\stm\stm\Core\Src\main.c
2024-08-13 09:39:55,630 [INFO] ProjectBuilder:3249 - Time for Copy HAL[2] : 0mS.
2024-08-13 09:39:55,636 [INFO] ProjectBuilder:4828 - Project Generator version: 4.4.0-B60
2024-08-13 09:39:55,702 [INFO] ConfigFileManager:1531 - The Die is : DIE415
2024-08-13 09:39:56,666 [INFO] ProjectBuilder:5097 - Time for Generating toolchain IDE Files: 1030mS.
2024-08-13 09:39:56,667 [INFO] ProjectBuilder:3107 - Time for Copy CMSIS : 1mS.
2024-08-13 09:39:56,672 [INFO] ProjectBuilder:3107 - Time for Copy CMSIS : 0mS.
2024-08-13 09:44:48,459 [INFO] NvicIntPanel:101 - NVIC parent = com.st.microxplorer.plugins.ip.nvic.MultiNvicIntPanel[,0,0,0x0,invalid,layout=javax.swing.BoxLayout,alignmentX=0.0,alignmentY=0.0,border=,flags=9,maximumSize=,minimumSize=,preferredSize=]
2024-08-13 09:44:49,705 [INFO] UtilMem:75 - End SaveConfig() Used Memory: 481368064 Bytes (951058432)
2024-08-13 09:44:51,493 [INFO] UtilMem:75 - End SaveConfig() Used Memory: 508631040 Bytes (951058432)
2024-08-13 09:44:53,633 [INFO] UtilMem:75 - End SaveConfig() Used Memory: 551100416 Bytes (951058432)
2024-08-13 09:44:53,848 [INFO] BlockDiagram:2766 - set Specific Code input for plugin: SYS
2024-08-13 09:44:53,848 [INFO] BlockDiagram:2766 - set Specific Code input for plugin: RCC
2024-08-13 09:44:53,848 [INFO] BlockDiagram:2766 - set Specific Code input for plugin: NVIC
2024-08-13 09:44:53,849 [INFO] BlockDiagram:2766 - set Specific Code input for plugin: USART
2024-08-13 09:44:53,849 [INFO] BlockDiagram:2766 - set Specific Code input for plugin: TIM1_8L4
2024-08-13 09:44:53,849 [INFO] BlockDiagram:2766 - set Specific Code input for plugin: GPIO
2024-08-13 09:44:53,851 [INFO] CodeGenerator:807 - code generatio: config db path: C:\ST\STM32CubeIDE_1.16.0\STM32CubeIDE\plugins\com.st.stm32cube.common.mx_6.12.0.202406281431\\db\
2024-08-13 09:44:54,013 [INFO] CodeEngine:255 - oldGeneratedFile, C:\Users\admin\stm\stm\MXTmpFiles\license.tmp_save
2024-08-13 09:44:54,073 [INFO] CodeEngine:279 - Generated code: C:\Users\admin\stm\stm\MXTmpFiles\license.tmp
2024-08-13 09:44:54,100 [INFO] CodeEngine:255 - oldGeneratedFile, C:\Users\admin\stm\stm\MXTmpFiles\gpio.tmp_save
2024-08-13 09:44:54,172 [INFO] CodeEngine:279 - Generated code: C:\Users\admin\stm\stm\MXTmpFiles\gpio.tmp
2024-08-13 09:44:54,281 [INFO] CodeEngine:255 - oldGeneratedFile, C:\Users\admin\stm\stm\Core\Src\stm32l4xx_it.c_save
2024-08-13 09:44:54,337 [INFO] CodeEngine:279 - Generated code: C:\Users\admin\stm\stm\Core\Src\stm32l4xx_it.c
2024-08-13 09:44:54,345 [INFO] CodeEngine:255 - oldGeneratedFile, C:\Users\admin\stm\stm\Core\Inc\stm32l4xx_it.h_save
2024-08-13 09:44:54,399 [INFO] CodeEngine:279 - Generated code: C:\Users\admin\stm\stm\Core\Inc\stm32l4xx_it.h
2024-08-13 09:44:54,412 [INFO] CodeEngine:255 - oldGeneratedFile, C:\Users\admin\stm\stm\Core\Src\stm32l4xx_hal_msp.c_save
2024-08-13 09:44:54,489 [INFO] CodeEngine:279 - Generated code: C:\Users\admin\stm\stm\Core\Src\stm32l4xx_hal_msp.c
2024-08-13 09:44:54,495 [INFO] CodeEngine:255 - oldGeneratedFile, C:\Users\admin\stm\stm\MXTmpFiles\system.tmp_save
2024-08-13 09:44:54,542 [INFO] CodeEngine:279 - Generated code: C:\Users\admin\stm\stm\MXTmpFiles\system.tmp
2024-08-13 09:44:54,553 [INFO] CodeEngine:311 - oldGeneratedFile, C:\Users\admin\stm\stm\Core\Inc\stm32l4xx_hal_conf.h_save
2024-08-13 09:44:54,612 [INFO] CodeEngine:335 - Generated code: C:\Users\admin\stm\stm\Core\Inc\stm32l4xx_hal_conf.h
2024-08-13 09:44:54,635 [WARN] IPConfigManager:3554 - IP not found : TIM
2024-08-13 09:44:54,636 [WARN] CodeGenerator:4002 - IP not found : null
2024-08-13 09:44:54,645 [INFO] CodeEngine:255 - oldGeneratedFile, C:\Users\admin\stm\stm\Core\Inc\main.h_save
2024-08-13 09:44:54,710 [INFO] CodeEngine:279 - Generated code: C:\Users\admin\stm\stm\Core\Inc\main.h
2024-08-13 09:44:54,718 [INFO] CodeEngine:255 - oldGeneratedFile, C:\Users\admin\stm\stm\Core\Src\main.c_save
2024-08-13 09:44:54,811 [INFO] CodeEngine:279 - Generated code: C:\Users\admin\stm\stm\Core\Src\main.c
2024-08-13 09:44:54,906 [INFO] ProjectBuilder:3249 - Time for Copy HAL[2] : 1mS.
2024-08-13 09:44:54,909 [INFO] ProjectBuilder:4828 - Project Generator version: 4.4.0-B60
2024-08-13 09:44:54,964 [INFO] ConfigFileManager:1531 - The Die is : DIE415
2024-08-13 09:44:55,994 [INFO] ProjectBuilder:5097 - Time for Generating toolchain IDE Files: 1085mS.
2024-08-13 09:44:55,994 [INFO] ProjectBuilder:3107 - Time for Copy CMSIS : 0mS.
2024-08-13 09:44:55,997 [INFO] ProjectBuilder:3107 - Time for Copy CMSIS : 0mS.
